--------------- Clean Started: 11/23/2021 08:02:03 Project: Microcontroller_coolingsystem, Configuration: ARM GCC 5.4-2016-q2-update Debug ---------------
Deleting file ".\CortexM3\ARM_GCC_541\Debug\SystemController.o"
Deleting file ".\CortexM3\ARM_GCC_541\Debug\TempSensorUnit.o"
Deleting file ".\CortexM3\ARM_GCC_541\Debug\PumpCtrl.o"
Deleting file ".\CortexM3\ARM_GCC_541\Debug\Temperature.o"
Deleting file ".\CortexM3\ARM_GCC_541\Debug\switch.o"
Deleting file ".\CortexM3\ARM_GCC_541\Debug\VDAC_test.o"
Deleting file ".\CortexM3\ARM_GCC_541\Debug\ClockCounter_test.o"
Deleting file ".\CortexM3\ARM_GCC_541\Debug\Switch_test.o"
Deleting file ".\CortexM3\ARM_GCC_541\Debug\SPI_test.o"
Deleting file ".\CortexM3\ARM_GCC_541\Debug\TempSensorUnit_test.o"
Deleting file ".\CortexM3\ARM_GCC_541\Debug\cyfitter_cfg.o"
Deleting file ".\CortexM3\ARM_GCC_541\Debug\cymetadata.o"
Deleting file ".\CortexM3\ARM_GCC_541\Debug\Cm3Start.o"
Deleting file ".\CortexM3\ARM_GCC_541\Debug\CyBootAsmGnu.o"
Deleting file ".\CortexM3\ARM_GCC_541\Debug\CyDmac.o"
Deleting file ".\CortexM3\ARM_GCC_541\Debug\CyFlash.o"
Deleting file ".\CortexM3\ARM_GCC_541\Debug\CyLib.o"
Deleting file ".\CortexM3\ARM_GCC_541\Debug\cyPm.o"
Deleting file ".\CortexM3\ARM_GCC_541\Debug\CySpc.o"
Deleting file ".\CortexM3\ARM_GCC_541\Debug\cyutils.o"
Deleting file ".\CortexM3\ARM_GCC_541\Debug\cy_em_eeprom.o"
Deleting file ".\CortexM3\ARM_GCC_541\Debug\MISO_2.o"
Deleting file ".\CortexM3\ARM_GCC_541\Debug\MOSI_2.o"
Deleting file ".\CortexM3\ARM_GCC_541\Debug\SCLK_2.o"
Deleting file ".\CortexM3\ARM_GCC_541\Debug\SPIM_1.o"
Deleting file ".\CortexM3\ARM_GCC_541\Debug\SPIM_1_PM.o"
Deleting file ".\CortexM3\ARM_GCC_541\Debug\SPIM_1_INT.o"
Deleting file ".\CortexM3\ARM_GCC_541\Debug\SPIM_1_IntClock.o"
Deleting file ".\CortexM3\ARM_GCC_541\Debug\Clock_1.o"
Deleting file ".\CortexM3\ARM_GCC_541\Debug\UART_1.o"
Deleting file ".\CortexM3\ARM_GCC_541\Debug\UART_1_PM.o"
Deleting file ".\CortexM3\ARM_GCC_541\Debug\UART_1_INT.o"
Deleting file ".\CortexM3\ARM_GCC_541\Debug\UART_1_BOOT.o"
Deleting file ".\CortexM3\ARM_GCC_541\Debug\isr_uart_rx.o"
Deleting file ".\CortexM3\ARM_GCC_541\Debug\UART_1_IntClock.o"
Deleting file ".\CortexM3\ARM_GCC_541\Debug\VDAC8_1.o"
Deleting file ".\CortexM3\ARM_GCC_541\Debug\VDAC8_1_PM.o"
Deleting file ".\CortexM3\ARM_GCC_541\Debug\Enable_pin.o"
Deleting file ".\CortexM3\ARM_GCC_541\Debug\SS.o"
Deleting file ".\CortexM3\ARM_GCC_541\Debug\PGA_1.o"
Deleting file ".\CortexM3\ARM_GCC_541\Debug\PGA_1_PM.o"
Deleting file ".\CortexM3\ARM_GCC_541\Debug\Speed_pin.o"
Deleting file ".\CortexM3\ARM_GCC_541\Debug\LED_pin.o"
Deleting file ".\CortexM3\ARM_GCC_541\Debug\RTD_1.o"
Deleting file ".\CortexM3\ARM_GCC_541\Debug\isr_clock.o"
Deleting file ".\CortexM3\ARM_GCC_541\Debug\Temp_sample_counter.o"
Deleting file ".\CortexM3\ARM_GCC_541\Debug\Temp_sample_counter_PM.o"
Deleting file ".\CortexM3\ARM_GCC_541\Debug\Switch_output.o"
Deleting file ".\CortexM3\ARM_GCC_541\Debug\Switch_input.o"
Deleting file ".\CortexM3\ARM_GCC_541\Debug\switch_input_interrupt.o"
Deleting file ".\CortexM3\ARM_GCC_541\Debug\Microcontroller_coolingsystem.hex"
Deleting file ".\CortexM3\ARM_GCC_541\Debug\Microcontroller_coolingsystem.map"
Deleting file ".\Microcontroller_coolingsystem.cycdx"
Deleting file ".\Microcontroller_coolingsystem.svd"
Deleting file ".\Microcontroller_coolingsystem.rpt"
Deleting file ".\Microcontroller_coolingsystem_timing.html"
Deleting file ".\CortexM3\ARM_GCC_541\Debug\.deps\SOURCE_C__ARM_GCC_GENERIC.P"
Deleting file ".\CortexM3\ARM_GCC_541\Debug\.deps\SOURCE_ASM__ARM_GCC_GENERIC.P"
--------------- Clean Succeeded: 11/23/2021 08:02:03 ---------------
