ARM GAS  C:\Users\nico_\AppData\Local\Temp\cchpwtub.s 			page 1


   1              		.syntax unified
   2              		.cpu cortex-m3
   3              		.fpu softvfp
   4              		.eabi_attribute 20, 1
   5              		.eabi_attribute 21, 1
   6              		.eabi_attribute 23, 3
   7              		.eabi_attribute 24, 1
   8              		.eabi_attribute 25, 1
   9              		.eabi_attribute 26, 1
  10              		.eabi_attribute 30, 1
  11              		.eabi_attribute 34, 1
  12              		.eabi_attribute 18, 4
  13              		.thumb
  14              		.syntax unified
  15              		.file	"main.c"
  16              		.text
  17              	.Ltext0:
  18              		.cfi_sections	.debug_frame
  19              		.global	__aeabi_f2d
  20              		.section	.text.main,"ax",%progbits
  21              		.align	2
  22              		.global	main
  23              		.thumb
  24              		.thumb_func
  25              		.type	main, %function
  26              	main:
  27              	.LFB64:
  28              		.file 1 "main.c"
   1:main.c        **** /* ========================================
   2:main.c        ****  *
   3:main.c        ****  * Copyright YOUR COMPANY, THE YEAR
   4:main.c        ****  * All Rights Reserved
   5:main.c        ****  * UNPUBLISHED, LICENSED SOFTWARE.
   6:main.c        ****  *
   7:main.c        ****  * CONFIDENTIAL AND PROPRIETARY INFORMATION
   8:main.c        ****  * WHICH IS THE PROPERTY OF your company.
   9:main.c        ****  *
  10:main.c        ****  * ========================================
  11:main.c        **** */
  12:main.c        **** #include "project.h"
  13:main.c        **** #include <stdio.h>
  14:main.c        **** CY_ISR_PROTO(ISR_UART_rx_handler);
  15:main.c        **** void handleByteReceived(uint8_t byteReceived);
  16:main.c        **** float Speed = 0.496*256 / 4.096;
  17:main.c        **** float Vout = 0.496;
  18:main.c        **** static char outputBuffer[256];
  19:main.c        **** uint8 start = 0;
  20:main.c        **** 
  21:main.c        **** int main(void)
  22:main.c        **** {
  29              		.loc 1 22 0
  30              		.cfi_startproc
  31              		@ Volatile: function does not return.
  32              		@ args = 0, pretend = 0, frame = 0
  33              		@ frame_needed = 0, uses_anonymous_args = 0
  34 0000 00B5     		push	{lr}
  35              		.cfi_def_cfa_offset 4
ARM GAS  C:\Users\nico_\AppData\Local\Temp\cchpwtub.s 			page 2


  36              		.cfi_offset 14, -4
  37 0002 85B0     		sub	sp, sp, #20
  38              		.cfi_def_cfa_offset 24
  23:main.c        ****     CyGlobalIntEnable; /* Enable global interrupts. */
  39              		.loc 1 23 0
  40              		.syntax unified
  41              	@ 23 "main.c" 1
  42 0004 62B6     		CPSIE   i
  43              	@ 0 "" 2
  24:main.c        ****     isr_uart_rx_StartEx(ISR_UART_rx_handler);
  44              		.loc 1 24 0
  45              		.thumb
  46              		.syntax unified
  47 0006 1248     		ldr	r0, .L5
  48 0008 FFF7FEFF 		bl	isr_uart_rx_StartEx
  49              	.LVL0:
  25:main.c        ****     UART_1_Start();
  50              		.loc 1 25 0
  51 000c FFF7FEFF 		bl	UART_1_Start
  52              	.LVL1:
  53              	.L2:
  26:main.c        ****     
  27:main.c        ****     while(start == 0)
  54              		.loc 1 27 0 discriminator 1
  55 0010 104B     		ldr	r3, .L5+4
  56 0012 1B78     		ldrb	r3, [r3]	@ zero_extendqisi2
  57 0014 002B     		cmp	r3, #0
  58 0016 FBD0     		beq	.L2
  28:main.c        ****     {
  29:main.c        ****     }
  30:main.c        ****     
  31:main.c        ****     VDAC8_1_Start();
  59              		.loc 1 31 0
  60 0018 FFF7FEFF 		bl	VDAC8_1_Start
  61              	.LVL2:
  32:main.c        **** 
  33:main.c        ****     UART_1_PutString("DAC started \r\n");
  62              		.loc 1 33 0
  63 001c 0E48     		ldr	r0, .L5+8
  64 001e FFF7FEFF 		bl	UART_1_PutString
  65              	.LVL3:
  34:main.c        ****     snprintf(outputBuffer, sizeof(outputBuffer), "Initial Speed %f corresponding voltage %f \r\n", 
  66              		.loc 1 34 0
  67 0022 0E4C     		ldr	r4, .L5+12
  68 0024 0E4D     		ldr	r5, .L5+16
  69 0026 2868     		ldr	r0, [r5]	@ float
  70 0028 FFF7FEFF 		bl	__aeabi_f2d
  71              	.LVL4:
  72 002c CDE90201 		strd	r0, [sp, #8]
  73 0030 6868     		ldr	r0, [r5, #4]	@ float
  74 0032 FFF7FEFF 		bl	__aeabi_f2d
  75              	.LVL5:
  76 0036 CDE90001 		strd	r0, [sp]
  77 003a 0A4A     		ldr	r2, .L5+20
  78 003c 4FF48071 		mov	r1, #256
  79 0040 2046     		mov	r0, r4
  80 0042 FFF7FEFF 		bl	snprintf
ARM GAS  C:\Users\nico_\AppData\Local\Temp\cchpwtub.s 			page 3


  81              	.LVL6:
  35:main.c        ****                 UART_1_PutString(outputBuffer);
  82              		.loc 1 35 0
  83 0046 2046     		mov	r0, r4
  84 0048 FFF7FEFF 		bl	UART_1_PutString
  85              	.LVL7:
  86              	.L3:
  87 004c FEE7     		b	.L3
  88              	.L6:
  89 004e 00BF     		.align	2
  90              	.L5:
  91 0050 00000000 		.word	ISR_UART_rx_handler
  92 0054 00000000 		.word	.LANCHOR0
  93 0058 00000000 		.word	.LC0
  94 005c 04000000 		.word	.LANCHOR0+4
  95 0060 00000000 		.word	.LANCHOR1
  96 0064 10000000 		.word	.LC1
  97              		.cfi_endproc
  98              	.LFE64:
  99              		.size	main, .-main
 100              		.global	__aeabi_fcmplt
 101              		.global	__aeabi_fadd
 102              		.global	__aeabi_fmul
 103              		.global	__aeabi_dmul
 104              		.global	__aeabi_d2f
 105              		.global	__aeabi_f2uiz
 106              		.global	__aeabi_fcmpgt
 107              		.global	__aeabi_fsub
 108              		.section	.text.handleByteReceived,"ax",%progbits
 109              		.align	2
 110              		.global	handleByteReceived
 111              		.thumb
 112              		.thumb_func
 113              		.type	handleByteReceived, %function
 114              	handleByteReceived:
 115              	.LFB66:
  36:main.c        **** 
  37:main.c        ****     /* Place your initialization/startup code here (e.g. MyInst_Start()) */
  38:main.c        **** 
  39:main.c        ****     for(;;)
  40:main.c        ****     {
  41:main.c        ****         /* Place your application code here. */
  42:main.c        ****     }
  43:main.c        ****  
  44:main.c        **** }
  45:main.c        **** 
  46:main.c        **** 
  47:main.c        **** CY_ISR(ISR_UART_rx_handler)
  48:main.c        **** {
  49:main.c        ****     uint8_t bytesToRead = UART_1_GetRxBufferSize();
  50:main.c        ****     while (bytesToRead > 0)
  51:main.c        ****     {
  52:main.c        ****         uint8_t byteReceived = UART_1_ReadRxData();
  53:main.c        ****         //UART_1_WriteTxData(byteReceived); // echo back
  54:main.c        ****         
  55:main.c        ****         handleByteReceived(byteReceived);
  56:main.c        ****         
ARM GAS  C:\Users\nico_\AppData\Local\Temp\cchpwtub.s 			page 4


  57:main.c        ****         bytesToRead--;
  58:main.c        ****     }
  59:main.c        **** }
  60:main.c        **** void handleByteReceived(uint8_t byteReceived)
  61:main.c        **** {
 116              		.loc 1 61 0
 117              		.cfi_startproc
 118              		@ args = 0, pretend = 0, frame = 0
 119              		@ frame_needed = 0, uses_anonymous_args = 0
 120              	.LVL8:
 121 0000 30B5     		push	{r4, r5, lr}
 122              		.cfi_def_cfa_offset 12
 123              		.cfi_offset 4, -12
 124              		.cfi_offset 5, -8
 125              		.cfi_offset 14, -4
 126 0002 85B0     		sub	sp, sp, #20
 127              		.cfi_def_cfa_offset 32
  62:main.c        ****     switch(byteReceived)
 128              		.loc 1 62 0
 129 0004 7128     		cmp	r0, #113
 130 0006 06D0     		beq	.L9
 131 0008 7328     		cmp	r0, #115
 132 000a 00F08C80 		beq	.L10
 133 000e 7028     		cmp	r0, #112
 134 0010 40F08C80 		bne	.L7
 135 0014 4AE0     		b	.L11
 136              	.L9:
  63:main.c        ****     {
  64:main.c        ****         case 'q' :
  65:main.c        ****         {
  66:main.c        ****             if(Speed<255)
 137              		.loc 1 66 0
 138 0016 484B     		ldr	r3, .L21+8
 139 0018 5C68     		ldr	r4, [r3, #4]	@ float
 140 001a 4849     		ldr	r1, .L21+12
 141 001c 2046     		mov	r0, r4
 142              	.LVL9:
 143 001e FFF7FEFF 		bl	__aeabi_fcmplt
 144              	.LVL10:
 145 0022 0028     		cmp	r0, #0
 146 0024 3ED0     		beq	.L18
  67:main.c        ****             {
  68:main.c        ****                 Speed = Speed+1;
 147              		.loc 1 68 0
 148 0026 4FF07E51 		mov	r1, #1065353216
 149 002a 2046     		mov	r0, r4
 150 002c FFF7FEFF 		bl	__aeabi_fadd
 151              	.LVL11:
 152 0030 0546     		mov	r5, r0
 153 0032 414C     		ldr	r4, .L21+8
 154 0034 6060     		str	r0, [r4, #4]	@ float
  69:main.c        ****                 Vout = (Speed/256) * 4.096;
 155              		.loc 1 69 0
 156 0036 4FF06E51 		mov	r1, #998244352
 157 003a FFF7FEFF 		bl	__aeabi_fmul
 158              	.LVL12:
 159 003e FFF7FEFF 		bl	__aeabi_f2d
ARM GAS  C:\Users\nico_\AppData\Local\Temp\cchpwtub.s 			page 5


 160              	.LVL13:
 161 0042 3BA3     		adr	r3, .L21
 162 0044 D3E90023 		ldrd	r2, [r3]
 163 0048 FFF7FEFF 		bl	__aeabi_dmul
 164              	.LVL14:
 165 004c FFF7FEFF 		bl	__aeabi_d2f
 166              	.LVL15:
 167 0050 2060     		str	r0, [r4]	@ float
  70:main.c        ****                 VDAC8_1_SetValue(Speed);
 168              		.loc 1 70 0
 169 0052 2846     		mov	r0, r5
 170 0054 FFF7FEFF 		bl	__aeabi_f2uiz
 171              	.LVL16:
 172 0058 C0B2     		uxtb	r0, r0
 173 005a FFF7FEFF 		bl	VDAC8_1_SetValue
 174              	.LVL17:
  71:main.c        ****                 snprintf(outputBuffer, sizeof(outputBuffer), "Speed is increased to %fV; \r\n", Vou
 175              		.loc 1 71 0
 176 005e 384D     		ldr	r5, .L21+16
 177 0060 2068     		ldr	r0, [r4]	@ float
 178 0062 FFF7FEFF 		bl	__aeabi_f2d
 179              	.LVL18:
 180 0066 CDE90001 		strd	r0, [sp]
 181 006a 364A     		ldr	r2, .L21+20
 182 006c 4FF48071 		mov	r1, #256
 183 0070 2846     		mov	r0, r5
 184 0072 FFF7FEFF 		bl	snprintf
 185              	.LVL19:
  72:main.c        ****                 UART_1_PutString(outputBuffer);
 186              		.loc 1 72 0
 187 0076 2846     		mov	r0, r5
 188 0078 FFF7FEFF 		bl	UART_1_PutString
 189              	.LVL20:
  73:main.c        ****                 snprintf(outputBuffer, sizeof(outputBuffer), "Speed increased to %f corresponding v
 190              		.loc 1 73 0
 191 007c 2068     		ldr	r0, [r4]	@ float
 192 007e FFF7FEFF 		bl	__aeabi_f2d
 193              	.LVL21:
 194 0082 CDE90201 		strd	r0, [sp, #8]
 195 0086 6068     		ldr	r0, [r4, #4]	@ float
 196 0088 FFF7FEFF 		bl	__aeabi_f2d
 197              	.LVL22:
 198 008c CDE90001 		strd	r0, [sp]
 199 0090 2D4A     		ldr	r2, .L21+24
 200 0092 4FF48071 		mov	r1, #256
 201 0096 2846     		mov	r0, r5
 202 0098 FFF7FEFF 		bl	snprintf
 203              	.LVL23:
  74:main.c        ****                 UART_1_PutString(outputBuffer);
 204              		.loc 1 74 0
 205 009c 2846     		mov	r0, r5
 206 009e FFF7FEFF 		bl	UART_1_PutString
 207              	.LVL24:
 208 00a2 43E0     		b	.L7
 209              	.L18:
  75:main.c        ****             }else
  76:main.c        ****             {
ARM GAS  C:\Users\nico_\AppData\Local\Temp\cchpwtub.s 			page 6


  77:main.c        ****                 UART_1_PutString("Speed is at maximum 4.096V \r\n");
 210              		.loc 1 77 0
 211 00a4 2948     		ldr	r0, .L21+28
 212 00a6 FFF7FEFF 		bl	UART_1_PutString
 213              	.LVL25:
 214 00aa 3FE0     		b	.L7
 215              	.LVL26:
 216              	.L11:
  78:main.c        ****             }
  79:main.c        ****             
  80:main.c        ****         }
  81:main.c        ****         break;
  82:main.c        ****         case 'p' :
  83:main.c        ****         { 
  84:main.c        ****             if(Speed > 1)
 217              		.loc 1 84 0
 218 00ac 224B     		ldr	r3, .L21+8
 219 00ae 5C68     		ldr	r4, [r3, #4]	@ float
 220 00b0 4FF07E51 		mov	r1, #1065353216
 221 00b4 2046     		mov	r0, r4
 222              	.LVL27:
 223 00b6 FFF7FEFF 		bl	__aeabi_fcmpgt
 224              	.LVL28:
 225 00ba 0028     		cmp	r0, #0
 226 00bc 30D0     		beq	.L19
  85:main.c        ****             {
  86:main.c        ****                 Speed = Speed-1;
 227              		.loc 1 86 0
 228 00be 4FF07E51 		mov	r1, #1065353216
 229 00c2 2046     		mov	r0, r4
 230 00c4 FFF7FEFF 		bl	__aeabi_fsub
 231              	.LVL29:
 232 00c8 0546     		mov	r5, r0
 233 00ca 1B4C     		ldr	r4, .L21+8
 234 00cc 6060     		str	r0, [r4, #4]	@ float
  87:main.c        ****                 Vout = (Speed/256) * 4.096;
 235              		.loc 1 87 0
 236 00ce 4FF06E51 		mov	r1, #998244352
 237 00d2 FFF7FEFF 		bl	__aeabi_fmul
 238              	.LVL30:
 239 00d6 FFF7FEFF 		bl	__aeabi_f2d
 240              	.LVL31:
 241 00da 15A3     		adr	r3, .L21
 242 00dc D3E90023 		ldrd	r2, [r3]
 243 00e0 FFF7FEFF 		bl	__aeabi_dmul
 244              	.LVL32:
 245 00e4 FFF7FEFF 		bl	__aeabi_d2f
 246              	.LVL33:
 247 00e8 2060     		str	r0, [r4]	@ float
  88:main.c        ****                 VDAC8_1_SetValue(Speed);
 248              		.loc 1 88 0
 249 00ea 2846     		mov	r0, r5
 250 00ec FFF7FEFF 		bl	__aeabi_f2uiz
 251              	.LVL34:
 252 00f0 C0B2     		uxtb	r0, r0
 253 00f2 FFF7FEFF 		bl	VDAC8_1_SetValue
 254              	.LVL35:
ARM GAS  C:\Users\nico_\AppData\Local\Temp\cchpwtub.s 			page 7


  89:main.c        ****                 snprintf(outputBuffer, sizeof(outputBuffer), "Speed decreased to %fV corresponding 
 255              		.loc 1 89 0
 256 00f6 124D     		ldr	r5, .L21+16
 257 00f8 2068     		ldr	r0, [r4]	@ float
 258 00fa FFF7FEFF 		bl	__aeabi_f2d
 259              	.LVL36:
 260 00fe CDE90201 		strd	r0, [sp, #8]
 261 0102 6068     		ldr	r0, [r4, #4]	@ float
 262 0104 FFF7FEFF 		bl	__aeabi_f2d
 263              	.LVL37:
 264 0108 CDE90001 		strd	r0, [sp]
 265 010c 104A     		ldr	r2, .L21+32
 266 010e 4FF48071 		mov	r1, #256
 267 0112 2846     		mov	r0, r5
 268 0114 FFF7FEFF 		bl	snprintf
 269              	.LVL38:
  90:main.c        ****                 UART_1_PutString(outputBuffer);
 270              		.loc 1 90 0
 271 0118 2846     		mov	r0, r5
 272 011a FFF7FEFF 		bl	UART_1_PutString
 273              	.LVL39:
 274 011e 02E0     		b	.L10
 275              	.L19:
  91:main.c        ****             }else
  92:main.c        ****             {
  93:main.c        ****                 UART_1_PutString("Speed is at minimum 0V \r\n");
 276              		.loc 1 93 0
 277 0120 0C48     		ldr	r0, .L21+36
 278 0122 FFF7FEFF 		bl	UART_1_PutString
 279              	.LVL40:
 280              	.L10:
  94:main.c        ****             }
  95:main.c        ****         }
  96:main.c        ****         case 's':
  97:main.c        ****         {
  98:main.c        ****             start=1;
 281              		.loc 1 98 0
 282 0126 0122     		movs	r2, #1
 283 0128 0B4B     		ldr	r3, .L21+40
 284 012a 1A70     		strb	r2, [r3]
 285              	.L7:
  99:main.c        ****         }
 100:main.c        ****         
 101:main.c        ****         break;
 102:main.c        **** 
 103:main.c        ****         
 104:main.c        ****     }
 105:main.c        **** }
 286              		.loc 1 105 0
 287 012c 05B0     		add	sp, sp, #20
 288              		.cfi_def_cfa_offset 12
 289              		@ sp needed
 290 012e 30BD     		pop	{r4, r5, pc}
 291              	.L22:
 292              		.align	3
 293              	.L21:
 294 0130 FCA9F1D2 		.word	-755914244
ARM GAS  C:\Users\nico_\AppData\Local\Temp\cchpwtub.s 			page 8


 295 0134 4D621040 		.word	1074815565
 296 0138 00000000 		.word	.LANCHOR1
 297 013c 00007F43 		.word	1132396544
 298 0140 04000000 		.word	.LANCHOR0+4
 299 0144 40000000 		.word	.LC2
 300 0148 60000000 		.word	.LC3
 301 014c 94000000 		.word	.LC4
 302 0150 B4000000 		.word	.LC5
 303 0154 E8000000 		.word	.LC6
 304 0158 00000000 		.word	.LANCHOR0
 305              		.cfi_endproc
 306              	.LFE66:
 307              		.size	handleByteReceived, .-handleByteReceived
 308              		.section	.text.ISR_UART_rx_handler,"ax",%progbits
 309              		.align	2
 310              		.global	ISR_UART_rx_handler
 311              		.thumb
 312              		.thumb_func
 313              		.type	ISR_UART_rx_handler, %function
 314              	ISR_UART_rx_handler:
 315              	.LFB65:
  48:main.c        ****     uint8_t bytesToRead = UART_1_GetRxBufferSize();
 316              		.loc 1 48 0
 317              		.cfi_startproc
 318              		@ args = 0, pretend = 0, frame = 0
 319              		@ frame_needed = 0, uses_anonymous_args = 0
 320 0000 10B5     		push	{r4, lr}
 321              		.cfi_def_cfa_offset 8
 322              		.cfi_offset 4, -8
 323              		.cfi_offset 14, -4
  49:main.c        ****     while (bytesToRead > 0)
 324              		.loc 1 49 0
 325 0002 FFF7FEFF 		bl	UART_1_GetRxBufferSize
 326              	.LVL41:
 327 0006 0446     		mov	r4, r0
 328              	.LVL42:
  50:main.c        ****     {
 329              		.loc 1 50 0
 330 0008 05E0     		b	.L24
 331              	.L25:
 332              	.LBB2:
  52:main.c        ****         //UART_1_WriteTxData(byteReceived); // echo back
 333              		.loc 1 52 0
 334 000a FFF7FEFF 		bl	UART_1_ReadRxData
 335              	.LVL43:
  55:main.c        ****         
 336              		.loc 1 55 0
 337 000e FFF7FEFF 		bl	handleByteReceived
 338              	.LVL44:
  57:main.c        ****     }
 339              		.loc 1 57 0
 340 0012 013C     		subs	r4, r4, #1
 341              	.LVL45:
 342 0014 E4B2     		uxtb	r4, r4
 343              	.LVL46:
 344              	.L24:
 345              	.LBE2:
ARM GAS  C:\Users\nico_\AppData\Local\Temp\cchpwtub.s 			page 9


  50:main.c        ****     {
 346              		.loc 1 50 0
 347 0016 002C     		cmp	r4, #0
 348 0018 F7D1     		bne	.L25
  59:main.c        **** void handleByteReceived(uint8_t byteReceived)
 349              		.loc 1 59 0
 350 001a 10BD     		pop	{r4, pc}
 351              		.cfi_endproc
 352              	.LFE65:
 353              		.size	ISR_UART_rx_handler, .-ISR_UART_rx_handler
 354              		.global	start
 355              		.global	Vout
 356              		.global	Speed
 357              		.data
 358              		.align	2
 359              		.set	.LANCHOR1,. + 0
 360              		.type	Vout, %object
 361              		.size	Vout, 4
 362              	Vout:
 363 0000 B6F3FD3E 		.word	1056830390
 364              		.type	Speed, %object
 365              		.size	Speed, 4
 366              	Speed:
 367 0004 0000F841 		.word	1106771968
 368              		.section	.rodata.str1.4,"aMS",%progbits,1
 369              		.align	2
 370              	.LC0:
 371 0000 44414320 		.ascii	"DAC started \015\012\000"
 371      73746172 
 371      74656420 
 371      0D0A00
 372 000f 00       		.space	1
 373              	.LC1:
 374 0010 496E6974 		.ascii	"Initial Speed %f corresponding voltage %f \015\012\000"
 374      69616C20 
 374      53706565 
 374      64202566 
 374      20636F72 
 375 003d 000000   		.space	3
 376              	.LC2:
 377 0040 53706565 		.ascii	"Speed is increased to %fV; \015\012\000"
 377      64206973 
 377      20696E63 
 377      72656173 
 377      65642074 
 378 005e 0000     		.space	2
 379              	.LC3:
 380 0060 53706565 		.ascii	"Speed increased to %f corresponding voltage %f \015"
 380      6420696E 
 380      63726561 
 380      73656420 
 380      746F2025 
 381 0090 0A00     		.ascii	"\012\000"
 382 0092 0000     		.space	2
 383              	.LC4:
 384 0094 53706565 		.ascii	"Speed is at maximum 4.096V \015\012\000"
 384      64206973 
ARM GAS  C:\Users\nico_\AppData\Local\Temp\cchpwtub.s 			page 10


 384      20617420 
 384      6D617869 
 384      6D756D20 
 385 00b2 0000     		.space	2
 386              	.LC5:
 387 00b4 53706565 		.ascii	"Speed decreased to %fV corresponding voltage %f \015"
 387      64206465 
 387      63726561 
 387      73656420 
 387      746F2025 
 388 00e5 0A00     		.ascii	"\012\000"
 389 00e7 00       		.space	1
 390              	.LC6:
 391 00e8 53706565 		.ascii	"Speed is at minimum 0V \015\012\000"
 391      64206973 
 391      20617420 
 391      6D696E69 
 391      6D756D20 
 392              		.bss
 393              		.align	2
 394              		.set	.LANCHOR0,. + 0
 395              		.type	start, %object
 396              		.size	start, 1
 397              	start:
 398 0000 00       		.space	1
 399 0001 000000   		.space	3
 400              		.type	outputBuffer, %object
 401              		.size	outputBuffer, 256
 402              	outputBuffer:
 403 0004 00000000 		.space	256
 403      00000000 
 403      00000000 
 403      00000000 
 403      00000000 
 404              		.text
 405              	.Letext0:
 406              		.file 2 "c:\\program files (x86)\\cypress\\psoc creator\\4.4\\psoc creator\\import\\gnu\\arm\\5.4.
 407              		.file 3 "c:\\program files (x86)\\cypress\\psoc creator\\4.4\\psoc creator\\import\\gnu\\arm\\5.4.
 408              		.file 4 "Generated_Source\\PSoC5/cytypes.h"
 409              		.file 5 "Generated_Source\\PSoC5/core_cm3.h"
 410              		.file 6 "Generated_Source\\PSoC5/isr_uart_rx.h"
 411              		.file 7 "Generated_Source\\PSoC5/UART_1.h"
 412              		.file 8 "Generated_Source\\PSoC5/VDAC8_1.h"
 413              		.file 9 "c:\\program files (x86)\\cypress\\psoc creator\\4.4\\psoc creator\\import\\gnu\\arm\\5.4.
 414              		.section	.debug_info,"",%progbits
 415              	.Ldebug_info0:
 416 0000 74030000 		.4byte	0x374
 417 0004 0400     		.2byte	0x4
 418 0006 00000000 		.4byte	.Ldebug_abbrev0
 419 000a 04       		.byte	0x4
 420 000b 01       		.uleb128 0x1
 421 000c 8B000000 		.4byte	.LASF36
 422 0010 0C       		.byte	0xc
 423 0011 6D020000 		.4byte	.LASF37
 424 0015 AF010000 		.4byte	.LASF38
 425 0019 00000000 		.4byte	.Ldebug_ranges0+0
 426 001d 00000000 		.4byte	0
ARM GAS  C:\Users\nico_\AppData\Local\Temp\cchpwtub.s 			page 11


 427 0021 00000000 		.4byte	.Ldebug_line0
 428 0025 02       		.uleb128 0x2
 429 0026 01       		.byte	0x1
 430 0027 06       		.byte	0x6
 431 0028 9D020000 		.4byte	.LASF0
 432 002c 03       		.uleb128 0x3
 433 002d 27000000 		.4byte	.LASF4
 434 0031 02       		.byte	0x2
 435 0032 1D       		.byte	0x1d
 436 0033 37000000 		.4byte	0x37
 437 0037 02       		.uleb128 0x2
 438 0038 01       		.byte	0x1
 439 0039 08       		.byte	0x8
 440 003a 7D000000 		.4byte	.LASF1
 441 003e 02       		.uleb128 0x2
 442 003f 02       		.byte	0x2
 443 0040 05       		.byte	0x5
 444 0041 79020000 		.4byte	.LASF2
 445 0045 02       		.uleb128 0x2
 446 0046 02       		.byte	0x2
 447 0047 07       		.byte	0x7
 448 0048 4A000000 		.4byte	.LASF3
 449 004c 03       		.uleb128 0x3
 450 004d 31000000 		.4byte	.LASF5
 451 0051 02       		.byte	0x2
 452 0052 3F       		.byte	0x3f
 453 0053 57000000 		.4byte	0x57
 454 0057 02       		.uleb128 0x2
 455 0058 04       		.byte	0x4
 456 0059 05       		.byte	0x5
 457 005a 88020000 		.4byte	.LASF6
 458 005e 02       		.uleb128 0x2
 459 005f 04       		.byte	0x4
 460 0060 07       		.byte	0x7
 461 0061 2D010000 		.4byte	.LASF7
 462 0065 02       		.uleb128 0x2
 463 0066 08       		.byte	0x8
 464 0067 05       		.byte	0x5
 465 0068 5F020000 		.4byte	.LASF8
 466 006c 02       		.uleb128 0x2
 467 006d 08       		.byte	0x8
 468 006e 07       		.byte	0x7
 469 006f 98010000 		.4byte	.LASF9
 470 0073 04       		.uleb128 0x4
 471 0074 04       		.byte	0x4
 472 0075 05       		.byte	0x5
 473 0076 696E7400 		.ascii	"int\000"
 474 007a 02       		.uleb128 0x2
 475 007b 04       		.byte	0x4
 476 007c 07       		.byte	0x7
 477 007d 8B010000 		.4byte	.LASF10
 478 0081 03       		.uleb128 0x3
 479 0082 5D000000 		.4byte	.LASF11
 480 0086 03       		.byte	0x3
 481 0087 18       		.byte	0x18
 482 0088 2C000000 		.4byte	0x2c
 483 008c 03       		.uleb128 0x3
ARM GAS  C:\Users\nico_\AppData\Local\Temp\cchpwtub.s 			page 12


 484 008d 4E020000 		.4byte	.LASF12
 485 0091 03       		.byte	0x3
 486 0092 2C       		.byte	0x2c
 487 0093 4C000000 		.4byte	0x4c
 488 0097 05       		.uleb128 0x5
 489 0098 77000000 		.4byte	.LASF13
 490 009c 04       		.byte	0x4
 491 009d E901     		.2byte	0x1e9
 492 009f 37000000 		.4byte	0x37
 493 00a3 02       		.uleb128 0x2
 494 00a4 04       		.byte	0x4
 495 00a5 04       		.byte	0x4
 496 00a6 71000000 		.4byte	.LASF14
 497 00aa 02       		.uleb128 0x2
 498 00ab 08       		.byte	0x8
 499 00ac 04       		.byte	0x4
 500 00ad 7F010000 		.4byte	.LASF15
 501 00b1 02       		.uleb128 0x2
 502 00b2 01       		.byte	0x1
 503 00b3 08       		.byte	0x8
 504 00b4 74020000 		.4byte	.LASF16
 505 00b8 02       		.uleb128 0x2
 506 00b9 08       		.byte	0x8
 507 00ba 04       		.byte	0x4
 508 00bb 91020000 		.4byte	.LASF17
 509 00bf 02       		.uleb128 0x2
 510 00c0 04       		.byte	0x4
 511 00c1 07       		.byte	0x7
 512 00c2 56020000 		.4byte	.LASF18
 513 00c6 06       		.uleb128 0x6
 514 00c7 86010000 		.4byte	.LASF39
 515 00cb 01       		.byte	0x1
 516 00cc 15       		.byte	0x15
 517 00cd 73000000 		.4byte	0x73
 518 00d1 00000000 		.4byte	.LFB64
 519 00d5 68000000 		.4byte	.LFE64-.LFB64
 520 00d9 01       		.uleb128 0x1
 521 00da 9C       		.byte	0x9c
 522 00db 54010000 		.4byte	0x154
 523 00df 07       		.uleb128 0x7
 524 00e0 0C000000 		.4byte	.LVL0
 525 00e4 1F030000 		.4byte	0x31f
 526 00e8 F6000000 		.4byte	0xf6
 527 00ec 08       		.uleb128 0x8
 528 00ed 01       		.uleb128 0x1
 529 00ee 50       		.byte	0x50
 530 00ef 05       		.uleb128 0x5
 531 00f0 03       		.byte	0x3
 532 00f1 00000000 		.4byte	ISR_UART_rx_handler
 533 00f5 00       		.byte	0
 534 00f6 09       		.uleb128 0x9
 535 00f7 10000000 		.4byte	.LVL1
 536 00fb 2A030000 		.4byte	0x32a
 537 00ff 09       		.uleb128 0x9
 538 0100 1C000000 		.4byte	.LVL2
 539 0104 35030000 		.4byte	0x335
 540 0108 07       		.uleb128 0x7
ARM GAS  C:\Users\nico_\AppData\Local\Temp\cchpwtub.s 			page 13


 541 0109 22000000 		.4byte	.LVL3
 542 010d 40030000 		.4byte	0x340
 543 0111 1F010000 		.4byte	0x11f
 544 0115 08       		.uleb128 0x8
 545 0116 01       		.uleb128 0x1
 546 0117 50       		.byte	0x50
 547 0118 05       		.uleb128 0x5
 548 0119 03       		.byte	0x3
 549 011a 00000000 		.4byte	.LC0
 550 011e 00       		.byte	0
 551 011f 07       		.uleb128 0x7
 552 0120 46000000 		.4byte	.LVL6
 553 0124 4B030000 		.4byte	0x34b
 554 0128 43010000 		.4byte	0x143
 555 012c 08       		.uleb128 0x8
 556 012d 01       		.uleb128 0x1
 557 012e 50       		.byte	0x50
 558 012f 02       		.uleb128 0x2
 559 0130 74       		.byte	0x74
 560 0131 00       		.sleb128 0
 561 0132 08       		.uleb128 0x8
 562 0133 01       		.uleb128 0x1
 563 0134 51       		.byte	0x51
 564 0135 03       		.uleb128 0x3
 565 0136 0A       		.byte	0xa
 566 0137 0001     		.2byte	0x100
 567 0139 08       		.uleb128 0x8
 568 013a 01       		.uleb128 0x1
 569 013b 52       		.byte	0x52
 570 013c 05       		.uleb128 0x5
 571 013d 03       		.byte	0x3
 572 013e 10000000 		.4byte	.LC1
 573 0142 00       		.byte	0
 574 0143 0A       		.uleb128 0xa
 575 0144 4C000000 		.4byte	.LVL7
 576 0148 40030000 		.4byte	0x340
 577 014c 08       		.uleb128 0x8
 578 014d 01       		.uleb128 0x1
 579 014e 50       		.byte	0x50
 580 014f 02       		.uleb128 0x2
 581 0150 74       		.byte	0x74
 582 0151 00       		.sleb128 0
 583 0152 00       		.byte	0
 584 0153 00       		.byte	0
 585 0154 0B       		.uleb128 0xb
 586 0155 51010000 		.4byte	.LASF19
 587 0159 01       		.byte	0x1
 588 015a 3C       		.byte	0x3c
 589 015b 00000000 		.4byte	.LFB66
 590 015f 5C010000 		.4byte	.LFE66-.LFB66
 591 0163 01       		.uleb128 0x1
 592 0164 9C       		.byte	0x9c
 593 0165 5D020000 		.4byte	0x25d
 594 0169 0C       		.uleb128 0xc
 595 016a BA020000 		.4byte	.LASF22
 596 016e 01       		.byte	0x1
 597 016f 3C       		.byte	0x3c
ARM GAS  C:\Users\nico_\AppData\Local\Temp\cchpwtub.s 			page 14


 598 0170 81000000 		.4byte	0x81
 599 0174 00000000 		.4byte	.LLST0
 600 0178 09       		.uleb128 0x9
 601 0179 5E000000 		.4byte	.LVL17
 602 017d 56030000 		.4byte	0x356
 603 0181 07       		.uleb128 0x7
 604 0182 76000000 		.4byte	.LVL19
 605 0186 4B030000 		.4byte	0x34b
 606 018a A5010000 		.4byte	0x1a5
 607 018e 08       		.uleb128 0x8
 608 018f 01       		.uleb128 0x1
 609 0190 50       		.byte	0x50
 610 0191 02       		.uleb128 0x2
 611 0192 75       		.byte	0x75
 612 0193 00       		.sleb128 0
 613 0194 08       		.uleb128 0x8
 614 0195 01       		.uleb128 0x1
 615 0196 51       		.byte	0x51
 616 0197 03       		.uleb128 0x3
 617 0198 0A       		.byte	0xa
 618 0199 0001     		.2byte	0x100
 619 019b 08       		.uleb128 0x8
 620 019c 01       		.uleb128 0x1
 621 019d 52       		.byte	0x52
 622 019e 05       		.uleb128 0x5
 623 019f 03       		.byte	0x3
 624 01a0 40000000 		.4byte	.LC2
 625 01a4 00       		.byte	0
 626 01a5 07       		.uleb128 0x7
 627 01a6 7C000000 		.4byte	.LVL20
 628 01aa 40030000 		.4byte	0x340
 629 01ae B9010000 		.4byte	0x1b9
 630 01b2 08       		.uleb128 0x8
 631 01b3 01       		.uleb128 0x1
 632 01b4 50       		.byte	0x50
 633 01b5 02       		.uleb128 0x2
 634 01b6 75       		.byte	0x75
 635 01b7 00       		.sleb128 0
 636 01b8 00       		.byte	0
 637 01b9 07       		.uleb128 0x7
 638 01ba 9C000000 		.4byte	.LVL23
 639 01be 4B030000 		.4byte	0x34b
 640 01c2 DD010000 		.4byte	0x1dd
 641 01c6 08       		.uleb128 0x8
 642 01c7 01       		.uleb128 0x1
 643 01c8 50       		.byte	0x50
 644 01c9 02       		.uleb128 0x2
 645 01ca 75       		.byte	0x75
 646 01cb 00       		.sleb128 0
 647 01cc 08       		.uleb128 0x8
 648 01cd 01       		.uleb128 0x1
 649 01ce 51       		.byte	0x51
 650 01cf 03       		.uleb128 0x3
 651 01d0 0A       		.byte	0xa
 652 01d1 0001     		.2byte	0x100
 653 01d3 08       		.uleb128 0x8
 654 01d4 01       		.uleb128 0x1
ARM GAS  C:\Users\nico_\AppData\Local\Temp\cchpwtub.s 			page 15


 655 01d5 52       		.byte	0x52
 656 01d6 05       		.uleb128 0x5
 657 01d7 03       		.byte	0x3
 658 01d8 60000000 		.4byte	.LC3
 659 01dc 00       		.byte	0
 660 01dd 07       		.uleb128 0x7
 661 01de A2000000 		.4byte	.LVL24
 662 01e2 40030000 		.4byte	0x340
 663 01e6 F1010000 		.4byte	0x1f1
 664 01ea 08       		.uleb128 0x8
 665 01eb 01       		.uleb128 0x1
 666 01ec 50       		.byte	0x50
 667 01ed 02       		.uleb128 0x2
 668 01ee 75       		.byte	0x75
 669 01ef 00       		.sleb128 0
 670 01f0 00       		.byte	0
 671 01f1 07       		.uleb128 0x7
 672 01f2 AA000000 		.4byte	.LVL25
 673 01f6 40030000 		.4byte	0x340
 674 01fa 08020000 		.4byte	0x208
 675 01fe 08       		.uleb128 0x8
 676 01ff 01       		.uleb128 0x1
 677 0200 50       		.byte	0x50
 678 0201 05       		.uleb128 0x5
 679 0202 03       		.byte	0x3
 680 0203 94000000 		.4byte	.LC4
 681 0207 00       		.byte	0
 682 0208 09       		.uleb128 0x9
 683 0209 F6000000 		.4byte	.LVL35
 684 020d 56030000 		.4byte	0x356
 685 0211 07       		.uleb128 0x7
 686 0212 18010000 		.4byte	.LVL38
 687 0216 4B030000 		.4byte	0x34b
 688 021a 35020000 		.4byte	0x235
 689 021e 08       		.uleb128 0x8
 690 021f 01       		.uleb128 0x1
 691 0220 50       		.byte	0x50
 692 0221 02       		.uleb128 0x2
 693 0222 75       		.byte	0x75
 694 0223 00       		.sleb128 0
 695 0224 08       		.uleb128 0x8
 696 0225 01       		.uleb128 0x1
 697 0226 51       		.byte	0x51
 698 0227 03       		.uleb128 0x3
 699 0228 0A       		.byte	0xa
 700 0229 0001     		.2byte	0x100
 701 022b 08       		.uleb128 0x8
 702 022c 01       		.uleb128 0x1
 703 022d 52       		.byte	0x52
 704 022e 05       		.uleb128 0x5
 705 022f 03       		.byte	0x3
 706 0230 B4000000 		.4byte	.LC5
 707 0234 00       		.byte	0
 708 0235 07       		.uleb128 0x7
 709 0236 1E010000 		.4byte	.LVL39
 710 023a 40030000 		.4byte	0x340
 711 023e 49020000 		.4byte	0x249
ARM GAS  C:\Users\nico_\AppData\Local\Temp\cchpwtub.s 			page 16


 712 0242 08       		.uleb128 0x8
 713 0243 01       		.uleb128 0x1
 714 0244 50       		.byte	0x50
 715 0245 02       		.uleb128 0x2
 716 0246 75       		.byte	0x75
 717 0247 00       		.sleb128 0
 718 0248 00       		.byte	0
 719 0249 0A       		.uleb128 0xa
 720 024a 26010000 		.4byte	.LVL40
 721 024e 40030000 		.4byte	0x340
 722 0252 08       		.uleb128 0x8
 723 0253 01       		.uleb128 0x1
 724 0254 50       		.byte	0x50
 725 0255 05       		.uleb128 0x5
 726 0256 03       		.byte	0x3
 727 0257 E8000000 		.4byte	.LC6
 728 025b 00       		.byte	0
 729 025c 00       		.byte	0
 730 025d 0D       		.uleb128 0xd
 731 025e 19010000 		.4byte	.LASF20
 732 0262 01       		.byte	0x1
 733 0263 2F       		.byte	0x2f
 734 0264 00000000 		.4byte	.LFB65
 735 0268 1C000000 		.4byte	.LFE65-.LFB65
 736 026c 01       		.uleb128 0x1
 737 026d 9C       		.byte	0x9c
 738 026e BA020000 		.4byte	0x2ba
 739 0272 0E       		.uleb128 0xe
 740 0273 65000000 		.4byte	.LASF21
 741 0277 01       		.byte	0x1
 742 0278 31       		.byte	0x31
 743 0279 81000000 		.4byte	0x81
 744 027d 3A000000 		.4byte	.LLST1
 745 0281 0F       		.uleb128 0xf
 746 0282 0A000000 		.4byte	.LBB2
 747 0286 0C000000 		.4byte	.LBE2-.LBB2
 748 028a B0020000 		.4byte	0x2b0
 749 028e 0E       		.uleb128 0xe
 750 028f BA020000 		.4byte	.LASF22
 751 0293 01       		.byte	0x1
 752 0294 34       		.byte	0x34
 753 0295 81000000 		.4byte	0x81
 754 0299 58000000 		.4byte	.LLST2
 755 029d 09       		.uleb128 0x9
 756 029e 0E000000 		.4byte	.LVL43
 757 02a2 61030000 		.4byte	0x361
 758 02a6 09       		.uleb128 0x9
 759 02a7 12000000 		.4byte	.LVL44
 760 02ab 54010000 		.4byte	0x154
 761 02af 00       		.byte	0
 762 02b0 09       		.uleb128 0x9
 763 02b1 06000000 		.4byte	.LVL41
 764 02b5 6C030000 		.4byte	0x36c
 765 02b9 00       		.byte	0
 766 02ba 10       		.uleb128 0x10
 767 02bb B1000000 		.4byte	0xb1
 768 02bf CA020000 		.4byte	0x2ca
ARM GAS  C:\Users\nico_\AppData\Local\Temp\cchpwtub.s 			page 17


 769 02c3 11       		.uleb128 0x11
 770 02c4 BF000000 		.4byte	0xbf
 771 02c8 FF       		.byte	0xff
 772 02c9 00       		.byte	0
 773 02ca 12       		.uleb128 0x12
 774 02cb 41020000 		.4byte	.LASF23
 775 02cf 01       		.byte	0x1
 776 02d0 12       		.byte	0x12
 777 02d1 BA020000 		.4byte	0x2ba
 778 02d5 05       		.uleb128 0x5
 779 02d6 03       		.byte	0x3
 780 02d7 04000000 		.4byte	outputBuffer
 781 02db 13       		.uleb128 0x13
 782 02dc 64010000 		.4byte	.LASF24
 783 02e0 05       		.byte	0x5
 784 02e1 1207     		.2byte	0x712
 785 02e3 E7020000 		.4byte	0x2e7
 786 02e7 14       		.uleb128 0x14
 787 02e8 8C000000 		.4byte	0x8c
 788 02ec 15       		.uleb128 0x15
 789 02ed 00000000 		.4byte	.LASF25
 790 02f1 01       		.byte	0x1
 791 02f2 10       		.byte	0x10
 792 02f3 A3000000 		.4byte	0xa3
 793 02f7 05       		.uleb128 0x5
 794 02f8 03       		.byte	0x3
 795 02f9 00000000 		.4byte	Speed
 796 02fd 15       		.uleb128 0x15
 797 02fe 83020000 		.4byte	.LASF26
 798 0302 01       		.byte	0x1
 799 0303 11       		.byte	0x11
 800 0304 A3000000 		.4byte	0xa3
 801 0308 05       		.uleb128 0x5
 802 0309 03       		.byte	0x3
 803 030a 00000000 		.4byte	Vout
 804 030e 15       		.uleb128 0x15
 805 030f 3B000000 		.4byte	.LASF27
 806 0313 01       		.byte	0x1
 807 0314 13       		.byte	0x13
 808 0315 97000000 		.4byte	0x97
 809 0319 05       		.uleb128 0x5
 810 031a 03       		.byte	0x3
 811 031b 00000000 		.4byte	start
 812 031f 16       		.uleb128 0x16
 813 0320 06000000 		.4byte	.LASF28
 814 0324 06000000 		.4byte	.LASF28
 815 0328 06       		.byte	0x6
 816 0329 18       		.byte	0x18
 817 032a 16       		.uleb128 0x16
 818 032b 1A000000 		.4byte	.LASF29
 819 032f 1A000000 		.4byte	.LASF29
 820 0333 07       		.byte	0x7
 821 0334 54       		.byte	0x54
 822 0335 16       		.uleb128 0x16
 823 0336 71010000 		.4byte	.LASF30
 824 033a 71010000 		.4byte	.LASF30
 825 033e 08       		.byte	0x8
ARM GAS  C:\Users\nico_\AppData\Local\Temp\cchpwtub.s 			page 18


 826 033f 33       		.byte	0x33
 827 0340 16       		.uleb128 0x16
 828 0341 A9020000 		.4byte	.LASF31
 829 0345 A9020000 		.4byte	.LASF31
 830 0349 07       		.byte	0x7
 831 034a 8B       		.byte	0x8b
 832 034b 16       		.uleb128 0x16
 833 034c 41000000 		.4byte	.LASF32
 834 0350 41000000 		.4byte	.LASF32
 835 0354 09       		.byte	0x9
 836 0355 FD       		.byte	0xfd
 837 0356 16       		.uleb128 0x16
 838 0357 30020000 		.4byte	.LASF33
 839 035b 30020000 		.4byte	.LASF33
 840 035f 08       		.byte	0x8
 841 0360 37       		.byte	0x37
 842 0361 16       		.uleb128 0x16
 843 0362 3F010000 		.4byte	.LASF34
 844 0366 3F010000 		.4byte	.LASF34
 845 036a 07       		.byte	0x7
 846 036b 6F       		.byte	0x6f
 847 036c 16       		.uleb128 0x16
 848 036d 19020000 		.4byte	.LASF35
 849 0371 19020000 		.4byte	.LASF35
 850 0375 07       		.byte	0x7
 851 0376 73       		.byte	0x73
 852 0377 00       		.byte	0
 853              		.section	.debug_abbrev,"",%progbits
 854              	.Ldebug_abbrev0:
 855 0000 01       		.uleb128 0x1
 856 0001 11       		.uleb128 0x11
 857 0002 01       		.byte	0x1
 858 0003 25       		.uleb128 0x25
 859 0004 0E       		.uleb128 0xe
 860 0005 13       		.uleb128 0x13
 861 0006 0B       		.uleb128 0xb
 862 0007 03       		.uleb128 0x3
 863 0008 0E       		.uleb128 0xe
 864 0009 1B       		.uleb128 0x1b
 865 000a 0E       		.uleb128 0xe
 866 000b 55       		.uleb128 0x55
 867 000c 17       		.uleb128 0x17
 868 000d 11       		.uleb128 0x11
 869 000e 01       		.uleb128 0x1
 870 000f 10       		.uleb128 0x10
 871 0010 17       		.uleb128 0x17
 872 0011 00       		.byte	0
 873 0012 00       		.byte	0
 874 0013 02       		.uleb128 0x2
 875 0014 24       		.uleb128 0x24
 876 0015 00       		.byte	0
 877 0016 0B       		.uleb128 0xb
 878 0017 0B       		.uleb128 0xb
 879 0018 3E       		.uleb128 0x3e
 880 0019 0B       		.uleb128 0xb
 881 001a 03       		.uleb128 0x3
 882 001b 0E       		.uleb128 0xe
ARM GAS  C:\Users\nico_\AppData\Local\Temp\cchpwtub.s 			page 19


 883 001c 00       		.byte	0
 884 001d 00       		.byte	0
 885 001e 03       		.uleb128 0x3
 886 001f 16       		.uleb128 0x16
 887 0020 00       		.byte	0
 888 0021 03       		.uleb128 0x3
 889 0022 0E       		.uleb128 0xe
 890 0023 3A       		.uleb128 0x3a
 891 0024 0B       		.uleb128 0xb
 892 0025 3B       		.uleb128 0x3b
 893 0026 0B       		.uleb128 0xb
 894 0027 49       		.uleb128 0x49
 895 0028 13       		.uleb128 0x13
 896 0029 00       		.byte	0
 897 002a 00       		.byte	0
 898 002b 04       		.uleb128 0x4
 899 002c 24       		.uleb128 0x24
 900 002d 00       		.byte	0
 901 002e 0B       		.uleb128 0xb
 902 002f 0B       		.uleb128 0xb
 903 0030 3E       		.uleb128 0x3e
 904 0031 0B       		.uleb128 0xb
 905 0032 03       		.uleb128 0x3
 906 0033 08       		.uleb128 0x8
 907 0034 00       		.byte	0
 908 0035 00       		.byte	0
 909 0036 05       		.uleb128 0x5
 910 0037 16       		.uleb128 0x16
 911 0038 00       		.byte	0
 912 0039 03       		.uleb128 0x3
 913 003a 0E       		.uleb128 0xe
 914 003b 3A       		.uleb128 0x3a
 915 003c 0B       		.uleb128 0xb
 916 003d 3B       		.uleb128 0x3b
 917 003e 05       		.uleb128 0x5
 918 003f 49       		.uleb128 0x49
 919 0040 13       		.uleb128 0x13
 920 0041 00       		.byte	0
 921 0042 00       		.byte	0
 922 0043 06       		.uleb128 0x6
 923 0044 2E       		.uleb128 0x2e
 924 0045 01       		.byte	0x1
 925 0046 3F       		.uleb128 0x3f
 926 0047 19       		.uleb128 0x19
 927 0048 03       		.uleb128 0x3
 928 0049 0E       		.uleb128 0xe
 929 004a 3A       		.uleb128 0x3a
 930 004b 0B       		.uleb128 0xb
 931 004c 3B       		.uleb128 0x3b
 932 004d 0B       		.uleb128 0xb
 933 004e 27       		.uleb128 0x27
 934 004f 19       		.uleb128 0x19
 935 0050 49       		.uleb128 0x49
 936 0051 13       		.uleb128 0x13
 937 0052 8701     		.uleb128 0x87
 938 0054 19       		.uleb128 0x19
 939 0055 11       		.uleb128 0x11
ARM GAS  C:\Users\nico_\AppData\Local\Temp\cchpwtub.s 			page 20


 940 0056 01       		.uleb128 0x1
 941 0057 12       		.uleb128 0x12
 942 0058 06       		.uleb128 0x6
 943 0059 40       		.uleb128 0x40
 944 005a 18       		.uleb128 0x18
 945 005b 9642     		.uleb128 0x2116
 946 005d 19       		.uleb128 0x19
 947 005e 01       		.uleb128 0x1
 948 005f 13       		.uleb128 0x13
 949 0060 00       		.byte	0
 950 0061 00       		.byte	0
 951 0062 07       		.uleb128 0x7
 952 0063 898201   		.uleb128 0x4109
 953 0066 01       		.byte	0x1
 954 0067 11       		.uleb128 0x11
 955 0068 01       		.uleb128 0x1
 956 0069 31       		.uleb128 0x31
 957 006a 13       		.uleb128 0x13
 958 006b 01       		.uleb128 0x1
 959 006c 13       		.uleb128 0x13
 960 006d 00       		.byte	0
 961 006e 00       		.byte	0
 962 006f 08       		.uleb128 0x8
 963 0070 8A8201   		.uleb128 0x410a
 964 0073 00       		.byte	0
 965 0074 02       		.uleb128 0x2
 966 0075 18       		.uleb128 0x18
 967 0076 9142     		.uleb128 0x2111
 968 0078 18       		.uleb128 0x18
 969 0079 00       		.byte	0
 970 007a 00       		.byte	0
 971 007b 09       		.uleb128 0x9
 972 007c 898201   		.uleb128 0x4109
 973 007f 00       		.byte	0
 974 0080 11       		.uleb128 0x11
 975 0081 01       		.uleb128 0x1
 976 0082 31       		.uleb128 0x31
 977 0083 13       		.uleb128 0x13
 978 0084 00       		.byte	0
 979 0085 00       		.byte	0
 980 0086 0A       		.uleb128 0xa
 981 0087 898201   		.uleb128 0x4109
 982 008a 01       		.byte	0x1
 983 008b 11       		.uleb128 0x11
 984 008c 01       		.uleb128 0x1
 985 008d 31       		.uleb128 0x31
 986 008e 13       		.uleb128 0x13
 987 008f 00       		.byte	0
 988 0090 00       		.byte	0
 989 0091 0B       		.uleb128 0xb
 990 0092 2E       		.uleb128 0x2e
 991 0093 01       		.byte	0x1
 992 0094 3F       		.uleb128 0x3f
 993 0095 19       		.uleb128 0x19
 994 0096 03       		.uleb128 0x3
 995 0097 0E       		.uleb128 0xe
 996 0098 3A       		.uleb128 0x3a
ARM GAS  C:\Users\nico_\AppData\Local\Temp\cchpwtub.s 			page 21


 997 0099 0B       		.uleb128 0xb
 998 009a 3B       		.uleb128 0x3b
 999 009b 0B       		.uleb128 0xb
 1000 009c 27       		.uleb128 0x27
 1001 009d 19       		.uleb128 0x19
 1002 009e 11       		.uleb128 0x11
 1003 009f 01       		.uleb128 0x1
 1004 00a0 12       		.uleb128 0x12
 1005 00a1 06       		.uleb128 0x6
 1006 00a2 40       		.uleb128 0x40
 1007 00a3 18       		.uleb128 0x18
 1008 00a4 9642     		.uleb128 0x2116
 1009 00a6 19       		.uleb128 0x19
 1010 00a7 01       		.uleb128 0x1
 1011 00a8 13       		.uleb128 0x13
 1012 00a9 00       		.byte	0
 1013 00aa 00       		.byte	0
 1014 00ab 0C       		.uleb128 0xc
 1015 00ac 05       		.uleb128 0x5
 1016 00ad 00       		.byte	0
 1017 00ae 03       		.uleb128 0x3
 1018 00af 0E       		.uleb128 0xe
 1019 00b0 3A       		.uleb128 0x3a
 1020 00b1 0B       		.uleb128 0xb
 1021 00b2 3B       		.uleb128 0x3b
 1022 00b3 0B       		.uleb128 0xb
 1023 00b4 49       		.uleb128 0x49
 1024 00b5 13       		.uleb128 0x13
 1025 00b6 02       		.uleb128 0x2
 1026 00b7 17       		.uleb128 0x17
 1027 00b8 00       		.byte	0
 1028 00b9 00       		.byte	0
 1029 00ba 0D       		.uleb128 0xd
 1030 00bb 2E       		.uleb128 0x2e
 1031 00bc 01       		.byte	0x1
 1032 00bd 3F       		.uleb128 0x3f
 1033 00be 19       		.uleb128 0x19
 1034 00bf 03       		.uleb128 0x3
 1035 00c0 0E       		.uleb128 0xe
 1036 00c1 3A       		.uleb128 0x3a
 1037 00c2 0B       		.uleb128 0xb
 1038 00c3 3B       		.uleb128 0x3b
 1039 00c4 0B       		.uleb128 0xb
 1040 00c5 27       		.uleb128 0x27
 1041 00c6 19       		.uleb128 0x19
 1042 00c7 11       		.uleb128 0x11
 1043 00c8 01       		.uleb128 0x1
 1044 00c9 12       		.uleb128 0x12
 1045 00ca 06       		.uleb128 0x6
 1046 00cb 40       		.uleb128 0x40
 1047 00cc 18       		.uleb128 0x18
 1048 00cd 9742     		.uleb128 0x2117
 1049 00cf 19       		.uleb128 0x19
 1050 00d0 01       		.uleb128 0x1
 1051 00d1 13       		.uleb128 0x13
 1052 00d2 00       		.byte	0
 1053 00d3 00       		.byte	0
ARM GAS  C:\Users\nico_\AppData\Local\Temp\cchpwtub.s 			page 22


 1054 00d4 0E       		.uleb128 0xe
 1055 00d5 34       		.uleb128 0x34
 1056 00d6 00       		.byte	0
 1057 00d7 03       		.uleb128 0x3
 1058 00d8 0E       		.uleb128 0xe
 1059 00d9 3A       		.uleb128 0x3a
 1060 00da 0B       		.uleb128 0xb
 1061 00db 3B       		.uleb128 0x3b
 1062 00dc 0B       		.uleb128 0xb
 1063 00dd 49       		.uleb128 0x49
 1064 00de 13       		.uleb128 0x13
 1065 00df 02       		.uleb128 0x2
 1066 00e0 17       		.uleb128 0x17
 1067 00e1 00       		.byte	0
 1068 00e2 00       		.byte	0
 1069 00e3 0F       		.uleb128 0xf
 1070 00e4 0B       		.uleb128 0xb
 1071 00e5 01       		.byte	0x1
 1072 00e6 11       		.uleb128 0x11
 1073 00e7 01       		.uleb128 0x1
 1074 00e8 12       		.uleb128 0x12
 1075 00e9 06       		.uleb128 0x6
 1076 00ea 01       		.uleb128 0x1
 1077 00eb 13       		.uleb128 0x13
 1078 00ec 00       		.byte	0
 1079 00ed 00       		.byte	0
 1080 00ee 10       		.uleb128 0x10
 1081 00ef 01       		.uleb128 0x1
 1082 00f0 01       		.byte	0x1
 1083 00f1 49       		.uleb128 0x49
 1084 00f2 13       		.uleb128 0x13
 1085 00f3 01       		.uleb128 0x1
 1086 00f4 13       		.uleb128 0x13
 1087 00f5 00       		.byte	0
 1088 00f6 00       		.byte	0
 1089 00f7 11       		.uleb128 0x11
 1090 00f8 21       		.uleb128 0x21
 1091 00f9 00       		.byte	0
 1092 00fa 49       		.uleb128 0x49
 1093 00fb 13       		.uleb128 0x13
 1094 00fc 2F       		.uleb128 0x2f
 1095 00fd 0B       		.uleb128 0xb
 1096 00fe 00       		.byte	0
 1097 00ff 00       		.byte	0
 1098 0100 12       		.uleb128 0x12
 1099 0101 34       		.uleb128 0x34
 1100 0102 00       		.byte	0
 1101 0103 03       		.uleb128 0x3
 1102 0104 0E       		.uleb128 0xe
 1103 0105 3A       		.uleb128 0x3a
 1104 0106 0B       		.uleb128 0xb
 1105 0107 3B       		.uleb128 0x3b
 1106 0108 0B       		.uleb128 0xb
 1107 0109 49       		.uleb128 0x49
 1108 010a 13       		.uleb128 0x13
 1109 010b 02       		.uleb128 0x2
 1110 010c 18       		.uleb128 0x18
ARM GAS  C:\Users\nico_\AppData\Local\Temp\cchpwtub.s 			page 23


 1111 010d 00       		.byte	0
 1112 010e 00       		.byte	0
 1113 010f 13       		.uleb128 0x13
 1114 0110 34       		.uleb128 0x34
 1115 0111 00       		.byte	0
 1116 0112 03       		.uleb128 0x3
 1117 0113 0E       		.uleb128 0xe
 1118 0114 3A       		.uleb128 0x3a
 1119 0115 0B       		.uleb128 0xb
 1120 0116 3B       		.uleb128 0x3b
 1121 0117 05       		.uleb128 0x5
 1122 0118 49       		.uleb128 0x49
 1123 0119 13       		.uleb128 0x13
 1124 011a 3F       		.uleb128 0x3f
 1125 011b 19       		.uleb128 0x19
 1126 011c 3C       		.uleb128 0x3c
 1127 011d 19       		.uleb128 0x19
 1128 011e 00       		.byte	0
 1129 011f 00       		.byte	0
 1130 0120 14       		.uleb128 0x14
 1131 0121 35       		.uleb128 0x35
 1132 0122 00       		.byte	0
 1133 0123 49       		.uleb128 0x49
 1134 0124 13       		.uleb128 0x13
 1135 0125 00       		.byte	0
 1136 0126 00       		.byte	0
 1137 0127 15       		.uleb128 0x15
 1138 0128 34       		.uleb128 0x34
 1139 0129 00       		.byte	0
 1140 012a 03       		.uleb128 0x3
 1141 012b 0E       		.uleb128 0xe
 1142 012c 3A       		.uleb128 0x3a
 1143 012d 0B       		.uleb128 0xb
 1144 012e 3B       		.uleb128 0x3b
 1145 012f 0B       		.uleb128 0xb
 1146 0130 49       		.uleb128 0x49
 1147 0131 13       		.uleb128 0x13
 1148 0132 3F       		.uleb128 0x3f
 1149 0133 19       		.uleb128 0x19
 1150 0134 02       		.uleb128 0x2
 1151 0135 18       		.uleb128 0x18
 1152 0136 00       		.byte	0
 1153 0137 00       		.byte	0
 1154 0138 16       		.uleb128 0x16
 1155 0139 2E       		.uleb128 0x2e
 1156 013a 00       		.byte	0
 1157 013b 3F       		.uleb128 0x3f
 1158 013c 19       		.uleb128 0x19
 1159 013d 3C       		.uleb128 0x3c
 1160 013e 19       		.uleb128 0x19
 1161 013f 6E       		.uleb128 0x6e
 1162 0140 0E       		.uleb128 0xe
 1163 0141 03       		.uleb128 0x3
 1164 0142 0E       		.uleb128 0xe
 1165 0143 3A       		.uleb128 0x3a
 1166 0144 0B       		.uleb128 0xb
 1167 0145 3B       		.uleb128 0x3b
ARM GAS  C:\Users\nico_\AppData\Local\Temp\cchpwtub.s 			page 24


 1168 0146 0B       		.uleb128 0xb
 1169 0147 00       		.byte	0
 1170 0148 00       		.byte	0
 1171 0149 00       		.byte	0
 1172              		.section	.debug_loc,"",%progbits
 1173              	.Ldebug_loc0:
 1174              	.LLST0:
 1175 0000 00000000 		.4byte	.LVL8
 1176 0004 1E000000 		.4byte	.LVL9
 1177 0008 0100     		.2byte	0x1
 1178 000a 50       		.byte	0x50
 1179 000b 1E000000 		.4byte	.LVL9
 1180 000f AC000000 		.4byte	.LVL26
 1181 0013 0400     		.2byte	0x4
 1182 0015 F3       		.byte	0xf3
 1183 0016 01       		.uleb128 0x1
 1184 0017 50       		.byte	0x50
 1185 0018 9F       		.byte	0x9f
 1186 0019 AC000000 		.4byte	.LVL26
 1187 001d B6000000 		.4byte	.LVL27
 1188 0021 0100     		.2byte	0x1
 1189 0023 50       		.byte	0x50
 1190 0024 B6000000 		.4byte	.LVL27
 1191 0028 5C010000 		.4byte	.LFE66
 1192 002c 0400     		.2byte	0x4
 1193 002e F3       		.byte	0xf3
 1194 002f 01       		.uleb128 0x1
 1195 0030 50       		.byte	0x50
 1196 0031 9F       		.byte	0x9f
 1197 0032 00000000 		.4byte	0
 1198 0036 00000000 		.4byte	0
 1199              	.LLST1:
 1200 003a 08000000 		.4byte	.LVL42
 1201 003e 14000000 		.4byte	.LVL45
 1202 0042 0100     		.2byte	0x1
 1203 0044 54       		.byte	0x54
 1204 0045 16000000 		.4byte	.LVL46
 1205 0049 1C000000 		.4byte	.LFE65
 1206 004d 0100     		.2byte	0x1
 1207 004f 54       		.byte	0x54
 1208 0050 00000000 		.4byte	0
 1209 0054 00000000 		.4byte	0
 1210              	.LLST2:
 1211 0058 0E000000 		.4byte	.LVL43
 1212 005c 11000000 		.4byte	.LVL44-1
 1213 0060 0100     		.2byte	0x1
 1214 0062 50       		.byte	0x50
 1215 0063 00000000 		.4byte	0
 1216 0067 00000000 		.4byte	0
 1217              		.section	.debug_aranges,"",%progbits
 1218 0000 2C000000 		.4byte	0x2c
 1219 0004 0200     		.2byte	0x2
 1220 0006 00000000 		.4byte	.Ldebug_info0
 1221 000a 04       		.byte	0x4
 1222 000b 00       		.byte	0
 1223 000c 0000     		.2byte	0
 1224 000e 0000     		.2byte	0
ARM GAS  C:\Users\nico_\AppData\Local\Temp\cchpwtub.s 			page 25


 1225 0010 00000000 		.4byte	.LFB64
 1226 0014 68000000 		.4byte	.LFE64-.LFB64
 1227 0018 00000000 		.4byte	.LFB66
 1228 001c 5C010000 		.4byte	.LFE66-.LFB66
 1229 0020 00000000 		.4byte	.LFB65
 1230 0024 1C000000 		.4byte	.LFE65-.LFB65
 1231 0028 00000000 		.4byte	0
 1232 002c 00000000 		.4byte	0
 1233              		.section	.debug_ranges,"",%progbits
 1234              	.Ldebug_ranges0:
 1235 0000 00000000 		.4byte	.LFB64
 1236 0004 68000000 		.4byte	.LFE64
 1237 0008 00000000 		.4byte	.LFB66
 1238 000c 5C010000 		.4byte	.LFE66
 1239 0010 00000000 		.4byte	.LFB65
 1240 0014 1C000000 		.4byte	.LFE65
 1241 0018 00000000 		.4byte	0
 1242 001c 00000000 		.4byte	0
 1243              		.section	.debug_line,"",%progbits
 1244              	.Ldebug_line0:
 1245 0000 47020000 		.section	.debug_str,"MS",%progbits,1
 1245      0200E901 
 1245      00000201 
 1245      FB0E0D00 
 1245      01010101 
 1246              	.LASF25:
 1247 0000 53706565 		.ascii	"Speed\000"
 1247      6400
 1248              	.LASF28:
 1249 0006 6973725F 		.ascii	"isr_uart_rx_StartEx\000"
 1249      75617274 
 1249      5F72785F 
 1249      53746172 
 1249      74457800 
 1250              	.LASF29:
 1251 001a 55415254 		.ascii	"UART_1_Start\000"
 1251      5F315F53 
 1251      74617274 
 1251      00
 1252              	.LASF4:
 1253 0027 5F5F7569 		.ascii	"__uint8_t\000"
 1253      6E74385F 
 1253      7400
 1254              	.LASF5:
 1255 0031 5F5F696E 		.ascii	"__int32_t\000"
 1255      7433325F 
 1255      7400
 1256              	.LASF27:
 1257 003b 73746172 		.ascii	"start\000"
 1257      7400
 1258              	.LASF32:
 1259 0041 736E7072 		.ascii	"snprintf\000"
 1259      696E7466 
 1259      00
 1260              	.LASF3:
 1261 004a 73686F72 		.ascii	"short unsigned int\000"
 1261      7420756E 
ARM GAS  C:\Users\nico_\AppData\Local\Temp\cchpwtub.s 			page 26


 1261      7369676E 
 1261      65642069 
 1261      6E7400
 1262              	.LASF11:
 1263 005d 75696E74 		.ascii	"uint8_t\000"
 1263      385F7400 
 1264              	.LASF21:
 1265 0065 62797465 		.ascii	"bytesToRead\000"
 1265      73546F52 
 1265      65616400 
 1266              	.LASF14:
 1267 0071 666C6F61 		.ascii	"float\000"
 1267      7400
 1268              	.LASF13:
 1269 0077 75696E74 		.ascii	"uint8\000"
 1269      3800
 1270              	.LASF1:
 1271 007d 756E7369 		.ascii	"unsigned char\000"
 1271      676E6564 
 1271      20636861 
 1271      7200
 1272              	.LASF36:
 1273 008b 474E5520 		.ascii	"GNU C11 5.4.1 20160609 (release) [ARM/embedded-5-br"
 1273      43313120 
 1273      352E342E 
 1273      31203230 
 1273      31363036 
 1274 00be 616E6368 		.ascii	"anch revision 237715] -mcpu=cortex-m3 -mthumb -g -O"
 1274      20726576 
 1274      6973696F 
 1274      6E203233 
 1274      37373135 
 1275 00f1 67202D66 		.ascii	"g -ffunction-sections -ffat-lto-objects\000"
 1275      66756E63 
 1275      74696F6E 
 1275      2D736563 
 1275      74696F6E 
 1276              	.LASF20:
 1277 0119 4953525F 		.ascii	"ISR_UART_rx_handler\000"
 1277      55415254 
 1277      5F72785F 
 1277      68616E64 
 1277      6C657200 
 1278              	.LASF7:
 1279 012d 6C6F6E67 		.ascii	"long unsigned int\000"
 1279      20756E73 
 1279      69676E65 
 1279      6420696E 
 1279      7400
 1280              	.LASF34:
 1281 013f 55415254 		.ascii	"UART_1_ReadRxData\000"
 1281      5F315F52 
 1281      65616452 
 1281      78446174 
 1281      6100
 1282              	.LASF19:
 1283 0151 68616E64 		.ascii	"handleByteReceived\000"
ARM GAS  C:\Users\nico_\AppData\Local\Temp\cchpwtub.s 			page 27


 1283      6C654279 
 1283      74655265 
 1283      63656976 
 1283      656400
 1284              	.LASF24:
 1285 0164 49544D5F 		.ascii	"ITM_RxBuffer\000"
 1285      52784275 
 1285      66666572 
 1285      00
 1286              	.LASF30:
 1287 0171 56444143 		.ascii	"VDAC8_1_Start\000"
 1287      385F315F 
 1287      53746172 
 1287      7400
 1288              	.LASF15:
 1289 017f 646F7562 		.ascii	"double\000"
 1289      6C6500
 1290              	.LASF39:
 1291 0186 6D61696E 		.ascii	"main\000"
 1291      00
 1292              	.LASF10:
 1293 018b 756E7369 		.ascii	"unsigned int\000"
 1293      676E6564 
 1293      20696E74 
 1293      00
 1294              	.LASF9:
 1295 0198 6C6F6E67 		.ascii	"long long unsigned int\000"
 1295      206C6F6E 
 1295      6720756E 
 1295      7369676E 
 1295      65642069 
 1296              	.LASF38:
 1297 01af 433A5C55 		.ascii	"C:\\Users\\nico_\\Sundhedsteknologi\\7. Semester\\B"
 1297      73657273 
 1297      5C6E6963 
 1297      6F5F5C53 
 1297      756E6468 
 1298 01dd 61636865 		.ascii	"achelor\\BachelorProject\\Microcontroller_coolingsy"
 1298      6C6F725C 
 1298      42616368 
 1298      656C6F72 
 1298      50726F6A 
 1299 020e 7374656D 		.ascii	"stem.cydsn\000"
 1299      2E637964 
 1299      736E00
 1300              	.LASF35:
 1301 0219 55415254 		.ascii	"UART_1_GetRxBufferSize\000"
 1301      5F315F47 
 1301      65745278 
 1301      42756666 
 1301      65725369 
 1302              	.LASF33:
 1303 0230 56444143 		.ascii	"VDAC8_1_SetValue\000"
 1303      385F315F 
 1303      53657456 
 1303      616C7565 
 1303      00
ARM GAS  C:\Users\nico_\AppData\Local\Temp\cchpwtub.s 			page 28


 1304              	.LASF23:
 1305 0241 6F757470 		.ascii	"outputBuffer\000"
 1305      75744275 
 1305      66666572 
 1305      00
 1306              	.LASF12:
 1307 024e 696E7433 		.ascii	"int32_t\000"
 1307      325F7400 
 1308              	.LASF18:
 1309 0256 73697A65 		.ascii	"sizetype\000"
 1309      74797065 
 1309      00
 1310              	.LASF8:
 1311 025f 6C6F6E67 		.ascii	"long long int\000"
 1311      206C6F6E 
 1311      6720696E 
 1311      7400
 1312              	.LASF37:
 1313 026d 6D61696E 		.ascii	"main.c\000"
 1313      2E6300
 1314              	.LASF16:
 1315 0274 63686172 		.ascii	"char\000"
 1315      00
 1316              	.LASF2:
 1317 0279 73686F72 		.ascii	"short int\000"
 1317      7420696E 
 1317      7400
 1318              	.LASF26:
 1319 0283 566F7574 		.ascii	"Vout\000"
 1319      00
 1320              	.LASF6:
 1321 0288 6C6F6E67 		.ascii	"long int\000"
 1321      20696E74 
 1321      00
 1322              	.LASF17:
 1323 0291 6C6F6E67 		.ascii	"long double\000"
 1323      20646F75 
 1323      626C6500 
 1324              	.LASF0:
 1325 029d 7369676E 		.ascii	"signed char\000"
 1325      65642063 
 1325      68617200 
 1326              	.LASF31:
 1327 02a9 55415254 		.ascii	"UART_1_PutString\000"
 1327      5F315F50 
 1327      75745374 
 1327      72696E67 
 1327      00
 1328              	.LASF22:
 1329 02ba 62797465 		.ascii	"byteReceived\000"
 1329      52656365 
 1329      69766564 
 1329      00
 1330              		.ident	"GCC: (GNU Tools for ARM Embedded Processors) 5.4.1 20160609 (release) [ARM/embedded-5-bran
