ARM GAS  C:\Users\nico_\AppData\Local\Temp\cchvuDh5.s 			page 1


   1              		.syntax unified
   2              		.cpu cortex-m3
   3              		.fpu softvfp
   4              		.eabi_attribute 20, 1
   5              		.eabi_attribute 21, 1
   6              		.eabi_attribute 23, 3
   7              		.eabi_attribute 24, 1
   8              		.eabi_attribute 25, 1
   9              		.eabi_attribute 26, 1
  10              		.eabi_attribute 30, 1
  11              		.eabi_attribute 34, 1
  12              		.eabi_attribute 18, 4
  13              		.thumb
  14              		.syntax unified
  15              		.file	"MaxanalogOutput.c"
  16              		.text
  17              	.Ltext0:
  18              		.cfi_sections	.debug_frame
  19              		.section	.text.maxAnalogOutputTest,"ax",%progbits
  20              		.align	2
  21              		.global	maxAnalogOutputTest
  22              		.thumb
  23              		.thumb_func
  24              		.type	maxAnalogOutputTest, %function
  25              	maxAnalogOutputTest:
  26              	.LFB0:
  27              		.file 1 "MaxanalogOutput.c"
   1:MaxanalogOutput.c **** /* ========================================
   2:MaxanalogOutput.c ****  *
   3:MaxanalogOutput.c ****  * Copyright YOUR COMPANY, THE YEAR
   4:MaxanalogOutput.c ****  * All Rights Reserved
   5:MaxanalogOutput.c ****  * UNPUBLISHED, LICENSED SOFTWARE.
   6:MaxanalogOutput.c ****  *
   7:MaxanalogOutput.c ****  * CONFIDENTIAL AND PROPRIETARY INFORMATION
   8:MaxanalogOutput.c ****  * WHICH IS THE PROPERTY OF your company.
   9:MaxanalogOutput.c ****  *
  10:MaxanalogOutput.c ****  * ========================================
  11:MaxanalogOutput.c **** */
  12:MaxanalogOutput.c **** #include "MaxanalogOutput.h"
  13:MaxanalogOutput.c **** 
  14:MaxanalogOutput.c **** uint8 speed;
  15:MaxanalogOutput.c **** uint16 voltage;
  16:MaxanalogOutput.c **** void maxAnalogOutputTest()
  17:MaxanalogOutput.c **** {
  28              		.loc 1 17 0
  29              		.cfi_startproc
  30              		@ args = 0, pretend = 0, frame = 0
  31              		@ frame_needed = 0, uses_anonymous_args = 0
  32 0000 08B5     		push	{r3, lr}
  33              		.cfi_def_cfa_offset 8
  34              		.cfi_offset 3, -8
  35              		.cfi_offset 14, -4
  18:MaxanalogOutput.c ****     PGA_SpeedControl_Start();
  36              		.loc 1 18 0
  37 0002 FFF7FEFF 		bl	PGA_SpeedControl_Start
  38              	.LVL0:
  19:MaxanalogOutput.c ****     VDAC8_SpeedControl_Start();
ARM GAS  C:\Users\nico_\AppData\Local\Temp\cchvuDh5.s 			page 2


  39              		.loc 1 19 0
  40 0006 FFF7FEFF 		bl	VDAC8_SpeedControl_Start
  41              	.LVL1:
  20:MaxanalogOutput.c ****     
  21:MaxanalogOutput.c ****     voltage = 4000;
  42              		.loc 1 21 0
  43 000a 4FF47A62 		mov	r2, #4000
  44 000e 044B     		ldr	r3, .L3
  45 0010 1A80     		strh	r2, [r3]	@ movhi
  22:MaxanalogOutput.c ****     speed = (voltage*256)/(4080*2);
  46              		.loc 1 22 0
  47 0012 7D20     		movs	r0, #125
  48 0014 034B     		ldr	r3, .L3+4
  49 0016 1870     		strb	r0, [r3]
  23:MaxanalogOutput.c ****     
  24:MaxanalogOutput.c ****     VDAC8_SpeedControl_SetValue(speed);
  50              		.loc 1 24 0
  51 0018 FFF7FEFF 		bl	VDAC8_SpeedControl_SetValue
  52              	.LVL2:
  53 001c 08BD     		pop	{r3, pc}
  54              	.L4:
  55 001e 00BF     		.align	2
  56              	.L3:
  57 0020 00000000 		.word	voltage
  58 0024 00000000 		.word	speed
  59              		.cfi_endproc
  60              	.LFE0:
  61              		.size	maxAnalogOutputTest, .-maxAnalogOutputTest
  62              		.comm	voltage,2,2
  63              		.comm	speed,1,1
  64              		.text
  65              	.Letext0:
  66              		.file 2 "Generated_Source\\PSoC5/cytypes.h"
  67              		.file 3 "Generated_Source\\PSoC5/PGA_SpeedControl.h"
  68              		.file 4 "Generated_Source\\PSoC5/VDAC8_SpeedControl.h"
  69              		.section	.debug_info,"",%progbits
  70              	.Ldebug_info0:
  71 0000 1E010000 		.4byte	0x11e
  72 0004 0400     		.2byte	0x4
  73 0006 00000000 		.4byte	.Ldebug_abbrev0
  74 000a 04       		.byte	0x4
  75 000b 01       		.uleb128 0x1
  76 000c 32000000 		.4byte	.LASF21
  77 0010 0C       		.byte	0xc
  78 0011 FC010000 		.4byte	.LASF22
  79 0015 F5000000 		.4byte	.LASF23
  80 0019 00000000 		.4byte	.Ldebug_ranges0+0
  81 001d 00000000 		.4byte	0
  82 0021 00000000 		.4byte	.Ldebug_line0
  83 0025 02       		.uleb128 0x2
  84 0026 01       		.byte	0x1
  85 0027 06       		.byte	0x6
  86 0028 DC010000 		.4byte	.LASF0
  87 002c 02       		.uleb128 0x2
  88 002d 01       		.byte	0x1
  89 002e 08       		.byte	0x8
  90 002f 6B010000 		.4byte	.LASF1
ARM GAS  C:\Users\nico_\AppData\Local\Temp\cchvuDh5.s 			page 3


  91 0033 02       		.uleb128 0x2
  92 0034 02       		.byte	0x2
  93 0035 05       		.byte	0x5
  94 0036 1A020000 		.4byte	.LASF2
  95 003a 02       		.uleb128 0x2
  96 003b 02       		.byte	0x2
  97 003c 07       		.byte	0x7
  98 003d C9010000 		.4byte	.LASF3
  99 0041 02       		.uleb128 0x2
 100 0042 04       		.byte	0x4
 101 0043 05       		.byte	0x5
 102 0044 A0010000 		.4byte	.LASF4
 103 0048 02       		.uleb128 0x2
 104 0049 04       		.byte	0x4
 105 004a 07       		.byte	0x7
 106 004b C6000000 		.4byte	.LASF5
 107 004f 02       		.uleb128 0x2
 108 0050 08       		.byte	0x8
 109 0051 05       		.byte	0x5
 110 0052 00000000 		.4byte	.LASF6
 111 0056 02       		.uleb128 0x2
 112 0057 08       		.byte	0x8
 113 0058 07       		.byte	0x7
 114 0059 D8000000 		.4byte	.LASF7
 115 005d 03       		.uleb128 0x3
 116 005e 04       		.byte	0x4
 117 005f 05       		.byte	0x5
 118 0060 696E7400 		.ascii	"int\000"
 119 0064 02       		.uleb128 0x2
 120 0065 04       		.byte	0x4
 121 0066 07       		.byte	0x7
 122 0067 0E000000 		.4byte	.LASF8
 123 006b 04       		.uleb128 0x4
 124 006c C0000000 		.4byte	.LASF9
 125 0070 02       		.byte	0x2
 126 0071 E901     		.2byte	0x1e9
 127 0073 2C000000 		.4byte	0x2c
 128 0077 04       		.uleb128 0x4
 129 0078 24020000 		.4byte	.LASF10
 130 007c 02       		.byte	0x2
 131 007d EA01     		.2byte	0x1ea
 132 007f 3A000000 		.4byte	0x3a
 133 0083 02       		.uleb128 0x2
 134 0084 04       		.byte	0x4
 135 0085 04       		.byte	0x4
 136 0086 EF000000 		.4byte	.LASF11
 137 008a 02       		.uleb128 0x2
 138 008b 08       		.byte	0x8
 139 008c 04       		.byte	0x4
 140 008d C2010000 		.4byte	.LASF12
 141 0091 02       		.uleb128 0x2
 142 0092 01       		.byte	0x1
 143 0093 08       		.byte	0x8
 144 0094 7F010000 		.4byte	.LASF13
 145 0098 02       		.uleb128 0x2
 146 0099 08       		.byte	0x8
 147 009a 04       		.byte	0x4
ARM GAS  C:\Users\nico_\AppData\Local\Temp\cchvuDh5.s 			page 4


 148 009b 0E020000 		.4byte	.LASF14
 149 009f 02       		.uleb128 0x2
 150 00a0 04       		.byte	0x4
 151 00a1 07       		.byte	0x7
 152 00a2 33020000 		.4byte	.LASF15
 153 00a6 05       		.uleb128 0x5
 154 00a7 E8010000 		.4byte	.LASF24
 155 00ab 01       		.byte	0x1
 156 00ac 10       		.byte	0x10
 157 00ad 00000000 		.4byte	.LFB0
 158 00b1 28000000 		.4byte	.LFE0-.LFB0
 159 00b5 01       		.uleb128 0x1
 160 00b6 9C       		.byte	0x9c
 161 00b7 DE000000 		.4byte	0xde
 162 00bb 06       		.uleb128 0x6
 163 00bc 06000000 		.4byte	.LVL0
 164 00c0 00010000 		.4byte	0x100
 165 00c4 06       		.uleb128 0x6
 166 00c5 0A000000 		.4byte	.LVL1
 167 00c9 0B010000 		.4byte	0x10b
 168 00cd 07       		.uleb128 0x7
 169 00ce 1C000000 		.4byte	.LVL2
 170 00d2 16010000 		.4byte	0x116
 171 00d6 08       		.uleb128 0x8
 172 00d7 01       		.uleb128 0x1
 173 00d8 50       		.byte	0x50
 174 00d9 02       		.uleb128 0x2
 175 00da 08       		.byte	0x8
 176 00db 7D       		.byte	0x7d
 177 00dc 00       		.byte	0
 178 00dd 00       		.byte	0
 179 00de 09       		.uleb128 0x9
 180 00df 79010000 		.4byte	.LASF16
 181 00e3 01       		.byte	0x1
 182 00e4 0E       		.byte	0xe
 183 00e5 6B000000 		.4byte	0x6b
 184 00e9 05       		.uleb128 0x5
 185 00ea 03       		.byte	0x3
 186 00eb 00000000 		.4byte	speed
 187 00ef 09       		.uleb128 0x9
 188 00f0 2B020000 		.4byte	.LASF17
 189 00f4 01       		.byte	0x1
 190 00f5 0F       		.byte	0xf
 191 00f6 77000000 		.4byte	0x77
 192 00fa 05       		.uleb128 0x5
 193 00fb 03       		.byte	0x3
 194 00fc 00000000 		.4byte	voltage
 195 0100 0A       		.uleb128 0xa
 196 0101 1B000000 		.4byte	.LASF18
 197 0105 1B000000 		.4byte	.LASF18
 198 0109 03       		.byte	0x3
 199 010a 3E       		.byte	0x3e
 200 010b 0A       		.uleb128 0xa
 201 010c A9010000 		.4byte	.LASF19
 202 0110 A9010000 		.4byte	.LASF19
 203 0114 04       		.byte	0x4
 204 0115 33       		.byte	0x33
ARM GAS  C:\Users\nico_\AppData\Local\Temp\cchvuDh5.s 			page 5


 205 0116 0A       		.uleb128 0xa
 206 0117 84010000 		.4byte	.LASF20
 207 011b 84010000 		.4byte	.LASF20
 208 011f 04       		.byte	0x4
 209 0120 37       		.byte	0x37
 210 0121 00       		.byte	0
 211              		.section	.debug_abbrev,"",%progbits
 212              	.Ldebug_abbrev0:
 213 0000 01       		.uleb128 0x1
 214 0001 11       		.uleb128 0x11
 215 0002 01       		.byte	0x1
 216 0003 25       		.uleb128 0x25
 217 0004 0E       		.uleb128 0xe
 218 0005 13       		.uleb128 0x13
 219 0006 0B       		.uleb128 0xb
 220 0007 03       		.uleb128 0x3
 221 0008 0E       		.uleb128 0xe
 222 0009 1B       		.uleb128 0x1b
 223 000a 0E       		.uleb128 0xe
 224 000b 55       		.uleb128 0x55
 225 000c 17       		.uleb128 0x17
 226 000d 11       		.uleb128 0x11
 227 000e 01       		.uleb128 0x1
 228 000f 10       		.uleb128 0x10
 229 0010 17       		.uleb128 0x17
 230 0011 00       		.byte	0
 231 0012 00       		.byte	0
 232 0013 02       		.uleb128 0x2
 233 0014 24       		.uleb128 0x24
 234 0015 00       		.byte	0
 235 0016 0B       		.uleb128 0xb
 236 0017 0B       		.uleb128 0xb
 237 0018 3E       		.uleb128 0x3e
 238 0019 0B       		.uleb128 0xb
 239 001a 03       		.uleb128 0x3
 240 001b 0E       		.uleb128 0xe
 241 001c 00       		.byte	0
 242 001d 00       		.byte	0
 243 001e 03       		.uleb128 0x3
 244 001f 24       		.uleb128 0x24
 245 0020 00       		.byte	0
 246 0021 0B       		.uleb128 0xb
 247 0022 0B       		.uleb128 0xb
 248 0023 3E       		.uleb128 0x3e
 249 0024 0B       		.uleb128 0xb
 250 0025 03       		.uleb128 0x3
 251 0026 08       		.uleb128 0x8
 252 0027 00       		.byte	0
 253 0028 00       		.byte	0
 254 0029 04       		.uleb128 0x4
 255 002a 16       		.uleb128 0x16
 256 002b 00       		.byte	0
 257 002c 03       		.uleb128 0x3
 258 002d 0E       		.uleb128 0xe
 259 002e 3A       		.uleb128 0x3a
 260 002f 0B       		.uleb128 0xb
 261 0030 3B       		.uleb128 0x3b
ARM GAS  C:\Users\nico_\AppData\Local\Temp\cchvuDh5.s 			page 6


 262 0031 05       		.uleb128 0x5
 263 0032 49       		.uleb128 0x49
 264 0033 13       		.uleb128 0x13
 265 0034 00       		.byte	0
 266 0035 00       		.byte	0
 267 0036 05       		.uleb128 0x5
 268 0037 2E       		.uleb128 0x2e
 269 0038 01       		.byte	0x1
 270 0039 3F       		.uleb128 0x3f
 271 003a 19       		.uleb128 0x19
 272 003b 03       		.uleb128 0x3
 273 003c 0E       		.uleb128 0xe
 274 003d 3A       		.uleb128 0x3a
 275 003e 0B       		.uleb128 0xb
 276 003f 3B       		.uleb128 0x3b
 277 0040 0B       		.uleb128 0xb
 278 0041 11       		.uleb128 0x11
 279 0042 01       		.uleb128 0x1
 280 0043 12       		.uleb128 0x12
 281 0044 06       		.uleb128 0x6
 282 0045 40       		.uleb128 0x40
 283 0046 18       		.uleb128 0x18
 284 0047 9742     		.uleb128 0x2117
 285 0049 19       		.uleb128 0x19
 286 004a 01       		.uleb128 0x1
 287 004b 13       		.uleb128 0x13
 288 004c 00       		.byte	0
 289 004d 00       		.byte	0
 290 004e 06       		.uleb128 0x6
 291 004f 898201   		.uleb128 0x4109
 292 0052 00       		.byte	0
 293 0053 11       		.uleb128 0x11
 294 0054 01       		.uleb128 0x1
 295 0055 31       		.uleb128 0x31
 296 0056 13       		.uleb128 0x13
 297 0057 00       		.byte	0
 298 0058 00       		.byte	0
 299 0059 07       		.uleb128 0x7
 300 005a 898201   		.uleb128 0x4109
 301 005d 01       		.byte	0x1
 302 005e 11       		.uleb128 0x11
 303 005f 01       		.uleb128 0x1
 304 0060 31       		.uleb128 0x31
 305 0061 13       		.uleb128 0x13
 306 0062 00       		.byte	0
 307 0063 00       		.byte	0
 308 0064 08       		.uleb128 0x8
 309 0065 8A8201   		.uleb128 0x410a
 310 0068 00       		.byte	0
 311 0069 02       		.uleb128 0x2
 312 006a 18       		.uleb128 0x18
 313 006b 9142     		.uleb128 0x2111
 314 006d 18       		.uleb128 0x18
 315 006e 00       		.byte	0
 316 006f 00       		.byte	0
 317 0070 09       		.uleb128 0x9
 318 0071 34       		.uleb128 0x34
ARM GAS  C:\Users\nico_\AppData\Local\Temp\cchvuDh5.s 			page 7


 319 0072 00       		.byte	0
 320 0073 03       		.uleb128 0x3
 321 0074 0E       		.uleb128 0xe
 322 0075 3A       		.uleb128 0x3a
 323 0076 0B       		.uleb128 0xb
 324 0077 3B       		.uleb128 0x3b
 325 0078 0B       		.uleb128 0xb
 326 0079 49       		.uleb128 0x49
 327 007a 13       		.uleb128 0x13
 328 007b 3F       		.uleb128 0x3f
 329 007c 19       		.uleb128 0x19
 330 007d 02       		.uleb128 0x2
 331 007e 18       		.uleb128 0x18
 332 007f 00       		.byte	0
 333 0080 00       		.byte	0
 334 0081 0A       		.uleb128 0xa
 335 0082 2E       		.uleb128 0x2e
 336 0083 00       		.byte	0
 337 0084 3F       		.uleb128 0x3f
 338 0085 19       		.uleb128 0x19
 339 0086 3C       		.uleb128 0x3c
 340 0087 19       		.uleb128 0x19
 341 0088 6E       		.uleb128 0x6e
 342 0089 0E       		.uleb128 0xe
 343 008a 03       		.uleb128 0x3
 344 008b 0E       		.uleb128 0xe
 345 008c 3A       		.uleb128 0x3a
 346 008d 0B       		.uleb128 0xb
 347 008e 3B       		.uleb128 0x3b
 348 008f 0B       		.uleb128 0xb
 349 0090 00       		.byte	0
 350 0091 00       		.byte	0
 351 0092 00       		.byte	0
 352              		.section	.debug_aranges,"",%progbits
 353 0000 1C000000 		.4byte	0x1c
 354 0004 0200     		.2byte	0x2
 355 0006 00000000 		.4byte	.Ldebug_info0
 356 000a 04       		.byte	0x4
 357 000b 00       		.byte	0
 358 000c 0000     		.2byte	0
 359 000e 0000     		.2byte	0
 360 0010 00000000 		.4byte	.LFB0
 361 0014 28000000 		.4byte	.LFE0-.LFB0
 362 0018 00000000 		.4byte	0
 363 001c 00000000 		.4byte	0
 364              		.section	.debug_ranges,"",%progbits
 365              	.Ldebug_ranges0:
 366 0000 00000000 		.4byte	.LFB0
 367 0004 28000000 		.4byte	.LFE0
 368 0008 00000000 		.4byte	0
 369 000c 00000000 		.4byte	0
 370              		.section	.debug_line,"",%progbits
 371              	.Ldebug_line0:
 372 0000 94000000 		.section	.debug_str,"MS",%progbits,1
 372      02007A00 
 372      00000201 
 372      FB0E0D00 
ARM GAS  C:\Users\nico_\AppData\Local\Temp\cchvuDh5.s 			page 8


 372      01010101 
 373              	.LASF6:
 374 0000 6C6F6E67 		.ascii	"long long int\000"
 374      206C6F6E 
 374      6720696E 
 374      7400
 375              	.LASF8:
 376 000e 756E7369 		.ascii	"unsigned int\000"
 376      676E6564 
 376      20696E74 
 376      00
 377              	.LASF18:
 378 001b 5047415F 		.ascii	"PGA_SpeedControl_Start\000"
 378      53706565 
 378      64436F6E 
 378      74726F6C 
 378      5F537461 
 379              	.LASF21:
 380 0032 474E5520 		.ascii	"GNU C11 5.4.1 20160609 (release) [ARM/embedded-5-br"
 380      43313120 
 380      352E342E 
 380      31203230 
 380      31363036 
 381 0065 616E6368 		.ascii	"anch revision 237715] -mcpu=cortex-m3 -mthumb -g -O"
 381      20726576 
 381      6973696F 
 381      6E203233 
 381      37373135 
 382 0098 67202D66 		.ascii	"g -ffunction-sections -ffat-lto-objects\000"
 382      66756E63 
 382      74696F6E 
 382      2D736563 
 382      74696F6E 
 383              	.LASF9:
 384 00c0 75696E74 		.ascii	"uint8\000"
 384      3800
 385              	.LASF5:
 386 00c6 6C6F6E67 		.ascii	"long unsigned int\000"
 386      20756E73 
 386      69676E65 
 386      6420696E 
 386      7400
 387              	.LASF7:
 388 00d8 6C6F6E67 		.ascii	"long long unsigned int\000"
 388      206C6F6E 
 388      6720756E 
 388      7369676E 
 388      65642069 
 389              	.LASF11:
 390 00ef 666C6F61 		.ascii	"float\000"
 390      7400
 391              	.LASF23:
 392 00f5 433A5C55 		.ascii	"C:\\Users\\nico_\\Sundhedsteknologi\\7. Semester\\B"
 392      73657273 
 392      5C6E6963 
 392      6F5F5C53 
 392      756E6468 
ARM GAS  C:\Users\nico_\AppData\Local\Temp\cchvuDh5.s 			page 9


 393 0123 61636865 		.ascii	"achelor\\BachelorProject\\Full system\\Microcontrol"
 393      6C6F725C 
 393      42616368 
 393      656C6F72 
 393      50726F6A 
 394 0153 6C65725F 		.ascii	"ler_coolingsystem.cydsn\000"
 394      636F6F6C 
 394      696E6773 
 394      79737465 
 394      6D2E6379 
 395              	.LASF1:
 396 016b 756E7369 		.ascii	"unsigned char\000"
 396      676E6564 
 396      20636861 
 396      7200
 397              	.LASF16:
 398 0179 73706565 		.ascii	"speed\000"
 398      6400
 399              	.LASF13:
 400 017f 63686172 		.ascii	"char\000"
 400      00
 401              	.LASF20:
 402 0184 56444143 		.ascii	"VDAC8_SpeedControl_SetValue\000"
 402      385F5370 
 402      65656443 
 402      6F6E7472 
 402      6F6C5F53 
 403              	.LASF4:
 404 01a0 6C6F6E67 		.ascii	"long int\000"
 404      20696E74 
 404      00
 405              	.LASF19:
 406 01a9 56444143 		.ascii	"VDAC8_SpeedControl_Start\000"
 406      385F5370 
 406      65656443 
 406      6F6E7472 
 406      6F6C5F53 
 407              	.LASF12:
 408 01c2 646F7562 		.ascii	"double\000"
 408      6C6500
 409              	.LASF3:
 410 01c9 73686F72 		.ascii	"short unsigned int\000"
 410      7420756E 
 410      7369676E 
 410      65642069 
 410      6E7400
 411              	.LASF0:
 412 01dc 7369676E 		.ascii	"signed char\000"
 412      65642063 
 412      68617200 
 413              	.LASF24:
 414 01e8 6D617841 		.ascii	"maxAnalogOutputTest\000"
 414      6E616C6F 
 414      674F7574 
 414      70757454 
 414      65737400 
 415              	.LASF22:
ARM GAS  C:\Users\nico_\AppData\Local\Temp\cchvuDh5.s 			page 10


 416 01fc 4D617861 		.ascii	"MaxanalogOutput.c\000"
 416      6E616C6F 
 416      674F7574 
 416      7075742E 
 416      6300
 417              	.LASF14:
 418 020e 6C6F6E67 		.ascii	"long double\000"
 418      20646F75 
 418      626C6500 
 419              	.LASF2:
 420 021a 73686F72 		.ascii	"short int\000"
 420      7420696E 
 420      7400
 421              	.LASF10:
 422 0224 75696E74 		.ascii	"uint16\000"
 422      313600
 423              	.LASF17:
 424 022b 766F6C74 		.ascii	"voltage\000"
 424      61676500 
 425              	.LASF15:
 426 0233 73697A65 		.ascii	"sizetype\000"
 426      74797065 
 426      00
 427              		.ident	"GCC: (GNU Tools for ARM Embedded Processors) 5.4.1 20160609 (release) [ARM/embedded-5-bran
