ARM GAS  C:\Users\nico_\AppData\Local\Temp\ccadluxn.s 			page 1


   1              		.syntax unified
   2              		.cpu cortex-m3
   3              		.fpu softvfp
   4              		.eabi_attribute 20, 1
   5              		.eabi_attribute 21, 1
   6              		.eabi_attribute 23, 3
   7              		.eabi_attribute 24, 1
   8              		.eabi_attribute 25, 1
   9              		.eabi_attribute 26, 1
  10              		.eabi_attribute 30, 1
  11              		.eabi_attribute 34, 1
  12              		.eabi_attribute 18, 4
  13              		.thumb
  14              		.syntax unified
  15              		.file	"PumpCtrl.c"
  16              		.text
  17              	.Ltext0:
  18              		.cfi_sections	.debug_frame
  19              		.section	.text.Pump_Start,"ax",%progbits
  20              		.align	2
  21              		.global	Pump_Start
  22              		.thumb
  23              		.thumb_func
  24              		.type	Pump_Start, %function
  25              	Pump_Start:
  26              	.LFB4:
  27              		.file 1 "PumpCtrl.c"
   1:PumpCtrl.c    **** /* ========================================
   2:PumpCtrl.c    ****  *
   3:PumpCtrl.c    ****  * Copyright YOUR COMPANY, THE YEAR
   4:PumpCtrl.c    ****  * All Rights Reserved
   5:PumpCtrl.c    ****  * UNPUBLISHED, LICENSED SOFTWARE.
   6:PumpCtrl.c    ****  *
   7:PumpCtrl.c    ****  * CONFIDENTIAL AND PROPRIETARY INFORMATION
   8:PumpCtrl.c    ****  * WHICH IS THE PROPERTY OF your company.
   9:PumpCtrl.c    ****  *
  10:PumpCtrl.c    ****  * ========================================
  11:PumpCtrl.c    **** */
  12:PumpCtrl.c    **** #include "PumpCtrl.h"
  13:PumpCtrl.c    **** 
  14:PumpCtrl.c    **** float voltage;
  15:PumpCtrl.c    **** void SetSpeed(uint8_t speed);
  16:PumpCtrl.c    **** uint8 SetConstSpeed(uint16 speed_control_voltage);
  17:PumpCtrl.c    **** 
  18:PumpCtrl.c    **** 
  19:PumpCtrl.c    **** /*Initialize the VDAC component for speed control*/
  20:PumpCtrl.c    **** void Pump_Setup()
  21:PumpCtrl.c    **** {
  22:PumpCtrl.c    **** 
  23:PumpCtrl.c    ****     //Set the range for the VDAC Speed control to the 0V-4.096V range
  24:PumpCtrl.c    ****     VDAC8_SpeedControl_SetRange(VDAC8_SpeedControl_RANGE_4V);
  25:PumpCtrl.c    ****     //Set initial speed to 0;
  26:PumpCtrl.c    ****     VDAC8_SpeedControl_SetValue(0);
  27:PumpCtrl.c    ****     
  28:PumpCtrl.c    ****     //Set range for the VDAC for enabling through the transistor
  29:PumpCtrl.c    ****     VDAC8_Enabling_SetRange(VDAC8_Enabling_RANGE_4V);   
  30:PumpCtrl.c    ****     //Set the initial enabling VDAC value to 3.2V from a maximum of 4.080 from the VDAC
ARM GAS  C:\Users\nico_\AppData\Local\Temp\ccadluxn.s 			page 2


  31:PumpCtrl.c    ****     VDAC8_Enabling_SetValue(4.080*3.2/255);
  32:PumpCtrl.c    ****     
  33:PumpCtrl.c    ****     //Start VDAC_enabling
  34:PumpCtrl.c    ****     VDAC8_Enabling_Start();
  35:PumpCtrl.c    **** 
  36:PumpCtrl.c    ****     //Stop pump.
  37:PumpCtrl.c    ****     Pump_Stop();
  38:PumpCtrl.c    **** }
  39:PumpCtrl.c    **** 
  40:PumpCtrl.c    **** /*Controlled shutdown of pump and it's software components*/
  41:PumpCtrl.c    **** void Pump_Shutdown()
  42:PumpCtrl.c    **** {
  43:PumpCtrl.c    ****     //Stop VDAC in outputting the speed control voltage. Set output value to 0.
  44:PumpCtrl.c    ****     VDAC8_SpeedControl_Stop();
  45:PumpCtrl.c    ****     VDAC8_SpeedControl_SetValue(0);
  46:PumpCtrl.c    ****     
  47:PumpCtrl.c    ****     PGA_SpeedControl_Stop();
  48:PumpCtrl.c    ****     
  49:PumpCtrl.c    ****     //Stop the pump
  50:PumpCtrl.c    ****     Pump_Stop();
  51:PumpCtrl.c    **** }
  52:PumpCtrl.c    **** 
  53:PumpCtrl.c    **** /*Controlled startup of pump*/
  54:PumpCtrl.c    **** void Pump_Startup()
  55:PumpCtrl.c    **** {
  56:PumpCtrl.c    ****     //Set speed control voltage to 2.5V
  57:PumpCtrl.c    ****     uint8 speed = SetConstSpeed(2500);
  58:PumpCtrl.c    ****     VDAC8_SpeedControl_SetValue(speed);
  59:PumpCtrl.c    ****     
  60:PumpCtrl.c    ****     
  61:PumpCtrl.c    ****     //Start VDAC to output the speed control voltage
  62:PumpCtrl.c    ****     VDAC8_SpeedControl_Start();
  63:PumpCtrl.c    ****     
  64:PumpCtrl.c    ****     //Call Pump start
  65:PumpCtrl.c    ****     Pump_Start();
  66:PumpCtrl.c    **** }
  67:PumpCtrl.c    **** 
  68:PumpCtrl.c    **** 
  69:PumpCtrl.c    **** /*Start the pump by enabling it, and setting the speed control variable*/
  70:PumpCtrl.c    **** void Pump_Start()
  71:PumpCtrl.c    **** {
  28              		.loc 1 71 0
  29              		.cfi_startproc
  30              		@ args = 0, pretend = 0, frame = 0
  31              		@ frame_needed = 0, uses_anonymous_args = 0
  32 0000 08B5     		push	{r3, lr}
  33              		.cfi_def_cfa_offset 8
  34              		.cfi_offset 3, -8
  35              		.cfi_offset 14, -4
  72:PumpCtrl.c    ****     //Enable pump through closing transistor.
  73:PumpCtrl.c    ****     VDAC8_Enabling_SetValue(0);
  36              		.loc 1 73 0
  37 0002 0020     		movs	r0, #0
  38 0004 FFF7FEFF 		bl	VDAC8_Enabling_SetValue
  39              	.LVL0:
  40 0008 08BD     		pop	{r3, pc}
  41              		.cfi_endproc
ARM GAS  C:\Users\nico_\AppData\Local\Temp\ccadluxn.s 			page 3


  42              	.LFE4:
  43              		.size	Pump_Start, .-Pump_Start
  44 000a 00BF     		.section	.text.Pump_Stop,"ax",%progbits
  45              		.align	2
  46              		.global	Pump_Stop
  47              		.thumb
  48              		.thumb_func
  49              		.type	Pump_Stop, %function
  50              	Pump_Stop:
  51              	.LFB5:
  74:PumpCtrl.c    ****     
  75:PumpCtrl.c    **** }
  76:PumpCtrl.c    **** 
  77:PumpCtrl.c    **** 
  78:PumpCtrl.c    **** /*Opens up the transistor, connecting the enable pin on pump controller
  79:PumpCtrl.c    **** board to ground. This stop the pump.*/
  80:PumpCtrl.c    **** void Pump_Stop()
  81:PumpCtrl.c    **** {
  52              		.loc 1 81 0
  53              		.cfi_startproc
  54              		@ args = 0, pretend = 0, frame = 0
  55              		@ frame_needed = 0, uses_anonymous_args = 0
  56 0000 08B5     		push	{r3, lr}
  57              		.cfi_def_cfa_offset 8
  58              		.cfi_offset 3, -8
  59              		.cfi_offset 14, -4
  82:PumpCtrl.c    ****     VDAC8_Enabling_SetValue(255); 
  60              		.loc 1 82 0
  61 0002 FF20     		movs	r0, #255
  62 0004 FFF7FEFF 		bl	VDAC8_Enabling_SetValue
  63              	.LVL1:
  64 0008 08BD     		pop	{r3, pc}
  65              		.cfi_endproc
  66              	.LFE5:
  67              		.size	Pump_Stop, .-Pump_Stop
  68 000a 00BF     		.section	.text.Pump_Setup,"ax",%progbits
  69              		.align	2
  70              		.global	Pump_Setup
  71              		.thumb
  72              		.thumb_func
  73              		.type	Pump_Setup, %function
  74              	Pump_Setup:
  75              	.LFB1:
  21:PumpCtrl.c    **** 
  76              		.loc 1 21 0
  77              		.cfi_startproc
  78              		@ args = 0, pretend = 0, frame = 0
  79              		@ frame_needed = 0, uses_anonymous_args = 0
  80 0000 08B5     		push	{r3, lr}
  81              		.cfi_def_cfa_offset 8
  82              		.cfi_offset 3, -8
  83              		.cfi_offset 14, -4
  24:PumpCtrl.c    ****     //Set initial speed to 0;
  84              		.loc 1 24 0
  85 0002 0420     		movs	r0, #4
  86 0004 FFF7FEFF 		bl	VDAC8_SpeedControl_SetRange
  87              	.LVL2:
ARM GAS  C:\Users\nico_\AppData\Local\Temp\ccadluxn.s 			page 4


  26:PumpCtrl.c    ****     
  88              		.loc 1 26 0
  89 0008 0020     		movs	r0, #0
  90 000a FFF7FEFF 		bl	VDAC8_SpeedControl_SetValue
  91              	.LVL3:
  29:PumpCtrl.c    ****     //Set the initial enabling VDAC value to 3.2V from a maximum of 4.080 from the VDAC
  92              		.loc 1 29 0
  93 000e 0420     		movs	r0, #4
  94 0010 FFF7FEFF 		bl	VDAC8_Enabling_SetRange
  95              	.LVL4:
  31:PumpCtrl.c    ****     
  96              		.loc 1 31 0
  97 0014 0020     		movs	r0, #0
  98 0016 FFF7FEFF 		bl	VDAC8_Enabling_SetValue
  99              	.LVL5:
  34:PumpCtrl.c    **** 
 100              		.loc 1 34 0
 101 001a FFF7FEFF 		bl	VDAC8_Enabling_Start
 102              	.LVL6:
  37:PumpCtrl.c    **** }
 103              		.loc 1 37 0
 104 001e FFF7FEFF 		bl	Pump_Stop
 105              	.LVL7:
 106 0022 08BD     		pop	{r3, pc}
 107              		.cfi_endproc
 108              	.LFE1:
 109              		.size	Pump_Setup, .-Pump_Setup
 110              		.section	.text.Pump_Shutdown,"ax",%progbits
 111              		.align	2
 112              		.global	Pump_Shutdown
 113              		.thumb
 114              		.thumb_func
 115              		.type	Pump_Shutdown, %function
 116              	Pump_Shutdown:
 117              	.LFB2:
  42:PumpCtrl.c    ****     //Stop VDAC in outputting the speed control voltage. Set output value to 0.
 118              		.loc 1 42 0
 119              		.cfi_startproc
 120              		@ args = 0, pretend = 0, frame = 0
 121              		@ frame_needed = 0, uses_anonymous_args = 0
 122 0000 08B5     		push	{r3, lr}
 123              		.cfi_def_cfa_offset 8
 124              		.cfi_offset 3, -8
 125              		.cfi_offset 14, -4
  44:PumpCtrl.c    ****     VDAC8_SpeedControl_SetValue(0);
 126              		.loc 1 44 0
 127 0002 FFF7FEFF 		bl	VDAC8_SpeedControl_Stop
 128              	.LVL8:
  45:PumpCtrl.c    ****     
 129              		.loc 1 45 0
 130 0006 0020     		movs	r0, #0
 131 0008 FFF7FEFF 		bl	VDAC8_SpeedControl_SetValue
 132              	.LVL9:
  47:PumpCtrl.c    ****     
 133              		.loc 1 47 0
 134 000c FFF7FEFF 		bl	PGA_SpeedControl_Stop
 135              	.LVL10:
ARM GAS  C:\Users\nico_\AppData\Local\Temp\ccadluxn.s 			page 5


  50:PumpCtrl.c    **** }
 136              		.loc 1 50 0
 137 0010 FFF7FEFF 		bl	Pump_Stop
 138              	.LVL11:
 139 0014 08BD     		pop	{r3, pc}
 140              		.cfi_endproc
 141              	.LFE2:
 142              		.size	Pump_Shutdown, .-Pump_Shutdown
 143              		.global	__aeabi_ui2f
 144              		.global	__aeabi_fmul
 145              		.global	__aeabi_fadd
 146              		.global	__aeabi_fcmplt
 147              		.global	__aeabi_fcmpgt
 148 0016 00BF     		.section	.text.SetSpeed,"ax",%progbits
 149              		.align	2
 150              		.global	SetSpeed
 151              		.thumb
 152              		.thumb_func
 153              		.type	SetSpeed, %function
 154              	SetSpeed:
 155              	.LFB6:
  83:PumpCtrl.c    **** }
  84:PumpCtrl.c    **** 
  85:PumpCtrl.c    **** 
  86:PumpCtrl.c    **** 
  87:PumpCtrl.c    **** /*Set speed of the pump via the VDAC component*/
  88:PumpCtrl.c    **** void SetSpeed(uint8_t speed)
  89:PumpCtrl.c    **** {
 156              		.loc 1 89 0
 157              		.cfi_startproc
 158              		@ args = 0, pretend = 0, frame = 0
 159              		@ frame_needed = 0, uses_anonymous_args = 0
 160              	.LVL12:
 161 0000 38B5     		push	{r3, r4, r5, lr}
 162              		.cfi_def_cfa_offset 16
 163              		.cfi_offset 3, -16
 164              		.cfi_offset 4, -12
 165              		.cfi_offset 5, -8
 166              		.cfi_offset 14, -4
 167 0002 0546     		mov	r5, r0
  90:PumpCtrl.c    ****     
  91:PumpCtrl.c    ****     voltage = ((float)speed/256)*4096*2; //Calculate the new voltage for the speed control.
 168              		.loc 1 91 0
 169 0004 FFF7FEFF 		bl	__aeabi_ui2f
 170              	.LVL13:
 171 0008 4FF06E51 		mov	r1, #998244352
 172 000c FFF7FEFF 		bl	__aeabi_fmul
 173              	.LVL14:
 174 0010 4FF08B41 		mov	r1, #1166016512
 175 0014 FFF7FEFF 		bl	__aeabi_fmul
 176              	.LVL15:
 177 0018 0146     		mov	r1, r0
 178 001a FFF7FEFF 		bl	__aeabi_fadd
 179              	.LVL16:
 180 001e 0446     		mov	r4, r0
 181 0020 0B4B     		ldr	r3, .L20
 182 0022 1860     		str	r0, [r3]	@ float
ARM GAS  C:\Users\nico_\AppData\Local\Temp\ccadluxn.s 			page 6


  92:PumpCtrl.c    ****     
  93:PumpCtrl.c    ****     /*Check if voltage is below zero == speed has become negative*/
  94:PumpCtrl.c    ****     if(voltage < 0)
 183              		.loc 1 94 0
 184 0024 0021     		movs	r1, #0
 185 0026 FFF7FEFF 		bl	__aeabi_fcmplt
 186              	.LVL17:
 187 002a 18B1     		cbz	r0, .L17
  95:PumpCtrl.c    ****     {
  96:PumpCtrl.c    ****         VDAC8_SpeedControl_SetValue(0);       
 188              		.loc 1 96 0
 189 002c 0020     		movs	r0, #0
 190 002e FFF7FEFF 		bl	VDAC8_SpeedControl_SetValue
 191              	.LVL18:
 192 0032 38BD     		pop	{r3, r4, r5, pc}
 193              	.L17:
  97:PumpCtrl.c    ****     }
  98:PumpCtrl.c    ****     /*Check if voltage is above maximum*/
  99:PumpCtrl.c    ****     else if(voltage > 4500)
 194              		.loc 1 99 0
 195 0034 0749     		ldr	r1, .L20+4
 196 0036 2046     		mov	r0, r4
 197 0038 FFF7FEFF 		bl	__aeabi_fcmpgt
 198              	.LVL19:
 199 003c 18B1     		cbz	r0, .L18
 200              	.LVL20:
 100:PumpCtrl.c    ****     {
 101:PumpCtrl.c    ****         speed = (uint8)((4500 * 255) / (4096 * 2)); //Maximum speed when PGA gain is 2.
 102:PumpCtrl.c    ****         VDAC8_SpeedControl_SetValue(speed);
 201              		.loc 1 102 0
 202 003e 8C20     		movs	r0, #140
 203 0040 FFF7FEFF 		bl	VDAC8_SpeedControl_SetValue
 204              	.LVL21:
 205 0044 38BD     		pop	{r3, r4, r5, pc}
 206              	.LVL22:
 207              	.L18:
 103:PumpCtrl.c    ****     }
 104:PumpCtrl.c    ****     else
 105:PumpCtrl.c    ****     {
 106:PumpCtrl.c    ****         VDAC8_SpeedControl_SetValue(speed);
 208              		.loc 1 106 0
 209 0046 2846     		mov	r0, r5
 210 0048 FFF7FEFF 		bl	VDAC8_SpeedControl_SetValue
 211              	.LVL23:
 212 004c 38BD     		pop	{r3, r4, r5, pc}
 213              	.L21:
 214 004e 00BF     		.align	2
 215              	.L20:
 216 0050 00000000 		.word	voltage
 217 0054 00A08C45 		.word	1166843904
 218              		.cfi_endproc
 219              	.LFE6:
 220              		.size	SetSpeed, .-SetSpeed
 221              		.section	.text.SetConstSpeed,"ax",%progbits
 222              		.align	2
 223              		.global	SetConstSpeed
 224              		.thumb
ARM GAS  C:\Users\nico_\AppData\Local\Temp\ccadluxn.s 			page 7


 225              		.thumb_func
 226              		.type	SetConstSpeed, %function
 227              	SetConstSpeed:
 228              	.LFB7:
 107:PumpCtrl.c    ****     }
 108:PumpCtrl.c    ****     
 109:PumpCtrl.c    ****     
 110:PumpCtrl.c    **** }
 111:PumpCtrl.c    **** 
 112:PumpCtrl.c    **** 
 113:PumpCtrl.c    **** uint8 SetConstSpeed(uint16 speed_control_voltage)
 114:PumpCtrl.c    **** {
 229              		.loc 1 114 0
 230              		.cfi_startproc
 231              		@ args = 0, pretend = 0, frame = 0
 232              		@ frame_needed = 0, uses_anonymous_args = 0
 233              		@ link register save eliminated.
 234              	.LVL24:
 115:PumpCtrl.c    ****     uint8 const_speed = (speed_control_voltage*256)/(4096*2); //Calculate the speed corresponding t
 235              		.loc 1 115 0
 236 0000 0002     		lsls	r0, r0, #8
 237              	.LVL25:
 116:PumpCtrl.c    ****     return const_speed;
 117:PumpCtrl.c    **** }
 238              		.loc 1 117 0
 239 0002 C0F34730 		ubfx	r0, r0, #13, #8
 240              	.LVL26:
 241 0006 7047     		bx	lr
 242              		.cfi_endproc
 243              	.LFE7:
 244              		.size	SetConstSpeed, .-SetConstSpeed
 245              		.section	.text.Pump_Startup,"ax",%progbits
 246              		.align	2
 247              		.global	Pump_Startup
 248              		.thumb
 249              		.thumb_func
 250              		.type	Pump_Startup, %function
 251              	Pump_Startup:
 252              	.LFB3:
  55:PumpCtrl.c    ****     //Set speed control voltage to 2.5V
 253              		.loc 1 55 0
 254              		.cfi_startproc
 255              		@ args = 0, pretend = 0, frame = 0
 256              		@ frame_needed = 0, uses_anonymous_args = 0
 257 0000 08B5     		push	{r3, lr}
 258              		.cfi_def_cfa_offset 8
 259              		.cfi_offset 3, -8
 260              		.cfi_offset 14, -4
  57:PumpCtrl.c    ****     VDAC8_SpeedControl_SetValue(speed);
 261              		.loc 1 57 0
 262 0002 40F6C410 		movw	r0, #2500
 263 0006 FFF7FEFF 		bl	SetConstSpeed
 264              	.LVL27:
  58:PumpCtrl.c    ****     
 265              		.loc 1 58 0
 266 000a FFF7FEFF 		bl	VDAC8_SpeedControl_SetValue
 267              	.LVL28:
ARM GAS  C:\Users\nico_\AppData\Local\Temp\ccadluxn.s 			page 8


  62:PumpCtrl.c    ****     
 268              		.loc 1 62 0
 269 000e FFF7FEFF 		bl	VDAC8_SpeedControl_Start
 270              	.LVL29:
  65:PumpCtrl.c    **** }
 271              		.loc 1 65 0
 272 0012 FFF7FEFF 		bl	Pump_Start
 273              	.LVL30:
 274 0016 08BD     		pop	{r3, pc}
 275              		.cfi_endproc
 276              	.LFE3:
 277              		.size	Pump_Startup, .-Pump_Startup
 278              		.comm	voltage,4,4
 279              		.text
 280              	.Letext0:
 281              		.file 2 "c:\\program files (x86)\\cypress\\psoc creator\\4.4\\psoc creator\\import\\gnu\\arm\\5.4.
 282              		.file 3 "c:\\program files (x86)\\cypress\\psoc creator\\4.4\\psoc creator\\import\\gnu\\arm\\5.4.
 283              		.file 4 "Generated_Source\\PSoC5/cytypes.h"
 284              		.file 5 "Generated_Source\\PSoC5/VDAC8_Enabling.h"
 285              		.file 6 "Generated_Source\\PSoC5/VDAC8_SpeedControl.h"
 286              		.file 7 "Generated_Source\\PSoC5/PGA_SpeedControl.h"
 287              		.section	.debug_info,"",%progbits
 288              	.Ldebug_info0:
 289 0000 0E030000 		.4byte	0x30e
 290 0004 0400     		.2byte	0x4
 291 0006 00000000 		.4byte	.Ldebug_abbrev0
 292 000a 04       		.byte	0x4
 293 000b 01       		.uleb128 0x1
 294 000c F8000000 		.4byte	.LASF34
 295 0010 0C       		.byte	0xc
 296 0011 B1000000 		.4byte	.LASF35
 297 0015 3B000000 		.4byte	.LASF36
 298 0019 00000000 		.4byte	.Ldebug_ranges0+0
 299 001d 00000000 		.4byte	0
 300 0021 00000000 		.4byte	.Ldebug_line0
 301 0025 02       		.uleb128 0x2
 302 0026 01       		.byte	0x1
 303 0027 06       		.byte	0x6
 304 0028 FD020000 		.4byte	.LASF0
 305 002c 03       		.uleb128 0x3
 306 002d 18000000 		.4byte	.LASF12
 307 0031 02       		.byte	0x2
 308 0032 1D       		.byte	0x1d
 309 0033 37000000 		.4byte	0x37
 310 0037 02       		.uleb128 0x2
 311 0038 01       		.byte	0x1
 312 0039 08       		.byte	0x8
 313 003a EA000000 		.4byte	.LASF1
 314 003e 02       		.uleb128 0x2
 315 003f 02       		.byte	0x2
 316 0040 05       		.byte	0x5
 317 0041 C2020000 		.4byte	.LASF2
 318 0045 02       		.uleb128 0x2
 319 0046 02       		.byte	0x2
 320 0047 07       		.byte	0x7
 321 0048 28000000 		.4byte	.LASF3
 322 004c 02       		.uleb128 0x2
ARM GAS  C:\Users\nico_\AppData\Local\Temp\ccadluxn.s 			page 9


 323 004d 04       		.byte	0x4
 324 004e 05       		.byte	0x5
 325 004f E8020000 		.4byte	.LASF4
 326 0053 02       		.uleb128 0x2
 327 0054 04       		.byte	0x4
 328 0055 07       		.byte	0x7
 329 0056 B6010000 		.4byte	.LASF5
 330 005a 02       		.uleb128 0x2
 331 005b 08       		.byte	0x8
 332 005c 05       		.byte	0x5
 333 005d AF020000 		.4byte	.LASF6
 334 0061 02       		.uleb128 0x2
 335 0062 08       		.byte	0x8
 336 0063 07       		.byte	0x7
 337 0064 64020000 		.4byte	.LASF7
 338 0068 04       		.uleb128 0x4
 339 0069 04       		.byte	0x4
 340 006a 05       		.byte	0x5
 341 006b 696E7400 		.ascii	"int\000"
 342 006f 02       		.uleb128 0x2
 343 0070 04       		.byte	0x4
 344 0071 07       		.byte	0x7
 345 0072 49020000 		.4byte	.LASF8
 346 0076 02       		.uleb128 0x2
 347 0077 08       		.byte	0x8
 348 0078 04       		.byte	0x4
 349 0079 F1020000 		.4byte	.LASF9
 350 007d 02       		.uleb128 0x2
 351 007e 04       		.byte	0x4
 352 007f 07       		.byte	0x7
 353 0080 A6020000 		.4byte	.LASF10
 354 0084 02       		.uleb128 0x2
 355 0085 01       		.byte	0x1
 356 0086 08       		.byte	0x8
 357 0087 BD020000 		.4byte	.LASF11
 358 008b 03       		.uleb128 0x3
 359 008c 7B020000 		.4byte	.LASF13
 360 0090 03       		.byte	0x3
 361 0091 18       		.byte	0x18
 362 0092 2C000000 		.4byte	0x2c
 363 0096 05       		.uleb128 0x5
 364 0097 D6010000 		.4byte	.LASF14
 365 009b 04       		.byte	0x4
 366 009c E901     		.2byte	0x1e9
 367 009e 37000000 		.4byte	0x37
 368 00a2 05       		.uleb128 0x5
 369 00a3 2A020000 		.4byte	.LASF15
 370 00a7 04       		.byte	0x4
 371 00a8 EA01     		.2byte	0x1ea
 372 00aa 45000000 		.4byte	0x45
 373 00ae 02       		.uleb128 0x2
 374 00af 04       		.byte	0x4
 375 00b0 04       		.byte	0x4
 376 00b1 D8000000 		.4byte	.LASF16
 377 00b5 02       		.uleb128 0x2
 378 00b6 08       		.byte	0x8
 379 00b7 04       		.byte	0x4
ARM GAS  C:\Users\nico_\AppData\Local\Temp\ccadluxn.s 			page 10


 380 00b8 FA010000 		.4byte	.LASF17
 381 00bc 06       		.uleb128 0x6
 382 00bd 31020000 		.4byte	.LASF18
 383 00c1 01       		.byte	0x1
 384 00c2 46       		.byte	0x46
 385 00c3 00000000 		.4byte	.LFB4
 386 00c7 0A000000 		.4byte	.LFE4-.LFB4
 387 00cb 01       		.uleb128 0x1
 388 00cc 9C       		.byte	0x9c
 389 00cd E1000000 		.4byte	0xe1
 390 00d1 07       		.uleb128 0x7
 391 00d2 08000000 		.4byte	.LVL0
 392 00d6 B9020000 		.4byte	0x2b9
 393 00da 08       		.uleb128 0x8
 394 00db 01       		.uleb128 0x1
 395 00dc 50       		.byte	0x50
 396 00dd 01       		.uleb128 0x1
 397 00de 30       		.byte	0x30
 398 00df 00       		.byte	0
 399 00e0 00       		.byte	0
 400 00e1 06       		.uleb128 0x6
 401 00e2 83020000 		.4byte	.LASF19
 402 00e6 01       		.byte	0x1
 403 00e7 50       		.byte	0x50
 404 00e8 00000000 		.4byte	.LFB5
 405 00ec 0A000000 		.4byte	.LFE5-.LFB5
 406 00f0 01       		.uleb128 0x1
 407 00f1 9C       		.byte	0x9c
 408 00f2 07010000 		.4byte	0x107
 409 00f6 07       		.uleb128 0x7
 410 00f7 08000000 		.4byte	.LVL1
 411 00fb B9020000 		.4byte	0x2b9
 412 00ff 08       		.uleb128 0x8
 413 0100 01       		.uleb128 0x1
 414 0101 50       		.byte	0x50
 415 0102 02       		.uleb128 0x2
 416 0103 09       		.byte	0x9
 417 0104 FF       		.byte	0xff
 418 0105 00       		.byte	0
 419 0106 00       		.byte	0
 420 0107 06       		.uleb128 0x6
 421 0108 01020000 		.4byte	.LASF20
 422 010c 01       		.byte	0x1
 423 010d 14       		.byte	0x14
 424 010e 00000000 		.4byte	.LFB1
 425 0112 24000000 		.4byte	.LFE1-.LFB1
 426 0116 01       		.uleb128 0x1
 427 0117 9C       		.byte	0x9c
 428 0118 7B010000 		.4byte	0x17b
 429 011c 09       		.uleb128 0x9
 430 011d 08000000 		.4byte	.LVL2
 431 0121 C4020000 		.4byte	0x2c4
 432 0125 2F010000 		.4byte	0x12f
 433 0129 08       		.uleb128 0x8
 434 012a 01       		.uleb128 0x1
 435 012b 50       		.byte	0x50
 436 012c 01       		.uleb128 0x1
ARM GAS  C:\Users\nico_\AppData\Local\Temp\ccadluxn.s 			page 11


 437 012d 34       		.byte	0x34
 438 012e 00       		.byte	0
 439 012f 09       		.uleb128 0x9
 440 0130 0E000000 		.4byte	.LVL3
 441 0134 CF020000 		.4byte	0x2cf
 442 0138 42010000 		.4byte	0x142
 443 013c 08       		.uleb128 0x8
 444 013d 01       		.uleb128 0x1
 445 013e 50       		.byte	0x50
 446 013f 01       		.uleb128 0x1
 447 0140 30       		.byte	0x30
 448 0141 00       		.byte	0
 449 0142 09       		.uleb128 0x9
 450 0143 14000000 		.4byte	.LVL4
 451 0147 DA020000 		.4byte	0x2da
 452 014b 55010000 		.4byte	0x155
 453 014f 08       		.uleb128 0x8
 454 0150 01       		.uleb128 0x1
 455 0151 50       		.byte	0x50
 456 0152 01       		.uleb128 0x1
 457 0153 34       		.byte	0x34
 458 0154 00       		.byte	0
 459 0155 09       		.uleb128 0x9
 460 0156 1A000000 		.4byte	.LVL5
 461 015a B9020000 		.4byte	0x2b9
 462 015e 68010000 		.4byte	0x168
 463 0162 08       		.uleb128 0x8
 464 0163 01       		.uleb128 0x1
 465 0164 50       		.byte	0x50
 466 0165 01       		.uleb128 0x1
 467 0166 30       		.byte	0x30
 468 0167 00       		.byte	0
 469 0168 0A       		.uleb128 0xa
 470 0169 1E000000 		.4byte	.LVL6
 471 016d E5020000 		.4byte	0x2e5
 472 0171 0A       		.uleb128 0xa
 473 0172 22000000 		.4byte	.LVL7
 474 0176 E1000000 		.4byte	0xe1
 475 017a 00       		.byte	0
 476 017b 06       		.uleb128 0x6
 477 017c C8010000 		.4byte	.LASF21
 478 0180 01       		.byte	0x1
 479 0181 29       		.byte	0x29
 480 0182 00000000 		.4byte	.LFB2
 481 0186 16000000 		.4byte	.LFE2-.LFB2
 482 018a 01       		.uleb128 0x1
 483 018b 9C       		.byte	0x9c
 484 018c BF010000 		.4byte	0x1bf
 485 0190 0A       		.uleb128 0xa
 486 0191 06000000 		.4byte	.LVL8
 487 0195 F0020000 		.4byte	0x2f0
 488 0199 09       		.uleb128 0x9
 489 019a 0C000000 		.4byte	.LVL9
 490 019e CF020000 		.4byte	0x2cf
 491 01a2 AC010000 		.4byte	0x1ac
 492 01a6 08       		.uleb128 0x8
 493 01a7 01       		.uleb128 0x1
ARM GAS  C:\Users\nico_\AppData\Local\Temp\ccadluxn.s 			page 12


 494 01a8 50       		.byte	0x50
 495 01a9 01       		.uleb128 0x1
 496 01aa 30       		.byte	0x30
 497 01ab 00       		.byte	0
 498 01ac 0A       		.uleb128 0xa
 499 01ad 10000000 		.4byte	.LVL10
 500 01b1 FB020000 		.4byte	0x2fb
 501 01b5 0A       		.uleb128 0xa
 502 01b6 14000000 		.4byte	.LVL11
 503 01ba E1000000 		.4byte	0xe1
 504 01be 00       		.byte	0
 505 01bf 0B       		.uleb128 0xb
 506 01c0 21020000 		.4byte	.LASF37
 507 01c4 01       		.byte	0x1
 508 01c5 58       		.byte	0x58
 509 01c6 00000000 		.4byte	.LFB6
 510 01ca 58000000 		.4byte	.LFE6-.LFB6
 511 01ce 01       		.uleb128 0x1
 512 01cf 9C       		.byte	0x9c
 513 01d0 1B020000 		.4byte	0x21b
 514 01d4 0C       		.uleb128 0xc
 515 01d5 22000000 		.4byte	.LASF22
 516 01d9 01       		.byte	0x1
 517 01da 58       		.byte	0x58
 518 01db 8B000000 		.4byte	0x8b
 519 01df 00000000 		.4byte	.LLST0
 520 01e3 09       		.uleb128 0x9
 521 01e4 32000000 		.4byte	.LVL18
 522 01e8 CF020000 		.4byte	0x2cf
 523 01ec F6010000 		.4byte	0x1f6
 524 01f0 08       		.uleb128 0x8
 525 01f1 01       		.uleb128 0x1
 526 01f2 50       		.byte	0x50
 527 01f3 01       		.uleb128 0x1
 528 01f4 30       		.byte	0x30
 529 01f5 00       		.byte	0
 530 01f6 09       		.uleb128 0x9
 531 01f7 44000000 		.4byte	.LVL21
 532 01fb CF020000 		.4byte	0x2cf
 533 01ff 0A020000 		.4byte	0x20a
 534 0203 08       		.uleb128 0x8
 535 0204 01       		.uleb128 0x1
 536 0205 50       		.byte	0x50
 537 0206 02       		.uleb128 0x2
 538 0207 09       		.byte	0x9
 539 0208 8C       		.byte	0x8c
 540 0209 00       		.byte	0
 541 020a 07       		.uleb128 0x7
 542 020b 4C000000 		.4byte	.LVL23
 543 020f CF020000 		.4byte	0x2cf
 544 0213 08       		.uleb128 0x8
 545 0214 01       		.uleb128 0x1
 546 0215 50       		.byte	0x50
 547 0216 02       		.uleb128 0x2
 548 0217 75       		.byte	0x75
 549 0218 00       		.sleb128 0
 550 0219 00       		.byte	0
ARM GAS  C:\Users\nico_\AppData\Local\Temp\ccadluxn.s 			page 13


 551 021a 00       		.byte	0
 552 021b 0D       		.uleb128 0xd
 553 021c 56020000 		.4byte	.LASF38
 554 0220 01       		.byte	0x1
 555 0221 71       		.byte	0x71
 556 0222 96000000 		.4byte	0x96
 557 0226 00000000 		.4byte	.LFB7
 558 022a 08000000 		.4byte	.LFE7-.LFB7
 559 022e 01       		.uleb128 0x1
 560 022f 9C       		.byte	0x9c
 561 0230 53020000 		.4byte	0x253
 562 0234 0C       		.uleb128 0xc
 563 0235 E4010000 		.4byte	.LASF23
 564 0239 01       		.byte	0x1
 565 023a 71       		.byte	0x71
 566 023b A2000000 		.4byte	0xa2
 567 023f 3C000000 		.4byte	.LLST1
 568 0243 0E       		.uleb128 0xe
 569 0244 DE000000 		.4byte	.LASF25
 570 0248 01       		.byte	0x1
 571 0249 73       		.byte	0x73
 572 024a 96000000 		.4byte	0x96
 573 024e 5D000000 		.4byte	.LLST2
 574 0252 00       		.byte	0
 575 0253 06       		.uleb128 0x6
 576 0254 3C020000 		.4byte	.LASF24
 577 0258 01       		.byte	0x1
 578 0259 36       		.byte	0x36
 579 025a 00000000 		.4byte	.LFB3
 580 025e 18000000 		.4byte	.LFE3-.LFB3
 581 0262 01       		.uleb128 0x1
 582 0263 9C       		.byte	0x9c
 583 0264 A8020000 		.4byte	0x2a8
 584 0268 0E       		.uleb128 0xe
 585 0269 22000000 		.4byte	.LASF22
 586 026d 01       		.byte	0x1
 587 026e 39       		.byte	0x39
 588 026f 96000000 		.4byte	0x96
 589 0273 78000000 		.4byte	.LLST3
 590 0277 09       		.uleb128 0x9
 591 0278 0A000000 		.4byte	.LVL27
 592 027c 1B020000 		.4byte	0x21b
 593 0280 8C020000 		.4byte	0x28c
 594 0284 08       		.uleb128 0x8
 595 0285 01       		.uleb128 0x1
 596 0286 50       		.byte	0x50
 597 0287 03       		.uleb128 0x3
 598 0288 0A       		.byte	0xa
 599 0289 C409     		.2byte	0x9c4
 600 028b 00       		.byte	0
 601 028c 0A       		.uleb128 0xa
 602 028d 0E000000 		.4byte	.LVL28
 603 0291 CF020000 		.4byte	0x2cf
 604 0295 0A       		.uleb128 0xa
 605 0296 12000000 		.4byte	.LVL29
 606 029a 06030000 		.4byte	0x306
 607 029e 0A       		.uleb128 0xa
ARM GAS  C:\Users\nico_\AppData\Local\Temp\ccadluxn.s 			page 14


 608 029f 16000000 		.4byte	.LVL30
 609 02a3 BC000000 		.4byte	0xbc
 610 02a7 00       		.byte	0
 611 02a8 0F       		.uleb128 0xf
 612 02a9 DC010000 		.4byte	.LASF39
 613 02ad 01       		.byte	0x1
 614 02ae 0E       		.byte	0xe
 615 02af AE000000 		.4byte	0xae
 616 02b3 05       		.uleb128 0x5
 617 02b4 03       		.byte	0x3
 618 02b5 00000000 		.4byte	voltage
 619 02b9 10       		.uleb128 0x10
 620 02ba 00000000 		.4byte	.LASF26
 621 02be 00000000 		.4byte	.LASF26
 622 02c2 05       		.byte	0x5
 623 02c3 37       		.byte	0x37
 624 02c4 10       		.uleb128 0x10
 625 02c5 BC000000 		.4byte	.LASF27
 626 02c9 BC000000 		.4byte	.LASF27
 627 02cd 06       		.byte	0x6
 628 02ce 36       		.byte	0x36
 629 02cf 10       		.uleb128 0x10
 630 02d0 CC020000 		.4byte	.LASF28
 631 02d4 CC020000 		.4byte	.LASF28
 632 02d8 06       		.byte	0x6
 633 02d9 37       		.byte	0x37
 634 02da 10       		.uleb128 0x10
 635 02db 86010000 		.4byte	.LASF29
 636 02df 86010000 		.4byte	.LASF29
 637 02e3 05       		.byte	0x5
 638 02e4 36       		.byte	0x36
 639 02e5 10       		.uleb128 0x10
 640 02e6 0C020000 		.4byte	.LASF30
 641 02ea 0C020000 		.4byte	.LASF30
 642 02ee 05       		.byte	0x5
 643 02ef 33       		.byte	0x33
 644 02f0 10       		.uleb128 0x10
 645 02f1 9E010000 		.4byte	.LASF31
 646 02f5 9E010000 		.4byte	.LASF31
 647 02f9 06       		.byte	0x6
 648 02fa 34       		.byte	0x34
 649 02fb 10       		.uleb128 0x10
 650 02fc 09030000 		.4byte	.LASF32
 651 0300 09030000 		.4byte	.LASF32
 652 0304 07       		.byte	0x7
 653 0305 3F       		.byte	0x3f
 654 0306 10       		.uleb128 0x10
 655 0307 8D020000 		.4byte	.LASF33
 656 030b 8D020000 		.4byte	.LASF33
 657 030f 06       		.byte	0x6
 658 0310 33       		.byte	0x33
 659 0311 00       		.byte	0
 660              		.section	.debug_abbrev,"",%progbits
 661              	.Ldebug_abbrev0:
 662 0000 01       		.uleb128 0x1
 663 0001 11       		.uleb128 0x11
 664 0002 01       		.byte	0x1
ARM GAS  C:\Users\nico_\AppData\Local\Temp\ccadluxn.s 			page 15


 665 0003 25       		.uleb128 0x25
 666 0004 0E       		.uleb128 0xe
 667 0005 13       		.uleb128 0x13
 668 0006 0B       		.uleb128 0xb
 669 0007 03       		.uleb128 0x3
 670 0008 0E       		.uleb128 0xe
 671 0009 1B       		.uleb128 0x1b
 672 000a 0E       		.uleb128 0xe
 673 000b 55       		.uleb128 0x55
 674 000c 17       		.uleb128 0x17
 675 000d 11       		.uleb128 0x11
 676 000e 01       		.uleb128 0x1
 677 000f 10       		.uleb128 0x10
 678 0010 17       		.uleb128 0x17
 679 0011 00       		.byte	0
 680 0012 00       		.byte	0
 681 0013 02       		.uleb128 0x2
 682 0014 24       		.uleb128 0x24
 683 0015 00       		.byte	0
 684 0016 0B       		.uleb128 0xb
 685 0017 0B       		.uleb128 0xb
 686 0018 3E       		.uleb128 0x3e
 687 0019 0B       		.uleb128 0xb
 688 001a 03       		.uleb128 0x3
 689 001b 0E       		.uleb128 0xe
 690 001c 00       		.byte	0
 691 001d 00       		.byte	0
 692 001e 03       		.uleb128 0x3
 693 001f 16       		.uleb128 0x16
 694 0020 00       		.byte	0
 695 0021 03       		.uleb128 0x3
 696 0022 0E       		.uleb128 0xe
 697 0023 3A       		.uleb128 0x3a
 698 0024 0B       		.uleb128 0xb
 699 0025 3B       		.uleb128 0x3b
 700 0026 0B       		.uleb128 0xb
 701 0027 49       		.uleb128 0x49
 702 0028 13       		.uleb128 0x13
 703 0029 00       		.byte	0
 704 002a 00       		.byte	0
 705 002b 04       		.uleb128 0x4
 706 002c 24       		.uleb128 0x24
 707 002d 00       		.byte	0
 708 002e 0B       		.uleb128 0xb
 709 002f 0B       		.uleb128 0xb
 710 0030 3E       		.uleb128 0x3e
 711 0031 0B       		.uleb128 0xb
 712 0032 03       		.uleb128 0x3
 713 0033 08       		.uleb128 0x8
 714 0034 00       		.byte	0
 715 0035 00       		.byte	0
 716 0036 05       		.uleb128 0x5
 717 0037 16       		.uleb128 0x16
 718 0038 00       		.byte	0
 719 0039 03       		.uleb128 0x3
 720 003a 0E       		.uleb128 0xe
 721 003b 3A       		.uleb128 0x3a
ARM GAS  C:\Users\nico_\AppData\Local\Temp\ccadluxn.s 			page 16


 722 003c 0B       		.uleb128 0xb
 723 003d 3B       		.uleb128 0x3b
 724 003e 05       		.uleb128 0x5
 725 003f 49       		.uleb128 0x49
 726 0040 13       		.uleb128 0x13
 727 0041 00       		.byte	0
 728 0042 00       		.byte	0
 729 0043 06       		.uleb128 0x6
 730 0044 2E       		.uleb128 0x2e
 731 0045 01       		.byte	0x1
 732 0046 3F       		.uleb128 0x3f
 733 0047 19       		.uleb128 0x19
 734 0048 03       		.uleb128 0x3
 735 0049 0E       		.uleb128 0xe
 736 004a 3A       		.uleb128 0x3a
 737 004b 0B       		.uleb128 0xb
 738 004c 3B       		.uleb128 0x3b
 739 004d 0B       		.uleb128 0xb
 740 004e 11       		.uleb128 0x11
 741 004f 01       		.uleb128 0x1
 742 0050 12       		.uleb128 0x12
 743 0051 06       		.uleb128 0x6
 744 0052 40       		.uleb128 0x40
 745 0053 18       		.uleb128 0x18
 746 0054 9742     		.uleb128 0x2117
 747 0056 19       		.uleb128 0x19
 748 0057 01       		.uleb128 0x1
 749 0058 13       		.uleb128 0x13
 750 0059 00       		.byte	0
 751 005a 00       		.byte	0
 752 005b 07       		.uleb128 0x7
 753 005c 898201   		.uleb128 0x4109
 754 005f 01       		.byte	0x1
 755 0060 11       		.uleb128 0x11
 756 0061 01       		.uleb128 0x1
 757 0062 31       		.uleb128 0x31
 758 0063 13       		.uleb128 0x13
 759 0064 00       		.byte	0
 760 0065 00       		.byte	0
 761 0066 08       		.uleb128 0x8
 762 0067 8A8201   		.uleb128 0x410a
 763 006a 00       		.byte	0
 764 006b 02       		.uleb128 0x2
 765 006c 18       		.uleb128 0x18
 766 006d 9142     		.uleb128 0x2111
 767 006f 18       		.uleb128 0x18
 768 0070 00       		.byte	0
 769 0071 00       		.byte	0
 770 0072 09       		.uleb128 0x9
 771 0073 898201   		.uleb128 0x4109
 772 0076 01       		.byte	0x1
 773 0077 11       		.uleb128 0x11
 774 0078 01       		.uleb128 0x1
 775 0079 31       		.uleb128 0x31
 776 007a 13       		.uleb128 0x13
 777 007b 01       		.uleb128 0x1
 778 007c 13       		.uleb128 0x13
ARM GAS  C:\Users\nico_\AppData\Local\Temp\ccadluxn.s 			page 17


 779 007d 00       		.byte	0
 780 007e 00       		.byte	0
 781 007f 0A       		.uleb128 0xa
 782 0080 898201   		.uleb128 0x4109
 783 0083 00       		.byte	0
 784 0084 11       		.uleb128 0x11
 785 0085 01       		.uleb128 0x1
 786 0086 31       		.uleb128 0x31
 787 0087 13       		.uleb128 0x13
 788 0088 00       		.byte	0
 789 0089 00       		.byte	0
 790 008a 0B       		.uleb128 0xb
 791 008b 2E       		.uleb128 0x2e
 792 008c 01       		.byte	0x1
 793 008d 3F       		.uleb128 0x3f
 794 008e 19       		.uleb128 0x19
 795 008f 03       		.uleb128 0x3
 796 0090 0E       		.uleb128 0xe
 797 0091 3A       		.uleb128 0x3a
 798 0092 0B       		.uleb128 0xb
 799 0093 3B       		.uleb128 0x3b
 800 0094 0B       		.uleb128 0xb
 801 0095 27       		.uleb128 0x27
 802 0096 19       		.uleb128 0x19
 803 0097 11       		.uleb128 0x11
 804 0098 01       		.uleb128 0x1
 805 0099 12       		.uleb128 0x12
 806 009a 06       		.uleb128 0x6
 807 009b 40       		.uleb128 0x40
 808 009c 18       		.uleb128 0x18
 809 009d 9642     		.uleb128 0x2116
 810 009f 19       		.uleb128 0x19
 811 00a0 01       		.uleb128 0x1
 812 00a1 13       		.uleb128 0x13
 813 00a2 00       		.byte	0
 814 00a3 00       		.byte	0
 815 00a4 0C       		.uleb128 0xc
 816 00a5 05       		.uleb128 0x5
 817 00a6 00       		.byte	0
 818 00a7 03       		.uleb128 0x3
 819 00a8 0E       		.uleb128 0xe
 820 00a9 3A       		.uleb128 0x3a
 821 00aa 0B       		.uleb128 0xb
 822 00ab 3B       		.uleb128 0x3b
 823 00ac 0B       		.uleb128 0xb
 824 00ad 49       		.uleb128 0x49
 825 00ae 13       		.uleb128 0x13
 826 00af 02       		.uleb128 0x2
 827 00b0 17       		.uleb128 0x17
 828 00b1 00       		.byte	0
 829 00b2 00       		.byte	0
 830 00b3 0D       		.uleb128 0xd
 831 00b4 2E       		.uleb128 0x2e
 832 00b5 01       		.byte	0x1
 833 00b6 3F       		.uleb128 0x3f
 834 00b7 19       		.uleb128 0x19
 835 00b8 03       		.uleb128 0x3
ARM GAS  C:\Users\nico_\AppData\Local\Temp\ccadluxn.s 			page 18


 836 00b9 0E       		.uleb128 0xe
 837 00ba 3A       		.uleb128 0x3a
 838 00bb 0B       		.uleb128 0xb
 839 00bc 3B       		.uleb128 0x3b
 840 00bd 0B       		.uleb128 0xb
 841 00be 27       		.uleb128 0x27
 842 00bf 19       		.uleb128 0x19
 843 00c0 49       		.uleb128 0x49
 844 00c1 13       		.uleb128 0x13
 845 00c2 11       		.uleb128 0x11
 846 00c3 01       		.uleb128 0x1
 847 00c4 12       		.uleb128 0x12
 848 00c5 06       		.uleb128 0x6
 849 00c6 40       		.uleb128 0x40
 850 00c7 18       		.uleb128 0x18
 851 00c8 9742     		.uleb128 0x2117
 852 00ca 19       		.uleb128 0x19
 853 00cb 01       		.uleb128 0x1
 854 00cc 13       		.uleb128 0x13
 855 00cd 00       		.byte	0
 856 00ce 00       		.byte	0
 857 00cf 0E       		.uleb128 0xe
 858 00d0 34       		.uleb128 0x34
 859 00d1 00       		.byte	0
 860 00d2 03       		.uleb128 0x3
 861 00d3 0E       		.uleb128 0xe
 862 00d4 3A       		.uleb128 0x3a
 863 00d5 0B       		.uleb128 0xb
 864 00d6 3B       		.uleb128 0x3b
 865 00d7 0B       		.uleb128 0xb
 866 00d8 49       		.uleb128 0x49
 867 00d9 13       		.uleb128 0x13
 868 00da 02       		.uleb128 0x2
 869 00db 17       		.uleb128 0x17
 870 00dc 00       		.byte	0
 871 00dd 00       		.byte	0
 872 00de 0F       		.uleb128 0xf
 873 00df 34       		.uleb128 0x34
 874 00e0 00       		.byte	0
 875 00e1 03       		.uleb128 0x3
 876 00e2 0E       		.uleb128 0xe
 877 00e3 3A       		.uleb128 0x3a
 878 00e4 0B       		.uleb128 0xb
 879 00e5 3B       		.uleb128 0x3b
 880 00e6 0B       		.uleb128 0xb
 881 00e7 49       		.uleb128 0x49
 882 00e8 13       		.uleb128 0x13
 883 00e9 3F       		.uleb128 0x3f
 884 00ea 19       		.uleb128 0x19
 885 00eb 02       		.uleb128 0x2
 886 00ec 18       		.uleb128 0x18
 887 00ed 00       		.byte	0
 888 00ee 00       		.byte	0
 889 00ef 10       		.uleb128 0x10
 890 00f0 2E       		.uleb128 0x2e
 891 00f1 00       		.byte	0
 892 00f2 3F       		.uleb128 0x3f
ARM GAS  C:\Users\nico_\AppData\Local\Temp\ccadluxn.s 			page 19


 893 00f3 19       		.uleb128 0x19
 894 00f4 3C       		.uleb128 0x3c
 895 00f5 19       		.uleb128 0x19
 896 00f6 6E       		.uleb128 0x6e
 897 00f7 0E       		.uleb128 0xe
 898 00f8 03       		.uleb128 0x3
 899 00f9 0E       		.uleb128 0xe
 900 00fa 3A       		.uleb128 0x3a
 901 00fb 0B       		.uleb128 0xb
 902 00fc 3B       		.uleb128 0x3b
 903 00fd 0B       		.uleb128 0xb
 904 00fe 00       		.byte	0
 905 00ff 00       		.byte	0
 906 0100 00       		.byte	0
 907              		.section	.debug_loc,"",%progbits
 908              	.Ldebug_loc0:
 909              	.LLST0:
 910 0000 00000000 		.4byte	.LVL12
 911 0004 07000000 		.4byte	.LVL13-1
 912 0008 0100     		.2byte	0x1
 913 000a 50       		.byte	0x50
 914 000b 07000000 		.4byte	.LVL13-1
 915 000f 3E000000 		.4byte	.LVL20
 916 0013 0400     		.2byte	0x4
 917 0015 F3       		.byte	0xf3
 918 0016 01       		.uleb128 0x1
 919 0017 50       		.byte	0x50
 920 0018 9F       		.byte	0x9f
 921 0019 3E000000 		.4byte	.LVL20
 922 001d 46000000 		.4byte	.LVL22
 923 0021 0300     		.2byte	0x3
 924 0023 09       		.byte	0x9
 925 0024 8C       		.byte	0x8c
 926 0025 9F       		.byte	0x9f
 927 0026 46000000 		.4byte	.LVL22
 928 002a 58000000 		.4byte	.LFE6
 929 002e 0400     		.2byte	0x4
 930 0030 F3       		.byte	0xf3
 931 0031 01       		.uleb128 0x1
 932 0032 50       		.byte	0x50
 933 0033 9F       		.byte	0x9f
 934 0034 00000000 		.4byte	0
 935 0038 00000000 		.4byte	0
 936              	.LLST1:
 937 003c 00000000 		.4byte	.LVL24
 938 0040 02000000 		.4byte	.LVL25
 939 0044 0100     		.2byte	0x1
 940 0046 50       		.byte	0x50
 941 0047 02000000 		.4byte	.LVL25
 942 004b 08000000 		.4byte	.LFE7
 943 004f 0400     		.2byte	0x4
 944 0051 F3       		.byte	0xf3
 945 0052 01       		.uleb128 0x1
 946 0053 50       		.byte	0x50
 947 0054 9F       		.byte	0x9f
 948 0055 00000000 		.4byte	0
 949 0059 00000000 		.4byte	0
ARM GAS  C:\Users\nico_\AppData\Local\Temp\ccadluxn.s 			page 20


 950              	.LLST2:
 951 005d 02000000 		.4byte	.LVL25
 952 0061 06000000 		.4byte	.LVL26
 953 0065 0900     		.2byte	0x9
 954 0067 70       		.byte	0x70
 955 0068 00       		.sleb128 0
 956 0069 09       		.byte	0x9
 957 006a EF       		.byte	0xef
 958 006b 24       		.byte	0x24
 959 006c 09       		.byte	0x9
 960 006d FC       		.byte	0xfc
 961 006e 25       		.byte	0x25
 962 006f 9F       		.byte	0x9f
 963 0070 00000000 		.4byte	0
 964 0074 00000000 		.4byte	0
 965              	.LLST3:
 966 0078 0A000000 		.4byte	.LVL27
 967 007c 0D000000 		.4byte	.LVL28-1
 968 0080 0100     		.2byte	0x1
 969 0082 50       		.byte	0x50
 970 0083 00000000 		.4byte	0
 971 0087 00000000 		.4byte	0
 972              		.section	.debug_aranges,"",%progbits
 973 0000 4C000000 		.4byte	0x4c
 974 0004 0200     		.2byte	0x2
 975 0006 00000000 		.4byte	.Ldebug_info0
 976 000a 04       		.byte	0x4
 977 000b 00       		.byte	0
 978 000c 0000     		.2byte	0
 979 000e 0000     		.2byte	0
 980 0010 00000000 		.4byte	.LFB4
 981 0014 0A000000 		.4byte	.LFE4-.LFB4
 982 0018 00000000 		.4byte	.LFB5
 983 001c 0A000000 		.4byte	.LFE5-.LFB5
 984 0020 00000000 		.4byte	.LFB1
 985 0024 24000000 		.4byte	.LFE1-.LFB1
 986 0028 00000000 		.4byte	.LFB2
 987 002c 16000000 		.4byte	.LFE2-.LFB2
 988 0030 00000000 		.4byte	.LFB6
 989 0034 58000000 		.4byte	.LFE6-.LFB6
 990 0038 00000000 		.4byte	.LFB7
 991 003c 08000000 		.4byte	.LFE7-.LFB7
 992 0040 00000000 		.4byte	.LFB3
 993 0044 18000000 		.4byte	.LFE3-.LFB3
 994 0048 00000000 		.4byte	0
 995 004c 00000000 		.4byte	0
 996              		.section	.debug_ranges,"",%progbits
 997              	.Ldebug_ranges0:
 998 0000 00000000 		.4byte	.LFB4
 999 0004 0A000000 		.4byte	.LFE4
 1000 0008 00000000 		.4byte	.LFB5
 1001 000c 0A000000 		.4byte	.LFE5
 1002 0010 00000000 		.4byte	.LFB1
 1003 0014 24000000 		.4byte	.LFE1
 1004 0018 00000000 		.4byte	.LFB2
 1005 001c 16000000 		.4byte	.LFE2
 1006 0020 00000000 		.4byte	.LFB6
ARM GAS  C:\Users\nico_\AppData\Local\Temp\ccadluxn.s 			page 21


 1007 0024 58000000 		.4byte	.LFE6
 1008 0028 00000000 		.4byte	.LFB7
 1009 002c 08000000 		.4byte	.LFE7
 1010 0030 00000000 		.4byte	.LFB3
 1011 0034 18000000 		.4byte	.LFE3
 1012 0038 00000000 		.4byte	0
 1013 003c 00000000 		.4byte	0
 1014              		.section	.debug_line,"",%progbits
 1015              	.Ldebug_line0:
 1016 0000 0F020000 		.section	.debug_str,"MS",%progbits,1
 1016      02008401 
 1016      00000201 
 1016      FB0E0D00 
 1016      01010101 
 1017              	.LASF26:
 1018 0000 56444143 		.ascii	"VDAC8_Enabling_SetValue\000"
 1018      385F456E 
 1018      61626C69 
 1018      6E675F53 
 1018      65745661 
 1019              	.LASF12:
 1020 0018 5F5F7569 		.ascii	"__uint8_t\000"
 1020      6E74385F 
 1020      7400
 1021              	.LASF22:
 1022 0022 73706565 		.ascii	"speed\000"
 1022      6400
 1023              	.LASF3:
 1024 0028 73686F72 		.ascii	"short unsigned int\000"
 1024      7420756E 
 1024      7369676E 
 1024      65642069 
 1024      6E7400
 1025              	.LASF36:
 1026 003b 433A5C55 		.ascii	"C:\\Users\\nico_\\Sundhedsteknologi\\7. Semester\\B"
 1026      73657273 
 1026      5C6E6963 
 1026      6F5F5C53 
 1026      756E6468 
 1027 0069 61636865 		.ascii	"achelor\\BachelorProject\\Full system\\Microcontrol"
 1027      6C6F725C 
 1027      42616368 
 1027      656C6F72 
 1027      50726F6A 
 1028 0099 6C65725F 		.ascii	"ler_coolingsystem.cydsn\000"
 1028      636F6F6C 
 1028      696E6773 
 1028      79737465 
 1028      6D2E6379 
 1029              	.LASF35:
 1030 00b1 50756D70 		.ascii	"PumpCtrl.c\000"
 1030      4374726C 
 1030      2E6300
 1031              	.LASF27:
 1032 00bc 56444143 		.ascii	"VDAC8_SpeedControl_SetRange\000"
 1032      385F5370 
 1032      65656443 
ARM GAS  C:\Users\nico_\AppData\Local\Temp\ccadluxn.s 			page 22


 1032      6F6E7472 
 1032      6F6C5F53 
 1033              	.LASF16:
 1034 00d8 666C6F61 		.ascii	"float\000"
 1034      7400
 1035              	.LASF25:
 1036 00de 636F6E73 		.ascii	"const_speed\000"
 1036      745F7370 
 1036      65656400 
 1037              	.LASF1:
 1038 00ea 756E7369 		.ascii	"unsigned char\000"
 1038      676E6564 
 1038      20636861 
 1038      7200
 1039              	.LASF34:
 1040 00f8 474E5520 		.ascii	"GNU C11 5.4.1 20160609 (release) [ARM/embedded-5-br"
 1040      43313120 
 1040      352E342E 
 1040      31203230 
 1040      31363036 
 1041 012b 616E6368 		.ascii	"anch revision 237715] -mcpu=cortex-m3 -mthumb -g -O"
 1041      20726576 
 1041      6973696F 
 1041      6E203233 
 1041      37373135 
 1042 015e 67202D66 		.ascii	"g -ffunction-sections -ffat-lto-objects\000"
 1042      66756E63 
 1042      74696F6E 
 1042      2D736563 
 1042      74696F6E 
 1043              	.LASF29:
 1044 0186 56444143 		.ascii	"VDAC8_Enabling_SetRange\000"
 1044      385F456E 
 1044      61626C69 
 1044      6E675F53 
 1044      65745261 
 1045              	.LASF31:
 1046 019e 56444143 		.ascii	"VDAC8_SpeedControl_Stop\000"
 1046      385F5370 
 1046      65656443 
 1046      6F6E7472 
 1046      6F6C5F53 
 1047              	.LASF5:
 1048 01b6 6C6F6E67 		.ascii	"long unsigned int\000"
 1048      20756E73 
 1048      69676E65 
 1048      6420696E 
 1048      7400
 1049              	.LASF21:
 1050 01c8 50756D70 		.ascii	"Pump_Shutdown\000"
 1050      5F536875 
 1050      74646F77 
 1050      6E00
 1051              	.LASF14:
 1052 01d6 75696E74 		.ascii	"uint8\000"
 1052      3800
 1053              	.LASF39:
ARM GAS  C:\Users\nico_\AppData\Local\Temp\ccadluxn.s 			page 23


 1054 01dc 766F6C74 		.ascii	"voltage\000"
 1054      61676500 
 1055              	.LASF23:
 1056 01e4 73706565 		.ascii	"speed_control_voltage\000"
 1056      645F636F 
 1056      6E74726F 
 1056      6C5F766F 
 1056      6C746167 
 1057              	.LASF17:
 1058 01fa 646F7562 		.ascii	"double\000"
 1058      6C6500
 1059              	.LASF20:
 1060 0201 50756D70 		.ascii	"Pump_Setup\000"
 1060      5F536574 
 1060      757000
 1061              	.LASF30:
 1062 020c 56444143 		.ascii	"VDAC8_Enabling_Start\000"
 1062      385F456E 
 1062      61626C69 
 1062      6E675F53 
 1062      74617274 
 1063              	.LASF37:
 1064 0221 53657453 		.ascii	"SetSpeed\000"
 1064      70656564 
 1064      00
 1065              	.LASF15:
 1066 022a 75696E74 		.ascii	"uint16\000"
 1066      313600
 1067              	.LASF18:
 1068 0231 50756D70 		.ascii	"Pump_Start\000"
 1068      5F537461 
 1068      727400
 1069              	.LASF24:
 1070 023c 50756D70 		.ascii	"Pump_Startup\000"
 1070      5F537461 
 1070      72747570 
 1070      00
 1071              	.LASF8:
 1072 0249 756E7369 		.ascii	"unsigned int\000"
 1072      676E6564 
 1072      20696E74 
 1072      00
 1073              	.LASF38:
 1074 0256 53657443 		.ascii	"SetConstSpeed\000"
 1074      6F6E7374 
 1074      53706565 
 1074      6400
 1075              	.LASF7:
 1076 0264 6C6F6E67 		.ascii	"long long unsigned int\000"
 1076      206C6F6E 
 1076      6720756E 
 1076      7369676E 
 1076      65642069 
 1077              	.LASF13:
 1078 027b 75696E74 		.ascii	"uint8_t\000"
 1078      385F7400 
 1079              	.LASF19:
ARM GAS  C:\Users\nico_\AppData\Local\Temp\ccadluxn.s 			page 24


 1080 0283 50756D70 		.ascii	"Pump_Stop\000"
 1080      5F53746F 
 1080      7000
 1081              	.LASF33:
 1082 028d 56444143 		.ascii	"VDAC8_SpeedControl_Start\000"
 1082      385F5370 
 1082      65656443 
 1082      6F6E7472 
 1082      6F6C5F53 
 1083              	.LASF10:
 1084 02a6 73697A65 		.ascii	"sizetype\000"
 1084      74797065 
 1084      00
 1085              	.LASF6:
 1086 02af 6C6F6E67 		.ascii	"long long int\000"
 1086      206C6F6E 
 1086      6720696E 
 1086      7400
 1087              	.LASF11:
 1088 02bd 63686172 		.ascii	"char\000"
 1088      00
 1089              	.LASF2:
 1090 02c2 73686F72 		.ascii	"short int\000"
 1090      7420696E 
 1090      7400
 1091              	.LASF28:
 1092 02cc 56444143 		.ascii	"VDAC8_SpeedControl_SetValue\000"
 1092      385F5370 
 1092      65656443 
 1092      6F6E7472 
 1092      6F6C5F53 
 1093              	.LASF4:
 1094 02e8 6C6F6E67 		.ascii	"long int\000"
 1094      20696E74 
 1094      00
 1095              	.LASF9:
 1096 02f1 6C6F6E67 		.ascii	"long double\000"
 1096      20646F75 
 1096      626C6500 
 1097              	.LASF0:
 1098 02fd 7369676E 		.ascii	"signed char\000"
 1098      65642063 
 1098      68617200 
 1099              	.LASF32:
 1100 0309 5047415F 		.ascii	"PGA_SpeedControl_Stop\000"
 1100      53706565 
 1100      64436F6E 
 1100      74726F6C 
 1100      5F53746F 
 1101              		.ident	"GCC: (GNU Tools for ARM Embedded Processors) 5.4.1 20160609 (release) [ARM/embedded-5-bran
