ARM GAS  C:\Users\nico_\AppData\Local\Temp\cc97oPB2.s 			page 1


   1              		.syntax unified
   2              		.cpu cortex-m3
   3              		.fpu softvfp
   4              		.eabi_attribute 20, 1
   5              		.eabi_attribute 21, 1
   6              		.eabi_attribute 23, 3
   7              		.eabi_attribute 24, 1
   8              		.eabi_attribute 25, 1
   9              		.eabi_attribute 26, 1
  10              		.eabi_attribute 30, 1
  11              		.eabi_attribute 34, 1
  12              		.eabi_attribute 18, 4
  13              		.thumb
  14              		.syntax unified
  15              		.file	"switch.c"
  16              		.text
  17              	.Ltext0:
  18              		.cfi_sections	.debug_frame
  19              		.section	.text.switch_newState,"ax",%progbits
  20              		.align	2
  21              		.global	switch_newState
  22              		.thumb
  23              		.thumb_func
  24              		.type	switch_newState, %function
  25              	switch_newState:
  26              	.LFB3:
  27              		.file 1 "switch.c"
   1:switch.c      **** /* ========================================
   2:switch.c      ****  *
   3:switch.c      ****  * Copyright YOUR COMPANY, THE YEAR
   4:switch.c      ****  * All Rights Reserved
   5:switch.c      ****  * UNPUBLISHED, LICENSED SOFTWARE.
   6:switch.c      ****  *
   7:switch.c      ****  * CONFIDENTIAL AND PROPRIETARY INFORMATION
   8:switch.c      ****  * WHICH IS THE PROPERTY OF your company.
   9:switch.c      ****  *
  10:switch.c      ****  * ========================================
  11:switch.c      **** */
  12:switch.c      **** 
  13:switch.c      **** #include "switch.h"
  14:switch.c      **** #include "UART_1.h"
  15:switch.c      **** 
  16:switch.c      **** uint8 switch_state;
  17:switch.c      **** uint8 switch_counter;
  18:switch.c      **** /*Setup interrupt handler*/
  19:switch.c      **** CY_ISR_PROTO(switch_newState);
  20:switch.c      **** 
  21:switch.c      **** /* Declared functions for Switch class*/
  22:switch.c      **** CY_ISR(switch_newState);
  23:switch.c      **** 
  24:switch.c      **** /* Do inital setup of interrupt and internal state*/
  25:switch.c      **** void Switch_Setup()
  26:switch.c      **** {
  27:switch.c      ****     switch_counter = 0;
  28:switch.c      ****     Switch_Startup();
  29:switch.c      ****     
  30:switch.c      ****     //Enable the interrupt on the switch.
ARM GAS  C:\Users\nico_\AppData\Local\Temp\cc97oPB2.s 			page 2


  31:switch.c      ****     switch_input_interrupt_StartEx(switch_newState);
  32:switch.c      **** }
  33:switch.c      **** 
  34:switch.c      **** /*Controlled shutdown on switch, shutoff the input power for the switch disabling it*/
  35:switch.c      **** void Switch_Shutdown()
  36:switch.c      **** {
  37:switch.c      ****     Switch_output_Write(0);
  38:switch.c      **** }
  39:switch.c      **** 
  40:switch.c      **** /*Startup of the switch. Enable the input power enabling the switch*/
  41:switch.c      **** void Switch_Startup()
  42:switch.c      **** {
  43:switch.c      ****     //Set High input to the switch priming it.
  44:switch.c      ****     Switch_output_Write(255);
  45:switch.c      **** }
  46:switch.c      **** 
  47:switch.c      **** /*Interrupt handler for the switch interrupt*/
  48:switch.c      **** CY_ISR(switch_newState)
  49:switch.c      **** {
  28              		.loc 1 49 0
  29              		.cfi_startproc
  30              		@ args = 0, pretend = 0, frame = 0
  31              		@ frame_needed = 0, uses_anonymous_args = 0
  32 0000 08B5     		push	{r3, lr}
  33              		.cfi_def_cfa_offset 8
  34              		.cfi_offset 3, -8
  35              		.cfi_offset 14, -4
  50:switch.c      ****     //Reads the state on the input pin on the PSOC recieving signal for the switch
  51:switch.c      ****     //If the signal is high, Read() output 1, if low it outputs 0.
  52:switch.c      ****     switch_state = Switch_input_Read();
  36              		.loc 1 52 0
  37 0002 FFF7FEFF 		bl	Switch_input_Read
  38              	.LVL0:
  39 0006 0C4B     		ldr	r3, .L5
  40 0008 1870     		strb	r0, [r3]
  53:switch.c      ****     
  54:switch.c      ****     if(switch_counter)
  41              		.loc 1 54 0
  42 000a 0C4B     		ldr	r3, .L5+4
  43 000c 1B78     		ldrb	r3, [r3]	@ zero_extendqisi2
  44 000e 4BB1     		cbz	r3, .L2
  55:switch.c      ****     {
  56:switch.c      ****         UART_1_PutString("Switch has been triggered \r\n");
  45              		.loc 1 56 0
  46 0010 0B48     		ldr	r0, .L5+8
  47 0012 FFF7FEFF 		bl	UART_1_PutString
  48              	.LVL1:
  57:switch.c      ****         /*Clears interrupts and enable detection of future interrupts*/
  58:switch.c      ****         Switch_input_ClearInterrupt();
  49              		.loc 1 58 0
  50 0016 FFF7FEFF 		bl	Switch_input_ClearInterrupt
  51              	.LVL2:
  59:switch.c      **** 
  60:switch.c      **** 
  61:switch.c      ****         //Call system controller that new state is triggered.
  62:switch.c      ****         //Take switch state as parameter that the controller can use
  63:switch.c      ****         //To determine it's actions.
ARM GAS  C:\Users\nico_\AppData\Local\Temp\cc97oPB2.s 			page 3


  64:switch.c      ****         System_newState(switch_state);
  52              		.loc 1 64 0
  53 001a 074B     		ldr	r3, .L5
  54 001c 1878     		ldrb	r0, [r3]	@ zero_extendqisi2
  55 001e FFF7FEFF 		bl	System_newState
  56              	.LVL3:
  57 0022 08BD     		pop	{r3, pc}
  58              	.L2:
  65:switch.c      ****         
  66:switch.c      ****     }else
  67:switch.c      ****     {
  68:switch.c      ****         //Some internal stuff makes the interrupt trigger even without any wires connected.
  69:switch.c      ****         //This little code snippets just ignores the first interrupt after every POR (Power or Rese
  70:switch.c      ****         UART_1_PutString("Switch faulty output has been triggered \r\n");
  59              		.loc 1 70 0
  60 0024 0748     		ldr	r0, .L5+12
  61 0026 FFF7FEFF 		bl	UART_1_PutString
  62              	.LVL4:
  71:switch.c      ****         switch_counter = 1; 
  63              		.loc 1 71 0
  64 002a 0122     		movs	r2, #1
  65 002c 034B     		ldr	r3, .L5+4
  66 002e 1A70     		strb	r2, [r3]
  72:switch.c      ****         Switch_input_ClearInterrupt();
  67              		.loc 1 72 0
  68 0030 FFF7FEFF 		bl	Switch_input_ClearInterrupt
  69              	.LVL5:
  70 0034 08BD     		pop	{r3, pc}
  71              	.L6:
  72 0036 00BF     		.align	2
  73              	.L5:
  74 0038 00000000 		.word	switch_state
  75 003c 00000000 		.word	switch_counter
  76 0040 00000000 		.word	.LC0
  77 0044 20000000 		.word	.LC1
  78              		.cfi_endproc
  79              	.LFE3:
  80              		.size	switch_newState, .-switch_newState
  81              		.section	.text.Switch_Shutdown,"ax",%progbits
  82              		.align	2
  83              		.global	Switch_Shutdown
  84              		.thumb
  85              		.thumb_func
  86              		.type	Switch_Shutdown, %function
  87              	Switch_Shutdown:
  88              	.LFB1:
  36:switch.c      ****     Switch_output_Write(0);
  89              		.loc 1 36 0
  90              		.cfi_startproc
  91              		@ args = 0, pretend = 0, frame = 0
  92              		@ frame_needed = 0, uses_anonymous_args = 0
  93 0000 08B5     		push	{r3, lr}
  94              		.cfi_def_cfa_offset 8
  95              		.cfi_offset 3, -8
  96              		.cfi_offset 14, -4
  37:switch.c      **** }
  97              		.loc 1 37 0
ARM GAS  C:\Users\nico_\AppData\Local\Temp\cc97oPB2.s 			page 4


  98 0002 0020     		movs	r0, #0
  99 0004 FFF7FEFF 		bl	Switch_output_Write
 100              	.LVL6:
 101 0008 08BD     		pop	{r3, pc}
 102              		.cfi_endproc
 103              	.LFE1:
 104              		.size	Switch_Shutdown, .-Switch_Shutdown
 105 000a 00BF     		.section	.text.Switch_Startup,"ax",%progbits
 106              		.align	2
 107              		.global	Switch_Startup
 108              		.thumb
 109              		.thumb_func
 110              		.type	Switch_Startup, %function
 111              	Switch_Startup:
 112              	.LFB2:
  42:switch.c      ****     //Set High input to the switch priming it.
 113              		.loc 1 42 0
 114              		.cfi_startproc
 115              		@ args = 0, pretend = 0, frame = 0
 116              		@ frame_needed = 0, uses_anonymous_args = 0
 117 0000 08B5     		push	{r3, lr}
 118              		.cfi_def_cfa_offset 8
 119              		.cfi_offset 3, -8
 120              		.cfi_offset 14, -4
  44:switch.c      **** }
 121              		.loc 1 44 0
 122 0002 FF20     		movs	r0, #255
 123 0004 FFF7FEFF 		bl	Switch_output_Write
 124              	.LVL7:
 125 0008 08BD     		pop	{r3, pc}
 126              		.cfi_endproc
 127              	.LFE2:
 128              		.size	Switch_Startup, .-Switch_Startup
 129 000a 00BF     		.section	.text.Switch_Setup,"ax",%progbits
 130              		.align	2
 131              		.global	Switch_Setup
 132              		.thumb
 133              		.thumb_func
 134              		.type	Switch_Setup, %function
 135              	Switch_Setup:
 136              	.LFB0:
  26:switch.c      ****     switch_counter = 0;
 137              		.loc 1 26 0
 138              		.cfi_startproc
 139              		@ args = 0, pretend = 0, frame = 0
 140              		@ frame_needed = 0, uses_anonymous_args = 0
 141 0000 08B5     		push	{r3, lr}
 142              		.cfi_def_cfa_offset 8
 143              		.cfi_offset 3, -8
 144              		.cfi_offset 14, -4
  27:switch.c      ****     Switch_Startup();
 145              		.loc 1 27 0
 146 0002 0022     		movs	r2, #0
 147 0004 034B     		ldr	r3, .L13
 148 0006 1A70     		strb	r2, [r3]
  28:switch.c      ****     
 149              		.loc 1 28 0
ARM GAS  C:\Users\nico_\AppData\Local\Temp\cc97oPB2.s 			page 5


 150 0008 FFF7FEFF 		bl	Switch_Startup
 151              	.LVL8:
  31:switch.c      **** }
 152              		.loc 1 31 0
 153 000c 0248     		ldr	r0, .L13+4
 154 000e FFF7FEFF 		bl	switch_input_interrupt_StartEx
 155              	.LVL9:
 156 0012 08BD     		pop	{r3, pc}
 157              	.L14:
 158              		.align	2
 159              	.L13:
 160 0014 00000000 		.word	switch_counter
 161 0018 00000000 		.word	switch_newState
 162              		.cfi_endproc
 163              	.LFE0:
 164              		.size	Switch_Setup, .-Switch_Setup
 165              		.comm	switch_counter,1,1
 166              		.comm	switch_state,1,1
 167              		.section	.rodata.str1.4,"aMS",%progbits,1
 168              		.align	2
 169              	.LC0:
 170 0000 53776974 		.ascii	"Switch has been triggered \015\012\000"
 170      63682068 
 170      61732062 
 170      65656E20 
 170      74726967 
 171 001d 000000   		.space	3
 172              	.LC1:
 173 0020 53776974 		.ascii	"Switch faulty output has been triggered \015\012\000"
 173      63682066 
 173      61756C74 
 173      79206F75 
 173      74707574 
 174              		.text
 175              	.Letext0:
 176              		.file 2 "Generated_Source\\PSoC5/Switch_input.h"
 177              		.file 3 "Generated_Source\\PSoC5/UART_1.h"
 178              		.file 4 "SystemController_interrupt.h"
 179              		.file 5 "Generated_Source\\PSoC5/Switch_output.h"
 180              		.file 6 "Generated_Source\\PSoC5/switch_input_interrupt.h"
 181              		.file 7 "Generated_Source\\PSoC5/cytypes.h"
 182              		.section	.debug_info,"",%progbits
 183              	.Ldebug_info0:
 184 0000 E0010000 		.4byte	0x1e0
 185 0004 0400     		.2byte	0x4
 186 0006 00000000 		.4byte	.Ldebug_abbrev0
 187 000a 04       		.byte	0x4
 188 000b 01       		.uleb128 0x1
 189 000c F7000000 		.4byte	.LASF25
 190 0010 0C       		.byte	0xc
 191 0011 2C020000 		.4byte	.LASF26
 192 0015 13000000 		.4byte	.LASF27
 193 0019 00000000 		.4byte	.Ldebug_ranges0+0
 194 001d 00000000 		.4byte	0
 195 0021 00000000 		.4byte	.Ldebug_line0
 196 0025 02       		.uleb128 0x2
 197 0026 01       		.byte	0x1
ARM GAS  C:\Users\nico_\AppData\Local\Temp\cc97oPB2.s 			page 6


 198 0027 06       		.byte	0x6
 199 0028 59020000 		.4byte	.LASF0
 200 002c 02       		.uleb128 0x2
 201 002d 01       		.byte	0x1
 202 002e 08       		.byte	0x8
 203 002f E9000000 		.4byte	.LASF1
 204 0033 02       		.uleb128 0x2
 205 0034 02       		.byte	0x2
 206 0035 05       		.byte	0x5
 207 0036 15020000 		.4byte	.LASF2
 208 003a 02       		.uleb128 0x2
 209 003b 02       		.byte	0x2
 210 003c 07       		.byte	0x7
 211 003d 00000000 		.4byte	.LASF3
 212 0041 02       		.uleb128 0x2
 213 0042 04       		.byte	0x4
 214 0043 05       		.byte	0x5
 215 0044 44020000 		.4byte	.LASF4
 216 0048 02       		.uleb128 0x2
 217 0049 04       		.byte	0x4
 218 004a 07       		.byte	0x7
 219 004b 85010000 		.4byte	.LASF5
 220 004f 02       		.uleb128 0x2
 221 0050 08       		.byte	0x8
 222 0051 05       		.byte	0x5
 223 0052 02020000 		.4byte	.LASF6
 224 0056 02       		.uleb128 0x2
 225 0057 08       		.byte	0x8
 226 0058 07       		.byte	0x7
 227 0059 D5010000 		.4byte	.LASF7
 228 005d 03       		.uleb128 0x3
 229 005e 04       		.byte	0x4
 230 005f 05       		.byte	0x5
 231 0060 696E7400 		.ascii	"int\000"
 232 0064 02       		.uleb128 0x2
 233 0065 04       		.byte	0x4
 234 0066 07       		.byte	0x7
 235 0067 C8010000 		.4byte	.LASF8
 236 006b 04       		.uleb128 0x4
 237 006c 97010000 		.4byte	.LASF28
 238 0070 07       		.byte	0x7
 239 0071 E901     		.2byte	0x1e9
 240 0073 2C000000 		.4byte	0x2c
 241 0077 02       		.uleb128 0x2
 242 0078 04       		.byte	0x4
 243 0079 04       		.byte	0x4
 244 007a E3000000 		.4byte	.LASF9
 245 007e 02       		.uleb128 0x2
 246 007f 08       		.byte	0x8
 247 0080 04       		.byte	0x4
 248 0081 C1010000 		.4byte	.LASF10
 249 0085 02       		.uleb128 0x2
 250 0086 01       		.byte	0x1
 251 0087 08       		.byte	0x8
 252 0088 10020000 		.4byte	.LASF11
 253 008c 02       		.uleb128 0x2
 254 008d 08       		.byte	0x8
ARM GAS  C:\Users\nico_\AppData\Local\Temp\cc97oPB2.s 			page 7


 255 008e 04       		.byte	0x4
 256 008f 4D020000 		.4byte	.LASF12
 257 0093 02       		.uleb128 0x2
 258 0094 04       		.byte	0x4
 259 0095 07       		.byte	0x7
 260 0096 F9010000 		.4byte	.LASF13
 261 009a 05       		.uleb128 0x5
 262 009b B1010000 		.4byte	.LASF29
 263 009f 01       		.byte	0x1
 264 00a0 30       		.byte	0x30
 265 00a1 00000000 		.4byte	.LFB3
 266 00a5 48000000 		.4byte	.LFE3-.LFB3
 267 00a9 01       		.uleb128 0x1
 268 00aa 9C       		.byte	0x9c
 269 00ab 02010000 		.4byte	0x102
 270 00af 06       		.uleb128 0x6
 271 00b0 06000000 		.4byte	.LVL0
 272 00b4 A1010000 		.4byte	0x1a1
 273 00b8 07       		.uleb128 0x7
 274 00b9 16000000 		.4byte	.LVL1
 275 00bd AC010000 		.4byte	0x1ac
 276 00c1 CF000000 		.4byte	0xcf
 277 00c5 08       		.uleb128 0x8
 278 00c6 01       		.uleb128 0x1
 279 00c7 50       		.byte	0x50
 280 00c8 05       		.uleb128 0x5
 281 00c9 03       		.byte	0x3
 282 00ca 00000000 		.4byte	.LC0
 283 00ce 00       		.byte	0
 284 00cf 06       		.uleb128 0x6
 285 00d0 1A000000 		.4byte	.LVL2
 286 00d4 B7010000 		.4byte	0x1b7
 287 00d8 06       		.uleb128 0x6
 288 00d9 22000000 		.4byte	.LVL3
 289 00dd C2010000 		.4byte	0x1c2
 290 00e1 07       		.uleb128 0x7
 291 00e2 2A000000 		.4byte	.LVL4
 292 00e6 AC010000 		.4byte	0x1ac
 293 00ea F8000000 		.4byte	0xf8
 294 00ee 08       		.uleb128 0x8
 295 00ef 01       		.uleb128 0x1
 296 00f0 50       		.byte	0x50
 297 00f1 05       		.uleb128 0x5
 298 00f2 03       		.byte	0x3
 299 00f3 20000000 		.4byte	.LC1
 300 00f7 00       		.byte	0
 301 00f8 06       		.uleb128 0x6
 302 00f9 34000000 		.4byte	.LVL5
 303 00fd B7010000 		.4byte	0x1b7
 304 0101 00       		.byte	0
 305 0102 09       		.uleb128 0x9
 306 0103 C4000000 		.4byte	.LASF14
 307 0107 01       		.byte	0x1
 308 0108 23       		.byte	0x23
 309 0109 00000000 		.4byte	.LFB1
 310 010d 0A000000 		.4byte	.LFE1-.LFB1
 311 0111 01       		.uleb128 0x1
ARM GAS  C:\Users\nico_\AppData\Local\Temp\cc97oPB2.s 			page 8


 312 0112 9C       		.byte	0x9c
 313 0113 27010000 		.4byte	0x127
 314 0117 0A       		.uleb128 0xa
 315 0118 08000000 		.4byte	.LVL6
 316 011c CD010000 		.4byte	0x1cd
 317 0120 08       		.uleb128 0x8
 318 0121 01       		.uleb128 0x1
 319 0122 50       		.byte	0x50
 320 0123 01       		.uleb128 0x1
 321 0124 30       		.byte	0x30
 322 0125 00       		.byte	0
 323 0126 00       		.byte	0
 324 0127 09       		.uleb128 0x9
 325 0128 D4000000 		.4byte	.LASF15
 326 012c 01       		.byte	0x1
 327 012d 29       		.byte	0x29
 328 012e 00000000 		.4byte	.LFB2
 329 0132 0A000000 		.4byte	.LFE2-.LFB2
 330 0136 01       		.uleb128 0x1
 331 0137 9C       		.byte	0x9c
 332 0138 4D010000 		.4byte	0x14d
 333 013c 0A       		.uleb128 0xa
 334 013d 08000000 		.4byte	.LVL7
 335 0141 CD010000 		.4byte	0x1cd
 336 0145 08       		.uleb128 0x8
 337 0146 01       		.uleb128 0x1
 338 0147 50       		.byte	0x50
 339 0148 02       		.uleb128 0x2
 340 0149 09       		.byte	0x9
 341 014a FF       		.byte	0xff
 342 014b 00       		.byte	0
 343 014c 00       		.byte	0
 344 014d 09       		.uleb128 0x9
 345 014e 1F020000 		.4byte	.LASF16
 346 0152 01       		.byte	0x1
 347 0153 19       		.byte	0x19
 348 0154 00000000 		.4byte	.LFB0
 349 0158 1C000000 		.4byte	.LFE0-.LFB0
 350 015c 01       		.uleb128 0x1
 351 015d 9C       		.byte	0x9c
 352 015e 7F010000 		.4byte	0x17f
 353 0162 06       		.uleb128 0x6
 354 0163 0C000000 		.4byte	.LVL8
 355 0167 27010000 		.4byte	0x127
 356 016b 0A       		.uleb128 0xa
 357 016c 12000000 		.4byte	.LVL9
 358 0170 D8010000 		.4byte	0x1d8
 359 0174 08       		.uleb128 0x8
 360 0175 01       		.uleb128 0x1
 361 0176 50       		.byte	0x50
 362 0177 05       		.uleb128 0x5
 363 0178 03       		.byte	0x3
 364 0179 00000000 		.4byte	switch_newState
 365 017d 00       		.byte	0
 366 017e 00       		.byte	0
 367 017f 0B       		.uleb128 0xb
 368 0180 EC010000 		.4byte	.LASF17
ARM GAS  C:\Users\nico_\AppData\Local\Temp\cc97oPB2.s 			page 9


 369 0184 01       		.byte	0x1
 370 0185 10       		.byte	0x10
 371 0186 6B000000 		.4byte	0x6b
 372 018a 05       		.uleb128 0x5
 373 018b 03       		.byte	0x3
 374 018c 00000000 		.4byte	switch_state
 375 0190 0B       		.uleb128 0xb
 376 0191 35020000 		.4byte	.LASF18
 377 0195 01       		.byte	0x1
 378 0196 11       		.byte	0x11
 379 0197 6B000000 		.4byte	0x6b
 380 019b 05       		.uleb128 0x5
 381 019c 03       		.byte	0x3
 382 019d 00000000 		.4byte	switch_counter
 383 01a1 0C       		.uleb128 0xc
 384 01a2 75020000 		.4byte	.LASF19
 385 01a6 75020000 		.4byte	.LASF19
 386 01aa 02       		.byte	0x2
 387 01ab 29       		.byte	0x29
 388 01ac 0C       		.uleb128 0xc
 389 01ad 87020000 		.4byte	.LASF20
 390 01b1 87020000 		.4byte	.LASF20
 391 01b5 03       		.byte	0x3
 392 01b6 8B       		.byte	0x8b
 393 01b7 0C       		.uleb128 0xc
 394 01b8 89000000 		.4byte	.LASF21
 395 01bc 89000000 		.4byte	.LASF21
 396 01c0 02       		.byte	0x2
 397 01c1 2B       		.byte	0x2b
 398 01c2 0C       		.uleb128 0xc
 399 01c3 65020000 		.4byte	.LASF22
 400 01c7 65020000 		.4byte	.LASF22
 401 01cb 04       		.byte	0x4
 402 01cc 0E       		.byte	0xe
 403 01cd 0C       		.uleb128 0xc
 404 01ce 9D010000 		.4byte	.LASF23
 405 01d2 9D010000 		.4byte	.LASF23
 406 01d6 05       		.byte	0x5
 407 01d7 26       		.byte	0x26
 408 01d8 0C       		.uleb128 0xc
 409 01d9 A5000000 		.4byte	.LASF24
 410 01dd A5000000 		.4byte	.LASF24
 411 01e1 06       		.byte	0x6
 412 01e2 18       		.byte	0x18
 413 01e3 00       		.byte	0
 414              		.section	.debug_abbrev,"",%progbits
 415              	.Ldebug_abbrev0:
 416 0000 01       		.uleb128 0x1
 417 0001 11       		.uleb128 0x11
 418 0002 01       		.byte	0x1
 419 0003 25       		.uleb128 0x25
 420 0004 0E       		.uleb128 0xe
 421 0005 13       		.uleb128 0x13
 422 0006 0B       		.uleb128 0xb
 423 0007 03       		.uleb128 0x3
 424 0008 0E       		.uleb128 0xe
 425 0009 1B       		.uleb128 0x1b
ARM GAS  C:\Users\nico_\AppData\Local\Temp\cc97oPB2.s 			page 10


 426 000a 0E       		.uleb128 0xe
 427 000b 55       		.uleb128 0x55
 428 000c 17       		.uleb128 0x17
 429 000d 11       		.uleb128 0x11
 430 000e 01       		.uleb128 0x1
 431 000f 10       		.uleb128 0x10
 432 0010 17       		.uleb128 0x17
 433 0011 00       		.byte	0
 434 0012 00       		.byte	0
 435 0013 02       		.uleb128 0x2
 436 0014 24       		.uleb128 0x24
 437 0015 00       		.byte	0
 438 0016 0B       		.uleb128 0xb
 439 0017 0B       		.uleb128 0xb
 440 0018 3E       		.uleb128 0x3e
 441 0019 0B       		.uleb128 0xb
 442 001a 03       		.uleb128 0x3
 443 001b 0E       		.uleb128 0xe
 444 001c 00       		.byte	0
 445 001d 00       		.byte	0
 446 001e 03       		.uleb128 0x3
 447 001f 24       		.uleb128 0x24
 448 0020 00       		.byte	0
 449 0021 0B       		.uleb128 0xb
 450 0022 0B       		.uleb128 0xb
 451 0023 3E       		.uleb128 0x3e
 452 0024 0B       		.uleb128 0xb
 453 0025 03       		.uleb128 0x3
 454 0026 08       		.uleb128 0x8
 455 0027 00       		.byte	0
 456 0028 00       		.byte	0
 457 0029 04       		.uleb128 0x4
 458 002a 16       		.uleb128 0x16
 459 002b 00       		.byte	0
 460 002c 03       		.uleb128 0x3
 461 002d 0E       		.uleb128 0xe
 462 002e 3A       		.uleb128 0x3a
 463 002f 0B       		.uleb128 0xb
 464 0030 3B       		.uleb128 0x3b
 465 0031 05       		.uleb128 0x5
 466 0032 49       		.uleb128 0x49
 467 0033 13       		.uleb128 0x13
 468 0034 00       		.byte	0
 469 0035 00       		.byte	0
 470 0036 05       		.uleb128 0x5
 471 0037 2E       		.uleb128 0x2e
 472 0038 01       		.byte	0x1
 473 0039 3F       		.uleb128 0x3f
 474 003a 19       		.uleb128 0x19
 475 003b 03       		.uleb128 0x3
 476 003c 0E       		.uleb128 0xe
 477 003d 3A       		.uleb128 0x3a
 478 003e 0B       		.uleb128 0xb
 479 003f 3B       		.uleb128 0x3b
 480 0040 0B       		.uleb128 0xb
 481 0041 27       		.uleb128 0x27
 482 0042 19       		.uleb128 0x19
ARM GAS  C:\Users\nico_\AppData\Local\Temp\cc97oPB2.s 			page 11


 483 0043 11       		.uleb128 0x11
 484 0044 01       		.uleb128 0x1
 485 0045 12       		.uleb128 0x12
 486 0046 06       		.uleb128 0x6
 487 0047 40       		.uleb128 0x40
 488 0048 18       		.uleb128 0x18
 489 0049 9742     		.uleb128 0x2117
 490 004b 19       		.uleb128 0x19
 491 004c 01       		.uleb128 0x1
 492 004d 13       		.uleb128 0x13
 493 004e 00       		.byte	0
 494 004f 00       		.byte	0
 495 0050 06       		.uleb128 0x6
 496 0051 898201   		.uleb128 0x4109
 497 0054 00       		.byte	0
 498 0055 11       		.uleb128 0x11
 499 0056 01       		.uleb128 0x1
 500 0057 31       		.uleb128 0x31
 501 0058 13       		.uleb128 0x13
 502 0059 00       		.byte	0
 503 005a 00       		.byte	0
 504 005b 07       		.uleb128 0x7
 505 005c 898201   		.uleb128 0x4109
 506 005f 01       		.byte	0x1
 507 0060 11       		.uleb128 0x11
 508 0061 01       		.uleb128 0x1
 509 0062 31       		.uleb128 0x31
 510 0063 13       		.uleb128 0x13
 511 0064 01       		.uleb128 0x1
 512 0065 13       		.uleb128 0x13
 513 0066 00       		.byte	0
 514 0067 00       		.byte	0
 515 0068 08       		.uleb128 0x8
 516 0069 8A8201   		.uleb128 0x410a
 517 006c 00       		.byte	0
 518 006d 02       		.uleb128 0x2
 519 006e 18       		.uleb128 0x18
 520 006f 9142     		.uleb128 0x2111
 521 0071 18       		.uleb128 0x18
 522 0072 00       		.byte	0
 523 0073 00       		.byte	0
 524 0074 09       		.uleb128 0x9
 525 0075 2E       		.uleb128 0x2e
 526 0076 01       		.byte	0x1
 527 0077 3F       		.uleb128 0x3f
 528 0078 19       		.uleb128 0x19
 529 0079 03       		.uleb128 0x3
 530 007a 0E       		.uleb128 0xe
 531 007b 3A       		.uleb128 0x3a
 532 007c 0B       		.uleb128 0xb
 533 007d 3B       		.uleb128 0x3b
 534 007e 0B       		.uleb128 0xb
 535 007f 11       		.uleb128 0x11
 536 0080 01       		.uleb128 0x1
 537 0081 12       		.uleb128 0x12
 538 0082 06       		.uleb128 0x6
 539 0083 40       		.uleb128 0x40
ARM GAS  C:\Users\nico_\AppData\Local\Temp\cc97oPB2.s 			page 12


 540 0084 18       		.uleb128 0x18
 541 0085 9742     		.uleb128 0x2117
 542 0087 19       		.uleb128 0x19
 543 0088 01       		.uleb128 0x1
 544 0089 13       		.uleb128 0x13
 545 008a 00       		.byte	0
 546 008b 00       		.byte	0
 547 008c 0A       		.uleb128 0xa
 548 008d 898201   		.uleb128 0x4109
 549 0090 01       		.byte	0x1
 550 0091 11       		.uleb128 0x11
 551 0092 01       		.uleb128 0x1
 552 0093 31       		.uleb128 0x31
 553 0094 13       		.uleb128 0x13
 554 0095 00       		.byte	0
 555 0096 00       		.byte	0
 556 0097 0B       		.uleb128 0xb
 557 0098 34       		.uleb128 0x34
 558 0099 00       		.byte	0
 559 009a 03       		.uleb128 0x3
 560 009b 0E       		.uleb128 0xe
 561 009c 3A       		.uleb128 0x3a
 562 009d 0B       		.uleb128 0xb
 563 009e 3B       		.uleb128 0x3b
 564 009f 0B       		.uleb128 0xb
 565 00a0 49       		.uleb128 0x49
 566 00a1 13       		.uleb128 0x13
 567 00a2 3F       		.uleb128 0x3f
 568 00a3 19       		.uleb128 0x19
 569 00a4 02       		.uleb128 0x2
 570 00a5 18       		.uleb128 0x18
 571 00a6 00       		.byte	0
 572 00a7 00       		.byte	0
 573 00a8 0C       		.uleb128 0xc
 574 00a9 2E       		.uleb128 0x2e
 575 00aa 00       		.byte	0
 576 00ab 3F       		.uleb128 0x3f
 577 00ac 19       		.uleb128 0x19
 578 00ad 3C       		.uleb128 0x3c
 579 00ae 19       		.uleb128 0x19
 580 00af 6E       		.uleb128 0x6e
 581 00b0 0E       		.uleb128 0xe
 582 00b1 03       		.uleb128 0x3
 583 00b2 0E       		.uleb128 0xe
 584 00b3 3A       		.uleb128 0x3a
 585 00b4 0B       		.uleb128 0xb
 586 00b5 3B       		.uleb128 0x3b
 587 00b6 0B       		.uleb128 0xb
 588 00b7 00       		.byte	0
 589 00b8 00       		.byte	0
 590 00b9 00       		.byte	0
 591              		.section	.debug_aranges,"",%progbits
 592 0000 34000000 		.4byte	0x34
 593 0004 0200     		.2byte	0x2
 594 0006 00000000 		.4byte	.Ldebug_info0
 595 000a 04       		.byte	0x4
 596 000b 00       		.byte	0
ARM GAS  C:\Users\nico_\AppData\Local\Temp\cc97oPB2.s 			page 13


 597 000c 0000     		.2byte	0
 598 000e 0000     		.2byte	0
 599 0010 00000000 		.4byte	.LFB3
 600 0014 48000000 		.4byte	.LFE3-.LFB3
 601 0018 00000000 		.4byte	.LFB1
 602 001c 0A000000 		.4byte	.LFE1-.LFB1
 603 0020 00000000 		.4byte	.LFB2
 604 0024 0A000000 		.4byte	.LFE2-.LFB2
 605 0028 00000000 		.4byte	.LFB0
 606 002c 1C000000 		.4byte	.LFE0-.LFB0
 607 0030 00000000 		.4byte	0
 608 0034 00000000 		.4byte	0
 609              		.section	.debug_ranges,"",%progbits
 610              	.Ldebug_ranges0:
 611 0000 00000000 		.4byte	.LFB3
 612 0004 48000000 		.4byte	.LFE3
 613 0008 00000000 		.4byte	.LFB1
 614 000c 0A000000 		.4byte	.LFE1
 615 0010 00000000 		.4byte	.LFB2
 616 0014 0A000000 		.4byte	.LFE2
 617 0018 00000000 		.4byte	.LFB0
 618 001c 1C000000 		.4byte	.LFE0
 619 0020 00000000 		.4byte	0
 620 0024 00000000 		.4byte	0
 621              		.section	.debug_line,"",%progbits
 622              	.Ldebug_line0:
 623 0000 FF000000 		.section	.debug_str,"MS",%progbits,1
 623      0200B000 
 623      00000201 
 623      FB0E0D00 
 623      01010101 
 624              	.LASF3:
 625 0000 73686F72 		.ascii	"short unsigned int\000"
 625      7420756E 
 625      7369676E 
 625      65642069 
 625      6E7400
 626              	.LASF27:
 627 0013 433A5C55 		.ascii	"C:\\Users\\nico_\\Sundhedsteknologi\\7. Semester\\B"
 627      73657273 
 627      5C6E6963 
 627      6F5F5C53 
 627      756E6468 
 628 0041 61636865 		.ascii	"achelor\\BachelorProject\\Full system\\Microcontrol"
 628      6C6F725C 
 628      42616368 
 628      656C6F72 
 628      50726F6A 
 629 0071 6C65725F 		.ascii	"ler_coolingsystem.cydsn\000"
 629      636F6F6C 
 629      696E6773 
 629      79737465 
 629      6D2E6379 
 630              	.LASF21:
 631 0089 53776974 		.ascii	"Switch_input_ClearInterrupt\000"
 631      63685F69 
 631      6E707574 
ARM GAS  C:\Users\nico_\AppData\Local\Temp\cc97oPB2.s 			page 14


 631      5F436C65 
 631      6172496E 
 632              	.LASF24:
 633 00a5 73776974 		.ascii	"switch_input_interrupt_StartEx\000"
 633      63685F69 
 633      6E707574 
 633      5F696E74 
 633      65727275 
 634              	.LASF14:
 635 00c4 53776974 		.ascii	"Switch_Shutdown\000"
 635      63685F53 
 635      68757464 
 635      6F776E00 
 636              	.LASF15:
 637 00d4 53776974 		.ascii	"Switch_Startup\000"
 637      63685F53 
 637      74617274 
 637      757000
 638              	.LASF9:
 639 00e3 666C6F61 		.ascii	"float\000"
 639      7400
 640              	.LASF1:
 641 00e9 756E7369 		.ascii	"unsigned char\000"
 641      676E6564 
 641      20636861 
 641      7200
 642              	.LASF25:
 643 00f7 474E5520 		.ascii	"GNU C11 5.4.1 20160609 (release) [ARM/embedded-5-br"
 643      43313120 
 643      352E342E 
 643      31203230 
 643      31363036 
 644 012a 616E6368 		.ascii	"anch revision 237715] -mcpu=cortex-m3 -mthumb -g -O"
 644      20726576 
 644      6973696F 
 644      6E203233 
 644      37373135 
 645 015d 67202D66 		.ascii	"g -ffunction-sections -ffat-lto-objects\000"
 645      66756E63 
 645      74696F6E 
 645      2D736563 
 645      74696F6E 
 646              	.LASF5:
 647 0185 6C6F6E67 		.ascii	"long unsigned int\000"
 647      20756E73 
 647      69676E65 
 647      6420696E 
 647      7400
 648              	.LASF28:
 649 0197 75696E74 		.ascii	"uint8\000"
 649      3800
 650              	.LASF23:
 651 019d 53776974 		.ascii	"Switch_output_Write\000"
 651      63685F6F 
 651      75747075 
 651      745F5772 
 651      69746500 
ARM GAS  C:\Users\nico_\AppData\Local\Temp\cc97oPB2.s 			page 15


 652              	.LASF29:
 653 01b1 73776974 		.ascii	"switch_newState\000"
 653      63685F6E 
 653      65775374 
 653      61746500 
 654              	.LASF10:
 655 01c1 646F7562 		.ascii	"double\000"
 655      6C6500
 656              	.LASF8:
 657 01c8 756E7369 		.ascii	"unsigned int\000"
 657      676E6564 
 657      20696E74 
 657      00
 658              	.LASF7:
 659 01d5 6C6F6E67 		.ascii	"long long unsigned int\000"
 659      206C6F6E 
 659      6720756E 
 659      7369676E 
 659      65642069 
 660              	.LASF17:
 661 01ec 73776974 		.ascii	"switch_state\000"
 661      63685F73 
 661      74617465 
 661      00
 662              	.LASF13:
 663 01f9 73697A65 		.ascii	"sizetype\000"
 663      74797065 
 663      00
 664              	.LASF6:
 665 0202 6C6F6E67 		.ascii	"long long int\000"
 665      206C6F6E 
 665      6720696E 
 665      7400
 666              	.LASF11:
 667 0210 63686172 		.ascii	"char\000"
 667      00
 668              	.LASF2:
 669 0215 73686F72 		.ascii	"short int\000"
 669      7420696E 
 669      7400
 670              	.LASF16:
 671 021f 53776974 		.ascii	"Switch_Setup\000"
 671      63685F53 
 671      65747570 
 671      00
 672              	.LASF26:
 673 022c 73776974 		.ascii	"switch.c\000"
 673      63682E63 
 673      00
 674              	.LASF18:
 675 0235 73776974 		.ascii	"switch_counter\000"
 675      63685F63 
 675      6F756E74 
 675      657200
 676              	.LASF4:
 677 0244 6C6F6E67 		.ascii	"long int\000"
 677      20696E74 
ARM GAS  C:\Users\nico_\AppData\Local\Temp\cc97oPB2.s 			page 16


 677      00
 678              	.LASF12:
 679 024d 6C6F6E67 		.ascii	"long double\000"
 679      20646F75 
 679      626C6500 
 680              	.LASF0:
 681 0259 7369676E 		.ascii	"signed char\000"
 681      65642063 
 681      68617200 
 682              	.LASF22:
 683 0265 53797374 		.ascii	"System_newState\000"
 683      656D5F6E 
 683      65775374 
 683      61746500 
 684              	.LASF19:
 685 0275 53776974 		.ascii	"Switch_input_Read\000"
 685      63685F69 
 685      6E707574 
 685      5F526561 
 685      6400
 686              	.LASF20:
 687 0287 55415254 		.ascii	"UART_1_PutString\000"
 687      5F315F50 
 687      75745374 
 687      72696E67 
 687      00
 688              		.ident	"GCC: (GNU Tools for ARM Embedded Processors) 5.4.1 20160609 (release) [ARM/embedded-5-bran
