ARM GAS  C:\Users\nico_\AppData\Local\Temp\ccnFPTLG.s 			page 1


   1              		.syntax unified
   2              		.cpu cortex-m3
   3              		.fpu softvfp
   4              		.eabi_attribute 20, 1
   5              		.eabi_attribute 21, 1
   6              		.eabi_attribute 23, 3
   7              		.eabi_attribute 24, 1
   8              		.eabi_attribute 25, 1
   9              		.eabi_attribute 26, 1
  10              		.eabi_attribute 30, 1
  11              		.eabi_attribute 34, 1
  12              		.eabi_attribute 18, 4
  13              		.thumb
  14              		.syntax unified
  15              		.file	"SystemController.c"
  16              		.text
  17              	.Ltext0:
  18              		.cfi_sections	.debug_frame
  19              		.global	__aeabi_f2d
  20              		.global	__aeabi_ui2f
  21              		.global	__aeabi_fcmpeq
  22              		.section	.text.ISR_CLOCK_handler,"ax",%progbits
  23              		.align	2
  24              		.global	ISR_CLOCK_handler
  25              		.thumb
  26              		.thumb_func
  27              		.type	ISR_CLOCK_handler, %function
  28              	ISR_CLOCK_handler:
  29              	.LFB69:
  30              		.file 1 "SystemController.c"
   1:SystemController.c **** /* ========================================
   2:SystemController.c ****  *
   3:SystemController.c ****  * Copyright YOUR COMPANY, THE YEAR
   4:SystemController.c ****  * All Rights Reserved
   5:SystemController.c ****  * UNPUBLISHED, LICENSED SOFTWARE.
   6:SystemController.c ****  *
   7:SystemController.c ****  * CONFIDENTIAL AND PROPRIETARY INFORMATION
   8:SystemController.c ****  * WHICH IS THE PROPERTY OF your company.
   9:SystemController.c ****  *
  10:SystemController.c ****  * ========================================
  11:SystemController.c **** */
  12:SystemController.c **** 
  13:SystemController.c **** #include "SystemController.h"
  14:SystemController.c **** #include "RTD_1.h"
  15:SystemController.c **** 
  16:SystemController.c **** /*Function delcations*/
  17:SystemController.c **** void System_Setup();
  18:SystemController.c **** void System_On();
  19:SystemController.c **** void System_Off();
  20:SystemController.c **** CY_ISR_PROTO(ISR_CLOCK_handler);
  21:SystemController.c **** 
  22:SystemController.c **** /*Varible decleration*/
  23:SystemController.c **** uint8 Switch_State;
  24:SystemController.c **** uint16 rtd_ratio ;
  25:SystemController.c **** uint16 ref_res = 4300; //Reference resistance on the amplifier circuit
  26:SystemController.c **** float last_regu;
  27:SystemController.c **** float regu;
ARM GAS  C:\Users\nico_\AppData\Local\Temp\ccnFPTLG.s 			page 2


  28:SystemController.c **** 
  29:SystemController.c **** 
  30:SystemController.c **** int main(void)
  31:SystemController.c **** {   
  32:SystemController.c **** 
  33:SystemController.c ****     
  34:SystemController.c **** 
  35:SystemController.c ****     System_Setup();
  36:SystemController.c **** 
  37:SystemController.c ****     
  38:SystemController.c ****     /*Wait for interrupts*/
  39:SystemController.c ****     for(;;)
  40:SystemController.c ****     {
  41:SystemController.c ****        
  42:SystemController.c ****     }
  43:SystemController.c ****  
  44:SystemController.c **** }
  45:SystemController.c **** 
  46:SystemController.c **** //Initial setup upon Powering the PSOC
  47:SystemController.c **** void System_Setup()
  48:SystemController.c **** {
  49:SystemController.c ****     /* Enable global interrupts. */
  50:SystemController.c ****     CyGlobalIntEnable; 
  51:SystemController.c ****     //System is off, set state to 0.
  52:SystemController.c ****     Switch_State = 0;
  53:SystemController.c ****     last_regu = 0;
  54:SystemController.c ****        
  55:SystemController.c ****     /*Start UART*/
  56:SystemController.c ****     UART_1_Start();
  57:SystemController.c ****     
  58:SystemController.c ****     /*Set up input voltage to HIGH on HW switch input pin*/     
  59:SystemController.c ****     Switch_Setup();
  60:SystemController.c ****     
  61:SystemController.c ****     /*Setup the two VDAC and the PGA. Stop pump from starting because of setup of transistor*/
  62:SystemController.c ****     Pump_Setup();
  63:SystemController.c ****      
  64:SystemController.c ****     /*Setup SPI and then the amplifier*/
  65:SystemController.c ****     Amplifier_Setup();
  66:SystemController.c ****     
  67:SystemController.c ****     /*Setup the Temperature domain class with reference resistance value*/
  68:SystemController.c ****     Temperature_Setup(ref_res);
  69:SystemController.c ****     
  70:SystemController.c ****     Regulation_setup();
  71:SystemController.c ****             
  72:SystemController.c **** }
  73:SystemController.c **** 
  74:SystemController.c **** 
  75:SystemController.c **** 
  76:SystemController.c **** /*Turn system On after being in system off state*/
  77:SystemController.c **** void System_On()
  78:SystemController.c **** {
  79:SystemController.c ****     //Start up the amplifier to get new temperature conversion
  80:SystemController.c ****     Amplifier_Startup();
  81:SystemController.c ****     
  82:SystemController.c ****     //Start up the pump
  83:SystemController.c ****     Pump_Startup(2500);
  84:SystemController.c ****     
ARM GAS  C:\Users\nico_\AppData\Local\Temp\ccnFPTLG.s 			page 3


  85:SystemController.c ****     /*Start counter for sampling the temperature*/
  86:SystemController.c ****     Temp_sample_counter_Start();
  87:SystemController.c ****     Clock_TempSampling_Start();
  88:SystemController.c ****     isr_clock_StartEx(ISR_CLOCK_handler); 
  89:SystemController.c ****     
  90:SystemController.c ****     //Turn on indicator LED
  91:SystemController.c ****     Turn_ON();
  92:SystemController.c **** }
  93:SystemController.c **** 
  94:SystemController.c **** /*Turn system off after being in system on state*/
  95:SystemController.c **** void System_Off()
  96:SystemController.c **** {
  97:SystemController.c ****     //Stop the clock interrupt routine
  98:SystemController.c ****     isr_clock_Disable();
  99:SystemController.c ****     
 100:SystemController.c ****     //Stop the clock of the temperature sampling
 101:SystemController.c ****     Temp_sample_counter_Stop();
 102:SystemController.c ****     Clock_TempSampling_Stop();
 103:SystemController.c ****     
 104:SystemController.c ****     //Shut down the pump
 105:SystemController.c ****     Pump_Shutdown();
 106:SystemController.c ****     
 107:SystemController.c ****     //Shutdown the amplifier
 108:SystemController.c ****     Amplifier_Shutdown();
 109:SystemController.c ****     
 110:SystemController.c ****     //Turn off the indicator LED
 111:SystemController.c ****     Turn_OFF();
 112:SystemController.c ****     
 113:SystemController.c **** }
 114:SystemController.c **** 
 115:SystemController.c **** 
 116:SystemController.c **** 
 117:SystemController.c **** 
 118:SystemController.c **** void System_newState(uint8 switchstate)
 119:SystemController.c **** {
 120:SystemController.c ****     Switch_State = switchstate;
 121:SystemController.c ****     
 122:SystemController.c ****     if(Switch_State)
 123:SystemController.c ****     {
 124:SystemController.c ****         //Turn system on. 
 125:SystemController.c ****         System_On();
 126:SystemController.c ****         
 127:SystemController.c ****     }else
 128:SystemController.c ****     {
 129:SystemController.c ****         //Turn system off. 
 130:SystemController.c ****         System_Off();
 131:SystemController.c ****     }
 132:SystemController.c **** }
 133:SystemController.c **** 
 134:SystemController.c **** CY_ISR(ISR_CLOCK_handler)
 135:SystemController.c **** {
  31              		.loc 1 135 0
  32              		.cfi_startproc
  33              		@ args = 0, pretend = 0, frame = 56
  34              		@ frame_needed = 0, uses_anonymous_args = 0
  35 0000 10B5     		push	{r4, lr}
  36              		.cfi_def_cfa_offset 8
ARM GAS  C:\Users\nico_\AppData\Local\Temp\ccnFPTLG.s 			page 4


  37              		.cfi_offset 4, -8
  38              		.cfi_offset 14, -4
  39 0002 8EB0     		sub	sp, sp, #56
  40              		.cfi_def_cfa_offset 64
 136:SystemController.c **** 
 137:SystemController.c ****     //Code to fetch temperature here
 138:SystemController.c ****     rtd_ratio = GetRtdRatio();
  41              		.loc 1 138 0
  42 0004 FFF7FEFF 		bl	GetRtdRatio
  43              	.LVL0:
  44 0008 144B     		ldr	r3, .L6
  45 000a 1880     		strh	r0, [r3]	@ movhi
 139:SystemController.c ****     
 140:SystemController.c ****     //Set the new temperature measurement.
 141:SystemController.c ****     SetTemperature(rtd_ratio);
  46              		.loc 1 141 0
  47 000c FFF7FEFF 		bl	SetTemperature
  48              	.LVL1:
 142:SystemController.c ****     
 143:SystemController.c ****     //Get temperature sample and print to uart
 144:SystemController.c ****     char temp[50];
 145:SystemController.c ****             
 146:SystemController.c ****     float temp_string = GetTemperature();
  49              		.loc 1 146 0
  50 0010 FFF7FEFF 		bl	GetTemperature
  51              	.LVL2:
  52 0014 0446     		mov	r4, r0
  53              	.LVL3:
 147:SystemController.c ****     sprintf(temp,"Temperature: %f\n\r",temp_string);
  54              		.loc 1 147 0
  55 0016 FFF7FEFF 		bl	__aeabi_f2d
  56              	.LVL4:
  57 001a 0246     		mov	r2, r0
  58 001c 0B46     		mov	r3, r1
  59 001e 1049     		ldr	r1, .L6+4
  60 0020 01A8     		add	r0, sp, #4
  61 0022 FFF7FEFF 		bl	sprintf
  62              	.LVL5:
 148:SystemController.c ****     UART_1_PutString(temp);
  63              		.loc 1 148 0
  64 0026 01A8     		add	r0, sp, #4
  65 0028 FFF7FEFF 		bl	UART_1_PutString
  66              	.LVL6:
 149:SystemController.c **** 
 150:SystemController.c ****     
 151:SystemController.c ****     regu = Regulation(temp_string);
  67              		.loc 1 151 0
  68 002c 2046     		mov	r0, r4
  69 002e FFF7FEFF 		bl	Regulation
  70              	.LVL7:
  71 0032 0446     		mov	r4, r0
  72              	.LVL8:
  73 0034 FFF7FEFF 		bl	__aeabi_ui2f
  74              	.LVL9:
  75 0038 0A4B     		ldr	r3, .L6+8
  76 003a 1860     		str	r0, [r3]	@ float
 152:SystemController.c ****     
ARM GAS  C:\Users\nico_\AppData\Local\Temp\ccnFPTLG.s 			page 5


 153:SystemController.c ****     
 154:SystemController.c ****     if(last_regu != regu)
  77              		.loc 1 154 0
  78 003c 0A4B     		ldr	r3, .L6+12
  79 003e 1968     		ldr	r1, [r3]	@ float
  80 0040 FFF7FEFF 		bl	__aeabi_fcmpeq
  81              	.LVL10:
  82 0044 10B9     		cbnz	r0, .L2
 155:SystemController.c ****     {
 156:SystemController.c ****         
 157:SystemController.c ****         FlowDirection(regu);
  83              		.loc 1 157 0
  84 0046 2046     		mov	r0, r4
  85 0048 FFF7FEFF 		bl	FlowDirection
  86              	.LVL11:
  87              	.L2:
 158:SystemController.c ****     }
 159:SystemController.c **** 
 160:SystemController.c ****     last_regu = regu;
  88              		.loc 1 160 0
  89 004c 054B     		ldr	r3, .L6+8
  90 004e 1A68     		ldr	r2, [r3]	@ float
  91 0050 054B     		ldr	r3, .L6+12
  92 0052 1A60     		str	r2, [r3]	@ float
 161:SystemController.c ****     
 162:SystemController.c ****      /*Clears counter     interrupt*/
 163:SystemController.c ****     Temp_sample_counter_ReadStatusRegister();
  93              		.loc 1 163 0
  94 0054 FFF7FEFF 		bl	Temp_sample_counter_ReadStatusRegister
  95              	.LVL12:
 164:SystemController.c **** }
  96              		.loc 1 164 0
  97 0058 0EB0     		add	sp, sp, #56
  98              		.cfi_def_cfa_offset 8
  99              		@ sp needed
 100 005a 10BD     		pop	{r4, pc}
 101              	.L7:
 102              		.align	2
 103              	.L6:
 104 005c 00000000 		.word	rtd_ratio
 105 0060 00000000 		.word	.LC0
 106 0064 00000000 		.word	regu
 107 0068 00000000 		.word	last_regu
 108              		.cfi_endproc
 109              	.LFE69:
 110              		.size	ISR_CLOCK_handler, .-ISR_CLOCK_handler
 111              		.section	.text.System_Setup,"ax",%progbits
 112              		.align	2
 113              		.global	System_Setup
 114              		.thumb
 115              		.thumb_func
 116              		.type	System_Setup, %function
 117              	System_Setup:
 118              	.LFB65:
  48:SystemController.c ****     /* Enable global interrupts. */
 119              		.loc 1 48 0
 120              		.cfi_startproc
ARM GAS  C:\Users\nico_\AppData\Local\Temp\ccnFPTLG.s 			page 6


 121              		@ args = 0, pretend = 0, frame = 0
 122              		@ frame_needed = 0, uses_anonymous_args = 0
 123 0000 08B5     		push	{r3, lr}
 124              		.cfi_def_cfa_offset 8
 125              		.cfi_offset 3, -8
 126              		.cfi_offset 14, -4
  50:SystemController.c ****     //System is off, set state to 0.
 127              		.loc 1 50 0
 128              		.syntax unified
 129              	@ 50 "SystemController.c" 1
 130 0002 62B6     		CPSIE   i
 131              	@ 0 "" 2
  52:SystemController.c ****     last_regu = 0;
 132              		.loc 1 52 0
 133              		.thumb
 134              		.syntax unified
 135 0004 0022     		movs	r2, #0
 136 0006 0A4B     		ldr	r3, .L10
 137 0008 1A70     		strb	r2, [r3]
  53:SystemController.c ****        
 138              		.loc 1 53 0
 139 000a 0022     		movs	r2, #0
 140 000c 094B     		ldr	r3, .L10+4
 141 000e 1A60     		str	r2, [r3]	@ float
  56:SystemController.c ****     
 142              		.loc 1 56 0
 143 0010 FFF7FEFF 		bl	UART_1_Start
 144              	.LVL13:
  59:SystemController.c ****     
 145              		.loc 1 59 0
 146 0014 FFF7FEFF 		bl	Switch_Setup
 147              	.LVL14:
  62:SystemController.c ****      
 148              		.loc 1 62 0
 149 0018 FFF7FEFF 		bl	Pump_Setup
 150              	.LVL15:
  65:SystemController.c ****     
 151              		.loc 1 65 0
 152 001c FFF7FEFF 		bl	Amplifier_Setup
 153              	.LVL16:
  68:SystemController.c ****     
 154              		.loc 1 68 0
 155 0020 054B     		ldr	r3, .L10+8
 156 0022 1888     		ldrh	r0, [r3]
 157 0024 FFF7FEFF 		bl	Temperature_Setup
 158              	.LVL17:
  70:SystemController.c ****             
 159              		.loc 1 70 0
 160 0028 FFF7FEFF 		bl	Regulation_setup
 161              	.LVL18:
 162 002c 08BD     		pop	{r3, pc}
 163              	.L11:
 164 002e 00BF     		.align	2
 165              	.L10:
 166 0030 00000000 		.word	Switch_State
 167 0034 00000000 		.word	last_regu
 168 0038 00000000 		.word	.LANCHOR0
ARM GAS  C:\Users\nico_\AppData\Local\Temp\ccnFPTLG.s 			page 7


 169              		.cfi_endproc
 170              	.LFE65:
 171              		.size	System_Setup, .-System_Setup
 172              		.section	.text.main,"ax",%progbits
 173              		.align	2
 174              		.global	main
 175              		.thumb
 176              		.thumb_func
 177              		.type	main, %function
 178              	main:
 179              	.LFB64:
  31:SystemController.c **** 
 180              		.loc 1 31 0
 181              		.cfi_startproc
 182              		@ Volatile: function does not return.
 183              		@ args = 0, pretend = 0, frame = 0
 184              		@ frame_needed = 0, uses_anonymous_args = 0
 185 0000 08B5     		push	{r3, lr}
 186              		.cfi_def_cfa_offset 8
 187              		.cfi_offset 3, -8
 188              		.cfi_offset 14, -4
  35:SystemController.c **** 
 189              		.loc 1 35 0
 190 0002 FFF7FEFF 		bl	System_Setup
 191              	.LVL19:
 192              	.L13:
 193 0006 FEE7     		b	.L13
 194              		.cfi_endproc
 195              	.LFE64:
 196              		.size	main, .-main
 197              		.section	.text.System_On,"ax",%progbits
 198              		.align	2
 199              		.global	System_On
 200              		.thumb
 201              		.thumb_func
 202              		.type	System_On, %function
 203              	System_On:
 204              	.LFB66:
  78:SystemController.c ****     //Start up the amplifier to get new temperature conversion
 205              		.loc 1 78 0
 206              		.cfi_startproc
 207              		@ args = 0, pretend = 0, frame = 0
 208              		@ frame_needed = 0, uses_anonymous_args = 0
 209 0000 08B5     		push	{r3, lr}
 210              		.cfi_def_cfa_offset 8
 211              		.cfi_offset 3, -8
 212              		.cfi_offset 14, -4
  80:SystemController.c ****     
 213              		.loc 1 80 0
 214 0002 FFF7FEFF 		bl	Amplifier_Startup
 215              	.LVL20:
  83:SystemController.c ****     
 216              		.loc 1 83 0
 217 0006 40F6C410 		movw	r0, #2500
 218 000a FFF7FEFF 		bl	Pump_Startup
 219              	.LVL21:
  86:SystemController.c ****     Clock_TempSampling_Start();
ARM GAS  C:\Users\nico_\AppData\Local\Temp\ccnFPTLG.s 			page 8


 220              		.loc 1 86 0
 221 000e FFF7FEFF 		bl	Temp_sample_counter_Start
 222              	.LVL22:
  87:SystemController.c ****     isr_clock_StartEx(ISR_CLOCK_handler); 
 223              		.loc 1 87 0
 224 0012 FFF7FEFF 		bl	Clock_TempSampling_Start
 225              	.LVL23:
  88:SystemController.c ****     
 226              		.loc 1 88 0
 227 0016 0348     		ldr	r0, .L17
 228 0018 FFF7FEFF 		bl	isr_clock_StartEx
 229              	.LVL24:
  91:SystemController.c **** }
 230              		.loc 1 91 0
 231 001c FFF7FEFF 		bl	Turn_ON
 232              	.LVL25:
 233 0020 08BD     		pop	{r3, pc}
 234              	.L18:
 235 0022 00BF     		.align	2
 236              	.L17:
 237 0024 00000000 		.word	ISR_CLOCK_handler
 238              		.cfi_endproc
 239              	.LFE66:
 240              		.size	System_On, .-System_On
 241              		.section	.text.System_Off,"ax",%progbits
 242              		.align	2
 243              		.global	System_Off
 244              		.thumb
 245              		.thumb_func
 246              		.type	System_Off, %function
 247              	System_Off:
 248              	.LFB67:
  96:SystemController.c ****     //Stop the clock interrupt routine
 249              		.loc 1 96 0
 250              		.cfi_startproc
 251              		@ args = 0, pretend = 0, frame = 0
 252              		@ frame_needed = 0, uses_anonymous_args = 0
 253 0000 08B5     		push	{r3, lr}
 254              		.cfi_def_cfa_offset 8
 255              		.cfi_offset 3, -8
 256              		.cfi_offset 14, -4
  98:SystemController.c ****     
 257              		.loc 1 98 0
 258 0002 FFF7FEFF 		bl	isr_clock_Disable
 259              	.LVL26:
 101:SystemController.c ****     Clock_TempSampling_Stop();
 260              		.loc 1 101 0
 261 0006 FFF7FEFF 		bl	Temp_sample_counter_Stop
 262              	.LVL27:
 102:SystemController.c ****     
 263              		.loc 1 102 0
 264 000a FFF7FEFF 		bl	Clock_TempSampling_Stop
 265              	.LVL28:
 105:SystemController.c ****     
 266              		.loc 1 105 0
 267 000e FFF7FEFF 		bl	Pump_Shutdown
 268              	.LVL29:
ARM GAS  C:\Users\nico_\AppData\Local\Temp\ccnFPTLG.s 			page 9


 108:SystemController.c ****     
 269              		.loc 1 108 0
 270 0012 FFF7FEFF 		bl	Amplifier_Shutdown
 271              	.LVL30:
 111:SystemController.c ****     
 272              		.loc 1 111 0
 273 0016 FFF7FEFF 		bl	Turn_OFF
 274              	.LVL31:
 275 001a 08BD     		pop	{r3, pc}
 276              		.cfi_endproc
 277              	.LFE67:
 278              		.size	System_Off, .-System_Off
 279              		.section	.text.System_newState,"ax",%progbits
 280              		.align	2
 281              		.global	System_newState
 282              		.thumb
 283              		.thumb_func
 284              		.type	System_newState, %function
 285              	System_newState:
 286              	.LFB68:
 119:SystemController.c ****     Switch_State = switchstate;
 287              		.loc 1 119 0
 288              		.cfi_startproc
 289              		@ args = 0, pretend = 0, frame = 0
 290              		@ frame_needed = 0, uses_anonymous_args = 0
 291              	.LVL32:
 292 0000 08B5     		push	{r3, lr}
 293              		.cfi_def_cfa_offset 8
 294              		.cfi_offset 3, -8
 295              		.cfi_offset 14, -4
 120:SystemController.c ****     
 296              		.loc 1 120 0
 297 0002 044B     		ldr	r3, .L25
 298 0004 1870     		strb	r0, [r3]
 122:SystemController.c ****     {
 299              		.loc 1 122 0
 300 0006 10B1     		cbz	r0, .L22
 125:SystemController.c ****         
 301              		.loc 1 125 0
 302 0008 FFF7FEFF 		bl	System_On
 303              	.LVL33:
 304 000c 08BD     		pop	{r3, pc}
 305              	.LVL34:
 306              	.L22:
 130:SystemController.c ****     }
 307              		.loc 1 130 0
 308 000e FFF7FEFF 		bl	System_Off
 309              	.LVL35:
 310 0012 08BD     		pop	{r3, pc}
 311              	.L26:
 312              		.align	2
 313              	.L25:
 314 0014 00000000 		.word	Switch_State
 315              		.cfi_endproc
 316              	.LFE68:
 317              		.size	System_newState, .-System_newState
 318              		.comm	regu,4,4
ARM GAS  C:\Users\nico_\AppData\Local\Temp\ccnFPTLG.s 			page 10


 319              		.comm	last_regu,4,4
 320              		.global	ref_res
 321              		.comm	rtd_ratio,2,2
 322              		.comm	Switch_State,1,1
 323              		.data
 324              		.align	1
 325              		.set	.LANCHOR0,. + 0
 326              		.type	ref_res, %object
 327              		.size	ref_res, 2
 328              	ref_res:
 329 0000 CC10     		.short	4300
 330              		.section	.rodata.str1.4,"aMS",%progbits,1
 331              		.align	2
 332              	.LC0:
 333 0000 54656D70 		.ascii	"Temperature: %f\012\015\000"
 333      65726174 
 333      7572653A 
 333      2025660A 
 333      0D00
 334              		.text
 335              	.Letext0:
 336              		.file 2 "c:\\program files (x86)\\cypress\\psoc creator\\4.4\\psoc creator\\import\\gnu\\arm\\5.4.
 337              		.file 3 "c:\\program files (x86)\\cypress\\psoc creator\\4.4\\psoc creator\\import\\gnu\\arm\\5.4.
 338              		.file 4 "Generated_Source\\PSoC5/cytypes.h"
 339              		.file 5 "Generated_Source\\PSoC5/core_cm3.h"
 340              		.file 6 "Amplifier.h"
 341              		.file 7 "Temperature.h"
 342              		.file 8 "c:\\program files (x86)\\cypress\\psoc creator\\4.4\\psoc creator\\import\\gnu\\arm\\5.4.
 343              		.file 9 "Generated_Source\\PSoC5/UART_1.h"
 344              		.file 10 "Regulation.h"
 345              		.file 11 "PumpCtrl.h"
 346              		.file 12 "Generated_Source\\PSoC5/Temp_sample_counter.h"
 347              		.file 13 "switch.h"
 348              		.file 14 "Generated_Source\\PSoC5/Clock_TempSampling.h"
 349              		.file 15 "Generated_Source\\PSoC5/isr_clock.h"
 350              		.file 16 "LED.h"
 351              		.section	.debug_info,"",%progbits
 352              	.Ldebug_info0:
 353 0000 56040000 		.4byte	0x456
 354 0004 0400     		.2byte	0x4
 355 0006 00000000 		.4byte	.Ldebug_abbrev0
 356 000a 04       		.byte	0x4
 357 000b 01       		.uleb128 0x1
 358 000c 87010000 		.4byte	.LASF57
 359 0010 0C       		.byte	0xc
 360 0011 79030000 		.4byte	.LASF58
 361 0015 C8000000 		.4byte	.LASF59
 362 0019 00000000 		.4byte	.Ldebug_ranges0+0
 363 001d 00000000 		.4byte	0
 364 0021 00000000 		.4byte	.Ldebug_line0
 365 0025 02       		.uleb128 0x2
 366 0026 04       		.byte	0x4
 367 0027 04       		.byte	0x4
 368 0028 61010000 		.4byte	.LASF0
 369 002c 02       		.uleb128 0x2
 370 002d 01       		.byte	0x1
 371 002e 06       		.byte	0x6
ARM GAS  C:\Users\nico_\AppData\Local\Temp\ccnFPTLG.s 			page 11


 372 002f 28030000 		.4byte	.LASF1
 373 0033 02       		.uleb128 0x2
 374 0034 01       		.byte	0x1
 375 0035 08       		.byte	0x8
 376 0036 79010000 		.4byte	.LASF2
 377 003a 02       		.uleb128 0x2
 378 003b 02       		.byte	0x2
 379 003c 05       		.byte	0x5
 380 003d 64030000 		.4byte	.LASF3
 381 0041 02       		.uleb128 0x2
 382 0042 02       		.byte	0x2
 383 0043 07       		.byte	0x7
 384 0044 35020000 		.4byte	.LASF4
 385 0048 03       		.uleb128 0x3
 386 0049 7A000000 		.4byte	.LASF10
 387 004d 02       		.byte	0x2
 388 004e 3F       		.byte	0x3f
 389 004f 53000000 		.4byte	0x53
 390 0053 02       		.uleb128 0x2
 391 0054 04       		.byte	0x4
 392 0055 05       		.byte	0x5
 393 0056 A2030000 		.4byte	.LASF5
 394 005a 02       		.uleb128 0x2
 395 005b 04       		.byte	0x4
 396 005c 07       		.byte	0x7
 397 005d 15020000 		.4byte	.LASF6
 398 0061 02       		.uleb128 0x2
 399 0062 08       		.byte	0x8
 400 0063 05       		.byte	0x5
 401 0064 02030000 		.4byte	.LASF7
 402 0068 02       		.uleb128 0x2
 403 0069 08       		.byte	0x8
 404 006a 07       		.byte	0x7
 405 006b 00040000 		.4byte	.LASF8
 406 006f 04       		.uleb128 0x4
 407 0070 04       		.byte	0x4
 408 0071 05       		.byte	0x5
 409 0072 696E7400 		.ascii	"int\000"
 410 0076 02       		.uleb128 0x2
 411 0077 04       		.byte	0x4
 412 0078 07       		.byte	0x7
 413 0079 94020000 		.4byte	.LASF9
 414 007d 03       		.uleb128 0x3
 415 007e 59010000 		.4byte	.LASF11
 416 0082 03       		.byte	0x3
 417 0083 2C       		.byte	0x2c
 418 0084 48000000 		.4byte	0x48
 419 0088 05       		.uleb128 0x5
 420 0089 73030000 		.4byte	.LASF12
 421 008d 04       		.byte	0x4
 422 008e E901     		.2byte	0x1e9
 423 0090 33000000 		.4byte	0x33
 424 0094 05       		.uleb128 0x5
 425 0095 80020000 		.4byte	.LASF13
 426 0099 04       		.byte	0x4
 427 009a EA01     		.2byte	0x1ea
 428 009c 41000000 		.4byte	0x41
ARM GAS  C:\Users\nico_\AppData\Local\Temp\ccnFPTLG.s 			page 12


 429 00a0 02       		.uleb128 0x2
 430 00a1 08       		.byte	0x8
 431 00a2 04       		.byte	0x4
 432 00a3 5D020000 		.4byte	.LASF14
 433 00a7 02       		.uleb128 0x2
 434 00a8 01       		.byte	0x1
 435 00a9 08       		.byte	0x8
 436 00aa 10030000 		.4byte	.LASF15
 437 00ae 02       		.uleb128 0x2
 438 00af 08       		.byte	0x8
 439 00b0 04       		.byte	0x4
 440 00b1 AB030000 		.4byte	.LASF16
 441 00b5 02       		.uleb128 0x2
 442 00b6 04       		.byte	0x4
 443 00b7 07       		.byte	0x7
 444 00b8 F9020000 		.4byte	.LASF17
 445 00bc 06       		.uleb128 0x6
 446 00bd 17040000 		.4byte	.LASF23
 447 00c1 01       		.byte	0x1
 448 00c2 86       		.byte	0x86
 449 00c3 00000000 		.4byte	.LFB69
 450 00c7 6C000000 		.4byte	.LFE69-.LFB69
 451 00cb 01       		.uleb128 0x1
 452 00cc 9C       		.byte	0x9c
 453 00cd 6D010000 		.4byte	0x16d
 454 00d1 07       		.uleb128 0x7
 455 00d2 A1020000 		.4byte	.LASF18
 456 00d6 01       		.byte	0x1
 457 00d7 90       		.byte	0x90
 458 00d8 6D010000 		.4byte	0x16d
 459 00dc 02       		.uleb128 0x2
 460 00dd 91       		.byte	0x91
 461 00de 44       		.sleb128 -60
 462 00df 08       		.uleb128 0x8
 463 00e0 6F020000 		.4byte	.LASF19
 464 00e4 01       		.byte	0x1
 465 00e5 92       		.byte	0x92
 466 00e6 25000000 		.4byte	0x25
 467 00ea 00000000 		.4byte	.LLST0
 468 00ee 09       		.uleb128 0x9
 469 00ef 08000000 		.4byte	.LVL0
 470 00f3 3B030000 		.4byte	0x33b
 471 00f7 09       		.uleb128 0x9
 472 00f8 10000000 		.4byte	.LVL1
 473 00fc 46030000 		.4byte	0x346
 474 0100 09       		.uleb128 0x9
 475 0101 14000000 		.4byte	.LVL2
 476 0105 51030000 		.4byte	0x351
 477 0109 0A       		.uleb128 0xa
 478 010a 26000000 		.4byte	.LVL5
 479 010e 5C030000 		.4byte	0x35c
 480 0112 26010000 		.4byte	0x126
 481 0116 0B       		.uleb128 0xb
 482 0117 01       		.uleb128 0x1
 483 0118 50       		.byte	0x50
 484 0119 02       		.uleb128 0x2
 485 011a 91       		.byte	0x91
ARM GAS  C:\Users\nico_\AppData\Local\Temp\ccnFPTLG.s 			page 13


 486 011b 44       		.sleb128 -60
 487 011c 0B       		.uleb128 0xb
 488 011d 01       		.uleb128 0x1
 489 011e 51       		.byte	0x51
 490 011f 05       		.uleb128 0x5
 491 0120 03       		.byte	0x3
 492 0121 00000000 		.4byte	.LC0
 493 0125 00       		.byte	0
 494 0126 0A       		.uleb128 0xa
 495 0127 2C000000 		.4byte	.LVL6
 496 012b 67030000 		.4byte	0x367
 497 012f 3A010000 		.4byte	0x13a
 498 0133 0B       		.uleb128 0xb
 499 0134 01       		.uleb128 0x1
 500 0135 50       		.byte	0x50
 501 0136 02       		.uleb128 0x2
 502 0137 91       		.byte	0x91
 503 0138 44       		.sleb128 -60
 504 0139 00       		.byte	0
 505 013a 0A       		.uleb128 0xa
 506 013b 32000000 		.4byte	.LVL7
 507 013f 72030000 		.4byte	0x372
 508 0143 4F010000 		.4byte	0x14f
 509 0147 0B       		.uleb128 0xb
 510 0148 01       		.uleb128 0x1
 511 0149 50       		.byte	0x50
 512 014a 03       		.uleb128 0x3
 513 014b F5       		.byte	0xf5
 514 014c 04       		.uleb128 0x4
 515 014d 25       		.uleb128 0x25
 516 014e 00       		.byte	0
 517 014f 0A       		.uleb128 0xa
 518 0150 4C000000 		.4byte	.LVL11
 519 0154 7D030000 		.4byte	0x37d
 520 0158 63010000 		.4byte	0x163
 521 015c 0B       		.uleb128 0xb
 522 015d 01       		.uleb128 0x1
 523 015e 50       		.byte	0x50
 524 015f 02       		.uleb128 0x2
 525 0160 74       		.byte	0x74
 526 0161 00       		.sleb128 0
 527 0162 00       		.byte	0
 528 0163 09       		.uleb128 0x9
 529 0164 58000000 		.4byte	.LVL12
 530 0168 88030000 		.4byte	0x388
 531 016c 00       		.byte	0
 532 016d 0C       		.uleb128 0xc
 533 016e A7000000 		.4byte	0xa7
 534 0172 7D010000 		.4byte	0x17d
 535 0176 0D       		.uleb128 0xd
 536 0177 B5000000 		.4byte	0xb5
 537 017b 31       		.byte	0x31
 538 017c 00       		.byte	0
 539 017d 0E       		.uleb128 0xe
 540 017e 3D030000 		.4byte	.LASF20
 541 0182 01       		.byte	0x1
 542 0183 2F       		.byte	0x2f
ARM GAS  C:\Users\nico_\AppData\Local\Temp\ccnFPTLG.s 			page 14


 543 0184 00000000 		.4byte	.LFB65
 544 0188 3C000000 		.4byte	.LFE65-.LFB65
 545 018c 01       		.uleb128 0x1
 546 018d 9C       		.byte	0x9c
 547 018e C9010000 		.4byte	0x1c9
 548 0192 09       		.uleb128 0x9
 549 0193 14000000 		.4byte	.LVL13
 550 0197 93030000 		.4byte	0x393
 551 019b 09       		.uleb128 0x9
 552 019c 18000000 		.4byte	.LVL14
 553 01a0 9E030000 		.4byte	0x39e
 554 01a4 09       		.uleb128 0x9
 555 01a5 1C000000 		.4byte	.LVL15
 556 01a9 A9030000 		.4byte	0x3a9
 557 01ad 09       		.uleb128 0x9
 558 01ae 20000000 		.4byte	.LVL16
 559 01b2 B4030000 		.4byte	0x3b4
 560 01b6 09       		.uleb128 0x9
 561 01b7 28000000 		.4byte	.LVL17
 562 01bb BF030000 		.4byte	0x3bf
 563 01bf 09       		.uleb128 0x9
 564 01c0 2C000000 		.4byte	.LVL18
 565 01c4 CA030000 		.4byte	0x3ca
 566 01c8 00       		.byte	0
 567 01c9 0F       		.uleb128 0xf
 568 01ca 7B020000 		.4byte	.LASF60
 569 01ce 01       		.byte	0x1
 570 01cf 1E       		.byte	0x1e
 571 01d0 6F000000 		.4byte	0x6f
 572 01d4 00000000 		.4byte	.LFB64
 573 01d8 08000000 		.4byte	.LFE64-.LFB64
 574 01dc 01       		.uleb128 0x1
 575 01dd 9C       		.byte	0x9c
 576 01de EC010000 		.4byte	0x1ec
 577 01e2 09       		.uleb128 0x9
 578 01e3 06000000 		.4byte	.LVL19
 579 01e7 7D010000 		.4byte	0x17d
 580 01eb 00       		.byte	0
 581 01ec 0E       		.uleb128 0xe
 582 01ed 5E000000 		.4byte	.LASF21
 583 01f1 01       		.byte	0x1
 584 01f2 4D       		.byte	0x4d
 585 01f3 00000000 		.4byte	.LFB66
 586 01f7 28000000 		.4byte	.LFE66-.LFB66
 587 01fb 01       		.uleb128 0x1
 588 01fc 9C       		.byte	0x9c
 589 01fd 52020000 		.4byte	0x252
 590 0201 09       		.uleb128 0x9
 591 0202 06000000 		.4byte	.LVL20
 592 0206 D5030000 		.4byte	0x3d5
 593 020a 0A       		.uleb128 0xa
 594 020b 0E000000 		.4byte	.LVL21
 595 020f E0030000 		.4byte	0x3e0
 596 0213 1F020000 		.4byte	0x21f
 597 0217 0B       		.uleb128 0xb
 598 0218 01       		.uleb128 0x1
 599 0219 50       		.byte	0x50
ARM GAS  C:\Users\nico_\AppData\Local\Temp\ccnFPTLG.s 			page 15


 600 021a 03       		.uleb128 0x3
 601 021b 0A       		.byte	0xa
 602 021c C409     		.2byte	0x9c4
 603 021e 00       		.byte	0
 604 021f 09       		.uleb128 0x9
 605 0220 12000000 		.4byte	.LVL22
 606 0224 EB030000 		.4byte	0x3eb
 607 0228 09       		.uleb128 0x9
 608 0229 16000000 		.4byte	.LVL23
 609 022d F6030000 		.4byte	0x3f6
 610 0231 0A       		.uleb128 0xa
 611 0232 1C000000 		.4byte	.LVL24
 612 0236 01040000 		.4byte	0x401
 613 023a 48020000 		.4byte	0x248
 614 023e 0B       		.uleb128 0xb
 615 023f 01       		.uleb128 0x1
 616 0240 50       		.byte	0x50
 617 0241 05       		.uleb128 0x5
 618 0242 03       		.byte	0x3
 619 0243 00000000 		.4byte	ISR_CLOCK_handler
 620 0247 00       		.byte	0
 621 0248 09       		.uleb128 0x9
 622 0249 20000000 		.4byte	.LVL25
 623 024d 0C040000 		.4byte	0x40c
 624 0251 00       		.byte	0
 625 0252 0E       		.uleb128 0xe
 626 0253 B7030000 		.4byte	.LASF22
 627 0257 01       		.byte	0x1
 628 0258 5F       		.byte	0x5f
 629 0259 00000000 		.4byte	.LFB67
 630 025d 1C000000 		.4byte	.LFE67-.LFB67
 631 0261 01       		.uleb128 0x1
 632 0262 9C       		.byte	0x9c
 633 0263 9E020000 		.4byte	0x29e
 634 0267 09       		.uleb128 0x9
 635 0268 06000000 		.4byte	.LVL26
 636 026c 17040000 		.4byte	0x417
 637 0270 09       		.uleb128 0x9
 638 0271 0A000000 		.4byte	.LVL27
 639 0275 22040000 		.4byte	0x422
 640 0279 09       		.uleb128 0x9
 641 027a 0E000000 		.4byte	.LVL28
 642 027e 2D040000 		.4byte	0x42d
 643 0282 09       		.uleb128 0x9
 644 0283 12000000 		.4byte	.LVL29
 645 0287 38040000 		.4byte	0x438
 646 028b 09       		.uleb128 0x9
 647 028c 16000000 		.4byte	.LVL30
 648 0290 43040000 		.4byte	0x443
 649 0294 09       		.uleb128 0x9
 650 0295 1A000000 		.4byte	.LVL31
 651 0299 4E040000 		.4byte	0x44e
 652 029d 00       		.byte	0
 653 029e 10       		.uleb128 0x10
 654 029f 3E010000 		.4byte	.LASF24
 655 02a3 01       		.byte	0x1
 656 02a4 76       		.byte	0x76
ARM GAS  C:\Users\nico_\AppData\Local\Temp\ccnFPTLG.s 			page 16


 657 02a5 00000000 		.4byte	.LFB68
 658 02a9 18000000 		.4byte	.LFE68-.LFB68
 659 02ad 01       		.uleb128 0x1
 660 02ae 9C       		.byte	0x9c
 661 02af D5020000 		.4byte	0x2d5
 662 02b3 11       		.uleb128 0x11
 663 02b4 2B000000 		.4byte	.LASF61
 664 02b8 01       		.byte	0x1
 665 02b9 76       		.byte	0x76
 666 02ba 88000000 		.4byte	0x88
 667 02be 1E000000 		.4byte	.LLST1
 668 02c2 09       		.uleb128 0x9
 669 02c3 0C000000 		.4byte	.LVL33
 670 02c7 EC010000 		.4byte	0x1ec
 671 02cb 09       		.uleb128 0x9
 672 02cc 12000000 		.4byte	.LVL35
 673 02d0 52020000 		.4byte	0x252
 674 02d4 00       		.byte	0
 675 02d5 12       		.uleb128 0x12
 676 02d6 50020000 		.4byte	.LASF25
 677 02da 05       		.byte	0x5
 678 02db 1207     		.2byte	0x712
 679 02dd E1020000 		.4byte	0x2e1
 680 02e1 13       		.uleb128 0x13
 681 02e2 7D000000 		.4byte	0x7d
 682 02e6 14       		.uleb128 0x14
 683 02e7 DB020000 		.4byte	.LASF26
 684 02eb 01       		.byte	0x1
 685 02ec 17       		.byte	0x17
 686 02ed 88000000 		.4byte	0x88
 687 02f1 05       		.uleb128 0x5
 688 02f2 03       		.byte	0x3
 689 02f3 00000000 		.4byte	Switch_State
 690 02f7 14       		.uleb128 0x14
 691 02f8 9D000000 		.4byte	.LASF27
 692 02fc 01       		.byte	0x1
 693 02fd 18       		.byte	0x18
 694 02fe 94000000 		.4byte	0x94
 695 0302 05       		.uleb128 0x5
 696 0303 03       		.byte	0x3
 697 0304 00000000 		.4byte	rtd_ratio
 698 0308 14       		.uleb128 0x14
 699 0309 9A030000 		.4byte	.LASF28
 700 030d 01       		.byte	0x1
 701 030e 19       		.byte	0x19
 702 030f 94000000 		.4byte	0x94
 703 0313 05       		.uleb128 0x5
 704 0314 03       		.byte	0x3
 705 0315 00000000 		.4byte	ref_res
 706 0319 14       		.uleb128 0x14
 707 031a B2020000 		.4byte	.LASF29
 708 031e 01       		.byte	0x1
 709 031f 1A       		.byte	0x1a
 710 0320 25000000 		.4byte	0x25
 711 0324 05       		.uleb128 0x5
 712 0325 03       		.byte	0x3
 713 0326 00000000 		.4byte	last_regu
ARM GAS  C:\Users\nico_\AppData\Local\Temp\ccnFPTLG.s 			page 17


 714 032a 14       		.uleb128 0x14
 715 032b 6E030000 		.4byte	.LASF30
 716 032f 01       		.byte	0x1
 717 0330 1B       		.byte	0x1b
 718 0331 25000000 		.4byte	0x25
 719 0335 05       		.uleb128 0x5
 720 0336 03       		.byte	0x3
 721 0337 00000000 		.4byte	regu
 722 033b 15       		.uleb128 0x15
 723 033c A6020000 		.4byte	.LASF31
 724 0340 A6020000 		.4byte	.LASF31
 725 0344 06       		.byte	0x6
 726 0345 16       		.byte	0x16
 727 0346 15       		.uleb128 0x15
 728 0347 B9000000 		.4byte	.LASF32
 729 034b B9000000 		.4byte	.LASF32
 730 034f 07       		.byte	0x7
 731 0350 13       		.byte	0x13
 732 0351 15       		.uleb128 0x15
 733 0352 BC020000 		.4byte	.LASF33
 734 0356 BC020000 		.4byte	.LASF33
 735 035a 07       		.byte	0x7
 736 035b 12       		.byte	0x12
 737 035c 15       		.uleb128 0x15
 738 035d F8030000 		.4byte	.LASF34
 739 0361 F8030000 		.4byte	.LASF34
 740 0365 08       		.byte	0x8
 741 0366 E7       		.byte	0xe7
 742 0367 15       		.uleb128 0x15
 743 0368 E7030000 		.4byte	.LASF35
 744 036c E7030000 		.4byte	.LASF35
 745 0370 09       		.byte	0x9
 746 0371 8B       		.byte	0x8b
 747 0372 15       		.uleb128 0x15
 748 0373 4E010000 		.4byte	.LASF36
 749 0377 4E010000 		.4byte	.LASF36
 750 037b 0A       		.byte	0xa
 751 037c 0F       		.byte	0xf
 752 037d 15       		.uleb128 0x15
 753 037e 8C030000 		.4byte	.LASF37
 754 0382 8C030000 		.4byte	.LASF37
 755 0386 0B       		.byte	0xb
 756 0387 1A       		.byte	0x1a
 757 0388 15       		.uleb128 0x15
 758 0389 37000000 		.4byte	.LASF38
 759 038d 37000000 		.4byte	.LASF38
 760 0391 0C       		.byte	0xc
 761 0392 52       		.byte	0x52
 762 0393 15       		.uleb128 0x15
 763 0394 29040000 		.4byte	.LASF39
 764 0398 29040000 		.4byte	.LASF39
 765 039c 09       		.byte	0x9
 766 039d 54       		.byte	0x54
 767 039e 15       		.uleb128 0x15
 768 039f DA030000 		.4byte	.LASF40
 769 03a3 DA030000 		.4byte	.LASF40
 770 03a7 0D       		.byte	0xd
ARM GAS  C:\Users\nico_\AppData\Local\Temp\ccnFPTLG.s 			page 18


 771 03a8 13       		.byte	0x13
 772 03a9 15       		.uleb128 0x15
 773 03aa 64020000 		.4byte	.LASF41
 774 03ae 64020000 		.4byte	.LASF41
 775 03b2 0B       		.byte	0xb
 776 03b3 15       		.byte	0x15
 777 03b4 15       		.uleb128 0x15
 778 03b5 CB020000 		.4byte	.LASF42
 779 03b9 CB020000 		.4byte	.LASF42
 780 03bd 06       		.byte	0x6
 781 03be 13       		.byte	0x13
 782 03bf 15       		.uleb128 0x15
 783 03c0 67010000 		.4byte	.LASF43
 784 03c4 67010000 		.4byte	.LASF43
 785 03c8 07       		.byte	0x7
 786 03c9 14       		.byte	0x14
 787 03ca 15       		.uleb128 0x15
 788 03cb E8020000 		.4byte	.LASF44
 789 03cf E8020000 		.4byte	.LASF44
 790 03d3 0A       		.byte	0xa
 791 03d4 10       		.byte	0x10
 792 03d5 15       		.uleb128 0x15
 793 03d6 68000000 		.4byte	.LASF45
 794 03da 68000000 		.4byte	.LASF45
 795 03de 06       		.byte	0x6
 796 03df 15       		.byte	0x15
 797 03e0 15       		.uleb128 0x15
 798 03e1 87020000 		.4byte	.LASF46
 799 03e5 87020000 		.4byte	.LASF46
 800 03e9 0B       		.byte	0xb
 801 03ea 17       		.byte	0x17
 802 03eb 15       		.uleb128 0x15
 803 03ec 4A030000 		.4byte	.LASF47
 804 03f0 4A030000 		.4byte	.LASF47
 805 03f4 0C       		.byte	0xc
 806 03f5 4F       		.byte	0x4f
 807 03f6 15       		.uleb128 0x15
 808 03f7 12000000 		.4byte	.LASF48
 809 03fb 12000000 		.4byte	.LASF48
 810 03ff 0E       		.byte	0xe
 811 0400 27       		.byte	0x27
 812 0401 15       		.uleb128 0x15
 813 0402 00000000 		.4byte	.LASF49
 814 0406 00000000 		.4byte	.LASF49
 815 040a 0F       		.byte	0xf
 816 040b 18       		.byte	0x18
 817 040c 15       		.uleb128 0x15
 818 040d 48020000 		.4byte	.LASF50
 819 0411 48020000 		.4byte	.LASF50
 820 0415 10       		.byte	0x10
 821 0416 0F       		.byte	0xf
 822 0417 15       		.uleb128 0x15
 823 0418 A7000000 		.4byte	.LASF51
 824 041c A7000000 		.4byte	.LASF51
 825 0420 0F       		.byte	0xf
 826 0421 25       		.byte	0x25
 827 0422 15       		.uleb128 0x15
ARM GAS  C:\Users\nico_\AppData\Local\Temp\ccnFPTLG.s 			page 19


 828 0423 84000000 		.4byte	.LASF52
 829 0427 84000000 		.4byte	.LASF52
 830 042b 0C       		.byte	0xc
 831 042c 50       		.byte	0x50
 832 042d 15       		.uleb128 0x15
 833 042e C2030000 		.4byte	.LASF53
 834 0432 C2030000 		.4byte	.LASF53
 835 0436 0E       		.byte	0xe
 836 0437 28       		.byte	0x28
 837 0438 15       		.uleb128 0x15
 838 0439 27020000 		.4byte	.LASF54
 839 043d 27020000 		.4byte	.LASF54
 840 0441 0B       		.byte	0xb
 841 0442 16       		.byte	0x16
 842 0443 15       		.uleb128 0x15
 843 0444 15030000 		.4byte	.LASF55
 844 0448 15030000 		.4byte	.LASF55
 845 044c 06       		.byte	0x6
 846 044d 14       		.byte	0x14
 847 044e 15       		.uleb128 0x15
 848 044f 34030000 		.4byte	.LASF56
 849 0453 34030000 		.4byte	.LASF56
 850 0457 10       		.byte	0x10
 851 0458 10       		.byte	0x10
 852 0459 00       		.byte	0
 853              		.section	.debug_abbrev,"",%progbits
 854              	.Ldebug_abbrev0:
 855 0000 01       		.uleb128 0x1
 856 0001 11       		.uleb128 0x11
 857 0002 01       		.byte	0x1
 858 0003 25       		.uleb128 0x25
 859 0004 0E       		.uleb128 0xe
 860 0005 13       		.uleb128 0x13
 861 0006 0B       		.uleb128 0xb
 862 0007 03       		.uleb128 0x3
 863 0008 0E       		.uleb128 0xe
 864 0009 1B       		.uleb128 0x1b
 865 000a 0E       		.uleb128 0xe
 866 000b 55       		.uleb128 0x55
 867 000c 17       		.uleb128 0x17
 868 000d 11       		.uleb128 0x11
 869 000e 01       		.uleb128 0x1
 870 000f 10       		.uleb128 0x10
 871 0010 17       		.uleb128 0x17
 872 0011 00       		.byte	0
 873 0012 00       		.byte	0
 874 0013 02       		.uleb128 0x2
 875 0014 24       		.uleb128 0x24
 876 0015 00       		.byte	0
 877 0016 0B       		.uleb128 0xb
 878 0017 0B       		.uleb128 0xb
 879 0018 3E       		.uleb128 0x3e
 880 0019 0B       		.uleb128 0xb
 881 001a 03       		.uleb128 0x3
 882 001b 0E       		.uleb128 0xe
 883 001c 00       		.byte	0
 884 001d 00       		.byte	0
ARM GAS  C:\Users\nico_\AppData\Local\Temp\ccnFPTLG.s 			page 20


 885 001e 03       		.uleb128 0x3
 886 001f 16       		.uleb128 0x16
 887 0020 00       		.byte	0
 888 0021 03       		.uleb128 0x3
 889 0022 0E       		.uleb128 0xe
 890 0023 3A       		.uleb128 0x3a
 891 0024 0B       		.uleb128 0xb
 892 0025 3B       		.uleb128 0x3b
 893 0026 0B       		.uleb128 0xb
 894 0027 49       		.uleb128 0x49
 895 0028 13       		.uleb128 0x13
 896 0029 00       		.byte	0
 897 002a 00       		.byte	0
 898 002b 04       		.uleb128 0x4
 899 002c 24       		.uleb128 0x24
 900 002d 00       		.byte	0
 901 002e 0B       		.uleb128 0xb
 902 002f 0B       		.uleb128 0xb
 903 0030 3E       		.uleb128 0x3e
 904 0031 0B       		.uleb128 0xb
 905 0032 03       		.uleb128 0x3
 906 0033 08       		.uleb128 0x8
 907 0034 00       		.byte	0
 908 0035 00       		.byte	0
 909 0036 05       		.uleb128 0x5
 910 0037 16       		.uleb128 0x16
 911 0038 00       		.byte	0
 912 0039 03       		.uleb128 0x3
 913 003a 0E       		.uleb128 0xe
 914 003b 3A       		.uleb128 0x3a
 915 003c 0B       		.uleb128 0xb
 916 003d 3B       		.uleb128 0x3b
 917 003e 05       		.uleb128 0x5
 918 003f 49       		.uleb128 0x49
 919 0040 13       		.uleb128 0x13
 920 0041 00       		.byte	0
 921 0042 00       		.byte	0
 922 0043 06       		.uleb128 0x6
 923 0044 2E       		.uleb128 0x2e
 924 0045 01       		.byte	0x1
 925 0046 3F       		.uleb128 0x3f
 926 0047 19       		.uleb128 0x19
 927 0048 03       		.uleb128 0x3
 928 0049 0E       		.uleb128 0xe
 929 004a 3A       		.uleb128 0x3a
 930 004b 0B       		.uleb128 0xb
 931 004c 3B       		.uleb128 0x3b
 932 004d 0B       		.uleb128 0xb
 933 004e 27       		.uleb128 0x27
 934 004f 19       		.uleb128 0x19
 935 0050 11       		.uleb128 0x11
 936 0051 01       		.uleb128 0x1
 937 0052 12       		.uleb128 0x12
 938 0053 06       		.uleb128 0x6
 939 0054 40       		.uleb128 0x40
 940 0055 18       		.uleb128 0x18
 941 0056 9642     		.uleb128 0x2116
ARM GAS  C:\Users\nico_\AppData\Local\Temp\ccnFPTLG.s 			page 21


 942 0058 19       		.uleb128 0x19
 943 0059 01       		.uleb128 0x1
 944 005a 13       		.uleb128 0x13
 945 005b 00       		.byte	0
 946 005c 00       		.byte	0
 947 005d 07       		.uleb128 0x7
 948 005e 34       		.uleb128 0x34
 949 005f 00       		.byte	0
 950 0060 03       		.uleb128 0x3
 951 0061 0E       		.uleb128 0xe
 952 0062 3A       		.uleb128 0x3a
 953 0063 0B       		.uleb128 0xb
 954 0064 3B       		.uleb128 0x3b
 955 0065 0B       		.uleb128 0xb
 956 0066 49       		.uleb128 0x49
 957 0067 13       		.uleb128 0x13
 958 0068 02       		.uleb128 0x2
 959 0069 18       		.uleb128 0x18
 960 006a 00       		.byte	0
 961 006b 00       		.byte	0
 962 006c 08       		.uleb128 0x8
 963 006d 34       		.uleb128 0x34
 964 006e 00       		.byte	0
 965 006f 03       		.uleb128 0x3
 966 0070 0E       		.uleb128 0xe
 967 0071 3A       		.uleb128 0x3a
 968 0072 0B       		.uleb128 0xb
 969 0073 3B       		.uleb128 0x3b
 970 0074 0B       		.uleb128 0xb
 971 0075 49       		.uleb128 0x49
 972 0076 13       		.uleb128 0x13
 973 0077 02       		.uleb128 0x2
 974 0078 17       		.uleb128 0x17
 975 0079 00       		.byte	0
 976 007a 00       		.byte	0
 977 007b 09       		.uleb128 0x9
 978 007c 898201   		.uleb128 0x4109
 979 007f 00       		.byte	0
 980 0080 11       		.uleb128 0x11
 981 0081 01       		.uleb128 0x1
 982 0082 31       		.uleb128 0x31
 983 0083 13       		.uleb128 0x13
 984 0084 00       		.byte	0
 985 0085 00       		.byte	0
 986 0086 0A       		.uleb128 0xa
 987 0087 898201   		.uleb128 0x4109
 988 008a 01       		.byte	0x1
 989 008b 11       		.uleb128 0x11
 990 008c 01       		.uleb128 0x1
 991 008d 31       		.uleb128 0x31
 992 008e 13       		.uleb128 0x13
 993 008f 01       		.uleb128 0x1
 994 0090 13       		.uleb128 0x13
 995 0091 00       		.byte	0
 996 0092 00       		.byte	0
 997 0093 0B       		.uleb128 0xb
 998 0094 8A8201   		.uleb128 0x410a
ARM GAS  C:\Users\nico_\AppData\Local\Temp\ccnFPTLG.s 			page 22


 999 0097 00       		.byte	0
 1000 0098 02       		.uleb128 0x2
 1001 0099 18       		.uleb128 0x18
 1002 009a 9142     		.uleb128 0x2111
 1003 009c 18       		.uleb128 0x18
 1004 009d 00       		.byte	0
 1005 009e 00       		.byte	0
 1006 009f 0C       		.uleb128 0xc
 1007 00a0 01       		.uleb128 0x1
 1008 00a1 01       		.byte	0x1
 1009 00a2 49       		.uleb128 0x49
 1010 00a3 13       		.uleb128 0x13
 1011 00a4 01       		.uleb128 0x1
 1012 00a5 13       		.uleb128 0x13
 1013 00a6 00       		.byte	0
 1014 00a7 00       		.byte	0
 1015 00a8 0D       		.uleb128 0xd
 1016 00a9 21       		.uleb128 0x21
 1017 00aa 00       		.byte	0
 1018 00ab 49       		.uleb128 0x49
 1019 00ac 13       		.uleb128 0x13
 1020 00ad 2F       		.uleb128 0x2f
 1021 00ae 0B       		.uleb128 0xb
 1022 00af 00       		.byte	0
 1023 00b0 00       		.byte	0
 1024 00b1 0E       		.uleb128 0xe
 1025 00b2 2E       		.uleb128 0x2e
 1026 00b3 01       		.byte	0x1
 1027 00b4 3F       		.uleb128 0x3f
 1028 00b5 19       		.uleb128 0x19
 1029 00b6 03       		.uleb128 0x3
 1030 00b7 0E       		.uleb128 0xe
 1031 00b8 3A       		.uleb128 0x3a
 1032 00b9 0B       		.uleb128 0xb
 1033 00ba 3B       		.uleb128 0x3b
 1034 00bb 0B       		.uleb128 0xb
 1035 00bc 11       		.uleb128 0x11
 1036 00bd 01       		.uleb128 0x1
 1037 00be 12       		.uleb128 0x12
 1038 00bf 06       		.uleb128 0x6
 1039 00c0 40       		.uleb128 0x40
 1040 00c1 18       		.uleb128 0x18
 1041 00c2 9742     		.uleb128 0x2117
 1042 00c4 19       		.uleb128 0x19
 1043 00c5 01       		.uleb128 0x1
 1044 00c6 13       		.uleb128 0x13
 1045 00c7 00       		.byte	0
 1046 00c8 00       		.byte	0
 1047 00c9 0F       		.uleb128 0xf
 1048 00ca 2E       		.uleb128 0x2e
 1049 00cb 01       		.byte	0x1
 1050 00cc 3F       		.uleb128 0x3f
 1051 00cd 19       		.uleb128 0x19
 1052 00ce 03       		.uleb128 0x3
 1053 00cf 0E       		.uleb128 0xe
 1054 00d0 3A       		.uleb128 0x3a
 1055 00d1 0B       		.uleb128 0xb
ARM GAS  C:\Users\nico_\AppData\Local\Temp\ccnFPTLG.s 			page 23


 1056 00d2 3B       		.uleb128 0x3b
 1057 00d3 0B       		.uleb128 0xb
 1058 00d4 27       		.uleb128 0x27
 1059 00d5 19       		.uleb128 0x19
 1060 00d6 49       		.uleb128 0x49
 1061 00d7 13       		.uleb128 0x13
 1062 00d8 8701     		.uleb128 0x87
 1063 00da 19       		.uleb128 0x19
 1064 00db 11       		.uleb128 0x11
 1065 00dc 01       		.uleb128 0x1
 1066 00dd 12       		.uleb128 0x12
 1067 00de 06       		.uleb128 0x6
 1068 00df 40       		.uleb128 0x40
 1069 00e0 18       		.uleb128 0x18
 1070 00e1 9742     		.uleb128 0x2117
 1071 00e3 19       		.uleb128 0x19
 1072 00e4 01       		.uleb128 0x1
 1073 00e5 13       		.uleb128 0x13
 1074 00e6 00       		.byte	0
 1075 00e7 00       		.byte	0
 1076 00e8 10       		.uleb128 0x10
 1077 00e9 2E       		.uleb128 0x2e
 1078 00ea 01       		.byte	0x1
 1079 00eb 3F       		.uleb128 0x3f
 1080 00ec 19       		.uleb128 0x19
 1081 00ed 03       		.uleb128 0x3
 1082 00ee 0E       		.uleb128 0xe
 1083 00ef 3A       		.uleb128 0x3a
 1084 00f0 0B       		.uleb128 0xb
 1085 00f1 3B       		.uleb128 0x3b
 1086 00f2 0B       		.uleb128 0xb
 1087 00f3 27       		.uleb128 0x27
 1088 00f4 19       		.uleb128 0x19
 1089 00f5 11       		.uleb128 0x11
 1090 00f6 01       		.uleb128 0x1
 1091 00f7 12       		.uleb128 0x12
 1092 00f8 06       		.uleb128 0x6
 1093 00f9 40       		.uleb128 0x40
 1094 00fa 18       		.uleb128 0x18
 1095 00fb 9742     		.uleb128 0x2117
 1096 00fd 19       		.uleb128 0x19
 1097 00fe 01       		.uleb128 0x1
 1098 00ff 13       		.uleb128 0x13
 1099 0100 00       		.byte	0
 1100 0101 00       		.byte	0
 1101 0102 11       		.uleb128 0x11
 1102 0103 05       		.uleb128 0x5
 1103 0104 00       		.byte	0
 1104 0105 03       		.uleb128 0x3
 1105 0106 0E       		.uleb128 0xe
 1106 0107 3A       		.uleb128 0x3a
 1107 0108 0B       		.uleb128 0xb
 1108 0109 3B       		.uleb128 0x3b
 1109 010a 0B       		.uleb128 0xb
 1110 010b 49       		.uleb128 0x49
 1111 010c 13       		.uleb128 0x13
 1112 010d 02       		.uleb128 0x2
ARM GAS  C:\Users\nico_\AppData\Local\Temp\ccnFPTLG.s 			page 24


 1113 010e 17       		.uleb128 0x17
 1114 010f 00       		.byte	0
 1115 0110 00       		.byte	0
 1116 0111 12       		.uleb128 0x12
 1117 0112 34       		.uleb128 0x34
 1118 0113 00       		.byte	0
 1119 0114 03       		.uleb128 0x3
 1120 0115 0E       		.uleb128 0xe
 1121 0116 3A       		.uleb128 0x3a
 1122 0117 0B       		.uleb128 0xb
 1123 0118 3B       		.uleb128 0x3b
 1124 0119 05       		.uleb128 0x5
 1125 011a 49       		.uleb128 0x49
 1126 011b 13       		.uleb128 0x13
 1127 011c 3F       		.uleb128 0x3f
 1128 011d 19       		.uleb128 0x19
 1129 011e 3C       		.uleb128 0x3c
 1130 011f 19       		.uleb128 0x19
 1131 0120 00       		.byte	0
 1132 0121 00       		.byte	0
 1133 0122 13       		.uleb128 0x13
 1134 0123 35       		.uleb128 0x35
 1135 0124 00       		.byte	0
 1136 0125 49       		.uleb128 0x49
 1137 0126 13       		.uleb128 0x13
 1138 0127 00       		.byte	0
 1139 0128 00       		.byte	0
 1140 0129 14       		.uleb128 0x14
 1141 012a 34       		.uleb128 0x34
 1142 012b 00       		.byte	0
 1143 012c 03       		.uleb128 0x3
 1144 012d 0E       		.uleb128 0xe
 1145 012e 3A       		.uleb128 0x3a
 1146 012f 0B       		.uleb128 0xb
 1147 0130 3B       		.uleb128 0x3b
 1148 0131 0B       		.uleb128 0xb
 1149 0132 49       		.uleb128 0x49
 1150 0133 13       		.uleb128 0x13
 1151 0134 3F       		.uleb128 0x3f
 1152 0135 19       		.uleb128 0x19
 1153 0136 02       		.uleb128 0x2
 1154 0137 18       		.uleb128 0x18
 1155 0138 00       		.byte	0
 1156 0139 00       		.byte	0
 1157 013a 15       		.uleb128 0x15
 1158 013b 2E       		.uleb128 0x2e
 1159 013c 00       		.byte	0
 1160 013d 3F       		.uleb128 0x3f
 1161 013e 19       		.uleb128 0x19
 1162 013f 3C       		.uleb128 0x3c
 1163 0140 19       		.uleb128 0x19
 1164 0141 6E       		.uleb128 0x6e
 1165 0142 0E       		.uleb128 0xe
 1166 0143 03       		.uleb128 0x3
 1167 0144 0E       		.uleb128 0xe
 1168 0145 3A       		.uleb128 0x3a
 1169 0146 0B       		.uleb128 0xb
ARM GAS  C:\Users\nico_\AppData\Local\Temp\ccnFPTLG.s 			page 25


 1170 0147 3B       		.uleb128 0x3b
 1171 0148 0B       		.uleb128 0xb
 1172 0149 00       		.byte	0
 1173 014a 00       		.byte	0
 1174 014b 00       		.byte	0
 1175              		.section	.debug_loc,"",%progbits
 1176              	.Ldebug_loc0:
 1177              	.LLST0:
 1178 0000 16000000 		.4byte	.LVL3
 1179 0004 19000000 		.4byte	.LVL4-1
 1180 0008 0100     		.2byte	0x1
 1181 000a 50       		.byte	0x50
 1182 000b 19000000 		.4byte	.LVL4-1
 1183 000f 34000000 		.4byte	.LVL8
 1184 0013 0100     		.2byte	0x1
 1185 0015 54       		.byte	0x54
 1186 0016 00000000 		.4byte	0
 1187 001a 00000000 		.4byte	0
 1188              	.LLST1:
 1189 001e 00000000 		.4byte	.LVL32
 1190 0022 0B000000 		.4byte	.LVL33-1
 1191 0026 0100     		.2byte	0x1
 1192 0028 50       		.byte	0x50
 1193 0029 0B000000 		.4byte	.LVL33-1
 1194 002d 0E000000 		.4byte	.LVL34
 1195 0031 0400     		.2byte	0x4
 1196 0033 F3       		.byte	0xf3
 1197 0034 01       		.uleb128 0x1
 1198 0035 50       		.byte	0x50
 1199 0036 9F       		.byte	0x9f
 1200 0037 0E000000 		.4byte	.LVL34
 1201 003b 11000000 		.4byte	.LVL35-1
 1202 003f 0100     		.2byte	0x1
 1203 0041 50       		.byte	0x50
 1204 0042 11000000 		.4byte	.LVL35-1
 1205 0046 18000000 		.4byte	.LFE68
 1206 004a 0400     		.2byte	0x4
 1207 004c F3       		.byte	0xf3
 1208 004d 01       		.uleb128 0x1
 1209 004e 50       		.byte	0x50
 1210 004f 9F       		.byte	0x9f
 1211 0050 00000000 		.4byte	0
 1212 0054 00000000 		.4byte	0
 1213              		.section	.debug_aranges,"",%progbits
 1214 0000 44000000 		.4byte	0x44
 1215 0004 0200     		.2byte	0x2
 1216 0006 00000000 		.4byte	.Ldebug_info0
 1217 000a 04       		.byte	0x4
 1218 000b 00       		.byte	0
 1219 000c 0000     		.2byte	0
 1220 000e 0000     		.2byte	0
 1221 0010 00000000 		.4byte	.LFB69
 1222 0014 6C000000 		.4byte	.LFE69-.LFB69
 1223 0018 00000000 		.4byte	.LFB65
 1224 001c 3C000000 		.4byte	.LFE65-.LFB65
 1225 0020 00000000 		.4byte	.LFB64
 1226 0024 08000000 		.4byte	.LFE64-.LFB64
ARM GAS  C:\Users\nico_\AppData\Local\Temp\ccnFPTLG.s 			page 26


 1227 0028 00000000 		.4byte	.LFB66
 1228 002c 28000000 		.4byte	.LFE66-.LFB66
 1229 0030 00000000 		.4byte	.LFB67
 1230 0034 1C000000 		.4byte	.LFE67-.LFB67
 1231 0038 00000000 		.4byte	.LFB68
 1232 003c 18000000 		.4byte	.LFE68-.LFB68
 1233 0040 00000000 		.4byte	0
 1234 0044 00000000 		.4byte	0
 1235              		.section	.debug_ranges,"",%progbits
 1236              	.Ldebug_ranges0:
 1237 0000 00000000 		.4byte	.LFB69
 1238 0004 6C000000 		.4byte	.LFE69
 1239 0008 00000000 		.4byte	.LFB65
 1240 000c 3C000000 		.4byte	.LFE65
 1241 0010 00000000 		.4byte	.LFB64
 1242 0014 08000000 		.4byte	.LFE64
 1243 0018 00000000 		.4byte	.LFB66
 1244 001c 28000000 		.4byte	.LFE66
 1245 0020 00000000 		.4byte	.LFB67
 1246 0024 1C000000 		.4byte	.LFE67
 1247 0028 00000000 		.4byte	.LFB68
 1248 002c 18000000 		.4byte	.LFE68
 1249 0030 00000000 		.4byte	0
 1250 0034 00000000 		.4byte	0
 1251              		.section	.debug_line,"",%progbits
 1252              	.Ldebug_line0:
 1253 0000 F3020000 		.section	.debug_str,"MS",%progbits,1
 1253      02006A02 
 1253      00000201 
 1253      FB0E0D00 
 1253      01010101 
 1254              	.LASF49:
 1255 0000 6973725F 		.ascii	"isr_clock_StartEx\000"
 1255      636C6F63 
 1255      6B5F5374 
 1255      61727445 
 1255      7800
 1256              	.LASF48:
 1257 0012 436C6F63 		.ascii	"Clock_TempSampling_Start\000"
 1257      6B5F5465 
 1257      6D705361 
 1257      6D706C69 
 1257      6E675F53 
 1258              	.LASF61:
 1259 002b 73776974 		.ascii	"switchstate\000"
 1259      63687374 
 1259      61746500 
 1260              	.LASF38:
 1261 0037 54656D70 		.ascii	"Temp_sample_counter_ReadStatusRegister\000"
 1261      5F73616D 
 1261      706C655F 
 1261      636F756E 
 1261      7465725F 
 1262              	.LASF21:
 1263 005e 53797374 		.ascii	"System_On\000"
 1263      656D5F4F 
 1263      6E00
ARM GAS  C:\Users\nico_\AppData\Local\Temp\ccnFPTLG.s 			page 27


 1264              	.LASF45:
 1265 0068 416D706C 		.ascii	"Amplifier_Startup\000"
 1265      69666965 
 1265      725F5374 
 1265      61727475 
 1265      7000
 1266              	.LASF10:
 1267 007a 5F5F696E 		.ascii	"__int32_t\000"
 1267      7433325F 
 1267      7400
 1268              	.LASF52:
 1269 0084 54656D70 		.ascii	"Temp_sample_counter_Stop\000"
 1269      5F73616D 
 1269      706C655F 
 1269      636F756E 
 1269      7465725F 
 1270              	.LASF27:
 1271 009d 7274645F 		.ascii	"rtd_ratio\000"
 1271      72617469 
 1271      6F00
 1272              	.LASF51:
 1273 00a7 6973725F 		.ascii	"isr_clock_Disable\000"
 1273      636C6F63 
 1273      6B5F4469 
 1273      7361626C 
 1273      6500
 1274              	.LASF32:
 1275 00b9 53657454 		.ascii	"SetTemperature\000"
 1275      656D7065 
 1275      72617475 
 1275      726500
 1276              	.LASF59:
 1277 00c8 433A5C55 		.ascii	"C:\\Users\\nico_\\Sundhedsteknologi\\7. Semester\\B"
 1277      73657273 
 1277      5C6E6963 
 1277      6F5F5C53 
 1277      756E6468 
 1278 00f6 61636865 		.ascii	"achelor\\BachelorProject\\Full system\\Microcontrol"
 1278      6C6F725C 
 1278      42616368 
 1278      656C6F72 
 1278      50726F6A 
 1279 0126 6C65725F 		.ascii	"ler_coolingsystem.cydsn\000"
 1279      636F6F6C 
 1279      696E6773 
 1279      79737465 
 1279      6D2E6379 
 1280              	.LASF24:
 1281 013e 53797374 		.ascii	"System_newState\000"
 1281      656D5F6E 
 1281      65775374 
 1281      61746500 
 1282              	.LASF36:
 1283 014e 52656775 		.ascii	"Regulation\000"
 1283      6C617469 
 1283      6F6E00
 1284              	.LASF11:
ARM GAS  C:\Users\nico_\AppData\Local\Temp\ccnFPTLG.s 			page 28


 1285 0159 696E7433 		.ascii	"int32_t\000"
 1285      325F7400 
 1286              	.LASF0:
 1287 0161 666C6F61 		.ascii	"float\000"
 1287      7400
 1288              	.LASF43:
 1289 0167 54656D70 		.ascii	"Temperature_Setup\000"
 1289      65726174 
 1289      7572655F 
 1289      53657475 
 1289      7000
 1290              	.LASF2:
 1291 0179 756E7369 		.ascii	"unsigned char\000"
 1291      676E6564 
 1291      20636861 
 1291      7200
 1292              	.LASF57:
 1293 0187 474E5520 		.ascii	"GNU C11 5.4.1 20160609 (release) [ARM/embedded-5-br"
 1293      43313120 
 1293      352E342E 
 1293      31203230 
 1293      31363036 
 1294 01ba 616E6368 		.ascii	"anch revision 237715] -mcpu=cortex-m3 -mthumb -g -O"
 1294      20726576 
 1294      6973696F 
 1294      6E203233 
 1294      37373135 
 1295 01ed 67202D66 		.ascii	"g -ffunction-sections -ffat-lto-objects\000"
 1295      66756E63 
 1295      74696F6E 
 1295      2D736563 
 1295      74696F6E 
 1296              	.LASF6:
 1297 0215 6C6F6E67 		.ascii	"long unsigned int\000"
 1297      20756E73 
 1297      69676E65 
 1297      6420696E 
 1297      7400
 1298              	.LASF54:
 1299 0227 50756D70 		.ascii	"Pump_Shutdown\000"
 1299      5F536875 
 1299      74646F77 
 1299      6E00
 1300              	.LASF4:
 1301 0235 73686F72 		.ascii	"short unsigned int\000"
 1301      7420756E 
 1301      7369676E 
 1301      65642069 
 1301      6E7400
 1302              	.LASF50:
 1303 0248 5475726E 		.ascii	"Turn_ON\000"
 1303      5F4F4E00 
 1304              	.LASF25:
 1305 0250 49544D5F 		.ascii	"ITM_RxBuffer\000"
 1305      52784275 
 1305      66666572 
 1305      00
ARM GAS  C:\Users\nico_\AppData\Local\Temp\ccnFPTLG.s 			page 29


 1306              	.LASF14:
 1307 025d 646F7562 		.ascii	"double\000"
 1307      6C6500
 1308              	.LASF41:
 1309 0264 50756D70 		.ascii	"Pump_Setup\000"
 1309      5F536574 
 1309      757000
 1310              	.LASF19:
 1311 026f 74656D70 		.ascii	"temp_string\000"
 1311      5F737472 
 1311      696E6700 
 1312              	.LASF60:
 1313 027b 6D61696E 		.ascii	"main\000"
 1313      00
 1314              	.LASF13:
 1315 0280 75696E74 		.ascii	"uint16\000"
 1315      313600
 1316              	.LASF46:
 1317 0287 50756D70 		.ascii	"Pump_Startup\000"
 1317      5F537461 
 1317      72747570 
 1317      00
 1318              	.LASF9:
 1319 0294 756E7369 		.ascii	"unsigned int\000"
 1319      676E6564 
 1319      20696E74 
 1319      00
 1320              	.LASF18:
 1321 02a1 74656D70 		.ascii	"temp\000"
 1321      00
 1322              	.LASF31:
 1323 02a6 47657452 		.ascii	"GetRtdRatio\000"
 1323      74645261 
 1323      74696F00 
 1324              	.LASF29:
 1325 02b2 6C617374 		.ascii	"last_regu\000"
 1325      5F726567 
 1325      7500
 1326              	.LASF33:
 1327 02bc 47657454 		.ascii	"GetTemperature\000"
 1327      656D7065 
 1327      72617475 
 1327      726500
 1328              	.LASF42:
 1329 02cb 416D706C 		.ascii	"Amplifier_Setup\000"
 1329      69666965 
 1329      725F5365 
 1329      74757000 
 1330              	.LASF26:
 1331 02db 53776974 		.ascii	"Switch_State\000"
 1331      63685F53 
 1331      74617465 
 1331      00
 1332              	.LASF44:
 1333 02e8 52656775 		.ascii	"Regulation_setup\000"
 1333      6C617469 
 1333      6F6E5F73 
ARM GAS  C:\Users\nico_\AppData\Local\Temp\ccnFPTLG.s 			page 30


 1333      65747570 
 1333      00
 1334              	.LASF17:
 1335 02f9 73697A65 		.ascii	"sizetype\000"
 1335      74797065 
 1335      00
 1336              	.LASF7:
 1337 0302 6C6F6E67 		.ascii	"long long int\000"
 1337      206C6F6E 
 1337      6720696E 
 1337      7400
 1338              	.LASF15:
 1339 0310 63686172 		.ascii	"char\000"
 1339      00
 1340              	.LASF55:
 1341 0315 416D706C 		.ascii	"Amplifier_Shutdown\000"
 1341      69666965 
 1341      725F5368 
 1341      7574646F 
 1341      776E00
 1342              	.LASF1:
 1343 0328 7369676E 		.ascii	"signed char\000"
 1343      65642063 
 1343      68617200 
 1344              	.LASF56:
 1345 0334 5475726E 		.ascii	"Turn_OFF\000"
 1345      5F4F4646 
 1345      00
 1346              	.LASF20:
 1347 033d 53797374 		.ascii	"System_Setup\000"
 1347      656D5F53 
 1347      65747570 
 1347      00
 1348              	.LASF47:
 1349 034a 54656D70 		.ascii	"Temp_sample_counter_Start\000"
 1349      5F73616D 
 1349      706C655F 
 1349      636F756E 
 1349      7465725F 
 1350              	.LASF3:
 1351 0364 73686F72 		.ascii	"short int\000"
 1351      7420696E 
 1351      7400
 1352              	.LASF30:
 1353 036e 72656775 		.ascii	"regu\000"
 1353      00
 1354              	.LASF12:
 1355 0373 75696E74 		.ascii	"uint8\000"
 1355      3800
 1356              	.LASF58:
 1357 0379 53797374 		.ascii	"SystemController.c\000"
 1357      656D436F 
 1357      6E74726F 
 1357      6C6C6572 
 1357      2E6300
 1358              	.LASF37:
 1359 038c 466C6F77 		.ascii	"FlowDirection\000"
ARM GAS  C:\Users\nico_\AppData\Local\Temp\ccnFPTLG.s 			page 31


 1359      44697265 
 1359      6374696F 
 1359      6E00
 1360              	.LASF28:
 1361 039a 7265665F 		.ascii	"ref_res\000"
 1361      72657300 
 1362              	.LASF5:
 1363 03a2 6C6F6E67 		.ascii	"long int\000"
 1363      20696E74 
 1363      00
 1364              	.LASF16:
 1365 03ab 6C6F6E67 		.ascii	"long double\000"
 1365      20646F75 
 1365      626C6500 
 1366              	.LASF22:
 1367 03b7 53797374 		.ascii	"System_Off\000"
 1367      656D5F4F 
 1367      666600
 1368              	.LASF53:
 1369 03c2 436C6F63 		.ascii	"Clock_TempSampling_Stop\000"
 1369      6B5F5465 
 1369      6D705361 
 1369      6D706C69 
 1369      6E675F53 
 1370              	.LASF40:
 1371 03da 53776974 		.ascii	"Switch_Setup\000"
 1371      63685F53 
 1371      65747570 
 1371      00
 1372              	.LASF35:
 1373 03e7 55415254 		.ascii	"UART_1_PutString\000"
 1373      5F315F50 
 1373      75745374 
 1373      72696E67 
 1373      00
 1374              	.LASF34:
 1375 03f8 73707269 		.ascii	"sprintf\000"
 1375      6E746600 
 1376              	.LASF8:
 1377 0400 6C6F6E67 		.ascii	"long long unsigned int\000"
 1377      206C6F6E 
 1377      6720756E 
 1377      7369676E 
 1377      65642069 
 1378              	.LASF23:
 1379 0417 4953525F 		.ascii	"ISR_CLOCK_handler\000"
 1379      434C4F43 
 1379      4B5F6861 
 1379      6E646C65 
 1379      7200
 1380              	.LASF39:
 1381 0429 55415254 		.ascii	"UART_1_Start\000"
 1381      5F315F53 
 1381      74617274 
 1381      00
 1382              		.ident	"GCC: (GNU Tools for ARM Embedded Processors) 5.4.1 20160609 (release) [ARM/embedded-5-bran
