ARM GAS  C:\Users\nico_\AppData\Local\Temp\cc8Xx9Gx.s 			page 1


   1              		.syntax unified
   2              		.cpu cortex-m3
   3              		.fpu softvfp
   4              		.eabi_attribute 20, 1
   5              		.eabi_attribute 21, 1
   6              		.eabi_attribute 23, 3
   7              		.eabi_attribute 24, 1
   8              		.eabi_attribute 25, 1
   9              		.eabi_attribute 26, 1
  10              		.eabi_attribute 30, 1
  11              		.eabi_attribute 34, 1
  12              		.eabi_attribute 18, 4
  13              		.thumb
  14              		.syntax unified
  15              		.file	"Temperature.c"
  16              		.text
  17              	.Ltext0:
  18              		.cfi_sections	.debug_frame
  19              		.section	.text.Temperature_Setup,"ax",%progbits
  20              		.align	2
  21              		.global	Temperature_Setup
  22              		.thumb
  23              		.thumb_func
  24              		.type	Temperature_Setup, %function
  25              	Temperature_Setup:
  26              	.LFB1:
  27              		.file 1 "Temperature.c"
   1:Temperature.c **** /* ========================================
   2:Temperature.c ****  *
   3:Temperature.c ****  * Copyright YOUR COMPANY, THE YEAR
   4:Temperature.c ****  * All Rights Reserved
   5:Temperature.c ****  * UNPUBLISHED, LICENSED SOFTWARE.
   6:Temperature.c ****  *
   7:Temperature.c ****  * CONFIDENTIAL AND PROPRIETARY INFORMATION
   8:Temperature.c ****  * WHICH IS THE PROPERTY OF your company.
   9:Temperature.c ****  *
  10:Temperature.c ****  * ========================================
  11:Temperature.c **** */
  12:Temperature.c **** /*Include files*/
  13:Temperature.c **** #include "Temperature.h"
  14:Temperature.c **** 
  15:Temperature.c **** /*Delcared internal variables*/
  16:Temperature.c **** int32 Temperature;
  17:Temperature.c **** uint16_t Ref_resistance;
  18:Temperature.c **** 
  19:Temperature.c **** /*Declared internal functions*/
  20:Temperature.c **** void calc_temp(uint16_t rtd_ratio);
  21:Temperature.c **** uint32_t calc_RTD_value(uint16_t rtd_ratio);
  22:Temperature.c **** 
  23:Temperature.c **** 
  24:Temperature.c **** 
  25:Temperature.c **** 
  26:Temperature.c **** /*Setup of the internal reference resistance in the amplifier.
  27:Temperature.c **** The amplifier uses this for calculating the RTD/ref_res ratio stored in the
  28:Temperature.c **** RTD_MSB and RTD_LSB data registers*/
  29:Temperature.c **** void Temperature_Setup(uint16_t ref_res)
  30:Temperature.c **** {
ARM GAS  C:\Users\nico_\AppData\Local\Temp\cc8Xx9Gx.s 			page 2


  28              		.loc 1 30 0
  29              		.cfi_startproc
  30              		@ args = 0, pretend = 0, frame = 0
  31              		@ frame_needed = 0, uses_anonymous_args = 0
  32              		@ link register save eliminated.
  33              	.LVL0:
  31:Temperature.c ****     Ref_resistance = ref_res;
  34              		.loc 1 31 0
  35 0000 014B     		ldr	r3, .L2
  36 0002 1880     		strh	r0, [r3]	@ movhi
  37 0004 7047     		bx	lr
  38              	.L3:
  39 0006 00BF     		.align	2
  40              	.L2:
  41 0008 00000000 		.word	Ref_resistance
  42              		.cfi_endproc
  43              	.LFE1:
  44              		.size	Temperature_Setup, .-Temperature_Setup
  45              		.section	.text.calc_RTD_value,"ax",%progbits
  46              		.align	2
  47              		.global	calc_RTD_value
  48              		.thumb
  49              		.thumb_func
  50              		.type	calc_RTD_value, %function
  51              	calc_RTD_value:
  52              	.LFB4:
  32:Temperature.c **** }
  33:Temperature.c **** 
  34:Temperature.c **** 
  35:Temperature.c **** void SetTemperature(uint16_t rtd_ratio)
  36:Temperature.c **** {
  37:Temperature.c ****     calc_temp(rtd_ratio);
  38:Temperature.c **** }
  39:Temperature.c **** 
  40:Temperature.c **** 
  41:Temperature.c **** 
  42:Temperature.c **** /*Caluculation of the temperature. Done with the RTD component in PSOC*/
  43:Temperature.c **** void calc_temp(uint16_t rtd_ratio)
  44:Temperature.c **** {
  45:Temperature.c ****     uint32_t rtd_res = calc_RTD_value(rtd_ratio);
  46:Temperature.c ****     
  47:Temperature.c ****     Temperature = RTD_1_GetTemperature(rtd_res); //Uses the RTD calculator to calculate the tempera
  48:Temperature.c **** 
  49:Temperature.c **** }
  50:Temperature.c **** 
  51:Temperature.c **** uint32_t calc_RTD_value(uint16_t rtd_ratio)
  52:Temperature.c **** {
  53              		.loc 1 52 0
  54              		.cfi_startproc
  55              		@ args = 0, pretend = 0, frame = 0
  56              		@ frame_needed = 0, uses_anonymous_args = 0
  57              		@ link register save eliminated.
  58              	.LVL1:
  53:Temperature.c ****     uint32_t rtd_res = rtd_ratio*Ref_resistance/(2^15); //Calculates the RTD resistance from equati
  59              		.loc 1 53 0
  60 0000 054B     		ldr	r3, .L5
  61 0002 1B88     		ldrh	r3, [r3]
ARM GAS  C:\Users\nico_\AppData\Local\Temp\cc8Xx9Gx.s 			page 3


  62 0004 00FB03F0 		mul	r0, r0, r3
  63              	.LVL2:
  64 0008 044B     		ldr	r3, .L5+4
  65 000a 83FB0023 		smull	r2, r3, r3, r0
  66 000e C017     		asrs	r0, r0, #31
  67              	.LVL3:
  54:Temperature.c ****     return rtd_res;
  55:Temperature.c **** }
  68              		.loc 1 55 0
  69 0010 C0EBA300 		rsb	r0, r0, r3, asr #2
  70              	.LVL4:
  71 0014 7047     		bx	lr
  72              	.L6:
  73 0016 00BF     		.align	2
  74              	.L5:
  75 0018 00000000 		.word	Ref_resistance
  76 001c 4FECC44E 		.word	1321528399
  77              		.cfi_endproc
  78              	.LFE4:
  79              		.size	calc_RTD_value, .-calc_RTD_value
  80              		.section	.text.calc_temp,"ax",%progbits
  81              		.align	2
  82              		.global	calc_temp
  83              		.thumb
  84              		.thumb_func
  85              		.type	calc_temp, %function
  86              	calc_temp:
  87              	.LFB3:
  44:Temperature.c ****     uint32_t rtd_res = calc_RTD_value(rtd_ratio);
  88              		.loc 1 44 0
  89              		.cfi_startproc
  90              		@ args = 0, pretend = 0, frame = 0
  91              		@ frame_needed = 0, uses_anonymous_args = 0
  92              	.LVL5:
  93 0000 08B5     		push	{r3, lr}
  94              		.cfi_def_cfa_offset 8
  95              		.cfi_offset 3, -8
  96              		.cfi_offset 14, -4
  45:Temperature.c ****     
  97              		.loc 1 45 0
  98 0002 FFF7FEFF 		bl	calc_RTD_value
  99              	.LVL6:
  47:Temperature.c **** 
 100              		.loc 1 47 0
 101 0006 FFF7FEFF 		bl	RTD_1_GetTemperature
 102              	.LVL7:
 103 000a 014B     		ldr	r3, .L9
 104 000c 1860     		str	r0, [r3]
 105 000e 08BD     		pop	{r3, pc}
 106              	.L10:
 107              		.align	2
 108              	.L9:
 109 0010 00000000 		.word	Temperature
 110              		.cfi_endproc
 111              	.LFE3:
 112              		.size	calc_temp, .-calc_temp
 113              		.section	.text.SetTemperature,"ax",%progbits
ARM GAS  C:\Users\nico_\AppData\Local\Temp\cc8Xx9Gx.s 			page 4


 114              		.align	2
 115              		.global	SetTemperature
 116              		.thumb
 117              		.thumb_func
 118              		.type	SetTemperature, %function
 119              	SetTemperature:
 120              	.LFB2:
  36:Temperature.c ****     calc_temp(rtd_ratio);
 121              		.loc 1 36 0
 122              		.cfi_startproc
 123              		@ args = 0, pretend = 0, frame = 0
 124              		@ frame_needed = 0, uses_anonymous_args = 0
 125              	.LVL8:
 126 0000 08B5     		push	{r3, lr}
 127              		.cfi_def_cfa_offset 8
 128              		.cfi_offset 3, -8
 129              		.cfi_offset 14, -4
  37:Temperature.c **** }
 130              		.loc 1 37 0
 131 0002 FFF7FEFF 		bl	calc_temp
 132              	.LVL9:
 133 0006 08BD     		pop	{r3, pc}
 134              		.cfi_endproc
 135              	.LFE2:
 136              		.size	SetTemperature, .-SetTemperature
 137              		.comm	Ref_resistance,2,2
 138              		.comm	Temperature,4,4
 139              		.text
 140              	.Letext0:
 141              		.file 2 "c:\\program files (x86)\\cypress\\psoc creator\\4.4\\psoc creator\\import\\gnu\\arm\\5.4.
 142              		.file 3 "c:\\program files (x86)\\cypress\\psoc creator\\4.4\\psoc creator\\import\\gnu\\arm\\5.4.
 143              		.file 4 "Generated_Source\\PSoC5/cytypes.h"
 144              		.file 5 "Generated_Source\\PSoC5/RTD_1.h"
 145              		.section	.debug_info,"",%progbits
 146              	.Ldebug_info0:
 147 0000 BF010000 		.4byte	0x1bf
 148 0004 0400     		.2byte	0x4
 149 0006 00000000 		.4byte	.Ldebug_abbrev0
 150 000a 04       		.byte	0x4
 151 000b 01       		.uleb128 0x1
 152 000c E3000000 		.4byte	.LASF27
 153 0010 0C       		.byte	0xc
 154 0011 EC010000 		.4byte	.LASF28
 155 0015 21000000 		.4byte	.LASF29
 156 0019 00000000 		.4byte	.Ldebug_ranges0+0
 157 001d 00000000 		.4byte	0
 158 0021 00000000 		.4byte	.Ldebug_line0
 159 0025 02       		.uleb128 0x2
 160 0026 01       		.byte	0x1
 161 0027 06       		.byte	0x6
 162 0028 50020000 		.4byte	.LASF0
 163 002c 02       		.uleb128 0x2
 164 002d 01       		.byte	0x1
 165 002e 08       		.byte	0x8
 166 002f D5000000 		.4byte	.LASF1
 167 0033 02       		.uleb128 0x2
 168 0034 02       		.byte	0x2
ARM GAS  C:\Users\nico_\AppData\Local\Temp\cc8Xx9Gx.s 			page 5


 169 0035 05       		.byte	0x5
 170 0036 20020000 		.4byte	.LASF2
 171 003a 03       		.uleb128 0x3
 172 003b 92010000 		.4byte	.LASF5
 173 003f 02       		.byte	0x2
 174 0040 2B       		.byte	0x2b
 175 0041 45000000 		.4byte	0x45
 176 0045 02       		.uleb128 0x2
 177 0046 02       		.byte	0x2
 178 0047 07       		.byte	0x7
 179 0048 5C020000 		.4byte	.LASF3
 180 004c 02       		.uleb128 0x2
 181 004d 04       		.byte	0x4
 182 004e 05       		.byte	0x5
 183 004f 3B020000 		.4byte	.LASF4
 184 0053 03       		.uleb128 0x3
 185 0054 A4010000 		.4byte	.LASF6
 186 0058 02       		.byte	0x2
 187 0059 41       		.byte	0x41
 188 005a 5E000000 		.4byte	0x5e
 189 005e 02       		.uleb128 0x2
 190 005f 04       		.byte	0x4
 191 0060 07       		.byte	0x7
 192 0061 71010000 		.4byte	.LASF7
 193 0065 02       		.uleb128 0x2
 194 0066 08       		.byte	0x8
 195 0067 05       		.byte	0x5
 196 0068 03020000 		.4byte	.LASF8
 197 006c 02       		.uleb128 0x2
 198 006d 08       		.byte	0x8
 199 006e 07       		.byte	0x7
 200 006f CB010000 		.4byte	.LASF9
 201 0073 04       		.uleb128 0x4
 202 0074 04       		.byte	0x4
 203 0075 05       		.byte	0x5
 204 0076 696E7400 		.ascii	"int\000"
 205 007a 02       		.uleb128 0x2
 206 007b 04       		.byte	0x4
 207 007c 07       		.byte	0x7
 208 007d BE010000 		.4byte	.LASF10
 209 0081 02       		.uleb128 0x2
 210 0082 08       		.byte	0x8
 211 0083 04       		.byte	0x4
 212 0084 44020000 		.4byte	.LASF11
 213 0088 02       		.uleb128 0x2
 214 0089 04       		.byte	0x4
 215 008a 07       		.byte	0x7
 216 008b FA010000 		.4byte	.LASF12
 217 008f 02       		.uleb128 0x2
 218 0090 01       		.byte	0x1
 219 0091 08       		.byte	0x8
 220 0092 11020000 		.4byte	.LASF13
 221 0096 03       		.uleb128 0x3
 222 0097 2A020000 		.4byte	.LASF14
 223 009b 03       		.byte	0x3
 224 009c 24       		.byte	0x24
 225 009d 3A000000 		.4byte	0x3a
ARM GAS  C:\Users\nico_\AppData\Local\Temp\cc8Xx9Gx.s 			page 6


 226 00a1 03       		.uleb128 0x3
 227 00a2 89010000 		.4byte	.LASF15
 228 00a6 03       		.byte	0x3
 229 00a7 30       		.byte	0x30
 230 00a8 53000000 		.4byte	0x53
 231 00ac 05       		.uleb128 0x5
 232 00ad 83010000 		.4byte	.LASF16
 233 00b1 04       		.byte	0x4
 234 00b2 EE01     		.2byte	0x1ee
 235 00b4 4C000000 		.4byte	0x4c
 236 00b8 02       		.uleb128 0x2
 237 00b9 04       		.byte	0x4
 238 00ba 04       		.byte	0x4
 239 00bb AE000000 		.4byte	.LASF17
 240 00bf 02       		.uleb128 0x2
 241 00c0 08       		.byte	0x8
 242 00c1 04       		.byte	0x4
 243 00c2 9D010000 		.4byte	.LASF18
 244 00c6 06       		.uleb128 0x6
 245 00c7 C3000000 		.4byte	.LASF21
 246 00cb 01       		.byte	0x1
 247 00cc 1D       		.byte	0x1d
 248 00cd 00000000 		.4byte	.LFB1
 249 00d1 0C000000 		.4byte	.LFE1-.LFB1
 250 00d5 01       		.uleb128 0x1
 251 00d6 9C       		.byte	0x9c
 252 00d7 E9000000 		.4byte	0xe9
 253 00db 07       		.uleb128 0x7
 254 00dc 33020000 		.4byte	.LASF19
 255 00e0 01       		.byte	0x1
 256 00e1 1D       		.byte	0x1d
 257 00e2 96000000 		.4byte	0x96
 258 00e6 01       		.uleb128 0x1
 259 00e7 50       		.byte	0x50
 260 00e8 00       		.byte	0
 261 00e9 08       		.uleb128 0x8
 262 00ea B4000000 		.4byte	.LASF30
 263 00ee 01       		.byte	0x1
 264 00ef 33       		.byte	0x33
 265 00f0 A1000000 		.4byte	0xa1
 266 00f4 00000000 		.4byte	.LFB4
 267 00f8 20000000 		.4byte	.LFE4-.LFB4
 268 00fc 01       		.uleb128 0x1
 269 00fd 9C       		.byte	0x9c
 270 00fe 21010000 		.4byte	0x121
 271 0102 09       		.uleb128 0x9
 272 0103 16020000 		.4byte	.LASF20
 273 0107 01       		.byte	0x1
 274 0108 33       		.byte	0x33
 275 0109 96000000 		.4byte	0x96
 276 010d 00000000 		.4byte	.LLST0
 277 0111 0A       		.uleb128 0xa
 278 0112 A6000000 		.4byte	.LASF23
 279 0116 01       		.byte	0x1
 280 0117 35       		.byte	0x35
 281 0118 A1000000 		.4byte	0xa1
 282 011c 21000000 		.4byte	.LLST1
ARM GAS  C:\Users\nico_\AppData\Local\Temp\cc8Xx9Gx.s 			page 7


 283 0120 00       		.byte	0
 284 0121 06       		.uleb128 0x6
 285 0122 E2010000 		.4byte	.LASF22
 286 0126 01       		.byte	0x1
 287 0127 2B       		.byte	0x2b
 288 0128 00000000 		.4byte	.LFB3
 289 012c 14000000 		.4byte	.LFE3-.LFB3
 290 0130 01       		.uleb128 0x1
 291 0131 9C       		.byte	0x9c
 292 0132 67010000 		.4byte	0x167
 293 0136 09       		.uleb128 0x9
 294 0137 16020000 		.4byte	.LASF20
 295 013b 01       		.byte	0x1
 296 013c 2B       		.byte	0x2b
 297 013d 96000000 		.4byte	0x96
 298 0141 46000000 		.4byte	.LLST2
 299 0145 0A       		.uleb128 0xa
 300 0146 A6000000 		.4byte	.LASF23
 301 014a 01       		.byte	0x1
 302 014b 2D       		.byte	0x2d
 303 014c A1000000 		.4byte	0xa1
 304 0150 67000000 		.4byte	.LLST3
 305 0154 0B       		.uleb128 0xb
 306 0155 06000000 		.4byte	.LVL6
 307 0159 E9000000 		.4byte	0xe9
 308 015d 0B       		.uleb128 0xb
 309 015e 0A000000 		.4byte	.LVL7
 310 0162 B7010000 		.4byte	0x1b7
 311 0166 00       		.byte	0
 312 0167 06       		.uleb128 0x6
 313 0168 97000000 		.4byte	.LASF24
 314 016c 01       		.byte	0x1
 315 016d 23       		.byte	0x23
 316 016e 00000000 		.4byte	.LFB2
 317 0172 08000000 		.4byte	.LFE2-.LFB2
 318 0176 01       		.uleb128 0x1
 319 0177 9C       		.byte	0x9c
 320 0178 95010000 		.4byte	0x195
 321 017c 09       		.uleb128 0x9
 322 017d 16020000 		.4byte	.LASF20
 323 0181 01       		.byte	0x1
 324 0182 23       		.byte	0x23
 325 0183 96000000 		.4byte	0x96
 326 0187 7A000000 		.4byte	.LLST4
 327 018b 0B       		.uleb128 0xb
 328 018c 06000000 		.4byte	.LVL9
 329 0190 21010000 		.4byte	0x121
 330 0194 00       		.byte	0
 331 0195 0C       		.uleb128 0xc
 332 0196 00000000 		.4byte	.LASF25
 333 019a 01       		.byte	0x1
 334 019b 10       		.byte	0x10
 335 019c AC000000 		.4byte	0xac
 336 01a0 05       		.uleb128 0x5
 337 01a1 03       		.byte	0x3
 338 01a2 00000000 		.4byte	Temperature
 339 01a6 0C       		.uleb128 0xc
ARM GAS  C:\Users\nico_\AppData\Local\Temp\cc8Xx9Gx.s 			page 8


 340 01a7 AF010000 		.4byte	.LASF26
 341 01ab 01       		.byte	0x1
 342 01ac 11       		.byte	0x11
 343 01ad 96000000 		.4byte	0x96
 344 01b1 05       		.uleb128 0x5
 345 01b2 03       		.byte	0x3
 346 01b3 00000000 		.4byte	Ref_resistance
 347 01b7 0D       		.uleb128 0xd
 348 01b8 0C000000 		.4byte	.LASF31
 349 01bc 0C000000 		.4byte	.LASF31
 350 01c0 05       		.byte	0x5
 351 01c1 30       		.byte	0x30
 352 01c2 00       		.byte	0
 353              		.section	.debug_abbrev,"",%progbits
 354              	.Ldebug_abbrev0:
 355 0000 01       		.uleb128 0x1
 356 0001 11       		.uleb128 0x11
 357 0002 01       		.byte	0x1
 358 0003 25       		.uleb128 0x25
 359 0004 0E       		.uleb128 0xe
 360 0005 13       		.uleb128 0x13
 361 0006 0B       		.uleb128 0xb
 362 0007 03       		.uleb128 0x3
 363 0008 0E       		.uleb128 0xe
 364 0009 1B       		.uleb128 0x1b
 365 000a 0E       		.uleb128 0xe
 366 000b 55       		.uleb128 0x55
 367 000c 17       		.uleb128 0x17
 368 000d 11       		.uleb128 0x11
 369 000e 01       		.uleb128 0x1
 370 000f 10       		.uleb128 0x10
 371 0010 17       		.uleb128 0x17
 372 0011 00       		.byte	0
 373 0012 00       		.byte	0
 374 0013 02       		.uleb128 0x2
 375 0014 24       		.uleb128 0x24
 376 0015 00       		.byte	0
 377 0016 0B       		.uleb128 0xb
 378 0017 0B       		.uleb128 0xb
 379 0018 3E       		.uleb128 0x3e
 380 0019 0B       		.uleb128 0xb
 381 001a 03       		.uleb128 0x3
 382 001b 0E       		.uleb128 0xe
 383 001c 00       		.byte	0
 384 001d 00       		.byte	0
 385 001e 03       		.uleb128 0x3
 386 001f 16       		.uleb128 0x16
 387 0020 00       		.byte	0
 388 0021 03       		.uleb128 0x3
 389 0022 0E       		.uleb128 0xe
 390 0023 3A       		.uleb128 0x3a
 391 0024 0B       		.uleb128 0xb
 392 0025 3B       		.uleb128 0x3b
 393 0026 0B       		.uleb128 0xb
 394 0027 49       		.uleb128 0x49
 395 0028 13       		.uleb128 0x13
 396 0029 00       		.byte	0
ARM GAS  C:\Users\nico_\AppData\Local\Temp\cc8Xx9Gx.s 			page 9


 397 002a 00       		.byte	0
 398 002b 04       		.uleb128 0x4
 399 002c 24       		.uleb128 0x24
 400 002d 00       		.byte	0
 401 002e 0B       		.uleb128 0xb
 402 002f 0B       		.uleb128 0xb
 403 0030 3E       		.uleb128 0x3e
 404 0031 0B       		.uleb128 0xb
 405 0032 03       		.uleb128 0x3
 406 0033 08       		.uleb128 0x8
 407 0034 00       		.byte	0
 408 0035 00       		.byte	0
 409 0036 05       		.uleb128 0x5
 410 0037 16       		.uleb128 0x16
 411 0038 00       		.byte	0
 412 0039 03       		.uleb128 0x3
 413 003a 0E       		.uleb128 0xe
 414 003b 3A       		.uleb128 0x3a
 415 003c 0B       		.uleb128 0xb
 416 003d 3B       		.uleb128 0x3b
 417 003e 05       		.uleb128 0x5
 418 003f 49       		.uleb128 0x49
 419 0040 13       		.uleb128 0x13
 420 0041 00       		.byte	0
 421 0042 00       		.byte	0
 422 0043 06       		.uleb128 0x6
 423 0044 2E       		.uleb128 0x2e
 424 0045 01       		.byte	0x1
 425 0046 3F       		.uleb128 0x3f
 426 0047 19       		.uleb128 0x19
 427 0048 03       		.uleb128 0x3
 428 0049 0E       		.uleb128 0xe
 429 004a 3A       		.uleb128 0x3a
 430 004b 0B       		.uleb128 0xb
 431 004c 3B       		.uleb128 0x3b
 432 004d 0B       		.uleb128 0xb
 433 004e 27       		.uleb128 0x27
 434 004f 19       		.uleb128 0x19
 435 0050 11       		.uleb128 0x11
 436 0051 01       		.uleb128 0x1
 437 0052 12       		.uleb128 0x12
 438 0053 06       		.uleb128 0x6
 439 0054 40       		.uleb128 0x40
 440 0055 18       		.uleb128 0x18
 441 0056 9742     		.uleb128 0x2117
 442 0058 19       		.uleb128 0x19
 443 0059 01       		.uleb128 0x1
 444 005a 13       		.uleb128 0x13
 445 005b 00       		.byte	0
 446 005c 00       		.byte	0
 447 005d 07       		.uleb128 0x7
 448 005e 05       		.uleb128 0x5
 449 005f 00       		.byte	0
 450 0060 03       		.uleb128 0x3
 451 0061 0E       		.uleb128 0xe
 452 0062 3A       		.uleb128 0x3a
 453 0063 0B       		.uleb128 0xb
ARM GAS  C:\Users\nico_\AppData\Local\Temp\cc8Xx9Gx.s 			page 10


 454 0064 3B       		.uleb128 0x3b
 455 0065 0B       		.uleb128 0xb
 456 0066 49       		.uleb128 0x49
 457 0067 13       		.uleb128 0x13
 458 0068 02       		.uleb128 0x2
 459 0069 18       		.uleb128 0x18
 460 006a 00       		.byte	0
 461 006b 00       		.byte	0
 462 006c 08       		.uleb128 0x8
 463 006d 2E       		.uleb128 0x2e
 464 006e 01       		.byte	0x1
 465 006f 3F       		.uleb128 0x3f
 466 0070 19       		.uleb128 0x19
 467 0071 03       		.uleb128 0x3
 468 0072 0E       		.uleb128 0xe
 469 0073 3A       		.uleb128 0x3a
 470 0074 0B       		.uleb128 0xb
 471 0075 3B       		.uleb128 0x3b
 472 0076 0B       		.uleb128 0xb
 473 0077 27       		.uleb128 0x27
 474 0078 19       		.uleb128 0x19
 475 0079 49       		.uleb128 0x49
 476 007a 13       		.uleb128 0x13
 477 007b 11       		.uleb128 0x11
 478 007c 01       		.uleb128 0x1
 479 007d 12       		.uleb128 0x12
 480 007e 06       		.uleb128 0x6
 481 007f 40       		.uleb128 0x40
 482 0080 18       		.uleb128 0x18
 483 0081 9742     		.uleb128 0x2117
 484 0083 19       		.uleb128 0x19
 485 0084 01       		.uleb128 0x1
 486 0085 13       		.uleb128 0x13
 487 0086 00       		.byte	0
 488 0087 00       		.byte	0
 489 0088 09       		.uleb128 0x9
 490 0089 05       		.uleb128 0x5
 491 008a 00       		.byte	0
 492 008b 03       		.uleb128 0x3
 493 008c 0E       		.uleb128 0xe
 494 008d 3A       		.uleb128 0x3a
 495 008e 0B       		.uleb128 0xb
 496 008f 3B       		.uleb128 0x3b
 497 0090 0B       		.uleb128 0xb
 498 0091 49       		.uleb128 0x49
 499 0092 13       		.uleb128 0x13
 500 0093 02       		.uleb128 0x2
 501 0094 17       		.uleb128 0x17
 502 0095 00       		.byte	0
 503 0096 00       		.byte	0
 504 0097 0A       		.uleb128 0xa
 505 0098 34       		.uleb128 0x34
 506 0099 00       		.byte	0
 507 009a 03       		.uleb128 0x3
 508 009b 0E       		.uleb128 0xe
 509 009c 3A       		.uleb128 0x3a
 510 009d 0B       		.uleb128 0xb
ARM GAS  C:\Users\nico_\AppData\Local\Temp\cc8Xx9Gx.s 			page 11


 511 009e 3B       		.uleb128 0x3b
 512 009f 0B       		.uleb128 0xb
 513 00a0 49       		.uleb128 0x49
 514 00a1 13       		.uleb128 0x13
 515 00a2 02       		.uleb128 0x2
 516 00a3 17       		.uleb128 0x17
 517 00a4 00       		.byte	0
 518 00a5 00       		.byte	0
 519 00a6 0B       		.uleb128 0xb
 520 00a7 898201   		.uleb128 0x4109
 521 00aa 00       		.byte	0
 522 00ab 11       		.uleb128 0x11
 523 00ac 01       		.uleb128 0x1
 524 00ad 31       		.uleb128 0x31
 525 00ae 13       		.uleb128 0x13
 526 00af 00       		.byte	0
 527 00b0 00       		.byte	0
 528 00b1 0C       		.uleb128 0xc
 529 00b2 34       		.uleb128 0x34
 530 00b3 00       		.byte	0
 531 00b4 03       		.uleb128 0x3
 532 00b5 0E       		.uleb128 0xe
 533 00b6 3A       		.uleb128 0x3a
 534 00b7 0B       		.uleb128 0xb
 535 00b8 3B       		.uleb128 0x3b
 536 00b9 0B       		.uleb128 0xb
 537 00ba 49       		.uleb128 0x49
 538 00bb 13       		.uleb128 0x13
 539 00bc 3F       		.uleb128 0x3f
 540 00bd 19       		.uleb128 0x19
 541 00be 02       		.uleb128 0x2
 542 00bf 18       		.uleb128 0x18
 543 00c0 00       		.byte	0
 544 00c1 00       		.byte	0
 545 00c2 0D       		.uleb128 0xd
 546 00c3 2E       		.uleb128 0x2e
 547 00c4 00       		.byte	0
 548 00c5 3F       		.uleb128 0x3f
 549 00c6 19       		.uleb128 0x19
 550 00c7 3C       		.uleb128 0x3c
 551 00c8 19       		.uleb128 0x19
 552 00c9 6E       		.uleb128 0x6e
 553 00ca 0E       		.uleb128 0xe
 554 00cb 03       		.uleb128 0x3
 555 00cc 0E       		.uleb128 0xe
 556 00cd 3A       		.uleb128 0x3a
 557 00ce 0B       		.uleb128 0xb
 558 00cf 3B       		.uleb128 0x3b
 559 00d0 0B       		.uleb128 0xb
 560 00d1 00       		.byte	0
 561 00d2 00       		.byte	0
 562 00d3 00       		.byte	0
 563              		.section	.debug_loc,"",%progbits
 564              	.Ldebug_loc0:
 565              	.LLST0:
 566 0000 00000000 		.4byte	.LVL1
 567 0004 08000000 		.4byte	.LVL2
ARM GAS  C:\Users\nico_\AppData\Local\Temp\cc8Xx9Gx.s 			page 12


 568 0008 0100     		.2byte	0x1
 569 000a 50       		.byte	0x50
 570 000b 08000000 		.4byte	.LVL2
 571 000f 20000000 		.4byte	.LFE4
 572 0013 0400     		.2byte	0x4
 573 0015 F3       		.byte	0xf3
 574 0016 01       		.uleb128 0x1
 575 0017 50       		.byte	0x50
 576 0018 9F       		.byte	0x9f
 577 0019 00000000 		.4byte	0
 578 001d 00000000 		.4byte	0
 579              	.LLST1:
 580 0021 10000000 		.4byte	.LVL3
 581 0025 14000000 		.4byte	.LVL4
 582 0029 0800     		.2byte	0x8
 583 002b 73       		.byte	0x73
 584 002c 00       		.sleb128 0
 585 002d 32       		.byte	0x32
 586 002e 26       		.byte	0x26
 587 002f 70       		.byte	0x70
 588 0030 00       		.sleb128 0
 589 0031 1C       		.byte	0x1c
 590 0032 9F       		.byte	0x9f
 591 0033 14000000 		.4byte	.LVL4
 592 0037 20000000 		.4byte	.LFE4
 593 003b 0100     		.2byte	0x1
 594 003d 50       		.byte	0x50
 595 003e 00000000 		.4byte	0
 596 0042 00000000 		.4byte	0
 597              	.LLST2:
 598 0046 00000000 		.4byte	.LVL5
 599 004a 05000000 		.4byte	.LVL6-1
 600 004e 0100     		.2byte	0x1
 601 0050 50       		.byte	0x50
 602 0051 05000000 		.4byte	.LVL6-1
 603 0055 14000000 		.4byte	.LFE3
 604 0059 0400     		.2byte	0x4
 605 005b F3       		.byte	0xf3
 606 005c 01       		.uleb128 0x1
 607 005d 50       		.byte	0x50
 608 005e 9F       		.byte	0x9f
 609 005f 00000000 		.4byte	0
 610 0063 00000000 		.4byte	0
 611              	.LLST3:
 612 0067 06000000 		.4byte	.LVL6
 613 006b 09000000 		.4byte	.LVL7-1
 614 006f 0100     		.2byte	0x1
 615 0071 50       		.byte	0x50
 616 0072 00000000 		.4byte	0
 617 0076 00000000 		.4byte	0
 618              	.LLST4:
 619 007a 00000000 		.4byte	.LVL8
 620 007e 05000000 		.4byte	.LVL9-1
 621 0082 0100     		.2byte	0x1
 622 0084 50       		.byte	0x50
 623 0085 05000000 		.4byte	.LVL9-1
 624 0089 08000000 		.4byte	.LFE2
ARM GAS  C:\Users\nico_\AppData\Local\Temp\cc8Xx9Gx.s 			page 13


 625 008d 0400     		.2byte	0x4
 626 008f F3       		.byte	0xf3
 627 0090 01       		.uleb128 0x1
 628 0091 50       		.byte	0x50
 629 0092 9F       		.byte	0x9f
 630 0093 00000000 		.4byte	0
 631 0097 00000000 		.4byte	0
 632              		.section	.debug_aranges,"",%progbits
 633 0000 34000000 		.4byte	0x34
 634 0004 0200     		.2byte	0x2
 635 0006 00000000 		.4byte	.Ldebug_info0
 636 000a 04       		.byte	0x4
 637 000b 00       		.byte	0
 638 000c 0000     		.2byte	0
 639 000e 0000     		.2byte	0
 640 0010 00000000 		.4byte	.LFB1
 641 0014 0C000000 		.4byte	.LFE1-.LFB1
 642 0018 00000000 		.4byte	.LFB4
 643 001c 20000000 		.4byte	.LFE4-.LFB4
 644 0020 00000000 		.4byte	.LFB3
 645 0024 14000000 		.4byte	.LFE3-.LFB3
 646 0028 00000000 		.4byte	.LFB2
 647 002c 08000000 		.4byte	.LFE2-.LFB2
 648 0030 00000000 		.4byte	0
 649 0034 00000000 		.4byte	0
 650              		.section	.debug_ranges,"",%progbits
 651              	.Ldebug_ranges0:
 652 0000 00000000 		.4byte	.LFB1
 653 0004 0C000000 		.4byte	.LFE1
 654 0008 00000000 		.4byte	.LFB4
 655 000c 20000000 		.4byte	.LFE4
 656 0010 00000000 		.4byte	.LFB3
 657 0014 14000000 		.4byte	.LFE3
 658 0018 00000000 		.4byte	.LFB2
 659 001c 08000000 		.4byte	.LFE2
 660 0020 00000000 		.4byte	0
 661 0024 00000000 		.4byte	0
 662              		.section	.debug_line,"",%progbits
 663              	.Ldebug_line0:
 664 0000 98010000 		.section	.debug_str,"MS",%progbits,1
 664      02005001 
 664      00000201 
 664      FB0E0D00 
 664      01010101 
 665              	.LASF25:
 666 0000 54656D70 		.ascii	"Temperature\000"
 666      65726174 
 666      75726500 
 667              	.LASF31:
 668 000c 5254445F 		.ascii	"RTD_1_GetTemperature\000"
 668      315F4765 
 668      7454656D 
 668      70657261 
 668      74757265 
 669              	.LASF29:
 670 0021 433A5C55 		.ascii	"C:\\Users\\nico_\\Sundhedsteknologi\\7. Semester\\B"
 670      73657273 
ARM GAS  C:\Users\nico_\AppData\Local\Temp\cc8Xx9Gx.s 			page 14


 670      5C6E6963 
 670      6F5F5C53 
 670      756E6468 
 671 004f 61636865 		.ascii	"achelor\\BachelorProject\\Full system\\Microcontrol"
 671      6C6F725C 
 671      42616368 
 671      656C6F72 
 671      50726F6A 
 672 007f 6C65725F 		.ascii	"ler_coolingsystem.cydsn\000"
 672      636F6F6C 
 672      696E6773 
 672      79737465 
 672      6D2E6379 
 673              	.LASF24:
 674 0097 53657454 		.ascii	"SetTemperature\000"
 674      656D7065 
 674      72617475 
 674      726500
 675              	.LASF23:
 676 00a6 7274645F 		.ascii	"rtd_res\000"
 676      72657300 
 677              	.LASF17:
 678 00ae 666C6F61 		.ascii	"float\000"
 678      7400
 679              	.LASF30:
 680 00b4 63616C63 		.ascii	"calc_RTD_value\000"
 680      5F525444 
 680      5F76616C 
 680      756500
 681              	.LASF21:
 682 00c3 54656D70 		.ascii	"Temperature_Setup\000"
 682      65726174 
 682      7572655F 
 682      53657475 
 682      7000
 683              	.LASF1:
 684 00d5 756E7369 		.ascii	"unsigned char\000"
 684      676E6564 
 684      20636861 
 684      7200
 685              	.LASF27:
 686 00e3 474E5520 		.ascii	"GNU C11 5.4.1 20160609 (release) [ARM/embedded-5-br"
 686      43313120 
 686      352E342E 
 686      31203230 
 686      31363036 
 687 0116 616E6368 		.ascii	"anch revision 237715] -mcpu=cortex-m3 -mthumb -g -O"
 687      20726576 
 687      6973696F 
 687      6E203233 
 687      37373135 
 688 0149 67202D66 		.ascii	"g -ffunction-sections -ffat-lto-objects\000"
 688      66756E63 
 688      74696F6E 
 688      2D736563 
 688      74696F6E 
 689              	.LASF7:
ARM GAS  C:\Users\nico_\AppData\Local\Temp\cc8Xx9Gx.s 			page 15


 690 0171 6C6F6E67 		.ascii	"long unsigned int\000"
 690      20756E73 
 690      69676E65 
 690      6420696E 
 690      7400
 691              	.LASF16:
 692 0183 696E7433 		.ascii	"int32\000"
 692      3200
 693              	.LASF15:
 694 0189 75696E74 		.ascii	"uint32_t\000"
 694      33325F74 
 694      00
 695              	.LASF5:
 696 0192 5F5F7569 		.ascii	"__uint16_t\000"
 696      6E743136 
 696      5F7400
 697              	.LASF18:
 698 019d 646F7562 		.ascii	"double\000"
 698      6C6500
 699              	.LASF6:
 700 01a4 5F5F7569 		.ascii	"__uint32_t\000"
 700      6E743332 
 700      5F7400
 701              	.LASF26:
 702 01af 5265665F 		.ascii	"Ref_resistance\000"
 702      72657369 
 702      7374616E 
 702      636500
 703              	.LASF10:
 704 01be 756E7369 		.ascii	"unsigned int\000"
 704      676E6564 
 704      20696E74 
 704      00
 705              	.LASF9:
 706 01cb 6C6F6E67 		.ascii	"long long unsigned int\000"
 706      206C6F6E 
 706      6720756E 
 706      7369676E 
 706      65642069 
 707              	.LASF22:
 708 01e2 63616C63 		.ascii	"calc_temp\000"
 708      5F74656D 
 708      7000
 709              	.LASF28:
 710 01ec 54656D70 		.ascii	"Temperature.c\000"
 710      65726174 
 710      7572652E 
 710      6300
 711              	.LASF12:
 712 01fa 73697A65 		.ascii	"sizetype\000"
 712      74797065 
 712      00
 713              	.LASF8:
 714 0203 6C6F6E67 		.ascii	"long long int\000"
 714      206C6F6E 
 714      6720696E 
 714      7400
ARM GAS  C:\Users\nico_\AppData\Local\Temp\cc8Xx9Gx.s 			page 16


 715              	.LASF13:
 716 0211 63686172 		.ascii	"char\000"
 716      00
 717              	.LASF20:
 718 0216 7274645F 		.ascii	"rtd_ratio\000"
 718      72617469 
 718      6F00
 719              	.LASF2:
 720 0220 73686F72 		.ascii	"short int\000"
 720      7420696E 
 720      7400
 721              	.LASF14:
 722 022a 75696E74 		.ascii	"uint16_t\000"
 722      31365F74 
 722      00
 723              	.LASF19:
 724 0233 7265665F 		.ascii	"ref_res\000"
 724      72657300 
 725              	.LASF4:
 726 023b 6C6F6E67 		.ascii	"long int\000"
 726      20696E74 
 726      00
 727              	.LASF11:
 728 0244 6C6F6E67 		.ascii	"long double\000"
 728      20646F75 
 728      626C6500 
 729              	.LASF0:
 730 0250 7369676E 		.ascii	"signed char\000"
 730      65642063 
 730      68617200 
 731              	.LASF3:
 732 025c 73686F72 		.ascii	"short unsigned int\000"
 732      7420756E 
 732      7369676E 
 732      65642069 
 732      6E7400
 733              		.ident	"GCC: (GNU Tools for ARM Embedded Processors) 5.4.1 20160609 (release) [ARM/embedded-5-bran
