ARM GAS  C:\Users\nico_\AppData\Local\Temp\ccnNyNkq.s 			page 1


   1              		.syntax unified
   2              		.cpu cortex-m3
   3              		.fpu softvfp
   4              		.eabi_attribute 20, 1
   5              		.eabi_attribute 21, 1
   6              		.eabi_attribute 23, 3
   7              		.eabi_attribute 24, 1
   8              		.eabi_attribute 25, 1
   9              		.eabi_attribute 26, 1
  10              		.eabi_attribute 30, 1
  11              		.eabi_attribute 34, 1
  12              		.eabi_attribute 18, 4
  13              		.thumb
  14              		.syntax unified
  15              		.file	"cymetadata.c"
  16              		.text
  17              	.Ltext0:
  18              		.cfi_sections	.debug_frame
  19              		.global	cy_metadata
  20              		.global	cy_meta_flashprotect
  21              		.global	cy_meta_wonvl
  22              		.global	cy_meta_custnvl
  23              		.global	cy_meta_configecc
  24              		.section	.cyconfigecc,"a",%progbits
  25              		.align	2
  26              		.type	cy_meta_configecc, %object
  27              		.size	cy_meta_configecc, 1724
  28              	cy_meta_configecc:
  29 0000 02       		.byte	2
  30 0001 52       		.byte	82
  31 0002 00       		.byte	0
  32 0003 40       		.byte	64
  33 0004 02       		.byte	2
  34 0005 64       		.byte	100
  35 0006 00       		.byte	0
  36 0007 40       		.byte	64
  37 0008 03       		.byte	3
  38 0009 65       		.byte	101
  39 000a 00       		.byte	0
  40 000b 40       		.byte	64
  41 000c 02       		.byte	2
  42 000d 05       		.byte	5
  43 000e 01       		.byte	1
  44 000f 40       		.byte	64
  45 0010 16       		.byte	22
  46 0011 06       		.byte	6
  47 0012 01       		.byte	1
  48 0013 40       		.byte	64
  49 0014 39       		.byte	57
  50 0015 07       		.byte	7
  51 0016 01       		.byte	1
  52 0017 40       		.byte	64
  53 0018 5F       		.byte	95
  54 0019 08       		.byte	8
  55 001a 01       		.byte	1
  56 001b 40       		.byte	64
  57 001c 36       		.byte	54
ARM GAS  C:\Users\nico_\AppData\Local\Temp\ccnNyNkq.s 			page 2


  58 001d 09       		.byte	9
  59 001e 01       		.byte	1
  60 001f 40       		.byte	64
  61 0020 07       		.byte	7
  62 0021 15       		.byte	21
  63 0022 01       		.byte	1
  64 0023 40       		.byte	64
  65 0024 49       		.byte	73
  66 0025 16       		.byte	22
  67 0026 01       		.byte	1
  68 0027 40       		.byte	64
  69 0028 44       		.byte	68
  70 0029 17       		.byte	23
  71 002a 01       		.byte	1
  72 002b 40       		.byte	64
  73 002c 61       		.byte	97
  74 002d 18       		.byte	24
  75 002e 01       		.byte	1
  76 002f 40       		.byte	64
  77 0030 44       		.byte	68
  78 0031 19       		.byte	25
  79 0032 01       		.byte	1
  80 0033 40       		.byte	64
  81 0034 41       		.byte	65
  82 0035 1A       		.byte	26
  83 0036 01       		.byte	1
  84 0037 40       		.byte	64
  85 0038 48       		.byte	72
  86 0039 1B       		.byte	27
  87 003a 01       		.byte	1
  88 003b 40       		.byte	64
  89 003c 02       		.byte	2
  90 003d 40       		.byte	64
  91 003e 01       		.byte	1
  92 003f 40       		.byte	64
  93 0040 03       		.byte	3
  94 0041 41       		.byte	65
  95 0042 01       		.byte	1
  96 0043 40       		.byte	64
  97 0044 05       		.byte	5
  98 0045 42       		.byte	66
  99 0046 01       		.byte	1
 100 0047 40       		.byte	64
 101 0048 02       		.byte	2
 102 0049 43       		.byte	67
 103 004a 01       		.byte	1
 104 004b 40       		.byte	64
 105 004c 01       		.byte	1
 106 004d 47       		.byte	71
 107 004e 01       		.byte	1
 108 004f 40       		.byte	64
 109 0050 07       		.byte	7
 110 0051 48       		.byte	72
 111 0052 01       		.byte	1
 112 0053 40       		.byte	64
 113 0054 04       		.byte	4
 114 0055 4C       		.byte	76
ARM GAS  C:\Users\nico_\AppData\Local\Temp\ccnNyNkq.s 			page 3


 115 0056 01       		.byte	1
 116 0057 40       		.byte	64
 117 0058 07       		.byte	7
 118 0059 4D       		.byte	77
 119 005a 01       		.byte	1
 120 005b 40       		.byte	64
 121 005c 06       		.byte	6
 122 005d 50       		.byte	80
 123 005e 01       		.byte	1
 124 005f 40       		.byte	64
 125 0060 01       		.byte	1
 126 0061 51       		.byte	81
 127 0062 01       		.byte	1
 128 0063 40       		.byte	64
 129 0064 09       		.byte	9
 130 0065 80       		.byte	-128
 131 0066 78       		.byte	120
 132 0067 08       		.byte	8
 133 0068 86       		.byte	-122
 134 0069 0F       		.byte	15
 135 006a 89       		.byte	-119
 136 006b 0F       		.byte	15
 137 006c 88       		.byte	-120
 138 006d 0F       		.byte	15
 139 006e 89       		.byte	-119
 140 006f 38       		.byte	56
 141 0070 8B       		.byte	-117
 142 0071 72       		.byte	114
 143 0072 99       		.byte	-103
 144 0073 10       		.byte	16
 145 0074 A9       		.byte	-87
 146 0075 10       		.byte	16
 147 0076 01       		.byte	1
 148 0077 02       		.byte	2
 149 0078 0F       		.byte	15
 150 0079 03       		.byte	3
 151 007a 10       		.byte	16
 152 007b 02       		.byte	2
 153 007c 12       		.byte	18
 154 007d 0D       		.byte	13
 155 007e 17       		.byte	23
 156 007f 03       		.byte	3
 157 0080 1B       		.byte	27
 158 0081 01       		.byte	1
 159 0082 1C       		.byte	28
 160 0083 03       		.byte	3
 161 0084 1E       		.byte	30
 162 0085 0C       		.byte	12
 163 0086 24       		.byte	36
 164 0087 05       		.byte	5
 165 0088 26       		.byte	38
 166 0089 0A       		.byte	10
 167 008a 28       		.byte	40
 168 008b 09       		.byte	9
 169 008c 2A       		.byte	42
 170 008d 06       		.byte	6
 171 008e 30       		.byte	48
ARM GAS  C:\Users\nico_\AppData\Local\Temp\ccnNyNkq.s 			page 4


 172 008f 0F       		.byte	15
 173 0090 33       		.byte	51
 174 0091 03       		.byte	3
 175 0092 34       		.byte	52
 176 0093 0F       		.byte	15
 177 0094 3A       		.byte	58
 178 0095 22       		.byte	34
 179 0096 56       		.byte	86
 180 0097 02       		.byte	2
 181 0098 57       		.byte	87
 182 0099 28       		.byte	40
 183 009a 58       		.byte	88
 184 009b 04       		.byte	4
 185 009c 59       		.byte	89
 186 009d 04       		.byte	4
 187 009e 5B       		.byte	91
 188 009f 04       		.byte	4
 189 00a0 5F       		.byte	95
 190 00a1 01       		.byte	1
 191 00a2 01       		.byte	1
 192 00a3 08       		.byte	8
 193 00a4 09       		.byte	9
 194 00a5 80       		.byte	-128
 195 00a6 0D       		.byte	13
 196 00a7 80       		.byte	-128
 197 00a8 0E       		.byte	14
 198 00a9 80       		.byte	-128
 199 00aa 10       		.byte	16
 200 00ab 80       		.byte	-128
 201 00ac 12       		.byte	18
 202 00ad 02       		.byte	2
 203 00ae 14       		.byte	20
 204 00af 08       		.byte	8
 205 00b0 16       		.byte	22
 206 00b1 10       		.byte	16
 207 00b2 19       		.byte	25
 208 00b3 08       		.byte	8
 209 00b4 1B       		.byte	27
 210 00b5 01       		.byte	1
 211 00b6 1E       		.byte	30
 212 00b7 80       		.byte	-128
 213 00b8 1F       		.byte	31
 214 00b9 10       		.byte	16
 215 00ba 21       		.byte	33
 216 00bb 08       		.byte	8
 217 00bc 22       		.byte	34
 218 00bd 40       		.byte	64
 219 00be 23       		.byte	35
 220 00bf 04       		.byte	4
 221 00c0 27       		.byte	39
 222 00c1 20       		.byte	32
 223 00c2 29       		.byte	41
 224 00c3 48       		.byte	72
 225 00c4 2A       		.byte	42
 226 00c5 10       		.byte	16
 227 00c6 2B       		.byte	43
 228 00c7 80       		.byte	-128
ARM GAS  C:\Users\nico_\AppData\Local\Temp\ccnNyNkq.s 			page 5


 229 00c8 30       		.byte	48
 230 00c9 28       		.byte	40
 231 00ca 32       		.byte	50
 232 00cb 40       		.byte	64
 233 00cc 33       		.byte	51
 234 00cd 02       		.byte	2
 235 00ce 34       		.byte	52
 236 00cf 08       		.byte	8
 237 00d0 35       		.byte	53
 238 00d1 08       		.byte	8
 239 00d2 37       		.byte	55
 240 00d3 20       		.byte	32
 241 00d4 38       		.byte	56
 242 00d5 80       		.byte	-128
 243 00d6 3A       		.byte	58
 244 00d7 02       		.byte	2
 245 00d8 3B       		.byte	59
 246 00d9 04       		.byte	4
 247 00da 3E       		.byte	62
 248 00db 02       		.byte	2
 249 00dc 3F       		.byte	63
 250 00dd 40       		.byte	64
 251 00de 40       		.byte	64
 252 00df 08       		.byte	8
 253 00e0 41       		.byte	65
 254 00e1 84       		.byte	-124
 255 00e2 42       		.byte	66
 256 00e3 02       		.byte	2
 257 00e4 48       		.byte	72
 258 00e5 80       		.byte	-128
 259 00e6 49       		.byte	73
 260 00e7 14       		.byte	20
 261 00e8 4A       		.byte	74
 262 00e9 02       		.byte	2
 263 00ea 4B       		.byte	75
 264 00eb 42       		.byte	66
 265 00ec 50       		.byte	80
 266 00ed 40       		.byte	64
 267 00ee 51       		.byte	81
 268 00ef 20       		.byte	32
 269 00f0 52       		.byte	82
 270 00f1 44       		.byte	68
 271 00f2 61       		.byte	97
 272 00f3 28       		.byte	40
 273 00f4 62       		.byte	98
 274 00f5 40       		.byte	64
 275 00f6 67       		.byte	103
 276 00f7 20       		.byte	32
 277 00f8 6C       		.byte	108
 278 00f9 28       		.byte	40
 279 00fa 6D       		.byte	109
 280 00fb 40       		.byte	64
 281 00fc 6F       		.byte	111
 282 00fd 82       		.byte	-126
 283 00fe 75       		.byte	117
 284 00ff 40       		.byte	64
 285 0100 99       		.byte	-103
ARM GAS  C:\Users\nico_\AppData\Local\Temp\ccnNyNkq.s 			page 6


 286 0101 10       		.byte	16
 287 0102 C0       		.byte	-64
 288 0103 04       		.byte	4
 289 0104 C2       		.byte	-62
 290 0105 91       		.byte	-111
 291 0106 C4       		.byte	-60
 292 0107 69       		.byte	105
 293 0108 CA       		.byte	-54
 294 0109 0F       		.byte	15
 295 010a CC       		.byte	-52
 296 010b 6F       		.byte	111
 297 010c CE       		.byte	-50
 298 010d 9B       		.byte	-101
 299 010e D0       		.byte	-48
 300 010f 0E       		.byte	14
 301 0110 D2       		.byte	-46
 302 0111 0C       		.byte	12
 303 0112 D8       		.byte	-40
 304 0113 4E       		.byte	78
 305 0114 07       		.byte	7
 306 0115 01       		.byte	1
 307 0116 0A       		.byte	10
 308 0117 04       		.byte	4
 309 0118 0C       		.byte	12
 310 0119 01       		.byte	1
 311 011a 16       		.byte	22
 312 011b 02       		.byte	2
 313 011c 1E       		.byte	30
 314 011d 01       		.byte	1
 315 011e 21       		.byte	33
 316 011f 02       		.byte	2
 317 0120 2A       		.byte	42
 318 0121 02       		.byte	2
 319 0122 2B       		.byte	43
 320 0123 03       		.byte	3
 321 0124 32       		.byte	50
 322 0125 01       		.byte	1
 323 0126 34       		.byte	52
 324 0127 02       		.byte	2
 325 0128 35       		.byte	53
 326 0129 01       		.byte	1
 327 012a 36       		.byte	54
 328 012b 04       		.byte	4
 329 012c 37       		.byte	55
 330 012d 02       		.byte	2
 331 012e 3E       		.byte	62
 332 012f 10       		.byte	16
 333 0130 40       		.byte	64
 334 0131 20       		.byte	32
 335 0132 41       		.byte	65
 336 0133 06       		.byte	6
 337 0134 45       		.byte	69
 338 0135 D0       		.byte	-48
 339 0136 46       		.byte	70
 340 0137 20       		.byte	32
 341 0138 47       		.byte	71
 342 0139 51       		.byte	81
ARM GAS  C:\Users\nico_\AppData\Local\Temp\ccnNyNkq.s 			page 7


 343 013a 48       		.byte	72
 344 013b 3A       		.byte	58
 345 013c 49       		.byte	73
 346 013d FF       		.byte	-1
 347 013e 4A       		.byte	74
 348 013f FF       		.byte	-1
 349 0140 4B       		.byte	75
 350 0141 FF       		.byte	-1
 351 0142 4D       		.byte	77
 352 0143 A0       		.byte	-96
 353 0144 4F       		.byte	79
 354 0145 04       		.byte	4
 355 0146 50       		.byte	80
 356 0147 18       		.byte	24
 357 0148 58       		.byte	88
 358 0149 04       		.byte	4
 359 014a 59       		.byte	89
 360 014b 04       		.byte	4
 361 014c 5A       		.byte	90
 362 014d 04       		.byte	4
 363 014e 5C       		.byte	92
 364 014f 22       		.byte	34
 365 0150 5D       		.byte	93
 366 0151 02       		.byte	2
 367 0152 5F       		.byte	95
 368 0153 01       		.byte	1
 369 0154 60       		.byte	96
 370 0155 40       		.byte	64
 371 0156 62       		.byte	98
 372 0157 C0       		.byte	-64
 373 0158 64       		.byte	100
 374 0159 40       		.byte	64
 375 015a 65       		.byte	101
 376 015b 40       		.byte	64
 377 015c 66       		.byte	102
 378 015d C0       		.byte	-64
 379 015e 68       		.byte	104
 380 015f C0       		.byte	-64
 381 0160 6A       		.byte	106
 382 0161 C0       		.byte	-64
 383 0162 6C       		.byte	108
 384 0163 C0       		.byte	-64
 385 0164 6E       		.byte	110
 386 0165 C0       		.byte	-64
 387 0166 84       		.byte	-124
 388 0167 09       		.byte	9
 389 0168 85       		.byte	-123
 390 0169 03       		.byte	3
 391 016a 86       		.byte	-122
 392 016b 10       		.byte	16
 393 016c 87       		.byte	-121
 394 016d 14       		.byte	20
 395 016e 89       		.byte	-119
 396 016f 20       		.byte	32
 397 0170 8D       		.byte	-115
 398 0171 13       		.byte	19
 399 0172 8E       		.byte	-114
ARM GAS  C:\Users\nico_\AppData\Local\Temp\ccnNyNkq.s 			page 8


 400 0173 03       		.byte	3
 401 0174 8F       		.byte	-113
 402 0175 0C       		.byte	12
 403 0176 90       		.byte	-112
 404 0177 30       		.byte	48
 405 0178 92       		.byte	-110
 406 0179 0C       		.byte	12
 407 017a 98       		.byte	-104
 408 017b 10       		.byte	16
 409 017c 9B       		.byte	-101
 410 017d 08       		.byte	8
 411 017e 9C       		.byte	-100
 412 017f 2C       		.byte	44
 413 0180 9D       		.byte	-99
 414 0181 13       		.byte	19
 415 0182 9E       		.byte	-98
 416 0183 11       		.byte	17
 417 0184 9F       		.byte	-97
 418 0185 04       		.byte	4
 419 0186 A0       		.byte	-96
 420 0187 40       		.byte	64
 421 0188 A4       		.byte	-92
 422 0189 14       		.byte	20
 423 018a A8       		.byte	-88
 424 018b 1C       		.byte	28
 425 018c A9       		.byte	-87
 426 018d 0A       		.byte	10
 427 018e AA       		.byte	-86
 428 018f 22       		.byte	34
 429 0190 AB       		.byte	-85
 430 0191 14       		.byte	20
 431 0192 AF       		.byte	-81
 432 0193 15       		.byte	21
 433 0194 B1       		.byte	-79
 434 0195 0F       		.byte	15
 435 0196 B3       		.byte	-77
 436 0197 20       		.byte	32
 437 0198 B4       		.byte	-76
 438 0199 60       		.byte	96
 439 019a B6       		.byte	-74
 440 019b 1F       		.byte	31
 441 019c B7       		.byte	-73
 442 019d 10       		.byte	16
 443 019e B8       		.byte	-72
 444 019f 20       		.byte	32
 445 01a0 BB       		.byte	-69
 446 01a1 02       		.byte	2
 447 01a2 BF       		.byte	-65
 448 01a3 44       		.byte	68
 449 01a4 C0       		.byte	-64
 450 01a5 54       		.byte	84
 451 01a6 C1       		.byte	-63
 452 01a7 01       		.byte	1
 453 01a8 C5       		.byte	-59
 454 01a9 0B       		.byte	11
 455 01aa C6       		.byte	-58
 456 01ab E0       		.byte	-32
ARM GAS  C:\Users\nico_\AppData\Local\Temp\ccnNyNkq.s 			page 9


 457 01ac C7       		.byte	-57
 458 01ad 0C       		.byte	12
 459 01ae C8       		.byte	-56
 460 01af 19       		.byte	25
 461 01b0 C9       		.byte	-55
 462 01b1 FF       		.byte	-1
 463 01b2 CA       		.byte	-54
 464 01b3 FF       		.byte	-1
 465 01b4 CB       		.byte	-53
 466 01b5 FF       		.byte	-1
 467 01b6 CE       		.byte	-50
 468 01b7 F0       		.byte	-16
 469 01b8 CF       		.byte	-49
 470 01b9 44       		.byte	68
 471 01ba D0       		.byte	-48
 472 01bb 0C       		.byte	12
 473 01bc D4       		.byte	-44
 474 01bd 01       		.byte	1
 475 01be D8       		.byte	-40
 476 01bf 04       		.byte	4
 477 01c0 D9       		.byte	-39
 478 01c1 04       		.byte	4
 479 01c2 DA       		.byte	-38
 480 01c3 04       		.byte	4
 481 01c4 DB       		.byte	-37
 482 01c5 04       		.byte	4
 483 01c6 DC       		.byte	-36
 484 01c7 11       		.byte	17
 485 01c8 DD       		.byte	-35
 486 01c9 11       		.byte	17
 487 01ca DF       		.byte	-33
 488 01cb 01       		.byte	1
 489 01cc E6       		.byte	-26
 490 01cd C0       		.byte	-64
 491 01ce EA       		.byte	-22
 492 01cf 40       		.byte	64
 493 01d0 EB       		.byte	-21
 494 01d1 02       		.byte	2
 495 01d2 01       		.byte	1
 496 01d3 80       		.byte	-128
 497 01d4 03       		.byte	3
 498 01d5 20       		.byte	32
 499 01d6 04       		.byte	4
 500 01d7 08       		.byte	8
 501 01d8 05       		.byte	5
 502 01d9 40       		.byte	64
 503 01da 06       		.byte	6
 504 01db 04       		.byte	4
 505 01dc 07       		.byte	7
 506 01dd 10       		.byte	16
 507 01de 09       		.byte	9
 508 01df 82       		.byte	-126
 509 01e0 0B       		.byte	11
 510 01e1 04       		.byte	4
 511 01e2 0F       		.byte	15
 512 01e3 22       		.byte	34
 513 01e4 10       		.byte	16
ARM GAS  C:\Users\nico_\AppData\Local\Temp\ccnNyNkq.s 			page 10


 514 01e5 24       		.byte	36
 515 01e6 12       		.byte	18
 516 01e7 40       		.byte	64
 517 01e8 16       		.byte	22
 518 01e9 08       		.byte	8
 519 01ea 19       		.byte	25
 520 01eb 80       		.byte	-128
 521 01ec 1B       		.byte	27
 522 01ed 20       		.byte	32
 523 01ee 1E       		.byte	30
 524 01ef 28       		.byte	40
 525 01f0 1F       		.byte	31
 526 01f1 80       		.byte	-128
 527 01f2 21       		.byte	33
 528 01f3 02       		.byte	2
 529 01f4 22       		.byte	34
 530 01f5 44       		.byte	68
 531 01f6 23       		.byte	35
 532 01f7 40       		.byte	64
 533 01f8 26       		.byte	38
 534 01f9 40       		.byte	64
 535 01fa 27       		.byte	39
 536 01fb 04       		.byte	4
 537 01fc 28       		.byte	40
 538 01fd 04       		.byte	4
 539 01fe 29       		.byte	41
 540 01ff 20       		.byte	32
 541 0200 2A       		.byte	42
 542 0201 C0       		.byte	-64
 543 0202 2F       		.byte	47
 544 0203 88       		.byte	-120
 545 0204 31       		.byte	49
 546 0205 80       		.byte	-128
 547 0206 33       		.byte	51
 548 0207 20       		.byte	32
 549 0208 38       		.byte	56
 550 0209 08       		.byte	8
 551 020a 3B       		.byte	59
 552 020b 60       		.byte	96
 553 020c 3E       		.byte	62
 554 020d 08       		.byte	8
 555 020e 40       		.byte	64
 556 020f 02       		.byte	2
 557 0210 41       		.byte	65
 558 0211 80       		.byte	-128
 559 0212 42       		.byte	66
 560 0213 80       		.byte	-128
 561 0214 46       		.byte	70
 562 0215 08       		.byte	8
 563 0216 48       		.byte	72
 564 0217 20       		.byte	32
 565 0218 4B       		.byte	75
 566 0219 40       		.byte	64
 567 021a 4F       		.byte	79
 568 021b 21       		.byte	33
 569 021c 50       		.byte	80
 570 021d 04       		.byte	4
ARM GAS  C:\Users\nico_\AppData\Local\Temp\ccnNyNkq.s 			page 11


 571 021e 53       		.byte	83
 572 021f 10       		.byte	16
 573 0220 56       		.byte	86
 574 0221 04       		.byte	4
 575 0222 57       		.byte	87
 576 0223 19       		.byte	25
 577 0224 5A       		.byte	90
 578 0225 88       		.byte	-120
 579 0226 5B       		.byte	91
 580 0227 12       		.byte	18
 581 0228 83       		.byte	-125
 582 0229 04       		.byte	4
 583 022a C0       		.byte	-64
 584 022b C5       		.byte	-59
 585 022c C2       		.byte	-62
 586 022d AB       		.byte	-85
 587 022e C4       		.byte	-60
 588 022f 4E       		.byte	78
 589 0230 CA       		.byte	-54
 590 0231 AC       		.byte	-84
 591 0232 CC       		.byte	-52
 592 0233 0C       		.byte	12
 593 0234 CE       		.byte	-50
 594 0235 4E       		.byte	78
 595 0236 D0       		.byte	-48
 596 0237 29       		.byte	41
 597 0238 D2       		.byte	-46
 598 0239 28       		.byte	40
 599 023a D6       		.byte	-42
 600 023b 0F       		.byte	15
 601 023c E0       		.byte	-32
 602 023d 01       		.byte	1
 603 023e AC       		.byte	-84
 604 023f 84       		.byte	-124
 605 0240 AD       		.byte	-83
 606 0241 04       		.byte	4
 607 0242 AE       		.byte	-82
 608 0243 01       		.byte	1
 609 0244 B1       		.byte	-79
 610 0245 02       		.byte	2
 611 0246 B4       		.byte	-76
 612 0247 10       		.byte	16
 613 0248 B5       		.byte	-75
 614 0249 10       		.byte	16
 615 024a B7       		.byte	-73
 616 024b 01       		.byte	1
 617 024c 00       		.byte	0
 618 024d 04       		.byte	4
 619 024e 04       		.byte	4
 620 024f 56       		.byte	86
 621 0250 05       		.byte	5
 622 0251 20       		.byte	32
 623 0252 06       		.byte	6
 624 0253 09       		.byte	9
 625 0254 08       		.byte	8
 626 0255 60       		.byte	96
 627 0256 09       		.byte	9
ARM GAS  C:\Users\nico_\AppData\Local\Temp\ccnNyNkq.s 			page 12


 628 0257 12       		.byte	18
 629 0258 0B       		.byte	11
 630 0259 24       		.byte	36
 631 025a 0C       		.byte	12
 632 025b 04       		.byte	4
 633 025c 0D       		.byte	13
 634 025d 6D       		.byte	109
 635 025e 10       		.byte	16
 636 025f 01       		.byte	1
 637 0260 11       		.byte	17
 638 0261 71       		.byte	113
 639 0262 13       		.byte	19
 640 0263 02       		.byte	2
 641 0264 15       		.byte	21
 642 0265 22       		.byte	34
 643 0266 16       		.byte	22
 644 0267 04       		.byte	4
 645 0268 17       		.byte	23
 646 0269 58       		.byte	88
 647 026a 18       		.byte	24
 648 026b 04       		.byte	4
 649 026c 19       		.byte	25
 650 026d 02       		.byte	2
 651 026e 1B       		.byte	27
 652 026f 0D       		.byte	13
 653 0270 1C       		.byte	28
 654 0271 07       		.byte	7
 655 0272 1D       		.byte	29
 656 0273 2D       		.byte	45
 657 0274 1E       		.byte	30
 658 0275 38       		.byte	56
 659 0276 1F       		.byte	31
 660 0277 40       		.byte	64
 661 0278 20       		.byte	32
 662 0279 04       		.byte	4
 663 027a 21       		.byte	33
 664 027b 6D       		.byte	109
 665 027c 24       		.byte	36
 666 027d 0A       		.byte	10
 667 027e 25       		.byte	37
 668 027f 2D       		.byte	45
 669 0280 26       		.byte	38
 670 0281 10       		.byte	16
 671 0282 27       		.byte	39
 672 0283 40       		.byte	64
 673 0284 28       		.byte	40
 674 0285 04       		.byte	4
 675 0286 29       		.byte	41
 676 0287 4D       		.byte	77
 677 0288 2B       		.byte	43
 678 0289 20       		.byte	32
 679 028a 2D       		.byte	45
 680 028b 40       		.byte	64
 681 028c 30       		.byte	48
 682 028d 7F       		.byte	127
 683 028e 35       		.byte	53
 684 028f 0F       		.byte	15
ARM GAS  C:\Users\nico_\AppData\Local\Temp\ccnNyNkq.s 			page 13


 685 0290 37       		.byte	55
 686 0291 70       		.byte	112
 687 0292 38       		.byte	56
 688 0293 02       		.byte	2
 689 0294 3B       		.byte	59
 690 0295 20       		.byte	32
 691 0296 58       		.byte	88
 692 0297 04       		.byte	4
 693 0298 59       		.byte	89
 694 0299 04       		.byte	4
 695 029a 5F       		.byte	95
 696 029b 01       		.byte	1
 697 029c 82       		.byte	-126
 698 029d 02       		.byte	2
 699 029e 85       		.byte	-123
 700 029f 08       		.byte	8
 701 02a0 89       		.byte	-119
 702 02a1 20       		.byte	32
 703 02a2 8D       		.byte	-115
 704 02a3 08       		.byte	8
 705 02a4 8F       		.byte	-113
 706 02a5 12       		.byte	18
 707 02a6 91       		.byte	-111
 708 02a7 02       		.byte	2
 709 02a8 95       		.byte	-107
 710 02a9 12       		.byte	18
 711 02aa 97       		.byte	-105
 712 02ab 08       		.byte	8
 713 02ac 99       		.byte	-103
 714 02ad 18       		.byte	24
 715 02ae 9A       		.byte	-102
 716 02af 01       		.byte	1
 717 02b0 9B       		.byte	-101
 718 02b1 02       		.byte	2
 719 02b2 9D       		.byte	-99
 720 02b3 03       		.byte	3
 721 02b4 9F       		.byte	-97
 722 02b5 44       		.byte	68
 723 02b6 A1       		.byte	-95
 724 02b7 1A       		.byte	26
 725 02b8 A5       		.byte	-91
 726 02b9 0C       		.byte	12
 727 02ba A7       		.byte	-89
 728 02bb 43       		.byte	67
 729 02bc A9       		.byte	-87
 730 02bd 41       		.byte	65
 731 02be AB       		.byte	-85
 732 02bf 08       		.byte	8
 733 02c0 AD       		.byte	-83
 734 02c1 1A       		.byte	26
 735 02c2 B0       		.byte	-80
 736 02c3 02       		.byte	2
 737 02c4 B1       		.byte	-79
 738 02c5 0F       		.byte	15
 739 02c6 B2       		.byte	-78
 740 02c7 01       		.byte	1
 741 02c8 B3       		.byte	-77
ARM GAS  C:\Users\nico_\AppData\Local\Temp\ccnNyNkq.s 			page 14


 742 02c9 10       		.byte	16
 743 02ca B5       		.byte	-75
 744 02cb 40       		.byte	64
 745 02cc B7       		.byte	-73
 746 02cd 20       		.byte	32
 747 02ce BB       		.byte	-69
 748 02cf 02       		.byte	2
 749 02d0 BF       		.byte	-65
 750 02d1 54       		.byte	84
 751 02d2 D4       		.byte	-44
 752 02d3 09       		.byte	9
 753 02d4 D8       		.byte	-40
 754 02d5 04       		.byte	4
 755 02d6 D9       		.byte	-39
 756 02d7 04       		.byte	4
 757 02d8 DB       		.byte	-37
 758 02d9 04       		.byte	4
 759 02da DC       		.byte	-36
 760 02db 02       		.byte	2
 761 02dc DF       		.byte	-33
 762 02dd 01       		.byte	1
 763 02de 00       		.byte	0
 764 02df 02       		.byte	2
 765 02e0 05       		.byte	5
 766 02e1 48       		.byte	72
 767 02e2 06       		.byte	6
 768 02e3 44       		.byte	68
 769 02e4 07       		.byte	7
 770 02e5 40       		.byte	64
 771 02e6 0A       		.byte	10
 772 02e7 08       		.byte	8
 773 02e8 0C       		.byte	12
 774 02e9 08       		.byte	8
 775 02ea 0D       		.byte	13
 776 02eb 80       		.byte	-128
 777 02ec 0E       		.byte	14
 778 02ed 40       		.byte	64
 779 02ee 0F       		.byte	15
 780 02ef 04       		.byte	4
 781 02f0 14       		.byte	20
 782 02f1 40       		.byte	64
 783 02f2 16       		.byte	22
 784 02f3 18       		.byte	24
 785 02f4 18       		.byte	24
 786 02f5 10       		.byte	16
 787 02f6 19       		.byte	25
 788 02f7 02       		.byte	2
 789 02f8 1E       		.byte	30
 790 02f9 40       		.byte	64
 791 02fa 20       		.byte	32
 792 02fb 08       		.byte	8
 793 02fc 21       		.byte	33
 794 02fd 04       		.byte	4
 795 02fe 22       		.byte	34
 796 02ff 82       		.byte	-126
 797 0300 25       		.byte	37
 798 0301 80       		.byte	-128
ARM GAS  C:\Users\nico_\AppData\Local\Temp\ccnNyNkq.s 			page 15


 799 0302 26       		.byte	38
 800 0303 20       		.byte	32
 801 0304 27       		.byte	39
 802 0305 02       		.byte	2
 803 0306 28       		.byte	40
 804 0307 40       		.byte	64
 805 0308 29       		.byte	41
 806 0309 48       		.byte	72
 807 030a 2A       		.byte	42
 808 030b B0       		.byte	-80
 809 030c 2B       		.byte	43
 810 030d 80       		.byte	-128
 811 030e 2C       		.byte	44
 812 030f 29       		.byte	41
 813 0310 2E       		.byte	46
 814 0311 08       		.byte	8
 815 0312 2F       		.byte	47
 816 0313 81       		.byte	-127
 817 0314 30       		.byte	48
 818 0315 29       		.byte	41
 819 0316 31       		.byte	49
 820 0317 80       		.byte	-128
 821 0318 35       		.byte	53
 822 0319 08       		.byte	8
 823 031a 36       		.byte	54
 824 031b 20       		.byte	32
 825 031c 37       		.byte	55
 826 031d 42       		.byte	66
 827 031e 39       		.byte	57
 828 031f 40       		.byte	64
 829 0320 3A       		.byte	58
 830 0321 40       		.byte	64
 831 0322 3B       		.byte	59
 832 0323 14       		.byte	20
 833 0324 3E       		.byte	62
 834 0325 A0       		.byte	-96
 835 0326 3F       		.byte	63
 836 0327 04       		.byte	4
 837 0328 58       		.byte	88
 838 0329 80       		.byte	-128
 839 032a 59       		.byte	89
 840 032b 14       		.byte	20
 841 032c 5A       		.byte	90
 842 032d 01       		.byte	1
 843 032e 63       		.byte	99
 844 032f 02       		.byte	2
 845 0330 82       		.byte	-126
 846 0331 C0       		.byte	-64
 847 0332 86       		.byte	-122
 848 0333 16       		.byte	22
 849 0334 87       		.byte	-121
 850 0335 10       		.byte	16
 851 0336 91       		.byte	-111
 852 0337 40       		.byte	64
 853 0338 93       		.byte	-109
 854 0339 06       		.byte	6
 855 033a 95       		.byte	-107
ARM GAS  C:\Users\nico_\AppData\Local\Temp\ccnNyNkq.s 			page 16


 856 033b 08       		.byte	8
 857 033c 99       		.byte	-103
 858 033d 4C       		.byte	76
 859 033e 9A       		.byte	-102
 860 033f 04       		.byte	4
 861 0340 9E       		.byte	-98
 862 0341 10       		.byte	16
 863 0342 A0       		.byte	-96
 864 0343 29       		.byte	41
 865 0344 A3       		.byte	-93
 866 0345 81       		.byte	-127
 867 0346 A5       		.byte	-91
 868 0347 80       		.byte	-128
 869 0348 A6       		.byte	-90
 870 0349 02       		.byte	2
 871 034a B0       		.byte	-80
 872 034b 01       		.byte	1
 873 034c B7       		.byte	-73
 874 034d 20       		.byte	32
 875 034e C0       		.byte	-64
 876 034f F8       		.byte	-8
 877 0350 C2       		.byte	-62
 878 0351 F2       		.byte	-14
 879 0352 C4       		.byte	-60
 880 0353 70       		.byte	112
 881 0354 CA       		.byte	-54
 882 0355 FF       		.byte	-1
 883 0356 CC       		.byte	-52
 884 0357 FF       		.byte	-1
 885 0358 CE       		.byte	-50
 886 0359 7E       		.byte	126
 887 035a D6       		.byte	-42
 888 035b 0F       		.byte	15
 889 035c D8       		.byte	-40
 890 035d 08       		.byte	8
 891 035e E2       		.byte	-30
 892 035f 08       		.byte	8
 893 0360 E4       		.byte	-28
 894 0361 04       		.byte	4
 895 0362 E6       		.byte	-26
 896 0363 09       		.byte	9
 897 0364 EE       		.byte	-18
 898 0365 10       		.byte	16
 899 0366 00       		.byte	0
 900 0367 20       		.byte	32
 901 0368 02       		.byte	2
 902 0369 C2       		.byte	-62
 903 036a 04       		.byte	4
 904 036b 48       		.byte	72
 905 036c 06       		.byte	6
 906 036d 34       		.byte	52
 907 036e 08       		.byte	8
 908 036f F8       		.byte	-8
 909 0370 0B       		.byte	11
 910 0371 01       		.byte	1
 911 0372 16       		.byte	22
 912 0373 01       		.byte	1
ARM GAS  C:\Users\nico_\AppData\Local\Temp\ccnNyNkq.s 			page 17


 913 0374 18       		.byte	24
 914 0375 90       		.byte	-112
 915 0376 1A       		.byte	26
 916 0377 2C       		.byte	44
 917 0378 20       		.byte	32
 918 0379 01       		.byte	1
 919 037a 24       		.byte	36
 920 037b F8       		.byte	-8
 921 037c 28       		.byte	40
 922 037d 01       		.byte	1
 923 037e 2B       		.byte	43
 924 037f 01       		.byte	1
 925 0380 2E       		.byte	46
 926 0381 01       		.byte	1
 927 0382 30       		.byte	48
 928 0383 E0       		.byte	-32
 929 0384 32       		.byte	50
 930 0385 01       		.byte	1
 931 0386 34       		.byte	52
 932 0387 18       		.byte	24
 933 0388 35       		.byte	53
 934 0389 01       		.byte	1
 935 038a 36       		.byte	54
 936 038b 06       		.byte	6
 937 038c 38       		.byte	56
 938 038d 08       		.byte	8
 939 038e 3B       		.byte	59
 940 038f 80       		.byte	-128
 941 0390 3E       		.byte	62
 942 0391 40       		.byte	64
 943 0392 3F       		.byte	63
 944 0393 10       		.byte	16
 945 0394 40       		.byte	64
 946 0395 23       		.byte	35
 947 0396 41       		.byte	65
 948 0397 04       		.byte	4
 949 0398 42       		.byte	66
 950 0399 05       		.byte	5
 951 039a 44       		.byte	68
 952 039b 01       		.byte	1
 953 039c 46       		.byte	70
 954 039d C0       		.byte	-64
 955 039e 47       		.byte	71
 956 039f 0E       		.byte	14
 957 03a0 48       		.byte	72
 958 03a1 18       		.byte	24
 959 03a2 49       		.byte	73
 960 03a3 FF       		.byte	-1
 961 03a4 4A       		.byte	74
 962 03a5 FF       		.byte	-1
 963 03a6 4B       		.byte	75
 964 03a7 FF       		.byte	-1
 965 03a8 4C       		.byte	76
 966 03a9 62       		.byte	98
 967 03aa 4D       		.byte	77
 968 03ab A0       		.byte	-96
 969 03ac 4E       		.byte	78
ARM GAS  C:\Users\nico_\AppData\Local\Temp\ccnNyNkq.s 			page 18


 970 03ad F0       		.byte	-16
 971 03ae 4F       		.byte	79
 972 03af 41       		.byte	65
 973 03b0 50       		.byte	80
 974 03b1 0C       		.byte	12
 975 03b2 52       		.byte	82
 976 03b3 80       		.byte	-128
 977 03b4 54       		.byte	84
 978 03b5 07       		.byte	7
 979 03b6 58       		.byte	88
 980 03b7 04       		.byte	4
 981 03b8 59       		.byte	89
 982 03b9 04       		.byte	4
 983 03ba 5A       		.byte	90
 984 03bb 04       		.byte	4
 985 03bc 5B       		.byte	91
 986 03bd 04       		.byte	4
 987 03be 5C       		.byte	92
 988 03bf 11       		.byte	17
 989 03c0 5D       		.byte	93
 990 03c1 21       		.byte	33
 991 03c2 5F       		.byte	95
 992 03c3 01       		.byte	1
 993 03c4 66       		.byte	102
 994 03c5 40       		.byte	64
 995 03c6 67       		.byte	103
 996 03c7 02       		.byte	2
 997 03c8 69       		.byte	105
 998 03c9 10       		.byte	16
 999 03ca 6A       		.byte	106
 1000 03cb 30       		.byte	48
 1001 03cc 6B       		.byte	107
 1002 03cd 10       		.byte	16
 1003 03ce 6D       		.byte	109
 1004 03cf 10       		.byte	16
 1005 03d0 6E       		.byte	110
 1006 03d1 10       		.byte	16
 1007 03d2 6F       		.byte	111
 1008 03d3 12       		.byte	18
 1009 03d4 82       		.byte	-126
 1010 03d5 03       		.byte	3
 1011 03d6 86       		.byte	-122
 1012 03d7 1C       		.byte	28
 1013 03d8 8C       		.byte	-116
 1014 03d9 01       		.byte	1
 1015 03da 8E       		.byte	-114
 1016 03db 0E       		.byte	14
 1017 03dc 8F       		.byte	-113
 1018 03dd 01       		.byte	1
 1019 03de 90       		.byte	-112
 1020 03df 01       		.byte	1
 1021 03e0 91       		.byte	-111
 1022 03e1 03       		.byte	3
 1023 03e2 92       		.byte	-110
 1024 03e3 16       		.byte	22
 1025 03e4 98       		.byte	-104
 1026 03e5 1C       		.byte	28
ARM GAS  C:\Users\nico_\AppData\Local\Temp\ccnNyNkq.s 			page 19


 1027 03e6 9A       		.byte	-102
 1028 03e7 03       		.byte	3
 1029 03e8 A6       		.byte	-90
 1030 03e9 08       		.byte	8
 1031 03ea A9       		.byte	-87
 1032 03eb 02       		.byte	2
 1033 03ec AD       		.byte	-83
 1034 03ed 03       		.byte	3
 1035 03ee B0       		.byte	-80
 1036 03ef 1A       		.byte	26
 1037 03f0 B1       		.byte	-79
 1038 03f1 03       		.byte	3
 1039 03f2 B4       		.byte	-76
 1040 03f3 0F       		.byte	15
 1041 03f4 B9       		.byte	-71
 1042 03f5 02       		.byte	2
 1043 03f6 BA       		.byte	-70
 1044 03f7 22       		.byte	34
 1045 03f8 BF       		.byte	-65
 1046 03f9 01       		.byte	1
 1047 03fa C0       		.byte	-64
 1048 03fb 04       		.byte	4
 1049 03fc C5       		.byte	-59
 1050 03fd 04       		.byte	4
 1051 03fe C9       		.byte	-55
 1052 03ff FF       		.byte	-1
 1053 0400 CA       		.byte	-54
 1054 0401 07       		.byte	7
 1055 0402 CB       		.byte	-53
 1056 0403 FF       		.byte	-1
 1057 0404 CC       		.byte	-52
 1058 0405 40       		.byte	64
 1059 0406 CD       		.byte	-51
 1060 0407 20       		.byte	32
 1061 0408 CE       		.byte	-50
 1062 0409 F0       		.byte	-16
 1063 040a CF       		.byte	-49
 1064 040b 05       		.byte	5
 1065 040c D0       		.byte	-48
 1066 040d 08       		.byte	8
 1067 040e D4       		.byte	-44
 1068 040f 18       		.byte	24
 1069 0410 D6       		.byte	-42
 1070 0411 04       		.byte	4
 1071 0412 D8       		.byte	-40
 1072 0413 04       		.byte	4
 1073 0414 D9       		.byte	-39
 1074 0415 04       		.byte	4
 1075 0416 DA       		.byte	-38
 1076 0417 04       		.byte	4
 1077 0418 DB       		.byte	-37
 1078 0419 04       		.byte	4
 1079 041a DC       		.byte	-36
 1080 041b 01       		.byte	1
 1081 041c DD       		.byte	-35
 1082 041d 11       		.byte	17
 1083 041e DF       		.byte	-33
ARM GAS  C:\Users\nico_\AppData\Local\Temp\ccnNyNkq.s 			page 20


 1084 041f 01       		.byte	1
 1085 0420 E0       		.byte	-32
 1086 0421 40       		.byte	64
 1087 0422 E1       		.byte	-31
 1088 0423 A8       		.byte	-88
 1089 0424 E2       		.byte	-30
 1090 0425 40       		.byte	64
 1091 0426 E3       		.byte	-29
 1092 0427 20       		.byte	32
 1093 0428 02       		.byte	2
 1094 0429 40       		.byte	64
 1095 042a 03       		.byte	3
 1096 042b 22       		.byte	34
 1097 042c 04       		.byte	4
 1098 042d 20       		.byte	32
 1099 042e 05       		.byte	5
 1100 042f 09       		.byte	9
 1101 0430 09       		.byte	9
 1102 0431 02       		.byte	2
 1103 0432 0A       		.byte	10
 1104 0433 04       		.byte	4
 1105 0434 0C       		.byte	12
 1106 0435 10       		.byte	16
 1107 0436 0D       		.byte	13
 1108 0437 20       		.byte	32
 1109 0438 0F       		.byte	15
 1110 0439 20       		.byte	32
 1111 043a 13       		.byte	19
 1112 043b 04       		.byte	4
 1113 043c 16       		.byte	22
 1114 043d 01       		.byte	1
 1115 043e 17       		.byte	23
 1116 043f 15       		.byte	21
 1117 0440 19       		.byte	25
 1118 0441 20       		.byte	32
 1119 0442 1A       		.byte	26
 1120 0443 04       		.byte	4
 1121 0444 1B       		.byte	27
 1122 0445 03       		.byte	3
 1123 0446 1C       		.byte	28
 1124 0447 A0       		.byte	-96
 1125 0448 1D       		.byte	29
 1126 0449 A1       		.byte	-95
 1127 044a 20       		.byte	32
 1128 044b 40       		.byte	64
 1129 044c 24       		.byte	36
 1130 044d 04       		.byte	4
 1131 044e 27       		.byte	39
 1132 044f 01       		.byte	1
 1133 0450 28       		.byte	40
 1134 0451 02       		.byte	2
 1135 0452 29       		.byte	41
 1136 0453 20       		.byte	32
 1137 0454 2B       		.byte	43
 1138 0455 01       		.byte	1
 1139 0456 2F       		.byte	47
 1140 0457 08       		.byte	8
ARM GAS  C:\Users\nico_\AppData\Local\Temp\ccnNyNkq.s 			page 21


 1141 0458 31       		.byte	49
 1142 0459 02       		.byte	2
 1143 045a 38       		.byte	56
 1144 045b 80       		.byte	-128
 1145 045c 3C       		.byte	60
 1146 045d 20       		.byte	32
 1147 045e 40       		.byte	64
 1148 045f 40       		.byte	64
 1149 0460 45       		.byte	69
 1150 0461 88       		.byte	-120
 1151 0462 47       		.byte	71
 1152 0463 11       		.byte	17
 1153 0464 4B       		.byte	75
 1154 0465 04       		.byte	4
 1155 0466 4E       		.byte	78
 1156 0467 01       		.byte	1
 1157 0468 50       		.byte	80
 1158 0469 40       		.byte	64
 1159 046a 52       		.byte	82
 1160 046b 40       		.byte	64
 1161 046c 56       		.byte	86
 1162 046d 10       		.byte	16
 1163 046e 57       		.byte	87
 1164 046f 08       		.byte	8
 1165 0470 5A       		.byte	90
 1166 0471 01       		.byte	1
 1167 0472 5E       		.byte	94
 1168 0473 A8       		.byte	-88
 1169 0474 5F       		.byte	95
 1170 0475 01       		.byte	1
 1171 0476 60       		.byte	96
 1172 0477 84       		.byte	-124
 1173 0478 62       		.byte	98
 1174 0479 80       		.byte	-128
 1175 047a 74       		.byte	116
 1176 047b 01       		.byte	1
 1177 047c 80       		.byte	-128
 1178 047d 80       		.byte	-128
 1179 047e 84       		.byte	-124
 1180 047f 01       		.byte	1
 1181 0480 85       		.byte	-123
 1182 0481 80       		.byte	-128
 1183 0482 93       		.byte	-109
 1184 0483 01       		.byte	1
 1185 0484 97       		.byte	-105
 1186 0485 04       		.byte	4
 1187 0486 99       		.byte	-103
 1188 0487 80       		.byte	-128
 1189 0488 9C       		.byte	-100
 1190 0489 02       		.byte	2
 1191 048a 9D       		.byte	-99
 1192 048b 60       		.byte	96
 1193 048c 9E       		.byte	-98
 1194 048d 48       		.byte	72
 1195 048e A1       		.byte	-95
 1196 048f 02       		.byte	2
 1197 0490 A2       		.byte	-94
ARM GAS  C:\Users\nico_\AppData\Local\Temp\ccnNyNkq.s 			page 22


 1198 0491 54       		.byte	84
 1199 0492 A3       		.byte	-93
 1200 0493 20       		.byte	32
 1201 0494 AF       		.byte	-81
 1202 0495 12       		.byte	18
 1203 0496 B3       		.byte	-77
 1204 0497 01       		.byte	1
 1205 0498 C0       		.byte	-64
 1206 0499 7D       		.byte	125
 1207 049a C2       		.byte	-62
 1208 049b 6A       		.byte	106
 1209 049c C4       		.byte	-60
 1210 049d F4       		.byte	-12
 1211 049e CA       		.byte	-54
 1212 049f 2C       		.byte	44
 1213 04a0 CC       		.byte	-52
 1214 04a1 01       		.byte	1
 1215 04a2 CE       		.byte	-50
 1216 04a3 28       		.byte	40
 1217 04a4 D0       		.byte	-48
 1218 04a5 F1       		.byte	-15
 1219 04a6 D2       		.byte	-46
 1220 04a7 10       		.byte	16
 1221 04a8 D6       		.byte	-42
 1222 04a9 F1       		.byte	-15
 1223 04aa D8       		.byte	-40
 1224 04ab 0D       		.byte	13
 1225 04ac E4       		.byte	-28
 1226 04ad 04       		.byte	4
 1227 04ae EA       		.byte	-22
 1228 04af 80       		.byte	-128
 1229 04b0 04       		.byte	4
 1230 04b1 06       		.byte	6
 1231 04b2 06       		.byte	6
 1232 04b3 09       		.byte	9
 1233 04b4 08       		.byte	8
 1234 04b5 09       		.byte	9
 1235 04b6 0A       		.byte	10
 1236 04b7 06       		.byte	6
 1237 04b8 0B       		.byte	11
 1238 04b9 01       		.byte	1
 1239 04ba 0C       		.byte	12
 1240 04bb 0F       		.byte	15
 1241 04bc 18       		.byte	24
 1242 04bd 07       		.byte	7
 1243 04be 1A       		.byte	26
 1244 04bf 08       		.byte	8
 1245 04c0 1E       		.byte	30
 1246 04c1 09       		.byte	9
 1247 04c2 20       		.byte	32
 1248 04c3 04       		.byte	4
 1249 04c4 23       		.byte	35
 1250 04c5 01       		.byte	1
 1251 04c6 24       		.byte	36
 1252 04c7 02       		.byte	2
 1253 04c8 28       		.byte	40
 1254 04c9 06       		.byte	6
ARM GAS  C:\Users\nico_\AppData\Local\Temp\ccnNyNkq.s 			page 23


 1255 04ca 30       		.byte	48
 1256 04cb 07       		.byte	7
 1257 04cc 34       		.byte	52
 1258 04cd 0E       		.byte	14
 1259 04ce 37       		.byte	55
 1260 04cf 01       		.byte	1
 1261 04d0 3A       		.byte	58
 1262 04d1 20       		.byte	32
 1263 04d2 3F       		.byte	63
 1264 04d3 40       		.byte	64
 1265 04d4 58       		.byte	88
 1266 04d5 04       		.byte	4
 1267 04d6 59       		.byte	89
 1268 04d7 04       		.byte	4
 1269 04d8 5C       		.byte	92
 1270 04d9 01       		.byte	1
 1271 04da 5F       		.byte	95
 1272 04db 01       		.byte	1
 1273 04dc 80       		.byte	-128
 1274 04dd 0C       		.byte	12
 1275 04de 81       		.byte	-127
 1276 04df 44       		.byte	68
 1277 04e0 84       		.byte	-124
 1278 04e1 0C       		.byte	12
 1279 04e2 85       		.byte	-123
 1280 04e3 08       		.byte	8
 1281 04e4 89       		.byte	-119
 1282 04e5 E7       		.byte	-25
 1283 04e6 8A       		.byte	-118
 1284 04e7 0C       		.byte	12
 1285 04e8 8B       		.byte	-117
 1286 04e9 18       		.byte	24
 1287 04ea 8C       		.byte	-116
 1288 04eb 04       		.byte	4
 1289 04ec 8D       		.byte	-115
 1290 04ed C0       		.byte	-64
 1291 04ee 8E       		.byte	-114
 1292 04ef 01       		.byte	1
 1293 04f0 90       		.byte	-112
 1294 04f1 02       		.byte	2
 1295 04f2 91       		.byte	-111
 1296 04f3 FF       		.byte	-1
 1297 04f4 95       		.byte	-107
 1298 04f5 3C       		.byte	60
 1299 04f6 96       		.byte	-106
 1300 04f7 0C       		.byte	12
 1301 04f8 97       		.byte	-105
 1302 04f9 C2       		.byte	-62
 1303 04fa 98       		.byte	-104
 1304 04fb 02       		.byte	2
 1305 04fc 99       		.byte	-103
 1306 04fd 80       		.byte	-128
 1307 04fe 9D       		.byte	-99
 1308 04ff 10       		.byte	16
 1309 0500 9E       		.byte	-98
 1310 0501 0C       		.byte	12
 1311 0502 A0       		.byte	-96
ARM GAS  C:\Users\nico_\AppData\Local\Temp\ccnNyNkq.s 			page 24


 1312 0503 0C       		.byte	12
 1313 0504 A3       		.byte	-93
 1314 0505 C3       		.byte	-61
 1315 0506 A4       		.byte	-92
 1316 0507 08       		.byte	8
 1317 0508 A5       		.byte	-91
 1318 0509 FC       		.byte	-4
 1319 050a A7       		.byte	-89
 1320 050b 01       		.byte	1
 1321 050c A8       		.byte	-88
 1322 050d 02       		.byte	2
 1323 050e A9       		.byte	-87
 1324 050f 18       		.byte	24
 1325 0510 AF       		.byte	-81
 1326 0511 04       		.byte	4
 1327 0512 B0       		.byte	-80
 1328 0513 01       		.byte	1
 1329 0514 B1       		.byte	-79
 1330 0515 20       		.byte	32
 1331 0516 B2       		.byte	-78
 1332 0517 02       		.byte	2
 1333 0518 B3       		.byte	-77
 1334 0519 D8       		.byte	-40
 1335 051a B5       		.byte	-75
 1336 051b 1F       		.byte	31
 1337 051c B6       		.byte	-74
 1338 051d 0C       		.byte	12
 1339 051e BB       		.byte	-69
 1340 051f 28       		.byte	40
 1341 0520 BF       		.byte	-65
 1342 0521 01       		.byte	1
 1343 0522 D6       		.byte	-42
 1344 0523 02       		.byte	2
 1345 0524 D7       		.byte	-41
 1346 0525 13       		.byte	19
 1347 0526 D8       		.byte	-40
 1348 0527 04       		.byte	4
 1349 0528 D9       		.byte	-39
 1350 0529 04       		.byte	4
 1351 052a DB       		.byte	-37
 1352 052b 04       		.byte	4
 1353 052c DC       		.byte	-36
 1354 052d 11       		.byte	17
 1355 052e DD       		.byte	-35
 1356 052f 10       		.byte	16
 1357 0530 DF       		.byte	-33
 1358 0531 01       		.byte	1
 1359 0532 00       		.byte	0
 1360 0533 10       		.byte	16
 1361 0534 03       		.byte	3
 1362 0535 21       		.byte	33
 1363 0536 05       		.byte	5
 1364 0537 01       		.byte	1
 1365 0538 06       		.byte	6
 1366 0539 02       		.byte	2
 1367 053a 07       		.byte	7
 1368 053b 18       		.byte	24
ARM GAS  C:\Users\nico_\AppData\Local\Temp\ccnNyNkq.s 			page 25


 1369 053c 08       		.byte	8
 1370 053d 40       		.byte	64
 1371 053e 09       		.byte	9
 1372 053f 10       		.byte	16
 1373 0540 0C       		.byte	12
 1374 0541 42       		.byte	66
 1375 0542 0D       		.byte	13
 1376 0543 40       		.byte	64
 1377 0544 0E       		.byte	14
 1378 0545 04       		.byte	4
 1379 0546 0F       		.byte	15
 1380 0547 20       		.byte	32
 1381 0548 10       		.byte	16
 1382 0549 A8       		.byte	-88
 1383 054a 14       		.byte	20
 1384 054b 10       		.byte	16
 1385 054c 15       		.byte	21
 1386 054d 10       		.byte	16
 1387 054e 17       		.byte	23
 1388 054f 01       		.byte	1
 1389 0550 19       		.byte	25
 1390 0551 02       		.byte	2
 1391 0552 1B       		.byte	27
 1392 0553 30       		.byte	48
 1393 0554 1D       		.byte	29
 1394 0555 08       		.byte	8
 1395 0556 1E       		.byte	30
 1396 0557 01       		.byte	1
 1397 0558 1F       		.byte	31
 1398 0559 02       		.byte	2
 1399 055a 22       		.byte	34
 1400 055b 80       		.byte	-128
 1401 055c 24       		.byte	36
 1402 055d 10       		.byte	16
 1403 055e 25       		.byte	37
 1404 055f 10       		.byte	16
 1405 0560 26       		.byte	38
 1406 0561 01       		.byte	1
 1407 0562 27       		.byte	39
 1408 0563 18       		.byte	24
 1409 0564 29       		.byte	41
 1410 0565 02       		.byte	2
 1411 0566 2C       		.byte	44
 1412 0567 48       		.byte	72
 1413 0568 2F       		.byte	47
 1414 0569 22       		.byte	34
 1415 056a 34       		.byte	52
 1416 056b 10       		.byte	16
 1417 056c 35       		.byte	53
 1418 056d 40       		.byte	64
 1419 056e 37       		.byte	55
 1420 056f 09       		.byte	9
 1421 0570 3A       		.byte	58
 1422 0571 10       		.byte	16
 1423 0572 3C       		.byte	60
 1424 0573 90       		.byte	-112
 1425 0574 3E       		.byte	62
ARM GAS  C:\Users\nico_\AppData\Local\Temp\ccnNyNkq.s 			page 26


 1426 0575 0A       		.byte	10
 1427 0576 59       		.byte	89
 1428 0577 02       		.byte	2
 1429 0578 5A       		.byte	90
 1430 0579 02       		.byte	2
 1431 057a 5E       		.byte	94
 1432 057b 02       		.byte	2
 1433 057c 6C       		.byte	108
 1434 057d 12       		.byte	18
 1435 057e 6D       		.byte	109
 1436 057f 10       		.byte	16
 1437 0580 6E       		.byte	110
 1438 0581 04       		.byte	4
 1439 0582 6F       		.byte	111
 1440 0583 04       		.byte	4
 1441 0584 74       		.byte	116
 1442 0585 A8       		.byte	-88
 1443 0586 75       		.byte	117
 1444 0587 40       		.byte	64
 1445 0588 76       		.byte	118
 1446 0589 08       		.byte	8
 1447 058a 81       		.byte	-127
 1448 058b 48       		.byte	72
 1449 058c 89       		.byte	-119
 1450 058d 08       		.byte	8
 1451 058e 8A       		.byte	-118
 1452 058f 02       		.byte	2
 1453 0590 8E       		.byte	-114
 1454 0591 01       		.byte	1
 1455 0592 8F       		.byte	-113
 1456 0593 08       		.byte	8
 1457 0594 94       		.byte	-108
 1458 0595 20       		.byte	32
 1459 0596 96       		.byte	-106
 1460 0597 03       		.byte	3
 1461 0598 98       		.byte	-104
 1462 0599 10       		.byte	16
 1463 059a 99       		.byte	-103
 1464 059b 01       		.byte	1
 1465 059c 9A       		.byte	-102
 1466 059d 10       		.byte	16
 1467 059e 9B       		.byte	-101
 1468 059f 01       		.byte	1
 1469 05a0 9D       		.byte	-99
 1470 05a1 08       		.byte	8
 1471 05a2 9E       		.byte	-98
 1472 05a3 01       		.byte	1
 1473 05a4 9F       		.byte	-97
 1474 05a5 14       		.byte	20
 1475 05a6 A0       		.byte	-96
 1476 05a7 40       		.byte	64
 1477 05a8 A5       		.byte	-91
 1478 05a9 08       		.byte	8
 1479 05aa A6       		.byte	-90
 1480 05ab 80       		.byte	-128
 1481 05ac A7       		.byte	-89
 1482 05ad 10       		.byte	16
ARM GAS  C:\Users\nico_\AppData\Local\Temp\ccnNyNkq.s 			page 27


 1483 05ae B1       		.byte	-79
 1484 05af 40       		.byte	64
 1485 05b0 B6       		.byte	-74
 1486 05b1 08       		.byte	8
 1487 05b2 C0       		.byte	-64
 1488 05b3 F7       		.byte	-9
 1489 05b4 C2       		.byte	-62
 1490 05b5 F3       		.byte	-13
 1491 05b6 C4       		.byte	-60
 1492 05b7 7E       		.byte	126
 1493 05b8 CA       		.byte	-54
 1494 05b9 F1       		.byte	-15
 1495 05ba CC       		.byte	-52
 1496 05bb F0       		.byte	-16
 1497 05bc CE       		.byte	-50
 1498 05bd F4       		.byte	-12
 1499 05be D6       		.byte	-42
 1500 05bf 80       		.byte	-128
 1501 05c0 E8       		.byte	-24
 1502 05c1 90       		.byte	-112
 1503 05c2 32       		.byte	50
 1504 05c3 40       		.byte	64
 1505 05c4 CC       		.byte	-52
 1506 05c5 10       		.byte	16
 1507 05c6 03       		.byte	3
 1508 05c7 80       		.byte	-128
 1509 05c8 96       		.byte	-106
 1510 05c9 80       		.byte	-128
 1511 05ca C0       		.byte	-64
 1512 05cb 10       		.byte	16
 1513 05cc 51       		.byte	81
 1514 05cd 08       		.byte	8
 1515 05ce 96       		.byte	-106
 1516 05cf 80       		.byte	-128
 1517 05d0 AB       		.byte	-85
 1518 05d1 80       		.byte	-128
 1519 05d2 D4       		.byte	-44
 1520 05d3 20       		.byte	32
 1521 05d4 EC       		.byte	-20
 1522 05d5 20       		.byte	32
 1523 05d6 96       		.byte	-106
 1524 05d7 80       		.byte	-128
 1525 05d8 A5       		.byte	-91
 1526 05d9 08       		.byte	8
 1527 05da 81       		.byte	-127
 1528 05db 02       		.byte	2
 1529 05dc 56       		.byte	86
 1530 05dd 20       		.byte	32
 1531 05de 82       		.byte	-126
 1532 05df 60       		.byte	96
 1533 05e0 96       		.byte	-106
 1534 05e1 80       		.byte	-128
 1535 05e2 B5       		.byte	-75
 1536 05e3 08       		.byte	8
 1537 05e4 D4       		.byte	-44
 1538 05e5 40       		.byte	64
 1539 05e6 E2       		.byte	-30
ARM GAS  C:\Users\nico_\AppData\Local\Temp\ccnNyNkq.s 			page 28


 1540 05e7 20       		.byte	32
 1541 05e8 E6       		.byte	-26
 1542 05e9 80       		.byte	-128
 1543 05ea 61       		.byte	97
 1544 05eb 02       		.byte	2
 1545 05ec 81       		.byte	-127
 1546 05ed 02       		.byte	2
 1547 05ee A1       		.byte	-95
 1548 05ef 02       		.byte	2
 1549 05f0 D8       		.byte	-40
 1550 05f1 02       		.byte	2
 1551 05f2 10       		.byte	16
 1552 05f3 40       		.byte	64
 1553 05f4 75       		.byte	117
 1554 05f5 02       		.byte	2
 1555 05f6 88       		.byte	-120
 1556 05f7 40       		.byte	64
 1557 05f8 99       		.byte	-103
 1558 05f9 02       		.byte	2
 1559 05fa C4       		.byte	-60
 1560 05fb 08       		.byte	8
 1561 05fc DE       		.byte	-34
 1562 05fd 04       		.byte	4
 1563 05fe E2       		.byte	-30
 1564 05ff 01       		.byte	1
 1565 0600 00       		.byte	0
 1566 0601 07       		.byte	7
 1567 0602 0A       		.byte	10
 1568 0603 01       		.byte	1
 1569 0604 0C       		.byte	12
 1570 0605 06       		.byte	6
 1571 0606 10       		.byte	16
 1572 0607 07       		.byte	7
 1573 0608 1A       		.byte	26
 1574 0609 05       		.byte	5
 1575 060a 1C       		.byte	28
 1576 060b 06       		.byte	6
 1577 060c 00       		.byte	0
 1578 060d 03       		.byte	3
 1579 060e 00       		.byte	0
 1580 060f 00       		.byte	0
 1581 0610 80       		.byte	-128
 1582 0611 82       		.byte	-126
 1583 0612 00       		.byte	0
 1584 0613 00       		.byte	0
 1585 0614 40       		.byte	64
 1586 0615 00       		.byte	0
 1587 0616 00       		.byte	0
 1588 0617 00       		.byte	0
 1589 0618 00       		.byte	0
 1590 0619 03       		.byte	3
 1591 061a 00       		.byte	0
 1592 061b 64       		.byte	100
 1593 061c 09       		.byte	9
 1594 061d 20       		.byte	32
 1595 061e 00       		.byte	0
 1596 061f C0       		.byte	-64
ARM GAS  C:\Users\nico_\AppData\Local\Temp\ccnNyNkq.s 			page 29


 1597 0620 00       		.byte	0
 1598 0621 00       		.byte	0
 1599 0622 00       		.byte	0
 1600 0623 00       		.byte	0
 1601 0624 00       		.byte	0
 1602 0625 00       		.byte	0
 1603 0626 00       		.byte	0
 1604 0627 10       		.byte	16
 1605 0628 00       		.byte	0
 1606 0629 80       		.byte	-128
 1607 062a 00       		.byte	0
 1608 062b 10       		.byte	16
 1609 062c 00       		.byte	0
 1610 062d 10       		.byte	16
 1611 062e 00       		.byte	0
 1612 062f 80       		.byte	-128
 1613 0630 00       		.byte	0
 1614 0631 90       		.byte	-112
 1615 0632 00       		.byte	0
 1616 0633 00       		.byte	0
 1617 0634 03       		.byte	3
 1618 0635 0E       		.byte	14
 1619 0636 04       		.byte	4
 1620 0637 00       		.byte	0
 1621 0638 08       		.byte	8
 1622 0639 90       		.byte	-112
 1623 063a 00       		.byte	0
 1624 063b 00       		.byte	0
 1625 063c 00       		.byte	0
 1626 063d E4       		.byte	-28
 1627 063e 00       		.byte	0
 1628 063f 09       		.byte	9
 1629 0640 00       		.byte	0
 1630 0641 25       		.byte	37
 1631 0642 00       		.byte	0
 1632 0643 CA       		.byte	-54
 1633 0644 0D       		.byte	13
 1634 0645 90       		.byte	-112
 1635 0646 02       		.byte	2
 1636 0647 00       		.byte	0
 1637 0648 01       		.byte	1
 1638 0649 00       		.byte	0
 1639 064a 0E       		.byte	14
 1640 064b 10       		.byte	16
 1641 064c 00       		.byte	0
 1642 064d E0       		.byte	-32
 1643 064e 00       		.byte	0
 1644 064f 0F       		.byte	15
 1645 0650 00       		.byte	0
 1646 0651 80       		.byte	-128
 1647 0652 08       		.byte	8
 1648 0653 20       		.byte	32
 1649 0654 00       		.byte	0
 1650 0655 00       		.byte	0
 1651 0656 01       		.byte	1
 1652 0657 04       		.byte	4
 1653 0658 52       		.byte	82
ARM GAS  C:\Users\nico_\AppData\Local\Temp\ccnNyNkq.s 			page 30


 1654 0659 01       		.byte	1
 1655 065a 30       		.byte	48
 1656 065b 00       		.byte	0
 1657 065c 06       		.byte	6
 1658 065d CE       		.byte	-50
 1659 065e FD       		.byte	-3
 1660 065f 0B       		.byte	11
 1661 0660 1F       		.byte	31
 1662 0661 FF       		.byte	-1
 1663 0662 FF       		.byte	-1
 1664 0663 FF       		.byte	-1
 1665 0664 22       		.byte	34
 1666 0665 00       		.byte	0
 1667 0666 F0       		.byte	-16
 1668 0667 08       		.byte	8
 1669 0668 04       		.byte	4
 1670 0669 00       		.byte	0
 1671 066a 00       		.byte	0
 1672 066b 00       		.byte	0
 1673 066c 40       		.byte	64
 1674 066d 00       		.byte	0
 1675 066e 00       		.byte	0
 1676 066f 00       		.byte	0
 1677 0670 04       		.byte	4
 1678 0671 04       		.byte	4
 1679 0672 04       		.byte	4
 1680 0673 04       		.byte	4
 1681 0674 00       		.byte	0
 1682 0675 00       		.byte	0
 1683 0676 00       		.byte	0
 1684 0677 01       		.byte	1
 1685 0678 00       		.byte	0
 1686 0679 00       		.byte	0
 1687 067a C0       		.byte	-64
 1688 067b 00       		.byte	0
 1689 067c 40       		.byte	64
 1690 067d 01       		.byte	1
 1691 067e 10       		.byte	16
 1692 067f 11       		.byte	17
 1693 0680 C0       		.byte	-64
 1694 0681 01       		.byte	1
 1695 0682 00       		.byte	0
 1696 0683 11       		.byte	17
 1697 0684 40       		.byte	64
 1698 0685 01       		.byte	1
 1699 0686 40       		.byte	64
 1700 0687 01       		.byte	1
 1701 0688 00       		.byte	0
 1702 0689 00       		.byte	0
 1703 068a 00       		.byte	0
 1704 068b 00       		.byte	0
 1705 068c 00       		.byte	0
 1706 068d 00       		.byte	0
 1707 068e 00       		.byte	0
 1708 068f 00       		.byte	0
 1709 0690 00       		.byte	0
 1710 0691 00       		.byte	0
ARM GAS  C:\Users\nico_\AppData\Local\Temp\ccnNyNkq.s 			page 31


 1711 0692 00       		.byte	0
 1712 0693 00       		.byte	0
 1713 0694 00       		.byte	0
 1714 0695 00       		.byte	0
 1715 0696 00       		.byte	0
 1716 0697 00       		.byte	0
 1717 0698 01       		.byte	1
 1718 0699 00       		.byte	0
 1719 069a 00       		.byte	0
 1720 069b 00       		.byte	0
 1721 069c 00       		.byte	0
 1722 069d 00       		.byte	0
 1723 069e 00       		.byte	0
 1724 069f 00       		.byte	0
 1725 06a0 80       		.byte	-128
 1726 06a1 00       		.byte	0
 1727 06a2 40       		.byte	64
 1728 06a3 82       		.byte	-126
 1729 06a4 82       		.byte	-126
 1730 06a5 00       		.byte	0
 1731 06a6 82       		.byte	-126
 1732 06a7 00       		.byte	0
 1733 06a8 00       		.byte	0
 1734 06a9 00       		.byte	0
 1735 06aa 00       		.byte	0
 1736 06ab 00       		.byte	0
 1737 06ac 00       		.byte	0
 1738 06ad 08       		.byte	8
 1739 06ae 08       		.byte	8
 1740 06af 00       		.byte	0
 1741 06b0 08       		.byte	8
 1742 06b1 00       		.byte	0
 1743 06b2 00       		.byte	0
 1744 06b3 00       		.byte	0
 1745 06b4 00       		.byte	0
 1746 06b5 8B       		.byte	-117
 1747 06b6 8B       		.byte	-117
 1748 06b7 00       		.byte	0
 1749 06b8 80       		.byte	-128
 1750 06b9 00       		.byte	0
 1751 06ba 00       		.byte	0
 1752 06bb 00       		.byte	0
 1753              		.section	.cywolatch,"a",%progbits
 1754              		.align	2
 1755              		.type	cy_meta_wonvl, %object
 1756              		.size	cy_meta_wonvl, 4
 1757              	cy_meta_wonvl:
 1758 0000 BC       		.byte	-68
 1759 0001 90       		.byte	-112
 1760 0002 AC       		.byte	-84
 1761 0003 AF       		.byte	-81
 1762              		.section	.cycustnvl,"a",%progbits
 1763              		.align	2
 1764              		.type	cy_meta_custnvl, %object
 1765              		.size	cy_meta_custnvl, 4
 1766              	cy_meta_custnvl:
 1767 0000 00       		.byte	0
ARM GAS  C:\Users\nico_\AppData\Local\Temp\ccnNyNkq.s 			page 32


 1768 0001 00       		.byte	0
 1769 0002 40       		.byte	64
 1770 0003 05       		.byte	5
 1771              		.section	.cymeta,"a",%progbits
 1772              		.align	2
 1773              		.type	cy_metadata, %object
 1774              		.size	cy_metadata, 12
 1775              	cy_metadata:
 1776 0000 00       		.byte	0
 1777 0001 01       		.byte	1
 1778 0002 2E       		.byte	46
 1779 0003 16       		.byte	22
 1780 0004 10       		.byte	16
 1781 0005 69       		.byte	105
 1782 0006 00       		.byte	0
 1783 0007 01       		.byte	1
 1784 0008 00       		.byte	0
 1785 0009 00       		.byte	0
 1786 000a 00       		.byte	0
 1787 000b 00       		.byte	0
 1788              		.section	.cyflashprotect,"a",%progbits
 1789              		.align	2
 1790              		.type	cy_meta_flashprotect, %object
 1791              		.size	cy_meta_flashprotect, 256
 1792              	cy_meta_flashprotect:
 1793 0000 00000000 		.space	256
 1793      00000000 
 1793      00000000 
 1793      00000000 
 1793      00000000 
 1794              		.text
 1795              	.Letext0:
 1796              		.file 1 "c:\\program files (x86)\\cypress\\psoc creator\\4.4\\psoc creator\\import\\gnu\\arm\\5.4.
 1797              		.file 2 "c:\\program files (x86)\\cypress\\psoc creator\\4.4\\psoc creator\\import\\gnu\\arm\\5.4.
 1798              		.file 3 "Generated_Source\\PSoC5\\cymetadata.c"
 1799              		.section	.debug_info,"",%progbits
 1800              	.Ldebug_info0:
 1801 0000 35010000 		.4byte	0x135
 1802 0004 0400     		.2byte	0x4
 1803 0006 00000000 		.4byte	.Ldebug_abbrev0
 1804 000a 04       		.byte	0x4
 1805 000b 01       		.uleb128 0x1
 1806 000c 2C000000 		.4byte	.LASF17
 1807 0010 0C       		.byte	0xc
 1808 0011 E8010000 		.4byte	.LASF18
 1809 0015 25010000 		.4byte	.LASF19
 1810 0019 00000000 		.4byte	.Ldebug_line0
 1811 001d 02       		.uleb128 0x2
 1812 001e 01       		.byte	0x1
 1813 001f 06       		.byte	0x6
 1814 0020 DC010000 		.4byte	.LASF0
 1815 0024 03       		.uleb128 0x3
 1816 0025 00000000 		.4byte	.LASF9
 1817 0029 01       		.byte	0x1
 1818 002a 1D       		.byte	0x1d
 1819 002b 2F000000 		.4byte	0x2f
 1820 002f 02       		.uleb128 0x2
ARM GAS  C:\Users\nico_\AppData\Local\Temp\ccnNyNkq.s 			page 33


 1821 0030 01       		.byte	0x1
 1822 0031 08       		.byte	0x8
 1823 0032 1E000000 		.4byte	.LASF1
 1824 0036 02       		.uleb128 0x2
 1825 0037 02       		.byte	0x2
 1826 0038 05       		.byte	0x5
 1827 0039 C9010000 		.4byte	.LASF2
 1828 003d 02       		.uleb128 0x2
 1829 003e 02       		.byte	0x2
 1830 003f 07       		.byte	0x7
 1831 0040 CC000000 		.4byte	.LASF3
 1832 0044 02       		.uleb128 0x2
 1833 0045 04       		.byte	0x4
 1834 0046 05       		.byte	0x5
 1835 0047 D3010000 		.4byte	.LASF4
 1836 004b 02       		.uleb128 0x2
 1837 004c 04       		.byte	0x4
 1838 004d 07       		.byte	0x7
 1839 004e BA000000 		.4byte	.LASF5
 1840 0052 02       		.uleb128 0x2
 1841 0053 08       		.byte	0x8
 1842 0054 05       		.byte	0x5
 1843 0055 BB010000 		.4byte	.LASF6
 1844 0059 02       		.uleb128 0x2
 1845 005a 08       		.byte	0x8
 1846 005b 07       		.byte	0x7
 1847 005c 0E010000 		.4byte	.LASF7
 1848 0060 04       		.uleb128 0x4
 1849 0061 04       		.byte	0x4
 1850 0062 05       		.byte	0x5
 1851 0063 696E7400 		.ascii	"int\000"
 1852 0067 02       		.uleb128 0x2
 1853 0068 04       		.byte	0x4
 1854 0069 07       		.byte	0x7
 1855 006a 01010000 		.4byte	.LASF8
 1856 006e 03       		.uleb128 0x3
 1857 006f 0A000000 		.4byte	.LASF10
 1858 0073 02       		.byte	0x2
 1859 0074 18       		.byte	0x18
 1860 0075 24000000 		.4byte	0x24
 1861 0079 05       		.uleb128 0x5
 1862 007a 91000000 		.4byte	0x91
 1863 007e 8A000000 		.4byte	0x8a
 1864 0082 06       		.uleb128 0x6
 1865 0083 8A000000 		.4byte	0x8a
 1866 0087 BB06     		.2byte	0x6bb
 1867 0089 00       		.byte	0
 1868 008a 02       		.uleb128 0x2
 1869 008b 04       		.byte	0x4
 1870 008c 07       		.byte	0x7
 1871 008d B2010000 		.4byte	.LASF11
 1872 0091 07       		.uleb128 0x7
 1873 0092 6E000000 		.4byte	0x6e
 1874 0096 08       		.uleb128 0x8
 1875 0097 EF000000 		.4byte	.LASF12
 1876 009b 03       		.byte	0x3
 1877 009c 1F       		.byte	0x1f
ARM GAS  C:\Users\nico_\AppData\Local\Temp\ccnNyNkq.s 			page 34


 1878 009d A7000000 		.4byte	0xa7
 1879 00a1 05       		.uleb128 0x5
 1880 00a2 03       		.byte	0x3
 1881 00a3 00000000 		.4byte	cy_meta_configecc
 1882 00a7 07       		.uleb128 0x7
 1883 00a8 79000000 		.4byte	0x79
 1884 00ac 05       		.uleb128 0x5
 1885 00ad 91000000 		.4byte	0x91
 1886 00b1 BC000000 		.4byte	0xbc
 1887 00b5 09       		.uleb128 0x9
 1888 00b6 8A000000 		.4byte	0x8a
 1889 00ba 03       		.byte	0x3
 1890 00bb 00       		.byte	0
 1891 00bc 0A       		.uleb128 0xa
 1892 00bd DF000000 		.4byte	.LASF13
 1893 00c1 03       		.byte	0x3
 1894 00c2 0401     		.2byte	0x104
 1895 00c4 CE000000 		.4byte	0xce
 1896 00c8 05       		.uleb128 0x5
 1897 00c9 03       		.byte	0x3
 1898 00ca 00000000 		.4byte	cy_meta_custnvl
 1899 00ce 07       		.uleb128 0x7
 1900 00cf AC000000 		.4byte	0xac
 1901 00d3 0A       		.uleb128 0xa
 1902 00d4 A4010000 		.4byte	.LASF14
 1903 00d8 03       		.byte	0x3
 1904 00d9 1201     		.2byte	0x112
 1905 00db E5000000 		.4byte	0xe5
 1906 00df 05       		.uleb128 0x5
 1907 00e0 03       		.byte	0x3
 1908 00e1 00000000 		.4byte	cy_meta_wonvl
 1909 00e5 07       		.uleb128 0x7
 1910 00e6 AC000000 		.4byte	0xac
 1911 00ea 05       		.uleb128 0x5
 1912 00eb 91000000 		.4byte	0x91
 1913 00ef FA000000 		.4byte	0xfa
 1914 00f3 09       		.uleb128 0x9
 1915 00f4 8A000000 		.4byte	0x8a
 1916 00f8 FF       		.byte	0xff
 1917 00f9 00       		.byte	0
 1918 00fa 0A       		.uleb128 0xa
 1919 00fb 8F010000 		.4byte	.LASF15
 1920 00ff 03       		.byte	0x3
 1921 0100 2001     		.2byte	0x120
 1922 0102 0C010000 		.4byte	0x10c
 1923 0106 05       		.uleb128 0x5
 1924 0107 03       		.byte	0x3
 1925 0108 00000000 		.4byte	cy_meta_flashprotect
 1926 010c 07       		.uleb128 0x7
 1927 010d EA000000 		.4byte	0xea
 1928 0111 05       		.uleb128 0x5
 1929 0112 91000000 		.4byte	0x91
 1930 0116 21010000 		.4byte	0x121
 1931 011a 09       		.uleb128 0x9
 1932 011b 8A000000 		.4byte	0x8a
 1933 011f 0B       		.byte	0xb
 1934 0120 00       		.byte	0
ARM GAS  C:\Users\nico_\AppData\Local\Temp\ccnNyNkq.s 			page 35


 1935 0121 0A       		.uleb128 0xa
 1936 0122 12000000 		.4byte	.LASF16
 1937 0126 03       		.byte	0x3
 1938 0127 4D01     		.2byte	0x14d
 1939 0129 33010000 		.4byte	0x133
 1940 012d 05       		.uleb128 0x5
 1941 012e 03       		.byte	0x3
 1942 012f 00000000 		.4byte	cy_metadata
 1943 0133 07       		.uleb128 0x7
 1944 0134 11010000 		.4byte	0x111
 1945 0138 00       		.byte	0
 1946              		.section	.debug_abbrev,"",%progbits
 1947              	.Ldebug_abbrev0:
 1948 0000 01       		.uleb128 0x1
 1949 0001 11       		.uleb128 0x11
 1950 0002 01       		.byte	0x1
 1951 0003 25       		.uleb128 0x25
 1952 0004 0E       		.uleb128 0xe
 1953 0005 13       		.uleb128 0x13
 1954 0006 0B       		.uleb128 0xb
 1955 0007 03       		.uleb128 0x3
 1956 0008 0E       		.uleb128 0xe
 1957 0009 1B       		.uleb128 0x1b
 1958 000a 0E       		.uleb128 0xe
 1959 000b 10       		.uleb128 0x10
 1960 000c 17       		.uleb128 0x17
 1961 000d 00       		.byte	0
 1962 000e 00       		.byte	0
 1963 000f 02       		.uleb128 0x2
 1964 0010 24       		.uleb128 0x24
 1965 0011 00       		.byte	0
 1966 0012 0B       		.uleb128 0xb
 1967 0013 0B       		.uleb128 0xb
 1968 0014 3E       		.uleb128 0x3e
 1969 0015 0B       		.uleb128 0xb
 1970 0016 03       		.uleb128 0x3
 1971 0017 0E       		.uleb128 0xe
 1972 0018 00       		.byte	0
 1973 0019 00       		.byte	0
 1974 001a 03       		.uleb128 0x3
 1975 001b 16       		.uleb128 0x16
 1976 001c 00       		.byte	0
 1977 001d 03       		.uleb128 0x3
 1978 001e 0E       		.uleb128 0xe
 1979 001f 3A       		.uleb128 0x3a
 1980 0020 0B       		.uleb128 0xb
 1981 0021 3B       		.uleb128 0x3b
 1982 0022 0B       		.uleb128 0xb
 1983 0023 49       		.uleb128 0x49
 1984 0024 13       		.uleb128 0x13
 1985 0025 00       		.byte	0
 1986 0026 00       		.byte	0
 1987 0027 04       		.uleb128 0x4
 1988 0028 24       		.uleb128 0x24
 1989 0029 00       		.byte	0
 1990 002a 0B       		.uleb128 0xb
 1991 002b 0B       		.uleb128 0xb
ARM GAS  C:\Users\nico_\AppData\Local\Temp\ccnNyNkq.s 			page 36


 1992 002c 3E       		.uleb128 0x3e
 1993 002d 0B       		.uleb128 0xb
 1994 002e 03       		.uleb128 0x3
 1995 002f 08       		.uleb128 0x8
 1996 0030 00       		.byte	0
 1997 0031 00       		.byte	0
 1998 0032 05       		.uleb128 0x5
 1999 0033 01       		.uleb128 0x1
 2000 0034 01       		.byte	0x1
 2001 0035 49       		.uleb128 0x49
 2002 0036 13       		.uleb128 0x13
 2003 0037 01       		.uleb128 0x1
 2004 0038 13       		.uleb128 0x13
 2005 0039 00       		.byte	0
 2006 003a 00       		.byte	0
 2007 003b 06       		.uleb128 0x6
 2008 003c 21       		.uleb128 0x21
 2009 003d 00       		.byte	0
 2010 003e 49       		.uleb128 0x49
 2011 003f 13       		.uleb128 0x13
 2012 0040 2F       		.uleb128 0x2f
 2013 0041 05       		.uleb128 0x5
 2014 0042 00       		.byte	0
 2015 0043 00       		.byte	0
 2016 0044 07       		.uleb128 0x7
 2017 0045 26       		.uleb128 0x26
 2018 0046 00       		.byte	0
 2019 0047 49       		.uleb128 0x49
 2020 0048 13       		.uleb128 0x13
 2021 0049 00       		.byte	0
 2022 004a 00       		.byte	0
 2023 004b 08       		.uleb128 0x8
 2024 004c 34       		.uleb128 0x34
 2025 004d 00       		.byte	0
 2026 004e 03       		.uleb128 0x3
 2027 004f 0E       		.uleb128 0xe
 2028 0050 3A       		.uleb128 0x3a
 2029 0051 0B       		.uleb128 0xb
 2030 0052 3B       		.uleb128 0x3b
 2031 0053 0B       		.uleb128 0xb
 2032 0054 49       		.uleb128 0x49
 2033 0055 13       		.uleb128 0x13
 2034 0056 3F       		.uleb128 0x3f
 2035 0057 19       		.uleb128 0x19
 2036 0058 02       		.uleb128 0x2
 2037 0059 18       		.uleb128 0x18
 2038 005a 00       		.byte	0
 2039 005b 00       		.byte	0
 2040 005c 09       		.uleb128 0x9
 2041 005d 21       		.uleb128 0x21
 2042 005e 00       		.byte	0
 2043 005f 49       		.uleb128 0x49
 2044 0060 13       		.uleb128 0x13
 2045 0061 2F       		.uleb128 0x2f
 2046 0062 0B       		.uleb128 0xb
 2047 0063 00       		.byte	0
 2048 0064 00       		.byte	0
ARM GAS  C:\Users\nico_\AppData\Local\Temp\ccnNyNkq.s 			page 37


 2049 0065 0A       		.uleb128 0xa
 2050 0066 34       		.uleb128 0x34
 2051 0067 00       		.byte	0
 2052 0068 03       		.uleb128 0x3
 2053 0069 0E       		.uleb128 0xe
 2054 006a 3A       		.uleb128 0x3a
 2055 006b 0B       		.uleb128 0xb
 2056 006c 3B       		.uleb128 0x3b
 2057 006d 05       		.uleb128 0x5
 2058 006e 49       		.uleb128 0x49
 2059 006f 13       		.uleb128 0x13
 2060 0070 3F       		.uleb128 0x3f
 2061 0071 19       		.uleb128 0x19
 2062 0072 02       		.uleb128 0x2
 2063 0073 18       		.uleb128 0x18
 2064 0074 00       		.byte	0
 2065 0075 00       		.byte	0
 2066 0076 00       		.byte	0
 2067              		.section	.debug_aranges,"",%progbits
 2068 0000 14000000 		.4byte	0x14
 2069 0004 0200     		.2byte	0x2
 2070 0006 00000000 		.4byte	.Ldebug_info0
 2071 000a 04       		.byte	0x4
 2072 000b 00       		.byte	0
 2073 000c 0000     		.2byte	0
 2074 000e 0000     		.2byte	0
 2075 0010 00000000 		.4byte	0
 2076 0014 00000000 		.4byte	0
 2077              		.section	.debug_line,"",%progbits
 2078              	.Ldebug_line0:
 2079 0000 3D010000 		.section	.debug_str,"MS",%progbits,1
 2079      02003701 
 2079      00000201 
 2079      FB0E0D00 
 2079      01010101 
 2080              	.LASF9:
 2081 0000 5F5F7569 		.ascii	"__uint8_t\000"
 2081      6E74385F 
 2081      7400
 2082              	.LASF10:
 2083 000a 75696E74 		.ascii	"uint8_t\000"
 2083      385F7400 
 2084              	.LASF16:
 2085 0012 63795F6D 		.ascii	"cy_metadata\000"
 2085      65746164 
 2085      61746100 
 2086              	.LASF1:
 2087 001e 756E7369 		.ascii	"unsigned char\000"
 2087      676E6564 
 2087      20636861 
 2087      7200
 2088              	.LASF17:
 2089 002c 474E5520 		.ascii	"GNU C11 5.4.1 20160609 (release) [ARM/embedded-5-br"
 2089      43313120 
 2089      352E342E 
 2089      31203230 
 2089      31363036 
ARM GAS  C:\Users\nico_\AppData\Local\Temp\ccnNyNkq.s 			page 38


 2090 005f 616E6368 		.ascii	"anch revision 237715] -mcpu=cortex-m3 -mthumb -g -O"
 2090      20726576 
 2090      6973696F 
 2090      6E203233 
 2090      37373135 
 2091 0092 67202D66 		.ascii	"g -ffunction-sections -ffat-lto-objects\000"
 2091      66756E63 
 2091      74696F6E 
 2091      2D736563 
 2091      74696F6E 
 2092              	.LASF5:
 2093 00ba 6C6F6E67 		.ascii	"long unsigned int\000"
 2093      20756E73 
 2093      69676E65 
 2093      6420696E 
 2093      7400
 2094              	.LASF3:
 2095 00cc 73686F72 		.ascii	"short unsigned int\000"
 2095      7420756E 
 2095      7369676E 
 2095      65642069 
 2095      6E7400
 2096              	.LASF13:
 2097 00df 63795F6D 		.ascii	"cy_meta_custnvl\000"
 2097      6574615F 
 2097      63757374 
 2097      6E766C00 
 2098              	.LASF12:
 2099 00ef 63795F6D 		.ascii	"cy_meta_configecc\000"
 2099      6574615F 
 2099      636F6E66 
 2099      69676563 
 2099      6300
 2100              	.LASF8:
 2101 0101 756E7369 		.ascii	"unsigned int\000"
 2101      676E6564 
 2101      20696E74 
 2101      00
 2102              	.LASF7:
 2103 010e 6C6F6E67 		.ascii	"long long unsigned int\000"
 2103      206C6F6E 
 2103      6720756E 
 2103      7369676E 
 2103      65642069 
 2104              	.LASF19:
 2105 0125 433A5C55 		.ascii	"C:\\Users\\nico_\\Sundhedsteknologi\\7. Semester\\B"
 2105      73657273 
 2105      5C6E6963 
 2105      6F5F5C53 
 2105      756E6468 
 2106 0153 61636865 		.ascii	"achelor\\BachelorProject\\Microcontroller_coolingsy"
 2106      6C6F725C 
 2106      42616368 
 2106      656C6F72 
 2106      50726F6A 
 2107 0184 7374656D 		.ascii	"stem.cydsn\000"
 2107      2E637964 
ARM GAS  C:\Users\nico_\AppData\Local\Temp\ccnNyNkq.s 			page 39


 2107      736E00
 2108              	.LASF15:
 2109 018f 63795F6D 		.ascii	"cy_meta_flashprotect\000"
 2109      6574615F 
 2109      666C6173 
 2109      6870726F 
 2109      74656374 
 2110              	.LASF14:
 2111 01a4 63795F6D 		.ascii	"cy_meta_wonvl\000"
 2111      6574615F 
 2111      776F6E76 
 2111      6C00
 2112              	.LASF11:
 2113 01b2 73697A65 		.ascii	"sizetype\000"
 2113      74797065 
 2113      00
 2114              	.LASF6:
 2115 01bb 6C6F6E67 		.ascii	"long long int\000"
 2115      206C6F6E 
 2115      6720696E 
 2115      7400
 2116              	.LASF2:
 2117 01c9 73686F72 		.ascii	"short int\000"
 2117      7420696E 
 2117      7400
 2118              	.LASF4:
 2119 01d3 6C6F6E67 		.ascii	"long int\000"
 2119      20696E74 
 2119      00
 2120              	.LASF0:
 2121 01dc 7369676E 		.ascii	"signed char\000"
 2121      65642063 
 2121      68617200 
 2122              	.LASF18:
 2123 01e8 47656E65 		.ascii	"Generated_Source\\PSoC5\\cymetadata.c\000"
 2123      72617465 
 2123      645F536F 
 2123      75726365 
 2123      5C50536F 
 2124              		.ident	"GCC: (GNU Tools for ARM Embedded Processors) 5.4.1 20160609 (release) [ARM/embedded-5-bran
