ARM GAS  C:\Users\nico_\AppData\Local\Temp\ccNhYCHX.s 			page 1


   1              		.syntax unified
   2              		.cpu cortex-m3
   3              		.fpu softvfp
   4              		.eabi_attribute 20, 1
   5              		.eabi_attribute 21, 1
   6              		.eabi_attribute 23, 3
   7              		.eabi_attribute 24, 1
   8              		.eabi_attribute 25, 1
   9              		.eabi_attribute 26, 1
  10              		.eabi_attribute 30, 1
  11              		.eabi_attribute 34, 1
  12              		.eabi_attribute 18, 4
  13              		.thumb
  14              		.syntax unified
  15              		.file	"main.c"
  16              		.text
  17              	.Ltext0:
  18              		.cfi_sections	.debug_frame
  19              		.section	.text.main,"ax",%progbits
  20              		.align	2
  21              		.global	main
  22              		.thumb
  23              		.thumb_func
  24              		.type	main, %function
  25              	main:
  26              	.LFB63:
  27              		.file 1 "main.c"
   1:main.c        **** /* ========================================
   2:main.c        ****  *
   3:main.c        ****  * Copyright YOUR COMPANY, THE YEAR
   4:main.c        ****  * All Rights Reserved
   5:main.c        ****  * UNPUBLISHED, LICENSED SOFTWARE.
   6:main.c        ****  *
   7:main.c        ****  * CONFIDENTIAL AND PROPRIETARY INFORMATION
   8:main.c        ****  * WHICH IS THE PROPERTY OF your company.
   9:main.c        ****  *
  10:main.c        ****  * ========================================
  11:main.c        **** */
  12:main.c        **** #include "project.h"
  13:main.c        **** CY_ISR_PROTO(ISR_UART_rx_handler);
  14:main.c        **** void handleByteReceived(uint8_t byteReceived);
  15:main.c        **** uint8 Speed = 50;
  16:main.c        **** 
  17:main.c        **** int main(void)
  18:main.c        **** {
  28              		.loc 1 18 0
  29              		.cfi_startproc
  30              		@ Volatile: function does not return.
  31              		@ args = 0, pretend = 0, frame = 0
  32              		@ frame_needed = 0, uses_anonymous_args = 0
  33 0000 08B5     		push	{r3, lr}
  34              		.cfi_def_cfa_offset 8
  35              		.cfi_offset 3, -8
  36              		.cfi_offset 14, -4
  19:main.c        ****     CyGlobalIntEnable; /* Enable global interrupts. */
  37              		.loc 1 19 0
  38              		.syntax unified
ARM GAS  C:\Users\nico_\AppData\Local\Temp\ccNhYCHX.s 			page 2


  39              	@ 19 "main.c" 1
  40 0002 62B6     		CPSIE   i
  41              	@ 0 "" 2
  20:main.c        ****     isr_uart_rx_StartEx(ISR_UART_rx_handler);
  42              		.loc 1 20 0
  43              		.thumb
  44              		.syntax unified
  45 0004 0748     		ldr	r0, .L4
  46 0006 FFF7FEFF 		bl	isr_uart_rx_StartEx
  47              	.LVL0:
  21:main.c        ****     UART_1_Start();
  48              		.loc 1 21 0
  49 000a FFF7FEFF 		bl	UART_1_Start
  50              	.LVL1:
  22:main.c        ****     PWM_1_Start();
  51              		.loc 1 22 0
  52 000e FFF7FEFF 		bl	PWM_1_Start
  53              	.LVL2:
  23:main.c        ****     PWM_1_WriteCompare1(Speed);
  54              		.loc 1 23 0
  55 0012 054B     		ldr	r3, .L4+4
  56 0014 1878     		ldrb	r0, [r3]	@ zero_extendqisi2
  57 0016 FFF7FEFF 		bl	PWM_1_WriteCompare1
  58              	.LVL3:
  24:main.c        ****     UART_1_PutString("PWM started\r\n");
  59              		.loc 1 24 0
  60 001a 0448     		ldr	r0, .L4+8
  61 001c FFF7FEFF 		bl	UART_1_PutString
  62              	.LVL4:
  63              	.L2:
  64 0020 FEE7     		b	.L2
  65              	.L5:
  66 0022 00BF     		.align	2
  67              	.L4:
  68 0024 00000000 		.word	ISR_UART_rx_handler
  69 0028 00000000 		.word	.LANCHOR0
  70 002c 00000000 		.word	.LC0
  71              		.cfi_endproc
  72              	.LFE63:
  73              		.size	main, .-main
  74              		.section	.text.handleByteReceived,"ax",%progbits
  75              		.align	2
  76              		.global	handleByteReceived
  77              		.thumb
  78              		.thumb_func
  79              		.type	handleByteReceived, %function
  80              	handleByteReceived:
  81              	.LFB65:
  25:main.c        **** 
  26:main.c        ****     /* Place your initialization/startup code here (e.g. MyInst_Start()) */
  27:main.c        **** 
  28:main.c        ****     for(;;)
  29:main.c        ****     {
  30:main.c        ****         /* Place your application code here. */
  31:main.c        ****     }
  32:main.c        **** }
  33:main.c        **** 
ARM GAS  C:\Users\nico_\AppData\Local\Temp\ccNhYCHX.s 			page 3


  34:main.c        **** 
  35:main.c        **** CY_ISR(ISR_UART_rx_handler)
  36:main.c        **** {
  37:main.c        ****     uint8_t bytesToRead = UART_1_GetRxBufferSize();
  38:main.c        ****     while (bytesToRead > 0)
  39:main.c        ****     {
  40:main.c        ****         uint8_t byteReceived = UART_1_ReadRxData();
  41:main.c        ****         //UART_1_WriteTxData(byteReceived); // echo back
  42:main.c        ****         
  43:main.c        ****         handleByteReceived(byteReceived);
  44:main.c        ****         
  45:main.c        ****         bytesToRead--;
  46:main.c        ****     }
  47:main.c        **** }
  48:main.c        **** void handleByteReceived(uint8_t byteReceived)
  49:main.c        **** {
  82              		.loc 1 49 0
  83              		.cfi_startproc
  84              		@ args = 0, pretend = 0, frame = 0
  85              		@ frame_needed = 0, uses_anonymous_args = 0
  86              	.LVL5:
  87 0000 10B5     		push	{r4, lr}
  88              		.cfi_def_cfa_offset 8
  89              		.cfi_offset 4, -8
  90              		.cfi_offset 14, -4
  50:main.c        ****     switch(byteReceived)
  91              		.loc 1 50 0
  92 0002 7028     		cmp	r0, #112
  93 0004 0CD0     		beq	.L8
  94 0006 7128     		cmp	r0, #113
  95 0008 16D1     		bne	.L6
  51:main.c        ****     {
  52:main.c        ****         case 'q' :
  53:main.c        ****         { 
  54:main.c        ****             Speed = Speed+1;
  96              		.loc 1 54 0
  97 000a 0C4C     		ldr	r4, .L11
  98 000c 2378     		ldrb	r3, [r4]	@ zero_extendqisi2
  99 000e 0133     		adds	r3, r3, #1
 100 0010 2370     		strb	r3, [r4]
  55:main.c        ****             UART_1_PutString("PWM increased\r\n");
 101              		.loc 1 55 0
 102 0012 0B48     		ldr	r0, .L11+4
 103              	.LVL6:
 104 0014 FFF7FEFF 		bl	UART_1_PutString
 105              	.LVL7:
  56:main.c        ****            PWM_1_WriteCompare1(Speed);
 106              		.loc 1 56 0
 107 0018 2078     		ldrb	r0, [r4]	@ zero_extendqisi2
 108 001a FFF7FEFF 		bl	PWM_1_WriteCompare1
 109              	.LVL8:
  57:main.c        ****         }
  58:main.c        ****         break;
 110              		.loc 1 58 0
 111 001e 10BD     		pop	{r4, pc}
 112              	.LVL9:
 113              	.L8:
ARM GAS  C:\Users\nico_\AppData\Local\Temp\ccNhYCHX.s 			page 4


  59:main.c        ****         case 'p' :
  60:main.c        ****         { 
  61:main.c        ****             Speed = Speed-1;
 114              		.loc 1 61 0
 115 0020 064C     		ldr	r4, .L11
 116 0022 2378     		ldrb	r3, [r4]	@ zero_extendqisi2
 117 0024 013B     		subs	r3, r3, #1
 118 0026 2370     		strb	r3, [r4]
  62:main.c        ****             UART_1_PutString("PWM decreased\r\n");
 119              		.loc 1 62 0
 120 0028 0648     		ldr	r0, .L11+8
 121              	.LVL10:
 122 002a FFF7FEFF 		bl	UART_1_PutString
 123              	.LVL11:
  63:main.c        ****            PWM_1_WriteCompare1(Speed-1);
 124              		.loc 1 63 0
 125 002e 2078     		ldrb	r0, [r4]	@ zero_extendqisi2
 126 0030 0138     		subs	r0, r0, #1
 127 0032 C0B2     		uxtb	r0, r0
 128 0034 FFF7FEFF 		bl	PWM_1_WriteCompare1
 129              	.LVL12:
 130              	.L6:
 131 0038 10BD     		pop	{r4, pc}
 132              	.L12:
 133 003a 00BF     		.align	2
 134              	.L11:
 135 003c 00000000 		.word	.LANCHOR0
 136 0040 10000000 		.word	.LC1
 137 0044 20000000 		.word	.LC2
 138              		.cfi_endproc
 139              	.LFE65:
 140              		.size	handleByteReceived, .-handleByteReceived
 141              		.section	.text.ISR_UART_rx_handler,"ax",%progbits
 142              		.align	2
 143              		.global	ISR_UART_rx_handler
 144              		.thumb
 145              		.thumb_func
 146              		.type	ISR_UART_rx_handler, %function
 147              	ISR_UART_rx_handler:
 148              	.LFB64:
  36:main.c        ****     uint8_t bytesToRead = UART_1_GetRxBufferSize();
 149              		.loc 1 36 0
 150              		.cfi_startproc
 151              		@ args = 0, pretend = 0, frame = 0
 152              		@ frame_needed = 0, uses_anonymous_args = 0
 153 0000 10B5     		push	{r4, lr}
 154              		.cfi_def_cfa_offset 8
 155              		.cfi_offset 4, -8
 156              		.cfi_offset 14, -4
  37:main.c        ****     while (bytesToRead > 0)
 157              		.loc 1 37 0
 158 0002 FFF7FEFF 		bl	UART_1_GetRxBufferSize
 159              	.LVL13:
 160 0006 0446     		mov	r4, r0
 161              	.LVL14:
  38:main.c        ****     {
 162              		.loc 1 38 0
ARM GAS  C:\Users\nico_\AppData\Local\Temp\ccNhYCHX.s 			page 5


 163 0008 05E0     		b	.L14
 164              	.L15:
 165              	.LBB2:
  40:main.c        ****         //UART_1_WriteTxData(byteReceived); // echo back
 166              		.loc 1 40 0
 167 000a FFF7FEFF 		bl	UART_1_ReadRxData
 168              	.LVL15:
  43:main.c        ****         
 169              		.loc 1 43 0
 170 000e FFF7FEFF 		bl	handleByteReceived
 171              	.LVL16:
  45:main.c        ****     }
 172              		.loc 1 45 0
 173 0012 013C     		subs	r4, r4, #1
 174              	.LVL17:
 175 0014 E4B2     		uxtb	r4, r4
 176              	.LVL18:
 177              	.L14:
 178              	.LBE2:
  38:main.c        ****     {
 179              		.loc 1 38 0
 180 0016 002C     		cmp	r4, #0
 181 0018 F7D1     		bne	.L15
  47:main.c        **** void handleByteReceived(uint8_t byteReceived)
 182              		.loc 1 47 0
 183 001a 10BD     		pop	{r4, pc}
 184              		.cfi_endproc
 185              	.LFE64:
 186              		.size	ISR_UART_rx_handler, .-ISR_UART_rx_handler
 187              		.global	Speed
 188              		.data
 189              		.set	.LANCHOR0,. + 0
 190              		.type	Speed, %object
 191              		.size	Speed, 1
 192              	Speed:
 193 0000 32       		.byte	50
 194              		.section	.rodata.str1.4,"aMS",%progbits,1
 195              		.align	2
 196              	.LC0:
 197 0000 50574D20 		.ascii	"PWM started\015\012\000"
 197      73746172 
 197      7465640D 
 197      0A00
 198 000e 0000     		.space	2
 199              	.LC1:
 200 0010 50574D20 		.ascii	"PWM increased\015\012\000"
 200      696E6372 
 200      65617365 
 200      640D0A00 
 201              	.LC2:
 202 0020 50574D20 		.ascii	"PWM decreased\015\012\000"
 202      64656372 
 202      65617365 
 202      640D0A00 
 203              		.text
 204              	.Letext0:
 205              		.file 2 "c:\\program files (x86)\\cypress\\psoc creator\\4.4\\psoc creator\\import\\gnu\\arm\\5.4.
ARM GAS  C:\Users\nico_\AppData\Local\Temp\ccNhYCHX.s 			page 6


 206              		.file 3 "c:\\program files (x86)\\cypress\\psoc creator\\4.4\\psoc creator\\import\\gnu\\arm\\5.4.
 207              		.file 4 "Generated_Source\\PSoC5/cytypes.h"
 208              		.file 5 "Generated_Source\\PSoC5/core_cm3.h"
 209              		.file 6 "Generated_Source\\PSoC5/isr_uart_rx.h"
 210              		.file 7 "Generated_Source\\PSoC5/UART_1.h"
 211              		.file 8 "Generated_Source\\PSoC5/PWM_1.h"
 212              		.section	.debug_info,"",%progbits
 213              	.Ldebug_info0:
 214 0000 53020000 		.4byte	0x253
 215 0004 0400     		.2byte	0x4
 216 0006 00000000 		.4byte	.Ldebug_abbrev0
 217 000a 04       		.byte	0x4
 218 000b 01       		.uleb128 0x1
 219 000c 8A000000 		.4byte	.LASF32
 220 0010 0C       		.byte	0xc
 221 0011 4C020000 		.4byte	.LASF33
 222 0015 AC010000 		.4byte	.LASF34
 223 0019 00000000 		.4byte	.Ldebug_ranges0+0
 224 001d 00000000 		.4byte	0
 225 0021 00000000 		.4byte	.Ldebug_line0
 226 0025 02       		.uleb128 0x2
 227 0026 01       		.byte	0x1
 228 0027 06       		.byte	0x6
 229 0028 7D020000 		.4byte	.LASF0
 230 002c 03       		.uleb128 0x3
 231 002d 27000000 		.4byte	.LASF4
 232 0031 02       		.byte	0x2
 233 0032 1D       		.byte	0x1d
 234 0033 37000000 		.4byte	0x37
 235 0037 02       		.uleb128 0x2
 236 0038 01       		.byte	0x1
 237 0039 08       		.byte	0x8
 238 003a 7C000000 		.4byte	.LASF1
 239 003e 02       		.uleb128 0x2
 240 003f 02       		.byte	0x2
 241 0040 05       		.byte	0x5
 242 0041 58020000 		.4byte	.LASF2
 243 0045 02       		.uleb128 0x2
 244 0046 02       		.byte	0x2
 245 0047 07       		.byte	0x7
 246 0048 3B000000 		.4byte	.LASF3
 247 004c 03       		.uleb128 0x3
 248 004d 31000000 		.4byte	.LASF5
 249 0051 02       		.byte	0x2
 250 0052 3F       		.byte	0x3f
 251 0053 57000000 		.4byte	0x57
 252 0057 02       		.uleb128 0x2
 253 0058 04       		.byte	0x4
 254 0059 05       		.byte	0x5
 255 005a 68020000 		.4byte	.LASF6
 256 005e 02       		.uleb128 0x2
 257 005f 04       		.byte	0x4
 258 0060 07       		.byte	0x7
 259 0061 2C010000 		.4byte	.LASF7
 260 0065 02       		.uleb128 0x2
 261 0066 08       		.byte	0x8
 262 0067 05       		.byte	0x5
ARM GAS  C:\Users\nico_\AppData\Local\Temp\ccNhYCHX.s 			page 7


 263 0068 3E020000 		.4byte	.LASF8
 264 006c 02       		.uleb128 0x2
 265 006d 08       		.byte	0x8
 266 006e 07       		.byte	0x7
 267 006f 95010000 		.4byte	.LASF9
 268 0073 04       		.uleb128 0x4
 269 0074 04       		.byte	0x4
 270 0075 05       		.byte	0x5
 271 0076 696E7400 		.ascii	"int\000"
 272 007a 02       		.uleb128 0x2
 273 007b 04       		.byte	0x4
 274 007c 07       		.byte	0x7
 275 007d 88010000 		.4byte	.LASF10
 276 0081 03       		.uleb128 0x3
 277 0082 4E000000 		.4byte	.LASF11
 278 0086 03       		.byte	0x3
 279 0087 18       		.byte	0x18
 280 0088 2C000000 		.4byte	0x2c
 281 008c 03       		.uleb128 0x3
 282 008d 2D020000 		.4byte	.LASF12
 283 0091 03       		.byte	0x3
 284 0092 2C       		.byte	0x2c
 285 0093 4C000000 		.4byte	0x4c
 286 0097 05       		.uleb128 0x5
 287 0098 62020000 		.4byte	.LASF13
 288 009c 04       		.byte	0x4
 289 009d E901     		.2byte	0x1e9
 290 009f 37000000 		.4byte	0x37
 291 00a3 02       		.uleb128 0x2
 292 00a4 04       		.byte	0x4
 293 00a5 04       		.byte	0x4
 294 00a6 76000000 		.4byte	.LASF14
 295 00aa 02       		.uleb128 0x2
 296 00ab 08       		.byte	0x8
 297 00ac 04       		.byte	0x4
 298 00ad 69010000 		.4byte	.LASF15
 299 00b1 02       		.uleb128 0x2
 300 00b2 01       		.byte	0x1
 301 00b3 08       		.byte	0x8
 302 00b4 53020000 		.4byte	.LASF16
 303 00b8 02       		.uleb128 0x2
 304 00b9 08       		.byte	0x8
 305 00ba 04       		.byte	0x4
 306 00bb 71020000 		.4byte	.LASF17
 307 00bf 02       		.uleb128 0x2
 308 00c0 04       		.byte	0x4
 309 00c1 07       		.byte	0x7
 310 00c2 35020000 		.4byte	.LASF18
 311 00c6 06       		.uleb128 0x6
 312 00c7 70010000 		.4byte	.LASF35
 313 00cb 01       		.byte	0x1
 314 00cc 11       		.byte	0x11
 315 00cd 73000000 		.4byte	0x73
 316 00d1 00000000 		.4byte	.LFB63
 317 00d5 30000000 		.4byte	.LFE63-.LFB63
 318 00d9 01       		.uleb128 0x1
 319 00da 9C       		.byte	0x9c
ARM GAS  C:\Users\nico_\AppData\Local\Temp\ccNhYCHX.s 			page 8


 320 00db 25010000 		.4byte	0x125
 321 00df 07       		.uleb128 0x7
 322 00e0 0A000000 		.4byte	.LVL0
 323 00e4 09020000 		.4byte	0x209
 324 00e8 F6000000 		.4byte	0xf6
 325 00ec 08       		.uleb128 0x8
 326 00ed 01       		.uleb128 0x1
 327 00ee 50       		.byte	0x50
 328 00ef 05       		.uleb128 0x5
 329 00f0 03       		.byte	0x3
 330 00f1 00000000 		.4byte	ISR_UART_rx_handler
 331 00f5 00       		.byte	0
 332 00f6 09       		.uleb128 0x9
 333 00f7 0E000000 		.4byte	.LVL1
 334 00fb 14020000 		.4byte	0x214
 335 00ff 09       		.uleb128 0x9
 336 0100 12000000 		.4byte	.LVL2
 337 0104 1F020000 		.4byte	0x21f
 338 0108 09       		.uleb128 0x9
 339 0109 1A000000 		.4byte	.LVL3
 340 010d 2A020000 		.4byte	0x22a
 341 0111 0A       		.uleb128 0xa
 342 0112 20000000 		.4byte	.LVL4
 343 0116 35020000 		.4byte	0x235
 344 011a 08       		.uleb128 0x8
 345 011b 01       		.uleb128 0x1
 346 011c 50       		.byte	0x50
 347 011d 05       		.uleb128 0x5
 348 011e 03       		.byte	0x3
 349 011f 00000000 		.4byte	.LC0
 350 0123 00       		.byte	0
 351 0124 00       		.byte	0
 352 0125 0B       		.uleb128 0xb
 353 0126 75010000 		.4byte	.LASF19
 354 012a 01       		.byte	0x1
 355 012b 30       		.byte	0x30
 356 012c 00000000 		.4byte	.LFB65
 357 0130 48000000 		.4byte	.LFE65-.LFB65
 358 0134 01       		.uleb128 0x1
 359 0135 9C       		.byte	0x9c
 360 0136 8A010000 		.4byte	0x18a
 361 013a 0C       		.uleb128 0xc
 362 013b 9A020000 		.4byte	.LASF22
 363 013f 01       		.byte	0x1
 364 0140 30       		.byte	0x30
 365 0141 81000000 		.4byte	0x81
 366 0145 00000000 		.4byte	.LLST0
 367 0149 07       		.uleb128 0x7
 368 014a 18000000 		.4byte	.LVL7
 369 014e 35020000 		.4byte	0x235
 370 0152 60010000 		.4byte	0x160
 371 0156 08       		.uleb128 0x8
 372 0157 01       		.uleb128 0x1
 373 0158 50       		.byte	0x50
 374 0159 05       		.uleb128 0x5
 375 015a 03       		.byte	0x3
 376 015b 10000000 		.4byte	.LC1
ARM GAS  C:\Users\nico_\AppData\Local\Temp\ccNhYCHX.s 			page 9


 377 015f 00       		.byte	0
 378 0160 09       		.uleb128 0x9
 379 0161 1E000000 		.4byte	.LVL8
 380 0165 2A020000 		.4byte	0x22a
 381 0169 07       		.uleb128 0x7
 382 016a 2E000000 		.4byte	.LVL11
 383 016e 35020000 		.4byte	0x235
 384 0172 80010000 		.4byte	0x180
 385 0176 08       		.uleb128 0x8
 386 0177 01       		.uleb128 0x1
 387 0178 50       		.byte	0x50
 388 0179 05       		.uleb128 0x5
 389 017a 03       		.byte	0x3
 390 017b 20000000 		.4byte	.LC2
 391 017f 00       		.byte	0
 392 0180 09       		.uleb128 0x9
 393 0181 38000000 		.4byte	.LVL12
 394 0185 2A020000 		.4byte	0x22a
 395 0189 00       		.byte	0
 396 018a 0B       		.uleb128 0xb
 397 018b 18010000 		.4byte	.LASF20
 398 018f 01       		.byte	0x1
 399 0190 23       		.byte	0x23
 400 0191 00000000 		.4byte	.LFB64
 401 0195 1C000000 		.4byte	.LFE64-.LFB64
 402 0199 01       		.uleb128 0x1
 403 019a 9C       		.byte	0x9c
 404 019b E7010000 		.4byte	0x1e7
 405 019f 0D       		.uleb128 0xd
 406 01a0 6A000000 		.4byte	.LASF21
 407 01a4 01       		.byte	0x1
 408 01a5 25       		.byte	0x25
 409 01a6 81000000 		.4byte	0x81
 410 01aa 3A000000 		.4byte	.LLST1
 411 01ae 0E       		.uleb128 0xe
 412 01af 0A000000 		.4byte	.LBB2
 413 01b3 0C000000 		.4byte	.LBE2-.LBB2
 414 01b7 DD010000 		.4byte	0x1dd
 415 01bb 0D       		.uleb128 0xd
 416 01bc 9A020000 		.4byte	.LASF22
 417 01c0 01       		.byte	0x1
 418 01c1 28       		.byte	0x28
 419 01c2 81000000 		.4byte	0x81
 420 01c6 58000000 		.4byte	.LLST2
 421 01ca 09       		.uleb128 0x9
 422 01cb 0E000000 		.4byte	.LVL15
 423 01cf 40020000 		.4byte	0x240
 424 01d3 09       		.uleb128 0x9
 425 01d4 12000000 		.4byte	.LVL16
 426 01d8 25010000 		.4byte	0x125
 427 01dc 00       		.byte	0
 428 01dd 09       		.uleb128 0x9
 429 01de 06000000 		.4byte	.LVL13
 430 01e2 4B020000 		.4byte	0x24b
 431 01e6 00       		.byte	0
 432 01e7 0F       		.uleb128 0xf
 433 01e8 5C010000 		.4byte	.LASF23
ARM GAS  C:\Users\nico_\AppData\Local\Temp\ccNhYCHX.s 			page 10


 434 01ec 05       		.byte	0x5
 435 01ed 1207     		.2byte	0x712
 436 01ef F3010000 		.4byte	0x1f3
 437 01f3 10       		.uleb128 0x10
 438 01f4 8C000000 		.4byte	0x8c
 439 01f8 11       		.uleb128 0x11
 440 01f9 00000000 		.4byte	.LASF24
 441 01fd 01       		.byte	0x1
 442 01fe 0F       		.byte	0xf
 443 01ff 97000000 		.4byte	0x97
 444 0203 05       		.uleb128 0x5
 445 0204 03       		.byte	0x3
 446 0205 00000000 		.4byte	Speed
 447 0209 12       		.uleb128 0x12
 448 020a 06000000 		.4byte	.LASF25
 449 020e 06000000 		.4byte	.LASF25
 450 0212 06       		.byte	0x6
 451 0213 18       		.byte	0x18
 452 0214 12       		.uleb128 0x12
 453 0215 1A000000 		.4byte	.LASF26
 454 0219 1A000000 		.4byte	.LASF26
 455 021d 07       		.byte	0x7
 456 021e 54       		.byte	0x54
 457 021f 12       		.uleb128 0x12
 458 0220 50010000 		.4byte	.LASF27
 459 0224 50010000 		.4byte	.LASF27
 460 0228 08       		.byte	0x8
 461 0229 92       		.byte	0x92
 462 022a 12       		.uleb128 0x12
 463 022b 56000000 		.4byte	.LASF28
 464 022f 56000000 		.4byte	.LASF28
 465 0233 08       		.byte	0x8
 466 0234 C7       		.byte	0xc7
 467 0235 12       		.uleb128 0x12
 468 0236 89020000 		.4byte	.LASF29
 469 023a 89020000 		.4byte	.LASF29
 470 023e 07       		.byte	0x7
 471 023f 8B       		.byte	0x8b
 472 0240 12       		.uleb128 0x12
 473 0241 3E010000 		.4byte	.LASF30
 474 0245 3E010000 		.4byte	.LASF30
 475 0249 07       		.byte	0x7
 476 024a 6F       		.byte	0x6f
 477 024b 12       		.uleb128 0x12
 478 024c 16020000 		.4byte	.LASF31
 479 0250 16020000 		.4byte	.LASF31
 480 0254 07       		.byte	0x7
 481 0255 73       		.byte	0x73
 482 0256 00       		.byte	0
 483              		.section	.debug_abbrev,"",%progbits
 484              	.Ldebug_abbrev0:
 485 0000 01       		.uleb128 0x1
 486 0001 11       		.uleb128 0x11
 487 0002 01       		.byte	0x1
 488 0003 25       		.uleb128 0x25
 489 0004 0E       		.uleb128 0xe
 490 0005 13       		.uleb128 0x13
ARM GAS  C:\Users\nico_\AppData\Local\Temp\ccNhYCHX.s 			page 11


 491 0006 0B       		.uleb128 0xb
 492 0007 03       		.uleb128 0x3
 493 0008 0E       		.uleb128 0xe
 494 0009 1B       		.uleb128 0x1b
 495 000a 0E       		.uleb128 0xe
 496 000b 55       		.uleb128 0x55
 497 000c 17       		.uleb128 0x17
 498 000d 11       		.uleb128 0x11
 499 000e 01       		.uleb128 0x1
 500 000f 10       		.uleb128 0x10
 501 0010 17       		.uleb128 0x17
 502 0011 00       		.byte	0
 503 0012 00       		.byte	0
 504 0013 02       		.uleb128 0x2
 505 0014 24       		.uleb128 0x24
 506 0015 00       		.byte	0
 507 0016 0B       		.uleb128 0xb
 508 0017 0B       		.uleb128 0xb
 509 0018 3E       		.uleb128 0x3e
 510 0019 0B       		.uleb128 0xb
 511 001a 03       		.uleb128 0x3
 512 001b 0E       		.uleb128 0xe
 513 001c 00       		.byte	0
 514 001d 00       		.byte	0
 515 001e 03       		.uleb128 0x3
 516 001f 16       		.uleb128 0x16
 517 0020 00       		.byte	0
 518 0021 03       		.uleb128 0x3
 519 0022 0E       		.uleb128 0xe
 520 0023 3A       		.uleb128 0x3a
 521 0024 0B       		.uleb128 0xb
 522 0025 3B       		.uleb128 0x3b
 523 0026 0B       		.uleb128 0xb
 524 0027 49       		.uleb128 0x49
 525 0028 13       		.uleb128 0x13
 526 0029 00       		.byte	0
 527 002a 00       		.byte	0
 528 002b 04       		.uleb128 0x4
 529 002c 24       		.uleb128 0x24
 530 002d 00       		.byte	0
 531 002e 0B       		.uleb128 0xb
 532 002f 0B       		.uleb128 0xb
 533 0030 3E       		.uleb128 0x3e
 534 0031 0B       		.uleb128 0xb
 535 0032 03       		.uleb128 0x3
 536 0033 08       		.uleb128 0x8
 537 0034 00       		.byte	0
 538 0035 00       		.byte	0
 539 0036 05       		.uleb128 0x5
 540 0037 16       		.uleb128 0x16
 541 0038 00       		.byte	0
 542 0039 03       		.uleb128 0x3
 543 003a 0E       		.uleb128 0xe
 544 003b 3A       		.uleb128 0x3a
 545 003c 0B       		.uleb128 0xb
 546 003d 3B       		.uleb128 0x3b
 547 003e 05       		.uleb128 0x5
ARM GAS  C:\Users\nico_\AppData\Local\Temp\ccNhYCHX.s 			page 12


 548 003f 49       		.uleb128 0x49
 549 0040 13       		.uleb128 0x13
 550 0041 00       		.byte	0
 551 0042 00       		.byte	0
 552 0043 06       		.uleb128 0x6
 553 0044 2E       		.uleb128 0x2e
 554 0045 01       		.byte	0x1
 555 0046 3F       		.uleb128 0x3f
 556 0047 19       		.uleb128 0x19
 557 0048 03       		.uleb128 0x3
 558 0049 0E       		.uleb128 0xe
 559 004a 3A       		.uleb128 0x3a
 560 004b 0B       		.uleb128 0xb
 561 004c 3B       		.uleb128 0x3b
 562 004d 0B       		.uleb128 0xb
 563 004e 27       		.uleb128 0x27
 564 004f 19       		.uleb128 0x19
 565 0050 49       		.uleb128 0x49
 566 0051 13       		.uleb128 0x13
 567 0052 8701     		.uleb128 0x87
 568 0054 19       		.uleb128 0x19
 569 0055 11       		.uleb128 0x11
 570 0056 01       		.uleb128 0x1
 571 0057 12       		.uleb128 0x12
 572 0058 06       		.uleb128 0x6
 573 0059 40       		.uleb128 0x40
 574 005a 18       		.uleb128 0x18
 575 005b 9742     		.uleb128 0x2117
 576 005d 19       		.uleb128 0x19
 577 005e 01       		.uleb128 0x1
 578 005f 13       		.uleb128 0x13
 579 0060 00       		.byte	0
 580 0061 00       		.byte	0
 581 0062 07       		.uleb128 0x7
 582 0063 898201   		.uleb128 0x4109
 583 0066 01       		.byte	0x1
 584 0067 11       		.uleb128 0x11
 585 0068 01       		.uleb128 0x1
 586 0069 31       		.uleb128 0x31
 587 006a 13       		.uleb128 0x13
 588 006b 01       		.uleb128 0x1
 589 006c 13       		.uleb128 0x13
 590 006d 00       		.byte	0
 591 006e 00       		.byte	0
 592 006f 08       		.uleb128 0x8
 593 0070 8A8201   		.uleb128 0x410a
 594 0073 00       		.byte	0
 595 0074 02       		.uleb128 0x2
 596 0075 18       		.uleb128 0x18
 597 0076 9142     		.uleb128 0x2111
 598 0078 18       		.uleb128 0x18
 599 0079 00       		.byte	0
 600 007a 00       		.byte	0
 601 007b 09       		.uleb128 0x9
 602 007c 898201   		.uleb128 0x4109
 603 007f 00       		.byte	0
 604 0080 11       		.uleb128 0x11
ARM GAS  C:\Users\nico_\AppData\Local\Temp\ccNhYCHX.s 			page 13


 605 0081 01       		.uleb128 0x1
 606 0082 31       		.uleb128 0x31
 607 0083 13       		.uleb128 0x13
 608 0084 00       		.byte	0
 609 0085 00       		.byte	0
 610 0086 0A       		.uleb128 0xa
 611 0087 898201   		.uleb128 0x4109
 612 008a 01       		.byte	0x1
 613 008b 11       		.uleb128 0x11
 614 008c 01       		.uleb128 0x1
 615 008d 31       		.uleb128 0x31
 616 008e 13       		.uleb128 0x13
 617 008f 00       		.byte	0
 618 0090 00       		.byte	0
 619 0091 0B       		.uleb128 0xb
 620 0092 2E       		.uleb128 0x2e
 621 0093 01       		.byte	0x1
 622 0094 3F       		.uleb128 0x3f
 623 0095 19       		.uleb128 0x19
 624 0096 03       		.uleb128 0x3
 625 0097 0E       		.uleb128 0xe
 626 0098 3A       		.uleb128 0x3a
 627 0099 0B       		.uleb128 0xb
 628 009a 3B       		.uleb128 0x3b
 629 009b 0B       		.uleb128 0xb
 630 009c 27       		.uleb128 0x27
 631 009d 19       		.uleb128 0x19
 632 009e 11       		.uleb128 0x11
 633 009f 01       		.uleb128 0x1
 634 00a0 12       		.uleb128 0x12
 635 00a1 06       		.uleb128 0x6
 636 00a2 40       		.uleb128 0x40
 637 00a3 18       		.uleb128 0x18
 638 00a4 9742     		.uleb128 0x2117
 639 00a6 19       		.uleb128 0x19
 640 00a7 01       		.uleb128 0x1
 641 00a8 13       		.uleb128 0x13
 642 00a9 00       		.byte	0
 643 00aa 00       		.byte	0
 644 00ab 0C       		.uleb128 0xc
 645 00ac 05       		.uleb128 0x5
 646 00ad 00       		.byte	0
 647 00ae 03       		.uleb128 0x3
 648 00af 0E       		.uleb128 0xe
 649 00b0 3A       		.uleb128 0x3a
 650 00b1 0B       		.uleb128 0xb
 651 00b2 3B       		.uleb128 0x3b
 652 00b3 0B       		.uleb128 0xb
 653 00b4 49       		.uleb128 0x49
 654 00b5 13       		.uleb128 0x13
 655 00b6 02       		.uleb128 0x2
 656 00b7 17       		.uleb128 0x17
 657 00b8 00       		.byte	0
 658 00b9 00       		.byte	0
 659 00ba 0D       		.uleb128 0xd
 660 00bb 34       		.uleb128 0x34
 661 00bc 00       		.byte	0
ARM GAS  C:\Users\nico_\AppData\Local\Temp\ccNhYCHX.s 			page 14


 662 00bd 03       		.uleb128 0x3
 663 00be 0E       		.uleb128 0xe
 664 00bf 3A       		.uleb128 0x3a
 665 00c0 0B       		.uleb128 0xb
 666 00c1 3B       		.uleb128 0x3b
 667 00c2 0B       		.uleb128 0xb
 668 00c3 49       		.uleb128 0x49
 669 00c4 13       		.uleb128 0x13
 670 00c5 02       		.uleb128 0x2
 671 00c6 17       		.uleb128 0x17
 672 00c7 00       		.byte	0
 673 00c8 00       		.byte	0
 674 00c9 0E       		.uleb128 0xe
 675 00ca 0B       		.uleb128 0xb
 676 00cb 01       		.byte	0x1
 677 00cc 11       		.uleb128 0x11
 678 00cd 01       		.uleb128 0x1
 679 00ce 12       		.uleb128 0x12
 680 00cf 06       		.uleb128 0x6
 681 00d0 01       		.uleb128 0x1
 682 00d1 13       		.uleb128 0x13
 683 00d2 00       		.byte	0
 684 00d3 00       		.byte	0
 685 00d4 0F       		.uleb128 0xf
 686 00d5 34       		.uleb128 0x34
 687 00d6 00       		.byte	0
 688 00d7 03       		.uleb128 0x3
 689 00d8 0E       		.uleb128 0xe
 690 00d9 3A       		.uleb128 0x3a
 691 00da 0B       		.uleb128 0xb
 692 00db 3B       		.uleb128 0x3b
 693 00dc 05       		.uleb128 0x5
 694 00dd 49       		.uleb128 0x49
 695 00de 13       		.uleb128 0x13
 696 00df 3F       		.uleb128 0x3f
 697 00e0 19       		.uleb128 0x19
 698 00e1 3C       		.uleb128 0x3c
 699 00e2 19       		.uleb128 0x19
 700 00e3 00       		.byte	0
 701 00e4 00       		.byte	0
 702 00e5 10       		.uleb128 0x10
 703 00e6 35       		.uleb128 0x35
 704 00e7 00       		.byte	0
 705 00e8 49       		.uleb128 0x49
 706 00e9 13       		.uleb128 0x13
 707 00ea 00       		.byte	0
 708 00eb 00       		.byte	0
 709 00ec 11       		.uleb128 0x11
 710 00ed 34       		.uleb128 0x34
 711 00ee 00       		.byte	0
 712 00ef 03       		.uleb128 0x3
 713 00f0 0E       		.uleb128 0xe
 714 00f1 3A       		.uleb128 0x3a
 715 00f2 0B       		.uleb128 0xb
 716 00f3 3B       		.uleb128 0x3b
 717 00f4 0B       		.uleb128 0xb
 718 00f5 49       		.uleb128 0x49
ARM GAS  C:\Users\nico_\AppData\Local\Temp\ccNhYCHX.s 			page 15


 719 00f6 13       		.uleb128 0x13
 720 00f7 3F       		.uleb128 0x3f
 721 00f8 19       		.uleb128 0x19
 722 00f9 02       		.uleb128 0x2
 723 00fa 18       		.uleb128 0x18
 724 00fb 00       		.byte	0
 725 00fc 00       		.byte	0
 726 00fd 12       		.uleb128 0x12
 727 00fe 2E       		.uleb128 0x2e
 728 00ff 00       		.byte	0
 729 0100 3F       		.uleb128 0x3f
 730 0101 19       		.uleb128 0x19
 731 0102 3C       		.uleb128 0x3c
 732 0103 19       		.uleb128 0x19
 733 0104 6E       		.uleb128 0x6e
 734 0105 0E       		.uleb128 0xe
 735 0106 03       		.uleb128 0x3
 736 0107 0E       		.uleb128 0xe
 737 0108 3A       		.uleb128 0x3a
 738 0109 0B       		.uleb128 0xb
 739 010a 3B       		.uleb128 0x3b
 740 010b 0B       		.uleb128 0xb
 741 010c 00       		.byte	0
 742 010d 00       		.byte	0
 743 010e 00       		.byte	0
 744              		.section	.debug_loc,"",%progbits
 745              	.Ldebug_loc0:
 746              	.LLST0:
 747 0000 00000000 		.4byte	.LVL5
 748 0004 14000000 		.4byte	.LVL6
 749 0008 0100     		.2byte	0x1
 750 000a 50       		.byte	0x50
 751 000b 14000000 		.4byte	.LVL6
 752 000f 20000000 		.4byte	.LVL9
 753 0013 0400     		.2byte	0x4
 754 0015 F3       		.byte	0xf3
 755 0016 01       		.uleb128 0x1
 756 0017 50       		.byte	0x50
 757 0018 9F       		.byte	0x9f
 758 0019 20000000 		.4byte	.LVL9
 759 001d 2A000000 		.4byte	.LVL10
 760 0021 0100     		.2byte	0x1
 761 0023 50       		.byte	0x50
 762 0024 2A000000 		.4byte	.LVL10
 763 0028 48000000 		.4byte	.LFE65
 764 002c 0400     		.2byte	0x4
 765 002e F3       		.byte	0xf3
 766 002f 01       		.uleb128 0x1
 767 0030 50       		.byte	0x50
 768 0031 9F       		.byte	0x9f
 769 0032 00000000 		.4byte	0
 770 0036 00000000 		.4byte	0
 771              	.LLST1:
 772 003a 08000000 		.4byte	.LVL14
 773 003e 14000000 		.4byte	.LVL17
 774 0042 0100     		.2byte	0x1
 775 0044 54       		.byte	0x54
ARM GAS  C:\Users\nico_\AppData\Local\Temp\ccNhYCHX.s 			page 16


 776 0045 16000000 		.4byte	.LVL18
 777 0049 1C000000 		.4byte	.LFE64
 778 004d 0100     		.2byte	0x1
 779 004f 54       		.byte	0x54
 780 0050 00000000 		.4byte	0
 781 0054 00000000 		.4byte	0
 782              	.LLST2:
 783 0058 0E000000 		.4byte	.LVL15
 784 005c 11000000 		.4byte	.LVL16-1
 785 0060 0100     		.2byte	0x1
 786 0062 50       		.byte	0x50
 787 0063 00000000 		.4byte	0
 788 0067 00000000 		.4byte	0
 789              		.section	.debug_aranges,"",%progbits
 790 0000 2C000000 		.4byte	0x2c
 791 0004 0200     		.2byte	0x2
 792 0006 00000000 		.4byte	.Ldebug_info0
 793 000a 04       		.byte	0x4
 794 000b 00       		.byte	0
 795 000c 0000     		.2byte	0
 796 000e 0000     		.2byte	0
 797 0010 00000000 		.4byte	.LFB63
 798 0014 30000000 		.4byte	.LFE63-.LFB63
 799 0018 00000000 		.4byte	.LFB65
 800 001c 48000000 		.4byte	.LFE65-.LFB65
 801 0020 00000000 		.4byte	.LFB64
 802 0024 1C000000 		.4byte	.LFE64-.LFB64
 803 0028 00000000 		.4byte	0
 804 002c 00000000 		.4byte	0
 805              		.section	.debug_ranges,"",%progbits
 806              	.Ldebug_ranges0:
 807 0000 00000000 		.4byte	.LFB63
 808 0004 30000000 		.4byte	.LFE63
 809 0008 00000000 		.4byte	.LFB65
 810 000c 48000000 		.4byte	.LFE65
 811 0010 00000000 		.4byte	.LFB64
 812 0014 1C000000 		.4byte	.LFE64
 813 0018 00000000 		.4byte	0
 814 001c 00000000 		.4byte	0
 815              		.section	.debug_line,"",%progbits
 816              	.Ldebug_line0:
 817 0000 C0010000 		.section	.debug_str,"MS",%progbits,1
 817      02007401 
 817      00000201 
 817      FB0E0D00 
 817      01010101 
 818              	.LASF24:
 819 0000 53706565 		.ascii	"Speed\000"
 819      6400
 820              	.LASF25:
 821 0006 6973725F 		.ascii	"isr_uart_rx_StartEx\000"
 821      75617274 
 821      5F72785F 
 821      53746172 
 821      74457800 
 822              	.LASF26:
 823 001a 55415254 		.ascii	"UART_1_Start\000"
ARM GAS  C:\Users\nico_\AppData\Local\Temp\ccNhYCHX.s 			page 17


 823      5F315F53 
 823      74617274 
 823      00
 824              	.LASF4:
 825 0027 5F5F7569 		.ascii	"__uint8_t\000"
 825      6E74385F 
 825      7400
 826              	.LASF5:
 827 0031 5F5F696E 		.ascii	"__int32_t\000"
 827      7433325F 
 827      7400
 828              	.LASF3:
 829 003b 73686F72 		.ascii	"short unsigned int\000"
 829      7420756E 
 829      7369676E 
 829      65642069 
 829      6E7400
 830              	.LASF11:
 831 004e 75696E74 		.ascii	"uint8_t\000"
 831      385F7400 
 832              	.LASF28:
 833 0056 50574D5F 		.ascii	"PWM_1_WriteCompare1\000"
 833      315F5772 
 833      69746543 
 833      6F6D7061 
 833      72653100 
 834              	.LASF21:
 835 006a 62797465 		.ascii	"bytesToRead\000"
 835      73546F52 
 835      65616400 
 836              	.LASF14:
 837 0076 666C6F61 		.ascii	"float\000"
 837      7400
 838              	.LASF1:
 839 007c 756E7369 		.ascii	"unsigned char\000"
 839      676E6564 
 839      20636861 
 839      7200
 840              	.LASF32:
 841 008a 474E5520 		.ascii	"GNU C11 5.4.1 20160609 (release) [ARM/embedded-5-br"
 841      43313120 
 841      352E342E 
 841      31203230 
 841      31363036 
 842 00bd 616E6368 		.ascii	"anch revision 237715] -mcpu=cortex-m3 -mthumb -g -O"
 842      20726576 
 842      6973696F 
 842      6E203233 
 842      37373135 
 843 00f0 67202D66 		.ascii	"g -ffunction-sections -ffat-lto-objects\000"
 843      66756E63 
 843      74696F6E 
 843      2D736563 
 843      74696F6E 
 844              	.LASF20:
 845 0118 4953525F 		.ascii	"ISR_UART_rx_handler\000"
 845      55415254 
ARM GAS  C:\Users\nico_\AppData\Local\Temp\ccNhYCHX.s 			page 18


 845      5F72785F 
 845      68616E64 
 845      6C657200 
 846              	.LASF7:
 847 012c 6C6F6E67 		.ascii	"long unsigned int\000"
 847      20756E73 
 847      69676E65 
 847      6420696E 
 847      7400
 848              	.LASF30:
 849 013e 55415254 		.ascii	"UART_1_ReadRxData\000"
 849      5F315F52 
 849      65616452 
 849      78446174 
 849      6100
 850              	.LASF27:
 851 0150 50574D5F 		.ascii	"PWM_1_Start\000"
 851      315F5374 
 851      61727400 
 852              	.LASF23:
 853 015c 49544D5F 		.ascii	"ITM_RxBuffer\000"
 853      52784275 
 853      66666572 
 853      00
 854              	.LASF15:
 855 0169 646F7562 		.ascii	"double\000"
 855      6C6500
 856              	.LASF35:
 857 0170 6D61696E 		.ascii	"main\000"
 857      00
 858              	.LASF19:
 859 0175 68616E64 		.ascii	"handleByteReceived\000"
 859      6C654279 
 859      74655265 
 859      63656976 
 859      656400
 860              	.LASF10:
 861 0188 756E7369 		.ascii	"unsigned int\000"
 861      676E6564 
 861      20696E74 
 861      00
 862              	.LASF9:
 863 0195 6C6F6E67 		.ascii	"long long unsigned int\000"
 863      206C6F6E 
 863      6720756E 
 863      7369676E 
 863      65642069 
 864              	.LASF34:
 865 01ac 433A5C55 		.ascii	"C:\\Users\\nico_\\Sundhedsteknologi\\7. Semester\\B"
 865      73657273 
 865      5C6E6963 
 865      6F5F5C53 
 865      756E6468 
 866 01da 61636865 		.ascii	"achelor\\BachelorProject\\Microcontroller_coolingsy"
 866      6C6F725C 
 866      42616368 
 866      656C6F72 
ARM GAS  C:\Users\nico_\AppData\Local\Temp\ccNhYCHX.s 			page 19


 866      50726F6A 
 867 020b 7374656D 		.ascii	"stem.cydsn\000"
 867      2E637964 
 867      736E00
 868              	.LASF31:
 869 0216 55415254 		.ascii	"UART_1_GetRxBufferSize\000"
 869      5F315F47 
 869      65745278 
 869      42756666 
 869      65725369 
 870              	.LASF12:
 871 022d 696E7433 		.ascii	"int32_t\000"
 871      325F7400 
 872              	.LASF18:
 873 0235 73697A65 		.ascii	"sizetype\000"
 873      74797065 
 873      00
 874              	.LASF8:
 875 023e 6C6F6E67 		.ascii	"long long int\000"
 875      206C6F6E 
 875      6720696E 
 875      7400
 876              	.LASF33:
 877 024c 6D61696E 		.ascii	"main.c\000"
 877      2E6300
 878              	.LASF16:
 879 0253 63686172 		.ascii	"char\000"
 879      00
 880              	.LASF2:
 881 0258 73686F72 		.ascii	"short int\000"
 881      7420696E 
 881      7400
 882              	.LASF13:
 883 0262 75696E74 		.ascii	"uint8\000"
 883      3800
 884              	.LASF6:
 885 0268 6C6F6E67 		.ascii	"long int\000"
 885      20696E74 
 885      00
 886              	.LASF17:
 887 0271 6C6F6E67 		.ascii	"long double\000"
 887      20646F75 
 887      626C6500 
 888              	.LASF0:
 889 027d 7369676E 		.ascii	"signed char\000"
 889      65642063 
 889      68617200 
 890              	.LASF29:
 891 0289 55415254 		.ascii	"UART_1_PutString\000"
 891      5F315F50 
 891      75745374 
 891      72696E67 
 891      00
 892              	.LASF22:
 893 029a 62797465 		.ascii	"byteReceived\000"
 893      52656365 
 893      69766564 
ARM GAS  C:\Users\nico_\AppData\Local\Temp\ccNhYCHX.s 			page 20


 893      00
 894              		.ident	"GCC: (GNU Tools for ARM Embedded Processors) 5.4.1 20160609 (release) [ARM/embedded-5-bran
